Mplus VERSION 8.2 (Mac)
MUTHEN & MUTHEN
08/28/2024   2:18 PM

INPUT INSTRUCTIONS

  TITLE:
  Testing
  DATA:
  FILE = "anx_sx_model_w_age_neu.dat";

  VARIABLE:
  NAMES = chsc chcc casc cacc bai chage;
   MISSING=.;

  ANALYSIS:
  ESTIMATOR=BAYES; PROCESSORS = 2;BITERATIONS = (49000)
  MODEL:
  chsc ON bai;
  chsc ON chage;
  chcc ON bai;
  chcc ON chage;
  casc ON bai;
  casc ON chage;
  cacc ON bai;
  cacc ON chage;
  chsc WITH chcc;
  chsc WITH casc;
  chsc WITH cacc;
  chcc WITH casc;
  chcc WITH cacc;
  casc WITH cacc;
  chsc WITH chsc;
  chcc WITH chcc;
  casc WITH casc;
  cacc WITH cacc;
  bai WITH bai;
  bai WITH chage;
  chage WITH chage;
  [chsc];
  [chcc];
  [casc];
  [cacc];
  [bai];
  [chage];

  OUTPUT:
  STANDARDIZED;



INPUT READING TERMINATED NORMALLY




Testing

SUMMARY OF ANALYSIS

Number of groups                                                 1
Number of observations                                          66

Number of dependent variables                                    4
Number of independent variables                                  2
Number of continuous latent variables                            0

Observed dependent variables

  Continuous
   CHSC        CHCC        CASC        CACC

Observed independent variables
   BAI         CHAGE


Estimator                                                    BAYES
Specifications for Bayesian Estimation
  Point estimate                                            MEDIAN
  Number of Markov chain Monte Carlo (MCMC) chains               2
  Random seed for the first chain                                0
  Starting value information                           UNPERTURBED
  Algorithm used for Markov chain Monte Carlo           GIBBS(PX1)
  Convergence criterion                                  0.500D-01
  Maximum number of iterations                               50000
  K-th iteration used for thinning                               1

Input data file(s)
  anx_sx_model_w_age_neu.dat
Input data format  FREE


SUMMARY OF DATA



COVARIANCE COVERAGE OF DATA

Minimum covariance coverage value   0.100

     Number of missing data patterns             2


     PROPORTION OF DATA PRESENT


           Covariance Coverage
              CHSC          CHCC          CASC          CACC          BAI
              ________      ________      ________      ________      ________
 CHSC           1.000
 CHCC           1.000         1.000
 CASC           1.000         1.000         1.000
 CACC           1.000         1.000         1.000         1.000
 BAI            0.955         0.955         0.955         0.955         0.955
 CHAGE          1.000         1.000         1.000         1.000         0.955


           Covariance Coverage
              CHAGE
              ________
 CHAGE          1.000



UNIVARIATE SAMPLE STATISTICS


     UNIVARIATE HIGHER-ORDER MOMENT DESCRIPTIVE STATISTICS

         Variable/         Mean/     Skewness/   Minimum/ % with                Percentiles
        Sample Size      Variance    Kurtosis    Maximum  Min/Max      20%/60%    40%/80%    Median

     CHSC                  2.895       0.274       0.447    1.52%       1.734      2.413      2.774
              66.000       1.467      -0.805       5.513    1.52%       3.088      4.142
     CHCC                 -0.328      -0.633     -22.430    1.52%      -5.060     -1.160      0.313
              66.000      40.832       1.276      13.391    1.52%       0.944      4.127
     CASC                  2.413       1.908       0.404    1.52%       1.260      1.913      2.146
              66.000       1.925       5.751       8.754    1.52%       2.491      3.181
     CACC                 -0.418       0.573      -9.135    1.52%      -2.708     -0.544     -0.211
              66.000      14.653       4.300      15.933    1.52%       0.437      1.111
     BAI                  13.476       0.951       0.000    6.35%       3.000      6.000      8.000
              63.000     148.694      -0.102      50.000    1.59%      12.000     26.000
     CHAGE                18.818       0.042      12.000    4.55%      14.000     17.000     19.000
              66.000      16.058      -0.846      28.000    1.52%      20.000     22.000


THE MODEL ESTIMATION TERMINATED NORMALLY

     USE THE FBITERATIONS OPTION TO INCREASE THE NUMBER OF ITERATIONS BY A FACTOR
     OF AT LEAST TWO TO CHECK CONVERGENCE AND THAT THE PSR VALUE DOES NOT INCREASE.



MODEL FIT INFORMATION

Number of Free Parameters                              27

Bayesian Posterior Predictive Checking using Chi-Square

          95% Confidence Interval for the Difference Between
          the Observed and the Replicated Chi-Square Values

                                -18.199            26.305

          Posterior Predictive P-Value              0.378

Information Criteria

          Deviance (DIC)                         2083.460
          Estimated Number of Parameters (pD)      24.731
          Bayesian (BIC)                         2145.776



MODEL RESULTS

                                Posterior  One-Tailed         95% C.I.
                    Estimate       S.D.      P-Value   Lower 2.5%  Upper 2.5%  Significance

 CHSC       ON
    BAI               -0.007       0.014      0.297      -0.035       0.020
    CHAGE             -0.019       0.042      0.320      -0.101       0.063

 CHCC       ON
    BAI               -0.003       0.069      0.483      -0.139       0.132
    CHAGE             -0.543       0.208      0.005      -0.953      -0.135      *

 CASC       ON
    BAI                0.003       0.016      0.410      -0.027       0.034
    CHAGE              0.056       0.047      0.119      -0.038       0.149

 CACC       ON
    BAI               -0.031       0.042      0.229      -0.113       0.052
    CHAGE              0.261       0.127      0.020       0.012       0.510      *

 CHSC     WITH
    CHCC              -3.554       1.355      0.001      -6.725      -1.373      *
    CASC               0.440       0.293      0.046      -0.074       1.082
    CACC               2.730       0.865      0.000       1.378       4.771      *

 CHCC     WITH
    CASC               0.338       1.417      0.399      -2.468       3.175
    CACC             -16.332       4.493      0.000     -26.996      -9.441      *

 CASC     WITH
    CACC              -0.605       0.876      0.226      -2.433       1.057

 BAI      WITH
    CHAGE              6.907       7.483      0.160      -6.996      22.674

 Means
    BAI               13.438       1.630      0.000      10.244      16.643      *
    CHAGE             18.824       0.520      0.000      17.803      19.843      *

 Intercepts
    CHSC               3.352       0.798      0.000       1.785       4.920      *
    CHCC               9.952       3.988      0.007       2.073      17.759      *
    CASC               1.323       0.911      0.074      -0.469       3.122
    CACC              -4.910       2.444      0.023      -9.714      -0.092      *

 Variances
    BAI              163.553      32.188      0.000     115.611     241.387      *
    CHAGE             17.577       3.368      0.000      12.521      25.687      *

 Residual Variances
    CHSC               1.757       0.360      0.000       1.238       2.632      *
    CHCC              43.837       8.875      0.000      30.651      64.938      *
    CASC               2.278       0.464      0.000       1.601       3.390      *
    CACC              16.451       3.352      0.000      11.537      24.555      *


STANDARDIZED MODEL RESULTS


STDYX Standardization

                                Posterior  One-Tailed         95% C.I.
                    Estimate       S.D.      P-Value   Lower 2.5%  Upper 2.5%  Significance
 CHSC       ON
    BAI               -0.070       0.129      0.297      -0.315       0.188
    CHAGE             -0.060       0.126      0.320      -0.301       0.191

 CHCC       ON
    BAI               -0.005       0.122      0.483      -0.244       0.233
    CHAGE             -0.323       0.115      0.005      -0.531      -0.082      *

 CASC       ON
    BAI                0.029       0.126      0.410      -0.219       0.274
    CHAGE              0.151       0.125      0.119      -0.101       0.386

 CACC       ON
    BAI               -0.093       0.123      0.229      -0.327       0.153
    CHAGE              0.258       0.119      0.020       0.012       0.478      *

 CHSC     WITH
    CHCC              -0.413       0.112      0.001      -0.608      -0.172      *
    CASC               0.224       0.127      0.046      -0.037       0.459
    CACC               0.515       0.100      0.000       0.295       0.683      *

 CHCC     WITH
    CASC               0.034       0.133      0.399      -0.231       0.291
    CACC              -0.615       0.085      0.000      -0.754      -0.422      *

 CASC     WITH
    CACC              -0.101       0.132      0.226      -0.353       0.165

 BAI      WITH
    CHAGE              0.131       0.129      0.160      -0.126       0.376

 Means
    BAI                1.052       0.160      0.000       0.740       1.367      *
    CHAGE              4.489       0.427      0.000       3.676       5.354      *

 Intercepts
    CHSC               2.492       0.602      0.000       1.250       3.588      *
    CHCC               1.411       0.514      0.007       0.298       2.304      *
    CASC               0.857       0.593      0.074      -0.277       2.028
    CACC              -1.160       0.538      0.023      -2.126      -0.021      *

 Variances
    BAI                1.000       0.000      0.000       1.000       1.000
    CHAGE              1.000       0.000      0.000       1.000       1.000

 Residual Variances
    CHSC               0.970       0.038      0.000       0.860       0.999      *
    CHCC               0.879       0.074      0.000       0.704       0.985      *
    CASC               0.957       0.047      0.000       0.825       0.998      *
    CACC               0.915       0.064      0.000       0.754       0.993      *


STDY Standardization

                                Posterior  One-Tailed         95% C.I.
                    Estimate       S.D.      P-Value   Lower 2.5%  Upper 2.5%  Significance
 CHSC       ON
    BAI               -0.070       0.129      0.297      -0.315       0.188
    CHAGE             -0.060       0.126      0.320      -0.301       0.191

 CHCC       ON
    BAI               -0.005       0.122      0.483      -0.244       0.233
    CHAGE             -0.323       0.115      0.005      -0.531      -0.082      *

 CASC       ON
    BAI                0.029       0.126      0.410      -0.219       0.274
    CHAGE              0.151       0.125      0.119      -0.101       0.386

 CACC       ON
    BAI               -0.093       0.123      0.229      -0.327       0.153
    CHAGE              0.258       0.119      0.020       0.012       0.478      *

 CHSC     WITH
    CHCC              -0.413       0.112      0.001      -0.608      -0.172      *
    CASC               0.224       0.127      0.046      -0.037       0.459
    CACC               0.515       0.100      0.000       0.295       0.683      *

 CHCC     WITH
    CASC               0.034       0.133      0.399      -0.231       0.291
    CACC              -0.615       0.085      0.000      -0.754      -0.422      *

 CASC     WITH
    CACC              -0.101       0.132      0.226      -0.353       0.165

 BAI      WITH
    CHAGE              0.131       0.129      0.160      -0.126       0.376

 Means
    BAI                1.052       0.160      0.000       0.740       1.367      *
    CHAGE              4.489       0.427      0.000       3.676       5.354      *

 Intercepts
    CHSC               2.492       0.602      0.000       1.250       3.588      *
    CHCC               1.411       0.514      0.007       0.298       2.304      *
    CASC               0.857       0.593      0.074      -0.277       2.028
    CACC              -1.160       0.538      0.023      -2.126      -0.021      *

 Variances
    BAI                1.000       0.000      0.000       1.000       1.000
    CHAGE              1.000       0.000      0.000       1.000       1.000

 Residual Variances
    CHSC               0.970       0.038      0.000       0.860       0.999      *
    CHCC               0.879       0.074      0.000       0.704       0.985      *
    CASC               0.957       0.047      0.000       0.825       0.998      *
    CACC               0.915       0.064      0.000       0.754       0.993      *


STD Standardization

                                Posterior  One-Tailed         95% C.I.
                    Estimate       S.D.      P-Value   Lower 2.5%  Upper 2.5%  Significance
 CHSC       ON
    BAI               -0.007       0.014      0.297      -0.035       0.020
    CHAGE             -0.019       0.042      0.320      -0.101       0.063

 CHCC       ON
    BAI               -0.003       0.069      0.483      -0.139       0.132
    CHAGE             -0.543       0.208      0.005      -0.953      -0.135      *

 CASC       ON
    BAI                0.003       0.016      0.410      -0.027       0.034
    CHAGE              0.056       0.047      0.119      -0.038       0.149

 CACC       ON
    BAI               -0.031       0.042      0.229      -0.113       0.052
    CHAGE              0.261       0.127      0.020       0.012       0.510      *

 CHSC     WITH
    CHCC              -3.554       1.355      0.001      -6.725      -1.373      *
    CASC               0.440       0.293      0.046      -0.074       1.082
    CACC               2.730       0.865      0.000       1.378       4.771      *

 CHCC     WITH
    CASC               0.338       1.417      0.399      -2.468       3.175
    CACC             -16.332       4.493      0.000     -26.996      -9.441      *

 CASC     WITH
    CACC              -0.605       0.876      0.226      -2.433       1.057

 BAI      WITH
    CHAGE              6.907       7.483      0.160      -6.996      22.674

 Means
    BAI               13.438       1.630      0.000      10.244      16.643      *
    CHAGE             18.824       0.520      0.000      17.803      19.843      *

 Intercepts
    CHSC               3.352       0.798      0.000       1.785       4.920      *
    CHCC               9.952       3.988      0.007       2.073      17.759      *
    CASC               1.323       0.911      0.074      -0.469       3.122
    CACC              -4.910       2.444      0.023      -9.714      -0.092      *

 Variances
    BAI              163.553      32.188      0.000     115.611     241.387      *
    CHAGE             17.577       3.368      0.000      12.521      25.687      *

 Residual Variances
    CHSC               1.757       0.360      0.000       1.238       2.632      *
    CHCC              43.837       8.875      0.000      30.651      64.938      *
    CASC               2.278       0.464      0.000       1.601       3.390      *
    CACC              16.451       3.352      0.000      11.537      24.555      *


R-SQUARE

                                Posterior  One-Tailed         95% C.I.
    Variable        Estimate       S.D.      P-Value   Lower 2.5%  Upper 2.5%

    CHSC               0.030       0.038      0.000       0.001       0.140
    CHCC               0.121       0.074      0.000       0.015       0.296
    CASC               0.043       0.047      0.000       0.002       0.175
    CACC               0.085       0.064      0.000       0.007       0.246


     Beginning Time:  14:18:27
        Ending Time:  14:18:30
       Elapsed Time:  00:00:03



MUTHEN & MUTHEN
3463 Stoner Ave.
Los Angeles, CA  90066

Tel: (310) 391-9971
Fax: (310) 391-8971
Web: www.StatModel.com
Support: Support@StatModel.com

Copyright (c) 1998-2018 Muthen & Muthen
