Mplus VERSION 8.2 (Mac)
MUTHEN & MUTHEN
01/24/2024   1:53 PM

INPUT INSTRUCTIONS

  TITLE:
  Testing
  DATA:
  FILE = "CHR_sx_model_neu.dat";

  VARIABLE:
  NAMES = chsc chcc casc cacc CHR;
   MISSING=.;

  ANALYSIS:
  ESTIMATOR=BAYES; PROCESSORS = 2;BITERATIONS = (49000)
  MODEL:
  chsc ON CHR@0;
  chcc ON CHR;
  casc ON CHR@0;
  cacc ON CHR;
  chsc WITH chcc;
  chsc WITH casc;
  chsc WITH cacc;
  chcc WITH casc;
  chcc WITH cacc;
  casc WITH cacc;
  chsc WITH chsc;
  chcc WITH chcc;
  casc WITH casc;
  cacc WITH cacc;
  CHR WITH CHR;
  [chsc];
  [chcc];
  [casc];
  [cacc];
  [CHR];

  OUTPUT:
  STANDARDIZED;



INPUT READING TERMINATED NORMALLY




Testing

SUMMARY OF ANALYSIS

Number of groups                                                 1
Number of observations                                          66

Number of dependent variables                                    4
Number of independent variables                                  1
Number of continuous latent variables                            0

Observed dependent variables

  Continuous
   CHSC        CHCC        CASC        CACC

Observed independent variables
   CHR


Estimator                                                    BAYES
Specifications for Bayesian Estimation
  Point estimate                                            MEDIAN
  Number of Markov chain Monte Carlo (MCMC) chains               2
  Random seed for the first chain                                0
  Starting value information                           UNPERTURBED
  Algorithm used for Markov chain Monte Carlo           GIBBS(PX1)
  Convergence criterion                                  0.500D-01
  Maximum number of iterations                               50000
  K-th iteration used for thinning                               1

Input data file(s)
  CHR_sx_model_neu.dat
Input data format  FREE


SUMMARY OF DATA



COVARIANCE COVERAGE OF DATA

Minimum covariance coverage value   0.100

     Number of missing data patterns             1


     PROPORTION OF DATA PRESENT


           Covariance Coverage
              CHSC          CHCC          CASC          CACC          CHR
              ________      ________      ________      ________      ________
 CHSC           1.000
 CHCC           1.000         1.000
 CASC           1.000         1.000         1.000
 CACC           1.000         1.000         1.000         1.000
 CHR            1.000         1.000         1.000         1.000         1.000



UNIVARIATE SAMPLE STATISTICS


     UNIVARIATE HIGHER-ORDER MOMENT DESCRIPTIVE STATISTICS

         Variable/         Mean/     Skewness/   Minimum/ % with                Percentiles
        Sample Size      Variance    Kurtosis    Maximum  Min/Max      20%/60%    40%/80%    Median

     CHSC                  2.895       0.274       0.447    1.52%       1.734      2.413      2.774
              66.000       1.467      -0.805       5.513    1.52%       3.088      4.142
     CHCC                 -0.328      -0.633     -22.430    1.52%      -5.060     -1.160      0.313
              66.000      40.832       1.276      13.391    1.52%       0.944      4.127
     CASC                  2.413       1.908       0.404    1.52%       1.260      1.913      2.146
              66.000       1.925       5.751       8.754    1.52%       2.491      3.181
     CACC                 -0.418       0.573      -9.135    1.52%      -2.708     -0.544     -0.211
              66.000      14.653       4.300      15.933    1.52%       0.437      1.111
     CHR                   0.439       0.244       0.000   56.06%       0.000      0.000      0.000
              66.000       0.246      -1.940       1.000   43.94%       1.000      1.000


THE MODEL ESTIMATION TERMINATED NORMALLY

     USE THE FBITERATIONS OPTION TO INCREASE THE NUMBER OF ITERATIONS BY A FACTOR
     OF AT LEAST TWO TO CHECK CONVERGENCE AND THAT THE PSR VALUE DOES NOT INCREASE.



MODEL FIT INFORMATION

Number of Free Parameters                              18

Bayesian Posterior Predictive Checking using Chi-Square

          95% Confidence Interval for the Difference Between
          the Observed and the Replicated Chi-Square Values

                                -15.897            21.813

          Posterior Predictive P-Value              0.395

Information Criteria

          Deviance (DIC)                         1303.272
          Estimated Number of Parameters (pD)      16.085
          Bayesian (BIC)                         1345.529



MODEL RESULTS

                                Posterior  One-Tailed         95% C.I.
                    Estimate       S.D.      P-Value   Lower 2.5%  Upper 2.5%  Significance

 CHSC       ON
    CHR                0.000       0.000      1.000       0.000       0.000

 CHCC       ON
    CHR               -4.309       1.536      0.003      -7.322      -1.300      *

 CASC       ON
    CHR                0.000       0.000      1.000       0.000       0.000

 CACC       ON
    CHR                2.331       0.856      0.004       0.661       4.026      *

 CHSC     WITH
    CHCC              -2.944       1.269      0.004      -5.802      -0.807      *
    CASC               0.397       0.281      0.060      -0.107       1.010
    CACC               2.426       0.807      0.000       1.135       4.290      *

 CHCC     WITH
    CASC               0.400       1.398      0.382      -2.361       3.243
    CACC             -15.426       4.283      0.000     -25.620      -8.862      *

 CASC     WITH
    CACC              -0.681       0.852      0.194      -2.485       0.903

 Means
    CHR                0.439       0.064      0.000       0.314       0.565      *

 Intercepts
    CHSC               2.894       0.163      0.000       2.575       3.217      *
    CHCC               1.553       1.064      0.070      -0.525       3.678
    CASC               2.413       0.187      0.000       2.045       2.779      *
    CACC              -1.443       0.624      0.011      -2.676      -0.213      *

 Variances
    CHR                0.261       0.049      0.000       0.188       0.379      *

 Residual Variances
    CHSC               1.720       0.342      0.000       1.213       2.546      *
    CHCC              42.865       8.570      0.000      30.205      63.573      *
    CASC               2.253       0.450      0.000       1.588       3.341      *
    CACC              15.777       3.177      0.000      11.081      23.503      *


STANDARDIZED MODEL RESULTS


STDYX Standardization

                                Posterior  One-Tailed         95% C.I.
                    Estimate       S.D.      P-Value   Lower 2.5%  Upper 2.5%  Significance
 CHSC       ON
    CHR                0.000       0.000      1.000       0.000       0.000

 CHCC       ON
    CHR               -0.318       0.107      0.003      -0.513      -0.096      *

 CASC       ON
    CHR                0.000       0.000      1.000       0.000       0.000

 CACC       ON
    CHR                0.287       0.101      0.004       0.082       0.476      *

 CHSC     WITH
    CHCC              -0.348       0.117      0.004      -0.555      -0.099      *
    CASC               0.206       0.127      0.060      -0.055       0.439
    CACC               0.473       0.104      0.000       0.244       0.650      *

 CHCC     WITH
    CASC               0.041       0.134      0.382      -0.225       0.298
    CACC              -0.600       0.087      0.000      -0.744      -0.403      *

 CASC     WITH
    CACC              -0.117       0.132      0.194      -0.367       0.147

 Means
    CHR                0.860       0.145      0.000       0.576       1.144      *

 Intercepts
    CHSC               2.208       0.241      0.000       1.748       2.687      *
    CHCC               0.224       0.147      0.070      -0.077       0.501
    CASC               1.609       0.195      0.000       1.231       1.994      *
    CACC              -0.347       0.145      0.011      -0.621      -0.050      *

 Variances
    CHR                1.000       0.000      0.000       1.000       1.000

 Residual Variances
    CHSC               1.000       0.000      0.000       1.000       1.000
    CHCC               0.899       0.067      0.000       0.737       0.991      *
    CASC               1.000       0.000      0.000       1.000       1.000
    CACC               0.918       0.058      0.000       0.773       0.993      *


STDY Standardization

                                Posterior  One-Tailed         95% C.I.
                    Estimate       S.D.      P-Value   Lower 2.5%  Upper 2.5%  Significance
 CHSC       ON
    CHR                0.000       0.000      1.000       0.000       0.000

 CHCC       ON
    CHR               -0.318       0.107      0.003      -0.513      -0.096      *

 CASC       ON
    CHR                0.000       0.000      1.000       0.000       0.000

 CACC       ON
    CHR                0.287       0.101      0.004       0.082       0.476      *

 CHSC     WITH
    CHCC              -0.348       0.117      0.004      -0.555      -0.099      *
    CASC               0.206       0.127      0.060      -0.055       0.439
    CACC               0.473       0.104      0.000       0.244       0.650      *

 CHCC     WITH
    CASC               0.041       0.134      0.382      -0.225       0.298
    CACC              -0.600       0.087      0.000      -0.744      -0.403      *

 CASC     WITH
    CACC              -0.117       0.132      0.194      -0.367       0.147

 Means
    CHR                0.860       0.145      0.000       0.576       1.144      *

 Intercepts
    CHSC               2.208       0.241      0.000       1.748       2.687      *
    CHCC               0.224       0.147      0.070      -0.077       0.501
    CASC               1.609       0.195      0.000       1.231       1.994      *
    CACC              -0.347       0.145      0.011      -0.621      -0.050      *

 Variances
    CHR                1.000       0.000      0.000       1.000       1.000

 Residual Variances
    CHSC               1.000       0.000      0.000       1.000       1.000
    CHCC               0.899       0.067      0.000       0.737       0.991      *
    CASC               1.000       0.000      0.000       1.000       1.000
    CACC               0.918       0.058      0.000       0.773       0.993      *


STD Standardization

                                Posterior  One-Tailed         95% C.I.
                    Estimate       S.D.      P-Value   Lower 2.5%  Upper 2.5%  Significance
 CHSC       ON
    CHR                0.000       0.000      1.000       0.000       0.000

 CHCC       ON
    CHR               -4.309       1.536      0.003      -7.322      -1.300      *

 CASC       ON
    CHR                0.000       0.000      1.000       0.000       0.000

 CACC       ON
    CHR                2.331       0.856      0.004       0.661       4.026      *

 CHSC     WITH
    CHCC              -2.944       1.269      0.004      -5.802      -0.807      *
    CASC               0.397       0.281      0.060      -0.107       1.010
    CACC               2.426       0.807      0.000       1.135       4.290      *

 CHCC     WITH
    CASC               0.400       1.398      0.382      -2.361       3.243
    CACC             -15.426       4.283      0.000     -25.620      -8.862      *

 CASC     WITH
    CACC              -0.681       0.852      0.194      -2.485       0.903

 Means
    CHR                0.439       0.064      0.000       0.314       0.565      *

 Intercepts
    CHSC               2.894       0.163      0.000       2.575       3.217      *
    CHCC               1.553       1.064      0.070      -0.525       3.678
    CASC               2.413       0.187      0.000       2.045       2.779      *
    CACC              -1.443       0.624      0.011      -2.676      -0.213      *

 Variances
    CHR                0.261       0.049      0.000       0.188       0.379      *

 Residual Variances
    CHSC               1.720       0.342      0.000       1.213       2.546      *
    CHCC              42.865       8.570      0.000      30.205      63.573      *
    CASC               2.253       0.450      0.000       1.588       3.341      *
    CACC              15.777       3.177      0.000      11.081      23.503      *


R-SQUARE

                                Posterior  One-Tailed         95% C.I.
    Variable        Estimate       S.D.      P-Value   Lower 2.5%  Upper 2.5%

    CHSC               0.000       0.000      1.000       0.000       0.000
    CHCC               0.101       0.067      0.000       0.009       0.263
    CASC               0.000       0.000      1.000       0.000       0.000
    CACC               0.082       0.058      0.000       0.007       0.227


     Beginning Time:  13:53:13
        Ending Time:  13:53:15
       Elapsed Time:  00:00:02



MUTHEN & MUTHEN
3463 Stoner Ave.
Los Angeles, CA  90066

Tel: (310) 391-9971
Fax: (310) 391-8971
Web: www.StatModel.com
Support: Support@StatModel.com

Copyright (c) 1998-2018 Muthen & Muthen
