Mplus VERSION 8.2 (Mac)
MUTHEN & MUTHEN
08/28/2024   1:31 PM

INPUT INSTRUCTIONS

  TITLE:
  Testing
  DATA:
  FILE = "CHR_sx_model_pos.dat";

  VARIABLE:
  NAMES = chsc chcc casc cacc CHR;
   MISSING=.;

  ANALYSIS:
  ESTIMATOR=BAYES; PROCESSORS = 2;BITERATIONS = (49000)
  MODEL:
  chsc ON CHR;
  chcc ON CHR;
  casc ON CHR* (a);
  cacc ON CHR* (a);
  chsc WITH chcc@0;
  chsc WITH casc@0;
  chsc WITH cacc@0;
  chcc WITH casc@0;
  chcc WITH cacc;
  casc WITH cacc@0;
  chsc WITH chsc;
  chcc WITH chcc;
  casc WITH casc;
  cacc WITH cacc;
  CHR WITH CHR;
  [chsc];
  [chcc];
  [casc];
  [cacc];
  [CHR];

  OUTPUT:
  STANDARDIZED;



INPUT READING TERMINATED NORMALLY




Testing

SUMMARY OF ANALYSIS

Number of groups                                                 1
Number of observations                                          68

Number of dependent variables                                    4
Number of independent variables                                  1
Number of continuous latent variables                            0

Observed dependent variables

  Continuous
   CHSC        CHCC        CASC        CACC

Observed independent variables
   CHR


Estimator                                                    BAYES
Specifications for Bayesian Estimation
  Point estimate                                            MEDIAN
  Number of Markov chain Monte Carlo (MCMC) chains               2
  Random seed for the first chain                                0
  Starting value information                           UNPERTURBED
  Algorithm used for Markov chain Monte Carlo           GIBBS(PX1)
  Convergence criterion                                  0.500D-01
  Maximum number of iterations                               50000
  K-th iteration used for thinning                               1

Input data file(s)
  CHR_sx_model_pos.dat
Input data format  FREE


SUMMARY OF DATA



COVARIANCE COVERAGE OF DATA

Minimum covariance coverage value   0.100

     Number of missing data patterns             1


     PROPORTION OF DATA PRESENT


           Covariance Coverage
              CHSC          CHCC          CASC          CACC          CHR
              ________      ________      ________      ________      ________
 CHSC           1.000
 CHCC           1.000         1.000
 CASC           1.000         1.000         1.000
 CACC           1.000         1.000         1.000         1.000
 CHR            1.000         1.000         1.000         1.000         1.000



UNIVARIATE SAMPLE STATISTICS


     UNIVARIATE HIGHER-ORDER MOMENT DESCRIPTIVE STATISTICS

         Variable/         Mean/     Skewness/   Minimum/ % with                Percentiles
        Sample Size      Variance    Kurtosis    Maximum  Min/Max      20%/60%    40%/80%    Median

     CHSC                  2.894       0.448       0.369    1.47%       1.783      2.328      2.761
              68.000       1.755      -0.631       5.634    1.47%       2.996      4.196
     CHCC                  1.257      -0.042     -29.421    1.47%      -2.841     -0.768      0.420
              68.000      61.282       4.132      28.205    1.47%       1.592      4.969
     CASC                  2.413       3.149       0.173    1.47%       1.349      1.820      1.905
              68.000       3.393      12.255      11.915    1.47%       2.145      3.150
     CACC                 -0.360      -0.284     -12.711    1.47%      -2.128     -1.135     -0.147
              68.000      11.603       3.090      11.197    1.47%       0.295      1.861
     CHR                   0.471       0.118       0.000   52.94%       0.000      0.000      0.000
              68.000       0.249      -1.986       1.000   47.06%       1.000      1.000


THE MODEL ESTIMATION TERMINATED NORMALLY

     USE THE FBITERATIONS OPTION TO INCREASE THE NUMBER OF ITERATIONS BY A FACTOR
     OF AT LEAST TWO TO CHECK CONVERGENCE AND THAT THE PSR VALUE DOES NOT INCREASE.



MODEL FIT INFORMATION

Number of Free Parameters                              14

Bayesian Posterior Predictive Checking using Chi-Square

          95% Confidence Interval for the Difference Between
          the Observed and the Replicated Chi-Square Values

                                -15.891            18.699

          Posterior Predictive P-Value              0.424

Information Criteria

          Deviance (DIC)                         1432.297
          Estimated Number of Parameters (pD)      13.490
          Bayesian (BIC)                         1463.811



MODEL RESULTS

                                Posterior  One-Tailed         95% C.I.
                    Estimate       S.D.      P-Value   Lower 2.5%  Upper 2.5%  Significance

 CHSC       ON
    CHR                0.057       0.336      0.431      -0.609       0.715

 CHCC       ON
    CHR               -2.491       1.756      0.079      -5.879       0.998

 CASC       ON
    CHR                1.183       0.401      0.002       0.401       1.975      *

 CACC       ON
    CHR                1.183       0.401      0.002       0.401       1.975      *

 CHSC     WITH
    CHCC               0.000       0.000      1.000       0.000       0.000
    CASC               0.000       0.000      1.000       0.000       0.000
    CACC               0.000       0.000      1.000       0.000       0.000

 CHCC     WITH
    CASC               0.000       0.000      1.000       0.000       0.000
    CACC             -14.407       4.185      0.000     -24.273      -7.858      *

 CASC     WITH
    CACC               0.000       0.000      1.000       0.000       0.000

 Means
    CHR                0.470       0.063      0.000       0.348       0.594      *

 Intercepts
    CHSC               2.866       0.231      0.000       2.413       3.322      *
    CHCC               2.433       1.287      0.031      -0.114       4.943
    CASC               1.859       0.294      0.000       1.276       2.437      *
    CACC              -0.917       0.460      0.024      -1.821      -0.011      *

 Variances
    CHR                0.263       0.049      0.000       0.190       0.379      *

 Residual Variances
    CHSC               1.882       0.351      0.000       1.359       2.727      *
    CHCC              64.790      12.359      0.000      46.350      94.408      *
    CASC               3.399       0.640      0.000       2.432       4.937      *
    CACC              11.827       2.225      0.000       8.522      17.208      *


STANDARDIZED MODEL RESULTS


STDYX Standardization

                                Posterior  One-Tailed         95% C.I.
                    Estimate       S.D.      P-Value   Lower 2.5%  Upper 2.5%  Significance
 CHSC       ON
    CHR                0.021       0.123      0.431      -0.221       0.258

 CHCC       ON
    CHR               -0.157       0.109      0.079      -0.363       0.062

 CASC       ON
    CHR                0.313       0.099      0.002       0.108       0.497      *

 CACC       ON
    CHR                0.173       0.062      0.002       0.057       0.301      *

 CHSC     WITH
    CHCC               0.000       0.000      1.000       0.000       0.000
    CASC               0.000       0.000      1.000       0.000       0.000
    CACC               0.000       0.000      1.000       0.000       0.000

 CHCC     WITH
    CASC               0.000       0.000      1.000       0.000       0.000
    CACC              -0.528       0.092      0.000      -0.685      -0.326      *

 CASC     WITH
    CACC               0.000       0.000      1.000       0.000       0.000

 Means
    CHR                0.917       0.145      0.000       0.634       1.206      *

 Intercepts
    CHSC               2.077       0.250      0.000       1.582       2.560      *
    CHCC               0.298       0.155      0.031      -0.013       0.593
    CASC               0.953       0.191      0.000       0.589       1.340      *
    CACC              -0.262       0.132      0.024      -0.520      -0.003      *

 Variances
    CHR                1.000       0.000      0.000       1.000       1.000

 Residual Variances
    CHSC               0.993       0.022      0.000       0.924       1.000      *
    CHCC               0.975       0.037      0.000       0.868       1.000      *
    CASC               0.902       0.061      0.000       0.753       0.988      *
    CACC               0.970       0.023      0.000       0.909       0.997      *


STDY Standardization

                                Posterior  One-Tailed         95% C.I.
                    Estimate       S.D.      P-Value   Lower 2.5%  Upper 2.5%  Significance
 CHSC       ON
    CHR                0.021       0.123      0.431      -0.221       0.258

 CHCC       ON
    CHR               -0.157       0.109      0.079      -0.363       0.062

 CASC       ON
    CHR                0.313       0.099      0.002       0.108       0.497      *

 CACC       ON
    CHR                0.173       0.062      0.002       0.057       0.301      *

 CHSC     WITH
    CHCC               0.000       0.000      1.000       0.000       0.000
    CASC               0.000       0.000      1.000       0.000       0.000
    CACC               0.000       0.000      1.000       0.000       0.000

 CHCC     WITH
    CASC               0.000       0.000      1.000       0.000       0.000
    CACC              -0.528       0.092      0.000      -0.685      -0.326      *

 CASC     WITH
    CACC               0.000       0.000      1.000       0.000       0.000

 Means
    CHR                0.917       0.145      0.000       0.634       1.206      *

 Intercepts
    CHSC               2.077       0.250      0.000       1.582       2.560      *
    CHCC               0.298       0.155      0.031      -0.013       0.593
    CASC               0.953       0.191      0.000       0.589       1.340      *
    CACC              -0.262       0.132      0.024      -0.520      -0.003      *

 Variances
    CHR                1.000       0.000      0.000       1.000       1.000

 Residual Variances
    CHSC               0.993       0.022      0.000       0.924       1.000      *
    CHCC               0.975       0.037      0.000       0.868       1.000      *
    CASC               0.902       0.061      0.000       0.753       0.988      *
    CACC               0.970       0.023      0.000       0.909       0.997      *


STD Standardization

                                Posterior  One-Tailed         95% C.I.
                    Estimate       S.D.      P-Value   Lower 2.5%  Upper 2.5%  Significance
 CHSC       ON
    CHR                0.057       0.336      0.431      -0.609       0.715

 CHCC       ON
    CHR               -2.491       1.756      0.079      -5.879       0.998

 CASC       ON
    CHR                1.183       0.401      0.002       0.401       1.975      *

 CACC       ON
    CHR                1.183       0.401      0.002       0.401       1.975      *

 CHSC     WITH
    CHCC               0.000       0.000      1.000       0.000       0.000
    CASC               0.000       0.000      1.000       0.000       0.000
    CACC               0.000       0.000      1.000       0.000       0.000

 CHCC     WITH
    CASC               0.000       0.000      1.000       0.000       0.000
    CACC             -14.407       4.185      0.000     -24.273      -7.858      *

 CASC     WITH
    CACC               0.000       0.000      1.000       0.000       0.000

 Means
    CHR                0.470       0.063      0.000       0.348       0.594      *

 Intercepts
    CHSC               2.866       0.231      0.000       2.413       3.322      *
    CHCC               2.433       1.287      0.031      -0.114       4.943
    CASC               1.859       0.294      0.000       1.276       2.437      *
    CACC              -0.917       0.460      0.024      -1.821      -0.011      *

 Variances
    CHR                0.263       0.049      0.000       0.190       0.379      *

 Residual Variances
    CHSC               1.882       0.351      0.000       1.359       2.727      *
    CHCC              64.790      12.359      0.000      46.350      94.408      *
    CASC               3.399       0.640      0.000       2.432       4.937      *
    CACC              11.827       2.225      0.000       8.522      17.208      *


R-SQUARE

                                Posterior  One-Tailed         95% C.I.
    Variable        Estimate       S.D.      P-Value   Lower 2.5%  Upper 2.5%

    CHSC               0.007       0.022      0.000       0.000       0.076
    CHCC               0.025       0.037      0.000       0.000       0.132
    CASC               0.098       0.061      0.000       0.012       0.247
    CACC               0.030       0.023      0.000       0.003       0.091


     Beginning Time:  13:31:55
        Ending Time:  13:31:57
       Elapsed Time:  00:00:02



MUTHEN & MUTHEN
3463 Stoner Ave.
Los Angeles, CA  90066

Tel: (310) 391-9971
Fax: (310) 391-8971
Web: www.StatModel.com
Support: Support@StatModel.com

Copyright (c) 1998-2018 Muthen & Muthen
