Mplus VERSION 8.2 (Mac)
MUTHEN & MUTHEN
08/28/2024   2:00 PM

INPUT INSTRUCTIONS

  TITLE:
  Testing
  DATA:
  FILE = "CHR_sx_model_w_age_neu.dat";

  VARIABLE:
  NAMES = chsc chcc casc cacc CHR chage;
   MISSING=.;

  ANALYSIS:
  ESTIMATOR=BAYES; PROCESSORS = 2;BITERATIONS = (49000)
  MODEL:
  chsc ON CHR@0;
  chsc ON chage* (a);
  chcc ON CHR;
  chcc ON chage* (a);
  casc ON CHR@0;
  casc ON chage* (b);
  cacc ON CHR;
  cacc ON chage* (b);
  chsc WITH chcc;
  chsc WITH casc;
  chsc WITH cacc;
  chcc WITH casc;
  chcc WITH cacc;
  casc WITH cacc;
  chsc WITH chsc;
  chcc WITH chcc;
  casc WITH casc;
  cacc WITH cacc;
  CHR WITH CHR;
  chage WITH chage;
  [chsc];
  [chcc];
  [casc];
  [cacc];
  [CHR];
  [chage];

  OUTPUT:
  STANDARDIZED;



INPUT READING TERMINATED NORMALLY




Testing

SUMMARY OF ANALYSIS

Number of groups                                                 1
Number of observations                                          66

Number of dependent variables                                    4
Number of independent variables                                  2
Number of continuous latent variables                            0

Observed dependent variables

  Continuous
   CHSC        CHCC        CASC        CACC

Observed independent variables
   CHR         CHAGE


Estimator                                                    BAYES
Specifications for Bayesian Estimation
  Point estimate                                            MEDIAN
  Number of Markov chain Monte Carlo (MCMC) chains               2
  Random seed for the first chain                                0
  Starting value information                           UNPERTURBED
  Algorithm used for Markov chain Monte Carlo           GIBBS(PX1)
  Convergence criterion                                  0.500D-01
  Maximum number of iterations                               50000
  K-th iteration used for thinning                               1

Input data file(s)
  CHR_sx_model_w_age_neu.dat
Input data format  FREE


SUMMARY OF DATA



COVARIANCE COVERAGE OF DATA

Minimum covariance coverage value   0.100

     Number of missing data patterns             1


     PROPORTION OF DATA PRESENT


           Covariance Coverage
              CHSC          CHCC          CASC          CACC          CHR
              ________      ________      ________      ________      ________
 CHSC           1.000
 CHCC           1.000         1.000
 CASC           1.000         1.000         1.000
 CACC           1.000         1.000         1.000         1.000
 CHR            1.000         1.000         1.000         1.000         1.000
 CHAGE          1.000         1.000         1.000         1.000         1.000


           Covariance Coverage
              CHAGE
              ________
 CHAGE          1.000



UNIVARIATE SAMPLE STATISTICS


     UNIVARIATE HIGHER-ORDER MOMENT DESCRIPTIVE STATISTICS

         Variable/         Mean/     Skewness/   Minimum/ % with                Percentiles
        Sample Size      Variance    Kurtosis    Maximum  Min/Max      20%/60%    40%/80%    Median

     CHSC                  2.895       0.274       0.447    1.52%       1.734      2.413      2.774
              66.000       1.467      -0.805       5.513    1.52%       3.088      4.142
     CHCC                 -0.328      -0.633     -22.430    1.52%      -5.060     -1.160      0.313
              66.000      40.832       1.276      13.391    1.52%       0.944      4.127
     CASC                  2.413       1.908       0.404    1.52%       1.260      1.913      2.146
              66.000       1.925       5.751       8.754    1.52%       2.491      3.181
     CACC                 -0.418       0.573      -9.135    1.52%      -2.708     -0.544     -0.211
              66.000      14.653       4.300      15.933    1.52%       0.437      1.111
     CHR                   0.439       0.244       0.000   56.06%       0.000      0.000      0.000
              66.000       0.246      -1.940       1.000   43.94%       1.000      1.000
     CHAGE                18.818       0.042      12.000    4.55%      14.000     17.000     19.000
              66.000      16.058      -0.846      28.000    1.52%      20.000     22.000


THE MODEL ESTIMATION TERMINATED NORMALLY

     USE THE FBITERATIONS OPTION TO INCREASE THE NUMBER OF ITERATIONS BY A FACTOR
     OF AT LEAST TWO TO CHECK CONVERGENCE AND THAT THE PSR VALUE DOES NOT INCREASE.



MODEL FIT INFORMATION

Number of Free Parameters                              23

Bayesian Posterior Predictive Checking using Chi-Square

          95% Confidence Interval for the Difference Between
          the Observed and the Replicated Chi-Square Values

                                -17.544            24.493

          Posterior Predictive P-Value              0.373

Information Criteria

          Deviance (DIC)                         1655.184
          Estimated Number of Parameters (pD)      20.632
          Bayesian (BIC)                         1709.087



MODEL RESULTS

                                Posterior  One-Tailed         95% C.I.
                    Estimate       S.D.      P-Value   Lower 2.5%  Upper 2.5%  Significance

 CHSC       ON
    CHR                0.000       0.000      1.000       0.000       0.000
    CHAGE             -0.051       0.037      0.079      -0.124       0.020

 CHCC       ON
    CHR               -3.489       1.578      0.015      -6.572      -0.380      *
    CHAGE             -0.051       0.037      0.079      -0.124       0.020

 CASC       ON
    CHR                0.000       0.000      1.000       0.000       0.000
    CHAGE              0.054       0.041      0.094      -0.026       0.134

 CACC       ON
    CHR                1.581       0.894      0.039      -0.180       3.346
    CHAGE              0.054       0.041      0.094      -0.026       0.134

 CHSC     WITH
    CHCC              -3.249       1.343      0.002      -6.312      -1.051      *
    CASC               0.433       0.287      0.047      -0.080       1.065
    CACC               2.600       0.840      0.000       1.288       4.564      *

 CHCC     WITH
    CASC               0.604       1.390      0.322      -2.096       3.439
    CACC             -15.206       4.288      0.000     -25.446      -8.661      *

 CASC     WITH
    CACC              -0.698       0.839      0.185      -2.454       0.861

 CHAGE    WITH
    CHR                1.156       0.331      0.000       0.638       1.933      *

 Means
    CHR                0.440       0.065      0.000       0.312       0.567      *
    CHAGE             18.818       0.522      0.000      17.788      19.852      *

 Intercepts
    CHSC               3.858       0.708      0.000       2.474       5.249      *
    CHCC               2.184       1.154      0.031      -0.114       4.429
    CASC               1.409       0.791      0.038      -0.150       2.953
    CACC              -2.125       0.930      0.012      -3.929      -0.287      *

 Variances
    CHR                0.270       0.052      0.000       0.192       0.395      *
    CHAGE             17.546       3.342      0.000      12.545      25.566      *

 Residual Variances
    CHSC               1.755       0.355      0.000       1.234       2.624      *
    CHCC              42.460       8.594      0.000      29.924      63.319      *
    CASC               2.227       0.446      0.000       1.573       3.304      *
    CACC              15.746       3.173      0.000      11.102      23.541      *


STANDARDIZED MODEL RESULTS


STDYX Standardization

                                Posterior  One-Tailed         95% C.I.
                    Estimate       S.D.      P-Value   Lower 2.5%  Upper 2.5%  Significance
 CHSC       ON
    CHR                0.000       0.000      1.000       0.000       0.000
    CHAGE             -0.160       0.110      0.079      -0.365       0.064

 CHCC       ON
    CHR               -0.267       0.116      0.015      -0.481      -0.029      *
    CHAGE             -0.031       0.023      0.079      -0.079       0.012

 CASC       ON
    CHR                0.000       0.000      1.000       0.000       0.000
    CHAGE              0.148       0.111      0.094      -0.071       0.361

 CACC       ON
    CHR                0.200       0.111      0.039      -0.023       0.413
    CHAGE              0.054       0.043      0.094      -0.026       0.142

 CHSC     WITH
    CHCC              -0.382       0.118      0.002      -0.590      -0.132      *
    CASC               0.223       0.127      0.047      -0.040       0.457
    CACC               0.501       0.102      0.000       0.278       0.675      *

 CHCC     WITH
    CASC               0.064       0.134      0.322      -0.203       0.319
    CACC              -0.595       0.088      0.000      -0.740      -0.398      *

 CASC     WITH
    CACC              -0.120       0.131      0.185      -0.369       0.140

 CHAGE    WITH
    CHR                0.538       0.092      0.000       0.337       0.693      *

 Means
    CHR                0.847       0.145      0.000       0.565       1.130      *
    CHAGE              4.495       0.424      0.000       3.677       5.347      *

 Intercepts
    CHSC               2.869       0.513      0.000       1.792       3.797      *
    CHCC               0.318       0.166      0.031      -0.016       0.637
    CASC               0.931       0.532      0.038      -0.091       1.986
    CACC              -0.515       0.227      0.012      -0.960      -0.068      *

 Variances
    CHR                1.000       0.000      0.000       1.000       1.000
    CHAGE              1.000       0.000      0.000       1.000       1.000

 Residual Variances
    CHSC               0.974       0.037      0.000       0.867       1.000      *
    CHCC               0.918       0.064      0.000       0.756       0.995      *
    CASC               0.978       0.036      0.000       0.870       1.000      *
    CACC               0.944       0.052      0.000       0.804       0.997      *


STDY Standardization

                                Posterior  One-Tailed         95% C.I.
                    Estimate       S.D.      P-Value   Lower 2.5%  Upper 2.5%  Significance
 CHSC       ON
    CHR                0.000       0.000      1.000       0.000       0.000
    CHAGE             -0.160       0.110      0.079      -0.365       0.064

 CHCC       ON
    CHR               -0.267       0.116      0.015      -0.481      -0.029      *
    CHAGE             -0.031       0.023      0.079      -0.079       0.012

 CASC       ON
    CHR                0.000       0.000      1.000       0.000       0.000
    CHAGE              0.148       0.111      0.094      -0.071       0.361

 CACC       ON
    CHR                0.200       0.111      0.039      -0.023       0.413
    CHAGE              0.054       0.043      0.094      -0.026       0.142

 CHSC     WITH
    CHCC              -0.382       0.118      0.002      -0.590      -0.132      *
    CASC               0.223       0.127      0.047      -0.040       0.457
    CACC               0.501       0.102      0.000       0.278       0.675      *

 CHCC     WITH
    CASC               0.064       0.134      0.322      -0.203       0.319
    CACC              -0.595       0.088      0.000      -0.740      -0.398      *

 CASC     WITH
    CACC              -0.120       0.131      0.185      -0.369       0.140

 CHAGE    WITH
    CHR                0.538       0.092      0.000       0.337       0.693      *

 Means
    CHR                0.847       0.145      0.000       0.565       1.130      *
    CHAGE              4.495       0.424      0.000       3.677       5.347      *

 Intercepts
    CHSC               2.869       0.513      0.000       1.792       3.797      *
    CHCC               0.318       0.166      0.031      -0.016       0.637
    CASC               0.931       0.532      0.038      -0.091       1.986
    CACC              -0.515       0.227      0.012      -0.960      -0.068      *

 Variances
    CHR                1.000       0.000      0.000       1.000       1.000
    CHAGE              1.000       0.000      0.000       1.000       1.000

 Residual Variances
    CHSC               0.974       0.037      0.000       0.867       1.000      *
    CHCC               0.918       0.064      0.000       0.756       0.995      *
    CASC               0.978       0.036      0.000       0.870       1.000      *
    CACC               0.944       0.052      0.000       0.804       0.997      *


STD Standardization

                                Posterior  One-Tailed         95% C.I.
                    Estimate       S.D.      P-Value   Lower 2.5%  Upper 2.5%  Significance
 CHSC       ON
    CHR                0.000       0.000      1.000       0.000       0.000
    CHAGE             -0.051       0.037      0.079      -0.124       0.020

 CHCC       ON
    CHR               -3.489       1.578      0.015      -6.572      -0.380      *
    CHAGE             -0.051       0.037      0.079      -0.124       0.020

 CASC       ON
    CHR                0.000       0.000      1.000       0.000       0.000
    CHAGE              0.054       0.041      0.094      -0.026       0.134

 CACC       ON
    CHR                1.581       0.894      0.039      -0.180       3.346
    CHAGE              0.054       0.041      0.094      -0.026       0.134

 CHSC     WITH
    CHCC              -3.249       1.343      0.002      -6.312      -1.051      *
    CASC               0.433       0.287      0.047      -0.080       1.065
    CACC               2.600       0.840      0.000       1.288       4.564      *

 CHCC     WITH
    CASC               0.604       1.390      0.322      -2.096       3.439
    CACC             -15.206       4.288      0.000     -25.446      -8.661      *

 CASC     WITH
    CACC              -0.698       0.839      0.185      -2.454       0.861

 CHAGE    WITH
    CHR                1.156       0.331      0.000       0.638       1.933      *

 Means
    CHR                0.440       0.065      0.000       0.312       0.567      *
    CHAGE             18.818       0.522      0.000      17.788      19.852      *

 Intercepts
    CHSC               3.858       0.708      0.000       2.474       5.249      *
    CHCC               2.184       1.154      0.031      -0.114       4.429
    CASC               1.409       0.791      0.038      -0.150       2.953
    CACC              -2.125       0.930      0.012      -3.929      -0.287      *

 Variances
    CHR                0.270       0.052      0.000       0.192       0.395      *
    CHAGE             17.546       3.342      0.000      12.545      25.566      *

 Residual Variances
    CHSC               1.755       0.355      0.000       1.234       2.624      *
    CHCC              42.460       8.594      0.000      29.924      63.319      *
    CASC               2.227       0.446      0.000       1.573       3.304      *
    CACC              15.746       3.173      0.000      11.102      23.541      *


R-SQUARE

                                Posterior  One-Tailed         95% C.I.
    Variable        Estimate       S.D.      P-Value   Lower 2.5%  Upper 2.5%

    CHSC               0.026       0.037      0.000       0.000       0.133
    CHCC               0.082       0.064      0.000       0.005       0.244
    CASC               0.022       0.036      0.000       0.000       0.130
    CACC               0.056       0.052      0.000       0.003       0.196


     Beginning Time:  14:00:52
        Ending Time:  14:00:54
       Elapsed Time:  00:00:02



MUTHEN & MUTHEN
3463 Stoner Ave.
Los Angeles, CA  90066

Tel: (310) 391-9971
Fax: (310) 391-8971
Web: www.StatModel.com
Support: Support@StatModel.com

Copyright (c) 1998-2018 Muthen & Muthen
