Mplus VERSION 8.2 (Mac)
MUTHEN & MUTHEN
08/28/2024   1:25 PM

INPUT INSTRUCTIONS

  TITLE:
  Testing
  DATA:
  FILE = "CHR_sx_model_w_age_pos.dat";

  VARIABLE:
  NAMES = chsc chcc casc cacc CHR chage;
   MISSING=.;

  ANALYSIS:
  ESTIMATOR=BAYES; PROCESSORS = 2;BITERATIONS = (49000)
  MODEL:
  chsc ON CHR;
  chsc ON chage*(b);
  chcc ON CHR;
  chcc ON chage* (b);
  casc ON CHR* (a);
  casc ON chage* (c);
  cacc ON CHR* (a);
  cacc ON chage* (c);
  chsc WITH chcc@0;
  chsc WITH casc@0;
  chsc WITH cacc@0;
  chcc WITH casc@0;
  chcc WITH cacc;
  casc WITH cacc@0;
  chsc WITH chsc;
  chcc WITH chcc;
  casc WITH casc;
  cacc WITH cacc;
  CHR WITH CHR;
  chage WITH chage;
  [chsc];
  [chcc];
  [casc];
  [cacc];
  [CHR];
  [chage];

  OUTPUT:
  STANDARDIZED;



INPUT READING TERMINATED NORMALLY




Testing

SUMMARY OF ANALYSIS

Number of groups                                                 1
Number of observations                                          68

Number of dependent variables                                    4
Number of independent variables                                  2
Number of continuous latent variables                            0

Observed dependent variables

  Continuous
   CHSC        CHCC        CASC        CACC

Observed independent variables
   CHR         CHAGE


Estimator                                                    BAYES
Specifications for Bayesian Estimation
  Point estimate                                            MEDIAN
  Number of Markov chain Monte Carlo (MCMC) chains               2
  Random seed for the first chain                                0
  Starting value information                           UNPERTURBED
  Algorithm used for Markov chain Monte Carlo           GIBBS(PX1)
  Convergence criterion                                  0.500D-01
  Maximum number of iterations                               50000
  K-th iteration used for thinning                               1

Input data file(s)
  CHR_sx_model_w_age_pos.dat
Input data format  FREE


SUMMARY OF DATA



COVARIANCE COVERAGE OF DATA

Minimum covariance coverage value   0.100

     Number of missing data patterns             1


     PROPORTION OF DATA PRESENT


           Covariance Coverage
              CHSC          CHCC          CASC          CACC          CHR
              ________      ________      ________      ________      ________
 CHSC           1.000
 CHCC           1.000         1.000
 CASC           1.000         1.000         1.000
 CACC           1.000         1.000         1.000         1.000
 CHR            1.000         1.000         1.000         1.000         1.000
 CHAGE          1.000         1.000         1.000         1.000         1.000


           Covariance Coverage
              CHAGE
              ________
 CHAGE          1.000



UNIVARIATE SAMPLE STATISTICS


     UNIVARIATE HIGHER-ORDER MOMENT DESCRIPTIVE STATISTICS

         Variable/         Mean/     Skewness/   Minimum/ % with                Percentiles
        Sample Size      Variance    Kurtosis    Maximum  Min/Max      20%/60%    40%/80%    Median

     CHSC                  2.894       0.448       0.369    1.47%       1.783      2.328      2.761
              68.000       1.755      -0.631       5.634    1.47%       2.996      4.196
     CHCC                  1.257      -0.042     -29.421    1.47%      -2.841     -0.768      0.420
              68.000      61.282       4.132      28.205    1.47%       1.592      4.969
     CASC                  2.413       3.149       0.173    1.47%       1.349      1.820      1.905
              68.000       3.393      12.255      11.915    1.47%       2.145      3.150
     CACC                 -0.360      -0.284     -12.711    1.47%      -2.128     -1.135     -0.147
              68.000      11.603       3.090      11.197    1.47%       0.295      1.861
     CHR                   0.471       0.118       0.000   52.94%       0.000      0.000      0.000
              68.000       0.249      -1.986       1.000   47.06%       1.000      1.000
     CHAGE                18.926       0.020      12.000    2.94%      15.000     18.000     19.000
              68.000      15.186      -0.766      28.000    1.47%      20.000     22.000


THE MODEL ESTIMATION TERMINATED NORMALLY

     USE THE FBITERATIONS OPTION TO INCREASE THE NUMBER OF ITERATIONS BY A FACTOR
     OF AT LEAST TWO TO CHECK CONVERGENCE AND THAT THE PSR VALUE DOES NOT INCREASE.



MODEL FIT INFORMATION

Number of Free Parameters                              19

Bayesian Posterior Predictive Checking using Chi-Square

          95% Confidence Interval for the Difference Between
          the Observed and the Replicated Chi-Square Values

                                -22.121            18.105

          Posterior Predictive P-Value              0.559

Information Criteria

          Deviance (DIC)                         1792.748
          Estimated Number of Parameters (pD)      17.941
          Bayesian (BIC)                         1836.249



MODEL RESULTS

                                Posterior  One-Tailed         95% C.I.
                    Estimate       S.D.      P-Value   Lower 2.5%  Upper 2.5%  Significance

 CHSC       ON
    CHR                0.402       0.389      0.151      -0.363       1.164
    CHAGE             -0.085       0.049      0.042      -0.181       0.011

 CHCC       ON
    CHR               -2.130       1.777      0.114      -5.593       1.364
    CHAGE             -0.085       0.049      0.042      -0.181       0.011

 CASC       ON
    CHR                0.792       0.455      0.039      -0.090       1.691
    CHAGE              0.096       0.056      0.045      -0.014       0.205

 CACC       ON
    CHR                0.792       0.455      0.039      -0.090       1.691
    CHAGE              0.096       0.056      0.045      -0.014       0.205

 CHSC     WITH
    CHCC               0.000       0.000      1.000       0.000       0.000
    CASC               0.000       0.000      1.000       0.000       0.000
    CACC               0.000       0.000      1.000       0.000       0.000

 CHCC     WITH
    CASC               0.000       0.000      1.000       0.000       0.000
    CACC             -14.322       4.154      0.000     -24.070      -7.692      *

 CASC     WITH
    CACC               0.000       0.000      1.000       0.000       0.000

 CHAGE    WITH
    CHR                1.093       0.318      0.000       0.587       1.833      *

 Means
    CHR                0.470       0.064      0.000       0.344       0.595      *
    CHAGE             18.925       0.499      0.000      17.932      19.900      *

 Intercepts
    CHSC               4.306       0.864      0.000       2.611       6.014      *
    CHCC               3.861       1.533      0.006       0.866       6.876      *
    CASC               0.232       0.998      0.407      -1.722       2.190
    CACC              -2.541       1.059      0.008      -4.625      -0.457      *

 Variances
    CHR                0.272       0.051      0.000       0.195       0.396      *
    CHAGE             16.591       3.122      0.000      11.884      24.045      *

 Residual Variances
    CHSC               1.828       0.344      0.000       1.312       2.649      *
    CHCC              64.625      12.206      0.000      46.175      93.756      *
    CASC               3.305       0.619      0.000       2.378       4.799      *
    CACC              11.786       2.214      0.000       8.434      17.079      *


STANDARDIZED MODEL RESULTS


STDYX Standardization

                                Posterior  One-Tailed         95% C.I.
                    Estimate       S.D.      P-Value   Lower 2.5%  Upper 2.5%  Significance
 CHSC       ON
    CHR                0.150       0.141      0.151      -0.134       0.420
    CHAGE             -0.247       0.137      0.042      -0.504       0.033

 CHCC       ON
    CHR               -0.136       0.112      0.114      -0.350       0.085
    CHAGE             -0.042       0.025      0.042      -0.094       0.006

 CASC       ON
    CHR                0.210       0.117      0.039      -0.024       0.432
    CHAGE              0.199       0.115      0.045      -0.029       0.419

 CACC       ON
    CHR                0.117       0.069      0.039      -0.013       0.260
    CHAGE              0.110       0.066      0.045      -0.016       0.244

 CHSC     WITH
    CHCC               0.000       0.000      1.000       0.000       0.000
    CASC               0.000       0.000      1.000       0.000       0.000
    CACC               0.000       0.000      1.000       0.000       0.000

 CHCC     WITH
    CASC               0.000       0.000      1.000       0.000       0.000
    CACC              -0.525       0.093      0.000      -0.683      -0.320      *

 CASC     WITH
    CACC               0.000       0.000      1.000       0.000       0.000

 CHAGE    WITH
    CHR                0.521       0.093      0.000       0.316       0.679      *

 Means
    CHR                0.902       0.146      0.000       0.616       1.188      *
    CHAGE              4.646       0.434      0.000       3.822       5.523      *

 Intercepts
    CHSC               3.083       0.593      0.000       1.818       4.130      *
    CHCC               0.471       0.187      0.006       0.105       0.836      *
    CASC               0.118       0.503      0.407      -0.821       1.141
    CACC              -0.720       0.301      0.008      -1.316      -0.128      *

 Variances
    CHR                1.000       0.000      0.000       1.000       1.000
    CHAGE              1.000       0.000      0.000       1.000       1.000

 Residual Variances
    CHSC               0.939       0.054      0.000       0.793       0.996      *
    CHCC               0.973       0.038      0.000       0.860       0.999      *
    CASC               0.863       0.068      0.000       0.705       0.968      *
    CACC               0.958       0.026      0.000       0.890       0.991      *


STDY Standardization

                                Posterior  One-Tailed         95% C.I.
                    Estimate       S.D.      P-Value   Lower 2.5%  Upper 2.5%  Significance
 CHSC       ON
    CHR                0.150       0.141      0.151      -0.134       0.420
    CHAGE             -0.247       0.137      0.042      -0.504       0.033

 CHCC       ON
    CHR               -0.136       0.112      0.114      -0.350       0.085
    CHAGE             -0.042       0.025      0.042      -0.094       0.006

 CASC       ON
    CHR                0.210       0.117      0.039      -0.024       0.432
    CHAGE              0.199       0.115      0.045      -0.029       0.419

 CACC       ON
    CHR                0.117       0.069      0.039      -0.013       0.260
    CHAGE              0.110       0.066      0.045      -0.016       0.244

 CHSC     WITH
    CHCC               0.000       0.000      1.000       0.000       0.000
    CASC               0.000       0.000      1.000       0.000       0.000
    CACC               0.000       0.000      1.000       0.000       0.000

 CHCC     WITH
    CASC               0.000       0.000      1.000       0.000       0.000
    CACC              -0.525       0.093      0.000      -0.683      -0.320      *

 CASC     WITH
    CACC               0.000       0.000      1.000       0.000       0.000

 CHAGE    WITH
    CHR                0.521       0.093      0.000       0.316       0.679      *

 Means
    CHR                0.902       0.146      0.000       0.616       1.188      *
    CHAGE              4.646       0.434      0.000       3.822       5.523      *

 Intercepts
    CHSC               3.083       0.593      0.000       1.818       4.130      *
    CHCC               0.471       0.187      0.006       0.105       0.836      *
    CASC               0.118       0.503      0.407      -0.821       1.141
    CACC              -0.720       0.301      0.008      -1.316      -0.128      *

 Variances
    CHR                1.000       0.000      0.000       1.000       1.000
    CHAGE              1.000       0.000      0.000       1.000       1.000

 Residual Variances
    CHSC               0.939       0.054      0.000       0.793       0.996      *
    CHCC               0.973       0.038      0.000       0.860       0.999      *
    CASC               0.863       0.068      0.000       0.705       0.968      *
    CACC               0.958       0.026      0.000       0.890       0.991      *


STD Standardization

                                Posterior  One-Tailed         95% C.I.
                    Estimate       S.D.      P-Value   Lower 2.5%  Upper 2.5%  Significance
 CHSC       ON
    CHR                0.402       0.389      0.151      -0.363       1.164
    CHAGE             -0.085       0.049      0.042      -0.181       0.011

 CHCC       ON
    CHR               -2.130       1.777      0.114      -5.593       1.364
    CHAGE             -0.085       0.049      0.042      -0.181       0.011

 CASC       ON
    CHR                0.792       0.455      0.039      -0.090       1.691
    CHAGE              0.096       0.056      0.045      -0.014       0.205

 CACC       ON
    CHR                0.792       0.455      0.039      -0.090       1.691
    CHAGE              0.096       0.056      0.045      -0.014       0.205

 CHSC     WITH
    CHCC               0.000       0.000      1.000       0.000       0.000
    CASC               0.000       0.000      1.000       0.000       0.000
    CACC               0.000       0.000      1.000       0.000       0.000

 CHCC     WITH
    CASC               0.000       0.000      1.000       0.000       0.000
    CACC             -14.322       4.154      0.000     -24.070      -7.692      *

 CASC     WITH
    CACC               0.000       0.000      1.000       0.000       0.000

 CHAGE    WITH
    CHR                1.093       0.318      0.000       0.587       1.833      *

 Means
    CHR                0.470       0.064      0.000       0.344       0.595      *
    CHAGE             18.925       0.499      0.000      17.932      19.900      *

 Intercepts
    CHSC               4.306       0.864      0.000       2.611       6.014      *
    CHCC               3.861       1.533      0.006       0.866       6.876      *
    CASC               0.232       0.998      0.407      -1.722       2.190
    CACC              -2.541       1.059      0.008      -4.625      -0.457      *

 Variances
    CHR                0.272       0.051      0.000       0.195       0.396      *
    CHAGE             16.591       3.122      0.000      11.884      24.045      *

 Residual Variances
    CHSC               1.828       0.344      0.000       1.312       2.649      *
    CHCC              64.625      12.206      0.000      46.175      93.756      *
    CASC               3.305       0.619      0.000       2.378       4.799      *
    CACC              11.786       2.214      0.000       8.434      17.079      *


R-SQUARE

                                Posterior  One-Tailed         95% C.I.
    Variable        Estimate       S.D.      P-Value   Lower 2.5%  Upper 2.5%

    CHSC               0.061       0.054      0.000       0.004       0.206
    CHCC               0.027       0.038      0.000       0.001       0.140
    CASC               0.137       0.068      0.000       0.032       0.295
    CACC               0.042       0.026      0.000       0.009       0.110


     Beginning Time:  13:25:50
        Ending Time:  13:25:52
       Elapsed Time:  00:00:02



MUTHEN & MUTHEN
3463 Stoner Ave.
Los Angeles, CA  90066

Tel: (310) 391-9971
Fax: (310) 391-8971
Web: www.StatModel.com
Support: Support@StatModel.com

Copyright (c) 1998-2018 Muthen & Muthen
