Mplus VERSION 8.2 (Mac)
MUTHEN & MUTHEN
08/28/2024   1:50 PM

INPUT INSTRUCTIONS

  TITLE:
  Testing
  DATA:
  FILE = "dep_sx_model_w_age_pos.dat";

  VARIABLE:
  NAMES = chsc chcc casc cacc bdi chage;
   MISSING=.;

  ANALYSIS:
  ESTIMATOR=BAYES; PROCESSORS = 2;BITERATIONS = (49000)
  MODEL:
  chsc ON bdi@0;
  chsc ON chage* (a);
  chcc ON bdi;
  chcc ON chage* (a);
  casc ON bdi@0;
  casc ON chage* (b);
  cacc ON bdi@0;
  cacc ON chage* (b);
  chsc WITH chcc@0;
  chsc WITH casc@0;
  chsc WITH cacc@0;
  chcc WITH casc@0;
  chcc WITH cacc;
  casc WITH cacc@0;
  chsc WITH chsc;
  chcc WITH chcc;
  casc WITH casc;
  cacc WITH cacc;
  bdi WITH bdi;
  chage WITH chage;
  [chsc];
  [chcc];
  [casc];
  [cacc];
  [bdi];
  [chage];

  OUTPUT:
  STANDARDIZED;



INPUT READING TERMINATED NORMALLY




Testing

SUMMARY OF ANALYSIS

Number of groups                                                 1
Number of observations                                          68

Number of dependent variables                                    4
Number of independent variables                                  2
Number of continuous latent variables                            0

Observed dependent variables

  Continuous
   CHSC        CHCC        CASC        CACC

Observed independent variables
   BDI         CHAGE


Estimator                                                    BAYES
Specifications for Bayesian Estimation
  Point estimate                                            MEDIAN
  Number of Markov chain Monte Carlo (MCMC) chains               2
  Random seed for the first chain                                0
  Starting value information                           UNPERTURBED
  Algorithm used for Markov chain Monte Carlo           GIBBS(PX1)
  Convergence criterion                                  0.500D-01
  Maximum number of iterations                               50000
  K-th iteration used for thinning                               1

Input data file(s)
  dep_sx_model_w_age_pos.dat
Input data format  FREE


SUMMARY OF DATA



COVARIANCE COVERAGE OF DATA

Minimum covariance coverage value   0.100

     Number of missing data patterns             2


     PROPORTION OF DATA PRESENT


           Covariance Coverage
              CHSC          CHCC          CASC          CACC          BDI
              ________      ________      ________      ________      ________
 CHSC           1.000
 CHCC           1.000         1.000
 CASC           1.000         1.000         1.000
 CACC           1.000         1.000         1.000         1.000
 BDI            0.971         0.971         0.971         0.971         0.971
 CHAGE          1.000         1.000         1.000         1.000         0.971


           Covariance Coverage
              CHAGE
              ________
 CHAGE          1.000



UNIVARIATE SAMPLE STATISTICS


     UNIVARIATE HIGHER-ORDER MOMENT DESCRIPTIVE STATISTICS

         Variable/         Mean/     Skewness/   Minimum/ % with                Percentiles
        Sample Size      Variance    Kurtosis    Maximum  Min/Max      20%/60%    40%/80%    Median

     CHSC                  2.894       0.448       0.369    1.47%       1.783      2.328      2.761
              68.000       1.755      -0.631       5.634    1.47%       2.996      4.196
     CHCC                  1.257      -0.042     -29.421    1.47%      -2.841     -0.768      0.420
              68.000      61.282       4.132      28.205    1.47%       1.592      4.969
     CASC                  2.413       3.149       0.173    1.47%       1.349      1.820      1.905
              68.000       3.393      12.255      11.915    1.47%       2.145      3.150
     CACC                 -0.360      -0.284     -12.711    1.47%      -2.128     -1.135     -0.147
              68.000      11.603       3.090      11.197    1.47%       0.295      1.861
     BDI                   7.530       1.033       0.000    7.58%       1.000      4.000      6.000
              66.000      44.310       0.591      26.000    4.55%       9.000     12.000
     CHAGE                18.926       0.020      12.000    2.94%      15.000     18.000     19.000
              68.000      15.186      -0.766      28.000    1.47%      20.000     22.000


THE MODEL ESTIMATION TERMINATED NORMALLY

     USE THE FBITERATIONS OPTION TO INCREASE THE NUMBER OF ITERATIONS BY A FACTOR
     OF AT LEAST TWO TO CHECK CONVERGENCE AND THAT THE PSR VALUE DOES NOT INCREASE.



MODEL FIT INFORMATION

Number of Free Parameters                              17

Bayesian Posterior Predictive Checking using Chi-Square

          95% Confidence Interval for the Difference Between
          the Observed and the Replicated Chi-Square Values

                                -25.212            14.238

          Posterior Predictive P-Value              0.708

Information Criteria

          Deviance (DIC)                         2140.646
          Estimated Number of Parameters (pD)      16.004
          Bayesian (BIC)                         2179.608



MODEL RESULTS

                                Posterior  One-Tailed         95% C.I.
                    Estimate       S.D.      P-Value   Lower 2.5%  Upper 2.5%  Significance

 CHSC       ON
    BDI                0.000       0.000      1.000       0.000       0.000
    CHAGE             -0.058       0.042      0.083      -0.141       0.025

 CHCC       ON
    BDI               -0.346       0.127      0.006      -0.588      -0.086      *
    CHAGE             -0.058       0.042      0.083      -0.141       0.025

 CASC       ON
    BDI                0.000       0.000      1.000       0.000       0.000
    CHAGE              0.149       0.048      0.001       0.055       0.243      *

 CACC       ON
    BDI                0.000       0.000      1.000       0.000       0.000
    CHAGE              0.149       0.048      0.001       0.055       0.243      *

 CHSC     WITH
    CHCC               0.000       0.000      1.000       0.000       0.000
    CASC               0.000       0.000      1.000       0.000       0.000
    CACC               0.000       0.000      1.000       0.000       0.000

 CHCC     WITH
    CASC               0.000       0.000      1.000       0.000       0.000
    CACC             -15.257       4.143      0.000     -25.000      -8.743      *

 CASC     WITH
    CACC               0.000       0.000      1.000       0.000       0.000

 CHAGE    WITH
    BDI                8.838       4.018      0.006       1.940      17.859      *

 Means
    BDI                7.699       0.876      0.000       5.975       9.414      *
    CHAGE             18.928       0.497      0.000      17.951      19.904      *

 Intercepts
    CHSC               3.983       0.811      0.000       2.390       5.587      *
    CHCC               4.997       1.564      0.001       1.919       8.045      *
    CASC              -0.408       0.938      0.330      -2.244       1.433
    CACC              -3.181       1.005      0.001      -5.159      -1.195      *

 Variances
    BDI               49.931       9.940      0.000      35.340      74.135      *
    CHAGE             16.583       3.128      0.000      11.870      24.062      *

 Residual Variances
    CHSC               1.829       0.341      0.000       1.318       2.644      *
    CHCC              61.061      11.700      0.000      43.361      88.964      *
    CASC               3.308       0.616      0.000       2.389       4.782      *
    CACC              12.139       2.273      0.000       8.705      17.572      *


STANDARDIZED MODEL RESULTS


STDYX Standardization

                                Posterior  One-Tailed         95% C.I.
                    Estimate       S.D.      P-Value   Lower 2.5%  Upper 2.5%  Significance
 CHSC       ON
    BDI                0.000       0.000      1.000       0.000       0.000
    CHAGE             -0.170       0.120      0.083      -0.397       0.073

 CHCC       ON
    BDI               -0.297       0.108      0.006      -0.496      -0.072      *
    CHAGE             -0.028       0.021      0.083      -0.072       0.012

 CASC       ON
    BDI                0.000       0.000      1.000       0.000       0.000
    CHAGE              0.316       0.097      0.001       0.117       0.497      *

 CACC       ON
    BDI                0.000       0.000      1.000       0.000       0.000
    CHAGE              0.171       0.058      0.001       0.061       0.291      *

 CHSC     WITH
    CHCC               0.000       0.000      1.000       0.000       0.000
    CASC               0.000       0.000      1.000       0.000       0.000
    CACC               0.000       0.000      1.000       0.000       0.000

 CHCC     WITH
    CASC               0.000       0.000      1.000       0.000       0.000
    CACC              -0.568       0.087      0.000      -0.714      -0.373      *

 CASC     WITH
    CACC               0.000       0.000      1.000       0.000       0.000

 CHAGE    WITH
    BDI                0.311       0.114      0.006       0.070       0.518      *

 Means
    BDI                1.090       0.157      0.000       0.783       1.401      *
    CHAGE              4.649       0.435      0.000       3.821       5.530      *

 Intercepts
    CHSC               2.896       0.573      0.000       1.679       3.915      *
    CHCC               0.604       0.185      0.001       0.232       0.957      *
    CASC              -0.211       0.474      0.330      -1.076       0.772
    CACC              -0.895       0.287      0.001      -1.464      -0.333      *

 Variances
    BDI                1.000       0.000      0.000       1.000       1.000
    CHAGE              1.000       0.000      0.000       1.000       1.000

 Residual Variances
    CHSC               0.971       0.044      0.000       0.842       1.000      *
    CHCC               0.905       0.065      0.000       0.745       0.992      *
    CASC               0.900       0.061      0.000       0.753       0.986      *
    CACC               0.971       0.021      0.000       0.915       0.996      *


STDY Standardization

                                Posterior  One-Tailed         95% C.I.
                    Estimate       S.D.      P-Value   Lower 2.5%  Upper 2.5%  Significance
 CHSC       ON
    BDI                0.000       0.000      1.000       0.000       0.000
    CHAGE             -0.170       0.120      0.083      -0.397       0.073

 CHCC       ON
    BDI               -0.297       0.108      0.006      -0.496      -0.072      *
    CHAGE             -0.028       0.021      0.083      -0.072       0.012

 CASC       ON
    BDI                0.000       0.000      1.000       0.000       0.000
    CHAGE              0.316       0.097      0.001       0.117       0.497      *

 CACC       ON
    BDI                0.000       0.000      1.000       0.000       0.000
    CHAGE              0.171       0.058      0.001       0.061       0.291      *

 CHSC     WITH
    CHCC               0.000       0.000      1.000       0.000       0.000
    CASC               0.000       0.000      1.000       0.000       0.000
    CACC               0.000       0.000      1.000       0.000       0.000

 CHCC     WITH
    CASC               0.000       0.000      1.000       0.000       0.000
    CACC              -0.568       0.087      0.000      -0.714      -0.373      *

 CASC     WITH
    CACC               0.000       0.000      1.000       0.000       0.000

 CHAGE    WITH
    BDI                0.311       0.114      0.006       0.070       0.518      *

 Means
    BDI                1.090       0.157      0.000       0.783       1.401      *
    CHAGE              4.649       0.435      0.000       3.821       5.530      *

 Intercepts
    CHSC               2.896       0.573      0.000       1.679       3.915      *
    CHCC               0.604       0.185      0.001       0.232       0.957      *
    CASC              -0.211       0.474      0.330      -1.076       0.772
    CACC              -0.895       0.287      0.001      -1.464      -0.333      *

 Variances
    BDI                1.000       0.000      0.000       1.000       1.000
    CHAGE              1.000       0.000      0.000       1.000       1.000

 Residual Variances
    CHSC               0.971       0.044      0.000       0.842       1.000      *
    CHCC               0.905       0.065      0.000       0.745       0.992      *
    CASC               0.900       0.061      0.000       0.753       0.986      *
    CACC               0.971       0.021      0.000       0.915       0.996      *


STD Standardization

                                Posterior  One-Tailed         95% C.I.
                    Estimate       S.D.      P-Value   Lower 2.5%  Upper 2.5%  Significance
 CHSC       ON
    BDI                0.000       0.000      1.000       0.000       0.000
    CHAGE             -0.058       0.042      0.083      -0.141       0.025

 CHCC       ON
    BDI               -0.346       0.127      0.006      -0.588      -0.086      *
    CHAGE             -0.058       0.042      0.083      -0.141       0.025

 CASC       ON
    BDI                0.000       0.000      1.000       0.000       0.000
    CHAGE              0.149       0.048      0.001       0.055       0.243      *

 CACC       ON
    BDI                0.000       0.000      1.000       0.000       0.000
    CHAGE              0.149       0.048      0.001       0.055       0.243      *

 CHSC     WITH
    CHCC               0.000       0.000      1.000       0.000       0.000
    CASC               0.000       0.000      1.000       0.000       0.000
    CACC               0.000       0.000      1.000       0.000       0.000

 CHCC     WITH
    CASC               0.000       0.000      1.000       0.000       0.000
    CACC             -15.257       4.143      0.000     -25.000      -8.743      *

 CASC     WITH
    CACC               0.000       0.000      1.000       0.000       0.000

 CHAGE    WITH
    BDI                8.838       4.018      0.006       1.940      17.859      *

 Means
    BDI                7.699       0.876      0.000       5.975       9.414      *
    CHAGE             18.928       0.497      0.000      17.951      19.904      *

 Intercepts
    CHSC               3.983       0.811      0.000       2.390       5.587      *
    CHCC               4.997       1.564      0.001       1.919       8.045      *
    CASC              -0.408       0.938      0.330      -2.244       1.433
    CACC              -3.181       1.005      0.001      -5.159      -1.195      *

 Variances
    BDI               49.931       9.940      0.000      35.340      74.135      *
    CHAGE             16.583       3.128      0.000      11.870      24.062      *

 Residual Variances
    CHSC               1.829       0.341      0.000       1.318       2.644      *
    CHCC              61.061      11.700      0.000      43.361      88.964      *
    CASC               3.308       0.616      0.000       2.389       4.782      *
    CACC              12.139       2.273      0.000       8.705      17.572      *


R-SQUARE

                                Posterior  One-Tailed         95% C.I.
    Variable        Estimate       S.D.      P-Value   Lower 2.5%  Upper 2.5%

    CHSC               0.029       0.044      0.000       0.000       0.158
    CHCC               0.095       0.065      0.000       0.008       0.255
    CASC               0.100       0.061      0.000       0.014       0.247
    CACC               0.029       0.021      0.000       0.004       0.085


     Beginning Time:  13:50:27
        Ending Time:  13:50:29
       Elapsed Time:  00:00:02



MUTHEN & MUTHEN
3463 Stoner Ave.
Los Angeles, CA  90066

Tel: (310) 391-9971
Fax: (310) 391-8971
Web: www.StatModel.com
Support: Support@StatModel.com

Copyright (c) 1998-2018 Muthen & Muthen
