Mplus VERSION 8.2 (Mac)
MUTHEN & MUTHEN
08/28/2024   1:20 PM

INPUT INSTRUCTIONS

  TITLE:
  Testing
  DATA:
  FILE = "dep_sx_model_neg.dat";

  VARIABLE:
  NAMES = chsc chcc casc cacc bdi;
   MISSING=.;

  ANALYSIS:
  ESTIMATOR=BAYES; PROCESSORS = 2;BITERATIONS = (49000)
  MODEL:
  chsc ON bdi*(a);
  chcc ON bdi*(b);
  casc ON bdi*(b);
  cacc ON bdi*(a);
  chsc WITH chcc;
  chsc WITH casc;
  chsc WITH cacc;
  chcc WITH casc;
  chcc WITH cacc;
  casc WITH cacc;
  chsc WITH chsc;
  chcc WITH chcc;
  casc WITH casc;
  cacc WITH cacc;
  bdi WITH bdi;
  [chsc];
  [chcc];
  [casc];
  [cacc];
  [bdi];

  OUTPUT:
  STANDARDIZED;



INPUT READING TERMINATED NORMALLY




Testing

SUMMARY OF ANALYSIS

Number of groups                                                 1
Number of observations                                          66

Number of dependent variables                                    4
Number of independent variables                                  1
Number of continuous latent variables                            0

Observed dependent variables

  Continuous
   CHSC        CHCC        CASC        CACC

Observed independent variables
   BDI


Estimator                                                    BAYES
Specifications for Bayesian Estimation
  Point estimate                                            MEDIAN
  Number of Markov chain Monte Carlo (MCMC) chains               2
  Random seed for the first chain                                0
  Starting value information                           UNPERTURBED
  Algorithm used for Markov chain Monte Carlo           GIBBS(PX1)
  Convergence criterion                                  0.500D-01
  Maximum number of iterations                               50000
  K-th iteration used for thinning                               1

Input data file(s)
  dep_sx_model_neg.dat
Input data format  FREE


SUMMARY OF DATA



COVARIANCE COVERAGE OF DATA

Minimum covariance coverage value   0.100

     Number of missing data patterns             2


     PROPORTION OF DATA PRESENT


           Covariance Coverage
              CHSC          CHCC          CASC          CACC          BDI
              ________      ________      ________      ________      ________
 CHSC           1.000
 CHCC           1.000         1.000
 CASC           1.000         1.000         1.000
 CACC           1.000         1.000         1.000         1.000
 BDI            0.970         0.970         0.970         0.970         0.970



UNIVARIATE SAMPLE STATISTICS


     UNIVARIATE HIGHER-ORDER MOMENT DESCRIPTIVE STATISTICS

         Variable/         Mean/     Skewness/   Minimum/ % with                Percentiles
        Sample Size      Variance    Kurtosis    Maximum  Min/Max      20%/60%    40%/80%    Median

     CHSC                  2.789       0.912       0.884    1.52%       1.550      2.236      2.478
              66.000       1.759       0.087       6.266    1.52%       2.723      3.726
     CHCC                  0.236      -1.642     -29.952    1.52%      -2.994     -0.412      0.428
              66.000      41.162       6.549      14.882    1.52%       0.926      4.943
     CASC                  2.423       2.400      -0.698    1.52%       1.176      1.758      2.059
              66.000       3.578       7.017      10.998    1.52%       2.213      2.720
     CACC                 -0.675      -0.840     -10.489    1.52%      -3.207     -1.126     -0.251
              66.000       6.952       1.631       4.504    1.52%       0.315      1.045
     BDI                   7.094       1.186       0.000    9.38%       1.000      3.000      5.000
              64.000      44.022       0.982      26.000    4.69%       8.000     12.000


THE MODEL ESTIMATION TERMINATED NORMALLY

     USE THE FBITERATIONS OPTION TO INCREASE THE NUMBER OF ITERATIONS BY A FACTOR
     OF AT LEAST TWO TO CHECK CONVERGENCE AND THAT THE PSR VALUE DOES NOT INCREASE.



MODEL FIT INFORMATION

Number of Free Parameters                              18

Bayesian Posterior Predictive Checking using Chi-Square

          95% Confidence Interval for the Difference Between
          the Observed and the Replicated Chi-Square Values

                                -18.141            18.878

          Posterior Predictive P-Value              0.480

Information Criteria

          Deviance (DIC)                         1646.813
          Estimated Number of Parameters (pD)      15.932
          Bayesian (BIC)                         1689.435



MODEL RESULTS

                                Posterior  One-Tailed         95% C.I.
                    Estimate       S.D.      P-Value   Lower 2.5%  Upper 2.5%  Significance

 CHSC       ON
    BDI               -0.016       0.023      0.245      -0.061       0.029

 CHCC       ON
    BDI                0.025       0.031      0.208      -0.036       0.087

 CASC       ON
    BDI                0.025       0.031      0.208      -0.036       0.087

 CACC       ON
    BDI               -0.016       0.023      0.245      -0.061       0.029

 CHSC     WITH
    CHCC              -1.216       1.405      0.173      -4.165       1.399
    CASC              -0.396       0.420      0.153      -1.296       0.377
    CACC               0.293       0.578      0.296      -0.814       1.483

 CHCC     WITH
    CASC              -4.330       2.073      0.008      -9.031      -0.816      *
    CACC             -13.442       3.366      0.000     -21.589      -8.364      *

 CASC     WITH
    CACC               0.201       0.815      0.396      -1.407       1.836

 Means
    BDI                7.083       0.866      0.000       5.385       8.792      *

 Intercepts
    CHSC               2.899       0.241      0.000       2.430       3.375      *
    CHCC               0.061       0.889      0.472      -1.692       1.806
    CASC               2.245       0.336      0.000       1.582       2.909      *
    CACC              -0.561       0.389      0.073      -1.339       0.198

 Variances
    BDI               46.695       8.971      0.000      33.364      68.349      *

 Residual Variances
    CHSC               2.085       0.420      0.000       1.469       3.106      *
    CHCC              48.189       9.595      0.000      33.896      71.435      *
    CASC               4.190       0.838      0.000       2.956       6.209      *
    CACC               8.133       1.617      0.000       5.732      11.995      *


STANDARDIZED MODEL RESULTS


STDYX Standardization

                                Posterior  One-Tailed         95% C.I.
                    Estimate       S.D.      P-Value   Lower 2.5%  Upper 2.5%  Significance
 CHSC       ON
    BDI               -0.074       0.106      0.245      -0.277       0.138

 CHCC       ON
    BDI                0.025       0.031      0.208      -0.036       0.088

 CASC       ON
    BDI                0.084       0.103      0.208      -0.119       0.283

 CACC       ON
    BDI               -0.038       0.056      0.245      -0.149       0.070

 CHSC     WITH
    CHCC              -0.124       0.129      0.173      -0.367       0.134
    CASC              -0.137       0.130      0.153      -0.385       0.124
    CACC               0.072       0.131      0.296      -0.189       0.322

 CHCC     WITH
    CASC              -0.311       0.119      0.008      -0.526      -0.060      *
    CACC              -0.686       0.072      0.000      -0.802      -0.521      *

 CASC     WITH
    CACC               0.035       0.131      0.396      -0.224       0.288

 Means
    BDI                1.036       0.157      0.000       0.731       1.348      *

 Intercepts
    CHSC               1.992       0.239      0.000       1.525       2.463      *
    CHCC               0.009       0.127      0.472      -0.241       0.256
    CASC               1.090       0.195      0.000       0.713       1.473      *
    CACC              -0.196       0.136      0.073      -0.466       0.066

 Variances
    BDI                1.000       0.000      0.000       1.000       1.000

 Residual Variances
    CHSC               0.992       0.022      0.000       0.922       1.000      *
    CHCC               0.999       0.002      0.000       0.992       1.000      *
    CASC               0.991       0.023      0.000       0.919       1.000      *
    CACC               0.998       0.006      0.000       0.978       1.000      *


STDY Standardization

                                Posterior  One-Tailed         95% C.I.
                    Estimate       S.D.      P-Value   Lower 2.5%  Upper 2.5%  Significance
 CHSC       ON
    BDI               -0.074       0.106      0.245      -0.277       0.138

 CHCC       ON
    BDI                0.025       0.031      0.208      -0.036       0.088

 CASC       ON
    BDI                0.084       0.103      0.208      -0.119       0.283

 CACC       ON
    BDI               -0.038       0.056      0.245      -0.149       0.070

 CHSC     WITH
    CHCC              -0.124       0.129      0.173      -0.367       0.134
    CASC              -0.137       0.130      0.153      -0.385       0.124
    CACC               0.072       0.131      0.296      -0.189       0.322

 CHCC     WITH
    CASC              -0.311       0.119      0.008      -0.526      -0.060      *
    CACC              -0.686       0.072      0.000      -0.802      -0.521      *

 CASC     WITH
    CACC               0.035       0.131      0.396      -0.224       0.288

 Means
    BDI                1.036       0.157      0.000       0.731       1.348      *

 Intercepts
    CHSC               1.992       0.239      0.000       1.525       2.463      *
    CHCC               0.009       0.127      0.472      -0.241       0.256
    CASC               1.090       0.195      0.000       0.713       1.473      *
    CACC              -0.196       0.136      0.073      -0.466       0.066

 Variances
    BDI                1.000       0.000      0.000       1.000       1.000

 Residual Variances
    CHSC               0.992       0.022      0.000       0.922       1.000      *
    CHCC               0.999       0.002      0.000       0.992       1.000      *
    CASC               0.991       0.023      0.000       0.919       1.000      *
    CACC               0.998       0.006      0.000       0.978       1.000      *


STD Standardization

                                Posterior  One-Tailed         95% C.I.
                    Estimate       S.D.      P-Value   Lower 2.5%  Upper 2.5%  Significance
 CHSC       ON
    BDI               -0.016       0.023      0.245      -0.061       0.029

 CHCC       ON
    BDI                0.025       0.031      0.208      -0.036       0.087

 CASC       ON
    BDI                0.025       0.031      0.208      -0.036       0.087

 CACC       ON
    BDI               -0.016       0.023      0.245      -0.061       0.029

 CHSC     WITH
    CHCC              -1.216       1.405      0.173      -4.165       1.399
    CASC              -0.396       0.420      0.153      -1.296       0.377
    CACC               0.293       0.578      0.296      -0.814       1.483

 CHCC     WITH
    CASC              -4.330       2.073      0.008      -9.031      -0.816      *
    CACC             -13.442       3.366      0.000     -21.589      -8.364      *

 CASC     WITH
    CACC               0.201       0.815      0.396      -1.407       1.836

 Means
    BDI                7.083       0.866      0.000       5.385       8.792      *

 Intercepts
    CHSC               2.899       0.241      0.000       2.430       3.375      *
    CHCC               0.061       0.889      0.472      -1.692       1.806
    CASC               2.245       0.336      0.000       1.582       2.909      *
    CACC              -0.561       0.389      0.073      -1.339       0.198

 Variances
    BDI               46.695       8.971      0.000      33.364      68.349      *

 Residual Variances
    CHSC               2.085       0.420      0.000       1.469       3.106      *
    CHCC              48.189       9.595      0.000      33.896      71.435      *
    CASC               4.190       0.838      0.000       2.956       6.209      *
    CACC               8.133       1.617      0.000       5.732      11.995      *


R-SQUARE

                                Posterior  One-Tailed         95% C.I.
    Variable        Estimate       S.D.      P-Value   Lower 2.5%  Upper 2.5%

    CHSC               0.008       0.022      0.000       0.000       0.078
    CHCC               0.001       0.002      0.000       0.000       0.008
    CASC               0.009       0.023      0.000       0.000       0.081
    CACC               0.002       0.006      0.000       0.000       0.022


     Beginning Time:  13:20:38
        Ending Time:  13:20:40
       Elapsed Time:  00:00:02



MUTHEN & MUTHEN
3463 Stoner Ave.
Los Angeles, CA  90066

Tel: (310) 391-9971
Fax: (310) 391-8971
Web: www.StatModel.com
Support: Support@StatModel.com

Copyright (c) 1998-2018 Muthen & Muthen
