Mplus VERSION 8.2 (Mac)
MUTHEN & MUTHEN
01/24/2024   1:27 PM

INPUT INSTRUCTIONS

  TITLE:
  Testing
  DATA:
  FILE = "dis_sx_model_pos.dat";

  VARIABLE:
  NAMES = chsc chcc casc cacc dissx;
   MISSING=.;

  ANALYSIS:
  ESTIMATOR=BAYES; PROCESSORS = 2;BITERATIONS = (49000)
  MODEL:
  chsc ON dissx@0;
  chcc ON dissx;
  casc ON dissx@0;
  cacc ON dissx;
  chsc WITH chcc@0;
  chsc WITH casc@0;
  chsc WITH cacc@0;
  chcc WITH casc@0;
  chcc WITH cacc;
  casc WITH cacc@0;
  chsc WITH chsc;
  chcc WITH chcc;
  casc WITH casc;
  cacc WITH cacc;
  dissx WITH dissx;
  [chsc];
  [chcc];
  [casc];
  [cacc];
  [dissx];

  OUTPUT:
  STANDARDIZED;



INPUT READING TERMINATED NORMALLY




Testing

SUMMARY OF ANALYSIS

Number of groups                                                 1
Number of observations                                          68

Number of dependent variables                                    4
Number of independent variables                                  1
Number of continuous latent variables                            0

Observed dependent variables

  Continuous
   CHSC        CHCC        CASC        CACC

Observed independent variables
   DISSX


Estimator                                                    BAYES
Specifications for Bayesian Estimation
  Point estimate                                            MEDIAN
  Number of Markov chain Monte Carlo (MCMC) chains               2
  Random seed for the first chain                                0
  Starting value information                           UNPERTURBED
  Algorithm used for Markov chain Monte Carlo           GIBBS(PX1)
  Convergence criterion                                  0.500D-01
  Maximum number of iterations                               50000
  K-th iteration used for thinning                               1

Input data file(s)
  dis_sx_model_pos.dat
Input data format  FREE


SUMMARY OF DATA



COVARIANCE COVERAGE OF DATA

Minimum covariance coverage value   0.100

     Number of missing data patterns             2


     PROPORTION OF DATA PRESENT


           Covariance Coverage
              CHSC          CHCC          CASC          CACC          DISSX
              ________      ________      ________      ________      ________
 CHSC           1.000
 CHCC           1.000         1.000
 CASC           1.000         1.000         1.000
 CACC           1.000         1.000         1.000         1.000
 DISSX          0.941         0.941         0.941         0.941         0.941



UNIVARIATE SAMPLE STATISTICS


     UNIVARIATE HIGHER-ORDER MOMENT DESCRIPTIVE STATISTICS

         Variable/         Mean/     Skewness/   Minimum/ % with                Percentiles
        Sample Size      Variance    Kurtosis    Maximum  Min/Max      20%/60%    40%/80%    Median

     CHSC                  2.894       0.448       0.369    1.47%       1.783      2.328      2.761
              68.000       1.755      -0.631       5.634    1.47%       2.996      4.196
     CHCC                  1.257      -0.042     -29.421    1.47%      -2.841     -0.768      0.420
              68.000      61.282       4.132      28.205    1.47%       1.592      4.969
     CASC                  2.413       3.149       0.173    1.47%       1.349      1.820      1.905
              68.000       3.393      12.255      11.915    1.47%       2.145      3.150
     CACC                 -0.360      -0.284     -12.711    1.47%      -2.128     -1.135     -0.147
              68.000      11.603       3.090      11.197    1.47%       0.295      1.861
     DISSX                 1.719       1.452       0.000   42.19%       0.000      0.000      1.000
              64.000       4.546       1.732       9.000    1.56%       2.000      3.000


THE MODEL ESTIMATION TERMINATED NORMALLY

     USE THE FBITERATIONS OPTION TO INCREASE THE NUMBER OF ITERATIONS BY A FACTOR
     OF AT LEAST TWO TO CHECK CONVERGENCE AND THAT THE PSR VALUE DOES NOT INCREASE.



MODEL FIT INFORMATION

Number of Free Parameters                              13

Bayesian Posterior Predictive Checking using Chi-Square

          95% Confidence Interval for the Difference Between
          the Observed and the Replicated Chi-Square Values

                                -16.670            16.722

          Posterior Predictive P-Value              0.463

Information Criteria

          Deviance (DIC)                         1613.288
          Estimated Number of Parameters (pD)      12.305
          Bayesian (BIC)                         1642.958



MODEL RESULTS

                                Posterior  One-Tailed         95% C.I.
                    Estimate       S.D.      P-Value   Lower 2.5%  Upper 2.5%  Significance

 CHSC       ON
    DISSX              0.000       0.000      1.000       0.000       0.000

 CHCC       ON
    DISSX             -1.131       0.496      0.015      -2.063      -0.111      *

 CASC       ON
    DISSX              0.000       0.000      1.000       0.000       0.000

 CACC       ON
    DISSX              0.397       0.200      0.024       0.004       0.790      *

 CHSC     WITH
    CHCC               0.000       0.000      1.000       0.000       0.000
    CASC               0.000       0.000      1.000       0.000       0.000
    CACC               0.000       0.000      1.000       0.000       0.000

 CHCC     WITH
    CASC               0.000       0.000      1.000       0.000       0.000
    CACC             -13.966       4.135      0.000     -23.639      -7.478      *

 CASC     WITH
    CACC               0.000       0.000      1.000       0.000       0.000

 Means
    DISSX              1.749       0.279      0.000       1.206       2.299      *

 Intercepts
    CHSC               2.894       0.167      0.000       2.569       3.220      *
    CHCC               3.232       1.303      0.008       0.609       5.730      *
    CASC               2.411       0.232      0.000       1.959       2.866      *
    CACC              -1.053       0.551      0.028      -2.134       0.032

 Variances
    DISSX              4.881       0.950      0.000       3.474       7.144      *

 Residual Variances
    CHSC               1.857       0.345      0.000       1.341       2.683      *
    CHCC              61.303      12.021      0.000      43.325      90.386      *
    CASC               3.588       0.662      0.000       2.592       5.182      *
    CACC              12.066       2.290      0.000       8.639      17.568      *


STANDARDIZED MODEL RESULTS


STDYX Standardization

                                Posterior  One-Tailed         95% C.I.
                    Estimate       S.D.      P-Value   Lower 2.5%  Upper 2.5%  Significance
 CHSC       ON
    DISSX              0.000       0.000      1.000       0.000       0.000

 CHCC       ON
    DISSX             -0.303       0.128      0.015      -0.530      -0.029      *

 CASC       ON
    DISSX              0.000       0.000      1.000       0.000       0.000

 CACC       ON
    DISSX              0.245       0.117      0.024       0.002       0.461      *

 CHSC     WITH
    CHCC               0.000       0.000      1.000       0.000       0.000
    CASC               0.000       0.000      1.000       0.000       0.000
    CACC               0.000       0.000      1.000       0.000       0.000

 CHCC     WITH
    CASC               0.000       0.000      1.000       0.000       0.000
    CACC              -0.520       0.094      0.000      -0.679      -0.314      *

 CASC     WITH
    CACC               0.000       0.000      1.000       0.000       0.000

 Means
    DISSX              0.793       0.143      0.000       0.514       1.074      *

 Intercepts
    CHSC               2.125       0.224      0.000       1.696       2.570      *
    CHCC               0.391       0.151      0.008       0.073       0.667      *
    CASC               1.274       0.165      0.000       0.957       1.601      *
    CACC              -0.293       0.148      0.028      -0.569       0.010

 Variances
    DISSX              1.000       0.000      0.000       1.000       1.000

 Residual Variances
    CHSC               1.000       0.000      0.000       1.000       1.000
    CHCC               0.908       0.075      0.000       0.719       0.998      *
    CASC               1.000       0.000      0.000       1.000       1.000
    CACC               0.940       0.057      0.000       0.788       0.999      *


STDY Standardization

                                Posterior  One-Tailed         95% C.I.
                    Estimate       S.D.      P-Value   Lower 2.5%  Upper 2.5%  Significance
 CHSC       ON
    DISSX              0.000       0.000      1.000       0.000       0.000

 CHCC       ON
    DISSX             -0.303       0.128      0.015      -0.530      -0.029      *

 CASC       ON
    DISSX              0.000       0.000      1.000       0.000       0.000

 CACC       ON
    DISSX              0.245       0.117      0.024       0.002       0.461      *

 CHSC     WITH
    CHCC               0.000       0.000      1.000       0.000       0.000
    CASC               0.000       0.000      1.000       0.000       0.000
    CACC               0.000       0.000      1.000       0.000       0.000

 CHCC     WITH
    CASC               0.000       0.000      1.000       0.000       0.000
    CACC              -0.520       0.094      0.000      -0.679      -0.314      *

 CASC     WITH
    CACC               0.000       0.000      1.000       0.000       0.000

 Means
    DISSX              0.793       0.143      0.000       0.514       1.074      *

 Intercepts
    CHSC               2.125       0.224      0.000       1.696       2.570      *
    CHCC               0.391       0.151      0.008       0.073       0.667      *
    CASC               1.274       0.165      0.000       0.957       1.601      *
    CACC              -0.293       0.148      0.028      -0.569       0.010

 Variances
    DISSX              1.000       0.000      0.000       1.000       1.000

 Residual Variances
    CHSC               1.000       0.000      0.000       1.000       1.000
    CHCC               0.908       0.075      0.000       0.719       0.998      *
    CASC               1.000       0.000      0.000       1.000       1.000
    CACC               0.940       0.057      0.000       0.788       0.999      *


STD Standardization

                                Posterior  One-Tailed         95% C.I.
                    Estimate       S.D.      P-Value   Lower 2.5%  Upper 2.5%  Significance
 CHSC       ON
    DISSX              0.000       0.000      1.000       0.000       0.000

 CHCC       ON
    DISSX             -1.131       0.496      0.015      -2.063      -0.111      *

 CASC       ON
    DISSX              0.000       0.000      1.000       0.000       0.000

 CACC       ON
    DISSX              0.397       0.200      0.024       0.004       0.790      *

 CHSC     WITH
    CHCC               0.000       0.000      1.000       0.000       0.000
    CASC               0.000       0.000      1.000       0.000       0.000
    CACC               0.000       0.000      1.000       0.000       0.000

 CHCC     WITH
    CASC               0.000       0.000      1.000       0.000       0.000
    CACC             -13.966       4.135      0.000     -23.639      -7.478      *

 CASC     WITH
    CACC               0.000       0.000      1.000       0.000       0.000

 Means
    DISSX              1.749       0.279      0.000       1.206       2.299      *

 Intercepts
    CHSC               2.894       0.167      0.000       2.569       3.220      *
    CHCC               3.232       1.303      0.008       0.609       5.730      *
    CASC               2.411       0.232      0.000       1.959       2.866      *
    CACC              -1.053       0.551      0.028      -2.134       0.032

 Variances
    DISSX              4.881       0.950      0.000       3.474       7.144      *

 Residual Variances
    CHSC               1.857       0.345      0.000       1.341       2.683      *
    CHCC              61.303      12.021      0.000      43.325      90.386      *
    CASC               3.588       0.662      0.000       2.592       5.182      *
    CACC              12.066       2.290      0.000       8.639      17.568      *


R-SQUARE

                                Posterior  One-Tailed         95% C.I.
    Variable        Estimate       S.D.      P-Value   Lower 2.5%  Upper 2.5%

    CHSC               0.000       0.000      1.000       0.000       0.000
    CHCC               0.092       0.075      0.000       0.002       0.281
    CASC               0.000       0.000      1.000       0.000       0.000
    CACC               0.060       0.057      0.000       0.001       0.212


     Beginning Time:  13:27:30
        Ending Time:  13:27:32
       Elapsed Time:  00:00:02



MUTHEN & MUTHEN
3463 Stoner Ave.
Los Angeles, CA  90066

Tel: (310) 391-9971
Fax: (310) 391-8971
Web: www.StatModel.com
Support: Support@StatModel.com

Copyright (c) 1998-2018 Muthen & Muthen
