Mplus VERSION 8.2 (Mac)
MUTHEN & MUTHEN
01/24/2024   2:07 PM

INPUT INSTRUCTIONS

  TITLE:
  Testing
  DATA:
  FILE = "dis_sx_model_neu.dat";

  VARIABLE:
  NAMES = chsc chcc casc cacc dissx;
   MISSING=.;

  ANALYSIS:
  ESTIMATOR=BAYES; PROCESSORS = 2;BITERATIONS = (49000)
  MODEL:
  chsc ON dissx@0;
  chcc ON dissx;
  casc ON dissx* (a);
  cacc ON dissx* (a);
  chsc WITH chcc;
  chsc WITH casc;
  chsc WITH cacc;
  chcc WITH casc;
  chcc WITH cacc;
  casc WITH cacc;
  chsc WITH chsc;
  chcc WITH chcc;
  casc WITH casc;
  cacc WITH cacc;
  dissx WITH dissx;
  [chsc];
  [chcc];
  [casc];
  [cacc];
  [dissx];

  OUTPUT:
  STANDARDIZED;



INPUT READING TERMINATED NORMALLY




Testing

SUMMARY OF ANALYSIS

Number of groups                                                 1
Number of observations                                          66

Number of dependent variables                                    4
Number of independent variables                                  1
Number of continuous latent variables                            0

Observed dependent variables

  Continuous
   CHSC        CHCC        CASC        CACC

Observed independent variables
   DISSX


Estimator                                                    BAYES
Specifications for Bayesian Estimation
  Point estimate                                            MEDIAN
  Number of Markov chain Monte Carlo (MCMC) chains               2
  Random seed for the first chain                                0
  Starting value information                           UNPERTURBED
  Algorithm used for Markov chain Monte Carlo           GIBBS(PX1)
  Convergence criterion                                  0.500D-01
  Maximum number of iterations                               50000
  K-th iteration used for thinning                               1

Input data file(s)
  dis_sx_model_neu.dat
Input data format  FREE


SUMMARY OF DATA



COVARIANCE COVERAGE OF DATA

Minimum covariance coverage value   0.100

     Number of missing data patterns             2


     PROPORTION OF DATA PRESENT


           Covariance Coverage
              CHSC          CHCC          CASC          CACC          DISSX
              ________      ________      ________      ________      ________
 CHSC           1.000
 CHCC           1.000         1.000
 CASC           1.000         1.000         1.000
 CACC           1.000         1.000         1.000         1.000
 DISSX          0.955         0.955         0.955         0.955         0.955



UNIVARIATE SAMPLE STATISTICS


     UNIVARIATE HIGHER-ORDER MOMENT DESCRIPTIVE STATISTICS

         Variable/         Mean/     Skewness/   Minimum/ % with                Percentiles
        Sample Size      Variance    Kurtosis    Maximum  Min/Max      20%/60%    40%/80%    Median

     CHSC                  2.895       0.274       0.447    1.52%       1.734      2.413      2.774
              66.000       1.467      -0.805       5.513    1.52%       3.088      4.142
     CHCC                 -0.328      -0.633     -22.430    1.52%      -5.060     -1.160      0.313
              66.000      40.832       1.276      13.391    1.52%       0.944      4.127
     CASC                  2.413       1.908       0.404    1.52%       1.260      1.913      2.146
              66.000       1.925       5.751       8.754    1.52%       2.491      3.181
     CACC                 -0.418       0.573      -9.135    1.52%      -2.708     -0.544     -0.211
              66.000      14.653       4.300      15.933    1.52%       0.437      1.111
     DISSX                 1.667       1.529       0.000   42.86%       0.000      0.000      1.000
              63.000       4.571       1.896       9.000    1.59%       1.000      3.000


THE MODEL ESTIMATION TERMINATED NORMALLY

     USE THE FBITERATIONS OPTION TO INCREASE THE NUMBER OF ITERATIONS BY A FACTOR
     OF AT LEAST TWO TO CHECK CONVERGENCE AND THAT THE PSR VALUE DOES NOT INCREASE.



MODEL FIT INFORMATION

Number of Free Parameters                              18

Bayesian Posterior Predictive Checking using Chi-Square

          95% Confidence Interval for the Difference Between
          the Observed and the Replicated Chi-Square Values

                                -17.138            20.820

          Posterior Predictive P-Value              0.434

Information Criteria

          Deviance (DIC)                         1488.997
          Estimated Number of Parameters (pD)      16.174
          Bayesian (BIC)                         1530.999



MODEL RESULTS

                                Posterior  One-Tailed         95% C.I.
                    Estimate       S.D.      P-Value   Lower 2.5%  Upper 2.5%  Significance

 CHSC       ON
    DISSX              0.000       0.000      1.000       0.000       0.000

 CHCC       ON
    DISSX             -0.506       0.353      0.080      -1.175       0.202

 CASC       ON
    DISSX              0.131       0.072      0.035      -0.010       0.273

 CACC       ON
    DISSX              0.131       0.072      0.035      -0.010       0.273

 CHSC     WITH
    CHCC              -3.203       1.326      0.002      -6.266      -1.000      *
    CASC               0.395       0.283      0.061      -0.107       1.009
    CACC               2.574       0.833      0.000       1.249       4.536      *

 CHCC     WITH
    CASC               0.074       1.439      0.478      -2.794       2.951
    CACC             -17.224       4.603      0.000     -28.137     -10.196      *

 CASC     WITH
    CACC              -0.506       0.872      0.266      -2.308       1.154

 Means
    DISSX              1.682       0.282      0.000       1.137       2.243      *

 Intercepts
    CHSC               2.894       0.163      0.000       2.572       3.216      *
    CHCC               0.521       1.035      0.306      -1.531       2.528
    CASC               2.194       0.224      0.000       1.749       2.628      *
    CACC              -0.635       0.523      0.109      -1.675       0.377

 Variances
    DISSX              4.862       0.947      0.000       3.478       7.148      *

 Residual Variances
    CHSC               1.717       0.344      0.000       1.218       2.556      *
    CHCC              45.747       9.253      0.000      31.984      68.060      *
    CASC               2.257       0.454      0.000       1.595       3.353      *
    CACC              16.813       3.355      0.000      11.851      24.854      *


STANDARDIZED MODEL RESULTS


STDYX Standardization

                                Posterior  One-Tailed         95% C.I.
                    Estimate       S.D.      P-Value   Lower 2.5%  Upper 2.5%  Significance
 CHSC       ON
    DISSX              0.000       0.000      1.000       0.000       0.000

 CHCC       ON
    DISSX             -0.162       0.114      0.080      -0.380       0.064

 CASC       ON
    DISSX              0.188       0.100      0.035      -0.015       0.379

 CACC       ON
    DISSX              0.070       0.040      0.035      -0.005       0.153

 CHSC     WITH
    CHCC              -0.366       0.115      0.002      -0.570      -0.121      *
    CASC               0.205       0.127      0.061      -0.055       0.440
    CACC               0.485       0.102      0.000       0.262       0.659      *

 CHCC     WITH
    CASC               0.007       0.133      0.478      -0.253       0.267
    CACC              -0.627       0.082      0.000      -0.761      -0.443      *

 CASC     WITH
    CACC              -0.084       0.132      0.266      -0.336       0.178

 Means
    DISSX              0.764       0.144      0.000       0.486       1.047      *

 Intercepts
    CHSC               2.208       0.242      0.000       1.741       2.685      *
    CHCC               0.076       0.148      0.306      -0.218       0.361
    CASC               1.427       0.212      0.000       1.021       1.849      *
    CACC              -0.155       0.127      0.109      -0.407       0.090

 Variances
    DISSX              1.000       0.000      0.000       1.000       1.000

 Residual Variances
    CHSC               1.000       0.000      0.000       1.000       1.000
    CHCC               0.974       0.040      0.000       0.855       1.000      *
    CASC               0.965       0.039      0.000       0.856       1.000      *
    CACC               0.995       0.006      0.000       0.977       1.000      *


STDY Standardization

                                Posterior  One-Tailed         95% C.I.
                    Estimate       S.D.      P-Value   Lower 2.5%  Upper 2.5%  Significance
 CHSC       ON
    DISSX              0.000       0.000      1.000       0.000       0.000

 CHCC       ON
    DISSX             -0.162       0.114      0.080      -0.380       0.064

 CASC       ON
    DISSX              0.188       0.100      0.035      -0.015       0.379

 CACC       ON
    DISSX              0.070       0.040      0.035      -0.005       0.153

 CHSC     WITH
    CHCC              -0.366       0.115      0.002      -0.570      -0.121      *
    CASC               0.205       0.127      0.061      -0.055       0.440
    CACC               0.485       0.102      0.000       0.262       0.659      *

 CHCC     WITH
    CASC               0.007       0.133      0.478      -0.253       0.267
    CACC              -0.627       0.082      0.000      -0.761      -0.443      *

 CASC     WITH
    CACC              -0.084       0.132      0.266      -0.336       0.178

 Means
    DISSX              0.764       0.144      0.000       0.486       1.047      *

 Intercepts
    CHSC               2.208       0.242      0.000       1.741       2.685      *
    CHCC               0.076       0.148      0.306      -0.218       0.361
    CASC               1.427       0.212      0.000       1.021       1.849      *
    CACC              -0.155       0.127      0.109      -0.407       0.090

 Variances
    DISSX              1.000       0.000      0.000       1.000       1.000

 Residual Variances
    CHSC               1.000       0.000      0.000       1.000       1.000
    CHCC               0.974       0.040      0.000       0.855       1.000      *
    CASC               0.965       0.039      0.000       0.856       1.000      *
    CACC               0.995       0.006      0.000       0.977       1.000      *


STD Standardization

                                Posterior  One-Tailed         95% C.I.
                    Estimate       S.D.      P-Value   Lower 2.5%  Upper 2.5%  Significance
 CHSC       ON
    DISSX              0.000       0.000      1.000       0.000       0.000

 CHCC       ON
    DISSX             -0.506       0.353      0.080      -1.175       0.202

 CASC       ON
    DISSX              0.131       0.072      0.035      -0.010       0.273

 CACC       ON
    DISSX              0.131       0.072      0.035      -0.010       0.273

 CHSC     WITH
    CHCC              -3.203       1.326      0.002      -6.266      -1.000      *
    CASC               0.395       0.283      0.061      -0.107       1.009
    CACC               2.574       0.833      0.000       1.249       4.536      *

 CHCC     WITH
    CASC               0.074       1.439      0.478      -2.794       2.951
    CACC             -17.224       4.603      0.000     -28.137     -10.196      *

 CASC     WITH
    CACC              -0.506       0.872      0.266      -2.308       1.154

 Means
    DISSX              1.682       0.282      0.000       1.137       2.243      *

 Intercepts
    CHSC               2.894       0.163      0.000       2.572       3.216      *
    CHCC               0.521       1.035      0.306      -1.531       2.528
    CASC               2.194       0.224      0.000       1.749       2.628      *
    CACC              -0.635       0.523      0.109      -1.675       0.377

 Variances
    DISSX              4.862       0.947      0.000       3.478       7.148      *

 Residual Variances
    CHSC               1.717       0.344      0.000       1.218       2.556      *
    CHCC              45.747       9.253      0.000      31.984      68.060      *
    CASC               2.257       0.454      0.000       1.595       3.353      *
    CACC              16.813       3.355      0.000      11.851      24.854      *


R-SQUARE

                                Posterior  One-Tailed         95% C.I.
    Variable        Estimate       S.D.      P-Value   Lower 2.5%  Upper 2.5%

    CHSC               0.000       0.000      1.000       0.000       0.000
    CHCC               0.026       0.040      0.000       0.000       0.145
    CASC               0.035       0.039      0.000       0.000       0.144
    CACC               0.005       0.006      0.000       0.000       0.023


     Beginning Time:  14:07:31
        Ending Time:  14:07:32
       Elapsed Time:  00:00:01



MUTHEN & MUTHEN
3463 Stoner Ave.
Los Angeles, CA  90066

Tel: (310) 391-9971
Fax: (310) 391-8971
Web: www.StatModel.com
Support: Support@StatModel.com

Copyright (c) 1998-2018 Muthen & Muthen
