Mplus VERSION 8.2 (Mac)
MUTHEN & MUTHEN
08/28/2024  11:25 AM

INPUT INSTRUCTIONS

  TITLE:
  Testing
  DATA:
  FILE = "dis_sx_model_w_age_pos.dat";

  VARIABLE:
  NAMES = chsc chcc casc cacc dissx chage;
   MISSING=.;

  ANALYSIS:
  ESTIMATOR=BAYES; PROCESSORS = 2;BITERATIONS = (49000)
  MODEL:
  chsc ON dissx@0;
  chsc ON chage;
  chcc ON dissx;
  chcc ON chage;
  casc ON dissx@0;
  casc ON chage;
  cacc ON dissx;
  cacc ON chage;
  chsc WITH chcc@0;
  chsc WITH casc@0;
  chsc WITH cacc@0;
  chcc WITH casc@0;
  chcc WITH cacc;
  casc WITH cacc@0;
  chsc WITH chsc;
  chcc WITH chcc;
  casc WITH casc;
  cacc WITH cacc;
  dissx WITH dissx;
  dissx WITH chage;
  chage WITH chage;
  [chsc];
  [chcc];
  [casc];
  [cacc];
  [dissx];
  [chage];

  OUTPUT:
  STANDARDIZED;



INPUT READING TERMINATED NORMALLY




Testing

SUMMARY OF ANALYSIS

Number of groups                                                 1
Number of observations                                          68

Number of dependent variables                                    4
Number of independent variables                                  2
Number of continuous latent variables                            0

Observed dependent variables

  Continuous
   CHSC        CHCC        CASC        CACC

Observed independent variables
   DISSX       CHAGE


Estimator                                                    BAYES
Specifications for Bayesian Estimation
  Point estimate                                            MEDIAN
  Number of Markov chain Monte Carlo (MCMC) chains               2
  Random seed for the first chain                                0
  Starting value information                           UNPERTURBED
  Algorithm used for Markov chain Monte Carlo           GIBBS(PX1)
  Convergence criterion                                  0.500D-01
  Maximum number of iterations                               50000
  K-th iteration used for thinning                               1

Input data file(s)
  dis_sx_model_w_age_pos.dat
Input data format  FREE


SUMMARY OF DATA



COVARIANCE COVERAGE OF DATA

Minimum covariance coverage value   0.100

     Number of missing data patterns             2


     PROPORTION OF DATA PRESENT


           Covariance Coverage
              CHSC          CHCC          CASC          CACC          DISSX
              ________      ________      ________      ________      ________
 CHSC           1.000
 CHCC           1.000         1.000
 CASC           1.000         1.000         1.000
 CACC           1.000         1.000         1.000         1.000
 DISSX          0.941         0.941         0.941         0.941         0.941
 CHAGE          1.000         1.000         1.000         1.000         0.941


           Covariance Coverage
              CHAGE
              ________
 CHAGE          1.000



UNIVARIATE SAMPLE STATISTICS


     UNIVARIATE HIGHER-ORDER MOMENT DESCRIPTIVE STATISTICS

         Variable/         Mean/     Skewness/   Minimum/ % with                Percentiles
        Sample Size      Variance    Kurtosis    Maximum  Min/Max      20%/60%    40%/80%    Median

     CHSC                  2.894       0.448       0.369    1.47%       1.783      2.328      2.761
              68.000       1.755      -0.631       5.634    1.47%       2.996      4.196
     CHCC                  1.257      -0.042     -29.421    1.47%      -2.841     -0.768      0.420
              68.000      61.282       4.132      28.205    1.47%       1.592      4.969
     CASC                  2.413       3.149       0.173    1.47%       1.349      1.820      1.905
              68.000       3.393      12.255      11.915    1.47%       2.145      3.150
     CACC                 -0.360      -0.284     -12.711    1.47%      -2.128     -1.135     -0.147
              68.000      11.603       3.090      11.197    1.47%       0.295      1.861
     DISSX                 1.719       1.452       0.000   42.19%       0.000      0.000      1.000
              64.000       4.546       1.732       9.000    1.56%       2.000      3.000
     CHAGE                18.926       0.020      12.000    2.94%      15.000     18.000     19.000
              68.000      15.186      -0.766      28.000    1.47%      20.000     22.000


THE MODEL ESTIMATION TERMINATED NORMALLY

     USE THE FBITERATIONS OPTION TO INCREASE THE NUMBER OF ITERATIONS BY A FACTOR
     OF AT LEAST TWO TO CHECK CONVERGENCE AND THAT THE PSR VALUE DOES NOT INCREASE.



MODEL FIT INFORMATION

Number of Free Parameters                              20

Bayesian Posterior Predictive Checking using Chi-Square

          95% Confidence Interval for the Difference Between
          the Observed and the Replicated Chi-Square Values

                                -22.618            18.111

          Posterior Predictive P-Value              0.572

Information Criteria

          Deviance (DIC)                         1979.753
          Estimated Number of Parameters (pD)      19.051
          Bayesian (BIC)                         2025.210



MODEL RESULTS

                                Posterior  One-Tailed         95% C.I.
                    Estimate       S.D.      P-Value   Lower 2.5%  Upper 2.5%  Significance

 CHSC       ON
    DISSX              0.000       0.000      1.000       0.000       0.000
    CHAGE             -0.057       0.043      0.089      -0.142       0.026

 CHCC       ON
    DISSX             -1.186       0.565      0.022      -2.255      -0.029      *
    CHAGE              0.008       0.288      0.488      -0.571       0.563

 CASC       ON
    DISSX              0.000       0.000      1.000       0.000       0.000
    CHAGE              0.140       0.057      0.008       0.028       0.252      *

 CACC       ON
    DISSX              0.313       0.224      0.081      -0.128       0.754
    CHAGE              0.107       0.124      0.192      -0.133       0.353

 CHSC     WITH
    CHCC               0.000       0.000      1.000       0.000       0.000
    CASC               0.000       0.000      1.000       0.000       0.000
    CACC               0.000       0.000      1.000       0.000       0.000

 CHCC     WITH
    CASC               0.000       0.000      1.000       0.000       0.000
    CACC             -14.078       4.159      0.000     -23.812      -7.491      *

 CASC     WITH
    CACC               0.000       0.000      1.000       0.000       0.000

 DISSX    WITH
    CHAGE              4.237       1.342      0.000       2.077       7.351      *

 Means
    DISSX              1.749       0.282      0.000       1.196       2.310      *
    CHAGE             18.923       0.499      0.000      17.951      19.907      *

 Intercepts
    CHSC               3.980       0.822      0.000       2.374       5.603      *
    CHCC               3.209       5.112      0.263      -6.692      13.403
    CASC              -0.230       1.108      0.416      -2.427       1.918
    CACC              -2.942       2.224      0.090      -7.356       1.372

 Variances
    DISSX              5.020       0.983      0.000       3.561       7.391      *
    CHAGE             16.560       3.128      0.000      11.879      24.001      *

 Residual Variances
    CHSC               1.832       0.339      0.000       1.321       2.637      *
    CHCC              61.761      12.120      0.000      43.729      90.926      *
    CASC               3.327       0.618      0.000       2.402       4.812      *
    CACC              12.069       2.301      0.000       8.606      17.560      *


STANDARDIZED MODEL RESULTS


STDYX Standardization

                                Posterior  One-Tailed         95% C.I.
                    Estimate       S.D.      P-Value   Lower 2.5%  Upper 2.5%  Significance
 CHSC       ON
    DISSX              0.000       0.000      1.000       0.000       0.000
    CHAGE             -0.170       0.122      0.089      -0.398       0.076

 CHCC       ON
    DISSX             -0.318       0.146      0.022      -0.577      -0.008      *
    CHAGE              0.004       0.138      0.488      -0.271       0.267

 CASC       ON
    DISSX              0.000       0.000      1.000       0.000       0.000
    CHAGE              0.297       0.114      0.008       0.061       0.505      *

 CACC       ON
    DISSX              0.193       0.133      0.081      -0.078       0.441
    CHAGE              0.120       0.135      0.192      -0.146       0.378

 CHSC     WITH
    CHCC               0.000       0.000      1.000       0.000       0.000
    CASC               0.000       0.000      1.000       0.000       0.000
    CACC               0.000       0.000      1.000       0.000       0.000

 CHCC     WITH
    CASC               0.000       0.000      1.000       0.000       0.000
    CACC              -0.522       0.094      0.000      -0.682      -0.313      *

 CASC     WITH
    CACC               0.000       0.000      1.000       0.000       0.000

 DISSX    WITH
    CHAGE              0.470       0.099      0.000       0.254       0.641      *

 Means
    DISSX              0.780       0.143      0.000       0.500       1.061      *
    CHAGE              4.650       0.434      0.000       3.822       5.524      *

 Intercepts
    CHSC               2.896       0.579      0.000       1.668       3.918      *
    CHCC               0.383       0.592      0.263      -0.773       1.528
    CASC              -0.120       0.561      0.416      -1.142       1.034
    CACC              -0.808       0.585      0.090      -1.904       0.377

 Variances
    DISSX              1.000       0.000      0.000       1.000       1.000
    CHAGE              1.000       0.000      0.000       1.000       1.000

 Residual Variances
    CHSC               0.971       0.044      0.000       0.841       1.000      *
    CHCC               0.885       0.078      0.000       0.696       0.988      *
    CASC               0.912       0.067      0.000       0.745       0.996      *
    CACC               0.911       0.064      0.000       0.752       0.992      *


STDY Standardization

                                Posterior  One-Tailed         95% C.I.
                    Estimate       S.D.      P-Value   Lower 2.5%  Upper 2.5%  Significance
 CHSC       ON
    DISSX              0.000       0.000      1.000       0.000       0.000
    CHAGE             -0.170       0.122      0.089      -0.398       0.076

 CHCC       ON
    DISSX             -0.318       0.146      0.022      -0.577      -0.008      *
    CHAGE              0.004       0.138      0.488      -0.271       0.267

 CASC       ON
    DISSX              0.000       0.000      1.000       0.000       0.000
    CHAGE              0.297       0.114      0.008       0.061       0.505      *

 CACC       ON
    DISSX              0.193       0.133      0.081      -0.078       0.441
    CHAGE              0.120       0.135      0.192      -0.146       0.378

 CHSC     WITH
    CHCC               0.000       0.000      1.000       0.000       0.000
    CASC               0.000       0.000      1.000       0.000       0.000
    CACC               0.000       0.000      1.000       0.000       0.000

 CHCC     WITH
    CASC               0.000       0.000      1.000       0.000       0.000
    CACC              -0.522       0.094      0.000      -0.682      -0.313      *

 CASC     WITH
    CACC               0.000       0.000      1.000       0.000       0.000

 DISSX    WITH
    CHAGE              0.470       0.099      0.000       0.254       0.641      *

 Means
    DISSX              0.780       0.143      0.000       0.500       1.061      *
    CHAGE              4.650       0.434      0.000       3.822       5.524      *

 Intercepts
    CHSC               2.896       0.579      0.000       1.668       3.918      *
    CHCC               0.383       0.592      0.263      -0.773       1.528
    CASC              -0.120       0.561      0.416      -1.142       1.034
    CACC              -0.808       0.585      0.090      -1.904       0.377

 Variances
    DISSX              1.000       0.000      0.000       1.000       1.000
    CHAGE              1.000       0.000      0.000       1.000       1.000

 Residual Variances
    CHSC               0.971       0.044      0.000       0.841       1.000      *
    CHCC               0.885       0.078      0.000       0.696       0.988      *
    CASC               0.912       0.067      0.000       0.745       0.996      *
    CACC               0.911       0.064      0.000       0.752       0.992      *


STD Standardization

                                Posterior  One-Tailed         95% C.I.
                    Estimate       S.D.      P-Value   Lower 2.5%  Upper 2.5%  Significance
 CHSC       ON
    DISSX              0.000       0.000      1.000       0.000       0.000
    CHAGE             -0.057       0.043      0.089      -0.142       0.026

 CHCC       ON
    DISSX             -1.186       0.565      0.022      -2.255      -0.029      *
    CHAGE              0.008       0.288      0.488      -0.571       0.563

 CASC       ON
    DISSX              0.000       0.000      1.000       0.000       0.000
    CHAGE              0.140       0.057      0.008       0.028       0.252      *

 CACC       ON
    DISSX              0.313       0.224      0.081      -0.128       0.754
    CHAGE              0.107       0.124      0.192      -0.133       0.353

 CHSC     WITH
    CHCC               0.000       0.000      1.000       0.000       0.000
    CASC               0.000       0.000      1.000       0.000       0.000
    CACC               0.000       0.000      1.000       0.000       0.000

 CHCC     WITH
    CASC               0.000       0.000      1.000       0.000       0.000
    CACC             -14.078       4.159      0.000     -23.812      -7.491      *

 CASC     WITH
    CACC               0.000       0.000      1.000       0.000       0.000

 DISSX    WITH
    CHAGE              4.237       1.342      0.000       2.077       7.351      *

 Means
    DISSX              1.749       0.282      0.000       1.196       2.310      *
    CHAGE             18.923       0.499      0.000      17.951      19.907      *

 Intercepts
    CHSC               3.980       0.822      0.000       2.374       5.603      *
    CHCC               3.209       5.112      0.263      -6.692      13.403
    CASC              -0.230       1.108      0.416      -2.427       1.918
    CACC              -2.942       2.224      0.090      -7.356       1.372

 Variances
    DISSX              5.020       0.983      0.000       3.561       7.391      *
    CHAGE             16.560       3.128      0.000      11.879      24.001      *

 Residual Variances
    CHSC               1.832       0.339      0.000       1.321       2.637      *
    CHCC              61.761      12.120      0.000      43.729      90.926      *
    CASC               3.327       0.618      0.000       2.402       4.812      *
    CACC              12.069       2.301      0.000       8.606      17.560      *


R-SQUARE

                                Posterior  One-Tailed         95% C.I.
    Variable        Estimate       S.D.      P-Value   Lower 2.5%  Upper 2.5%

    CHSC               0.029       0.044      0.000       0.000       0.159
    CHCC               0.115       0.078      0.000       0.012       0.304
    CASC               0.088       0.067      0.000       0.004       0.255
    CACC               0.089       0.064      0.000       0.008       0.248


     Beginning Time:  11:25:34
        Ending Time:  11:25:37
       Elapsed Time:  00:00:03



MUTHEN & MUTHEN
3463 Stoner Ave.
Los Angeles, CA  90066

Tel: (310) 391-9971
Fax: (310) 391-8971
Web: www.StatModel.com
Support: Support@StatModel.com

Copyright (c) 1998-2018 Muthen & Muthen
