Mplus VERSION 8.2 (Mac)
MUTHEN & MUTHEN
08/28/2024   1:16 PM

INPUT INSTRUCTIONS

  TITLE:
  Testing
  DATA:
  FILE = "neg_sx_model_w_age_neg.dat";

  VARIABLE:
  NAMES = chsc chcc casc cacc negsx chage;
   MISSING=.;

  ANALYSIS:
  ESTIMATOR=BAYES; PROCESSORS = 2;BITERATIONS = (49000)
  MODEL:
  chsc ON negsx;
  chsc ON chage;
  chcc ON negsx;
  chcc ON chage;
  casc ON negsx;
  casc ON chage;
  cacc ON negsx;
  cacc ON chage;
  chsc WITH chcc;
  chsc WITH casc;
  chsc WITH cacc;
  chcc WITH casc;
  chcc WITH cacc;
  casc WITH cacc;
  chsc WITH chsc;
  chcc WITH chcc;
  casc WITH casc;
  cacc WITH cacc;
  negsx WITH negsx;
  negsx WITH chage;
  chage WITH chage;
  [chsc];
  [chcc];
  [casc];
  [cacc];
  [negsx];
  [chage];

  OUTPUT:
  STANDARDIZED;



INPUT READING TERMINATED NORMALLY




Testing

SUMMARY OF ANALYSIS

Number of groups                                                 1
Number of observations                                          66

Number of dependent variables                                    4
Number of independent variables                                  2
Number of continuous latent variables                            0

Observed dependent variables

  Continuous
   CHSC        CHCC        CASC        CACC

Observed independent variables
   NEGSX       CHAGE


Estimator                                                    BAYES
Specifications for Bayesian Estimation
  Point estimate                                            MEDIAN
  Number of Markov chain Monte Carlo (MCMC) chains               2
  Random seed for the first chain                                0
  Starting value information                           UNPERTURBED
  Algorithm used for Markov chain Monte Carlo           GIBBS(PX1)
  Convergence criterion                                  0.500D-01
  Maximum number of iterations                               50000
  K-th iteration used for thinning                               1

Input data file(s)
  neg_sx_model_w_age_neg.dat
Input data format  FREE


SUMMARY OF DATA



COVARIANCE COVERAGE OF DATA

Minimum covariance coverage value   0.100

     Number of missing data patterns             2


     PROPORTION OF DATA PRESENT


           Covariance Coverage
              CHSC          CHCC          CASC          CACC          NEGSX
              ________      ________      ________      ________      ________
 CHSC           1.000
 CHCC           1.000         1.000
 CASC           1.000         1.000         1.000
 CACC           1.000         1.000         1.000         1.000
 NEGSX          0.955         0.955         0.955         0.955         0.955
 CHAGE          1.000         1.000         1.000         1.000         0.955


           Covariance Coverage
              CHAGE
              ________
 CHAGE          1.000



UNIVARIATE SAMPLE STATISTICS


     UNIVARIATE HIGHER-ORDER MOMENT DESCRIPTIVE STATISTICS

         Variable/         Mean/     Skewness/   Minimum/ % with                Percentiles
        Sample Size      Variance    Kurtosis    Maximum  Min/Max      20%/60%    40%/80%    Median

     CHSC                  2.789       0.912       0.884    1.52%       1.550      2.236      2.478
              66.000       1.759       0.087       6.266    1.52%       2.723      3.726
     CHCC                  0.236      -1.642     -29.952    1.52%      -2.994     -0.412      0.428
              66.000      41.162       6.549      14.882    1.52%       0.926      4.943
     CASC                  2.423       2.400      -0.698    1.52%       1.176      1.758      2.059
              66.000       3.578       7.017      10.998    1.52%       2.213      2.720
     CACC                 -0.675      -0.840     -10.489    1.52%      -3.207     -1.126     -0.251
              66.000       6.952       1.631       4.504    1.52%       0.315      1.045
     NEGSX                 3.460       1.435       0.000   33.33%       0.000      1.000      2.000
              63.000      17.296       1.676      18.000    1.59%       3.000      7.000
     CHAGE                18.788       0.078      12.000    3.03%      14.000     17.000     19.000
              66.000      15.622      -0.804      28.000    1.52%      20.000     22.000


THE MODEL ESTIMATION TERMINATED NORMALLY

     USE THE FBITERATIONS OPTION TO INCREASE THE NUMBER OF ITERATIONS BY A FACTOR
     OF AT LEAST TWO TO CHECK CONVERGENCE AND THAT THE PSR VALUE DOES NOT INCREASE.



MODEL FIT INFORMATION

Number of Free Parameters                              27

Bayesian Posterior Predictive Checking using Chi-Square

          95% Confidence Interval for the Difference Between
          the Observed and the Replicated Chi-Square Values

                                -18.379            26.141

          Posterior Predictive P-Value              0.376

Information Criteria

          Deviance (DIC)                         1953.238
          Estimated Number of Parameters (pD)      24.719
          Bayesian (BIC)                         2015.573



MODEL RESULTS

                                Posterior  One-Tailed         95% C.I.
                    Estimate       S.D.      P-Value   Lower 2.5%  Upper 2.5%  Significance

 CHSC       ON
    NEGSX              0.017       0.046      0.358      -0.075       0.108
    CHAGE             -0.069       0.049      0.079      -0.165       0.027

 CHCC       ON
    NEGSX             -0.184       0.225      0.200      -0.626       0.258
    CHAGE             -0.163       0.237      0.241      -0.630       0.300

 CASC       ON
    NEGSX             -0.016       0.066      0.402      -0.146       0.112
    CHAGE              0.125       0.069      0.035      -0.011       0.260

 CACC       ON
    NEGSX              0.062       0.093      0.247      -0.119       0.247
    CHAGE              0.048       0.098      0.308      -0.143       0.240

 CHSC     WITH
    CHCC              -1.478       1.440      0.129      -4.565       1.156
    CASC              -0.266       0.414      0.246      -1.115       0.530
    CACC               0.362       0.590      0.257      -0.757       1.585

 CHCC     WITH
    CASC              -4.063       2.086      0.012      -8.744      -0.514      *
    CACC             -13.465       3.459      0.000     -21.770      -8.237      *

 CASC     WITH
    CACC               0.028       0.828      0.486      -1.624       1.686

 NEGSX    WITH
    CHAGE              6.636       2.631      0.001       2.256      12.606      *

 Means
    NEGSX              3.517       0.554      0.000       2.430       4.608      *
    CHAGE             18.792       0.513      0.000      17.780      19.796      *

 Intercepts
    CHSC               4.021       0.886      0.000       2.284       5.767      *
    CHCC               3.955       4.305      0.176      -4.509      12.397
    CASC               0.139       1.251      0.456      -2.330       2.592
    CACC              -1.798       1.782      0.152      -5.308       1.676

 Variances
    NEGSX             18.992       3.731      0.000      13.431      27.902      *
    CHAGE             17.100       3.276      0.000      12.174      24.979      *

 Residual Variances
    CHSC               2.054       0.417      0.000       1.442       3.062      *
    CHCC              48.327       9.808      0.000      33.878      71.961      *
    CASC               4.086       0.832      0.000       2.876       6.104      *
    CACC               8.277       1.689      0.000       5.805      12.349      *


STANDARDIZED MODEL RESULTS


STDYX Standardization

                                Posterior  One-Tailed         95% C.I.
                    Estimate       S.D.      P-Value   Lower 2.5%  Upper 2.5%  Significance
 CHSC       ON
    NEGSX              0.050       0.134      0.358      -0.216       0.310
    CHAGE             -0.194       0.132      0.079      -0.439       0.075

 CHCC       ON
    NEGSX             -0.113       0.134      0.200      -0.367       0.154
    CHAGE             -0.094       0.134      0.241      -0.351       0.170

 CASC       ON
    NEGSX             -0.033       0.133      0.402      -0.294       0.227
    CHAGE              0.246       0.129      0.035      -0.022       0.488

 CACC       ON
    NEGSX              0.092       0.134      0.247      -0.173       0.350
    CHAGE              0.069       0.134      0.308      -0.197       0.327

 CHSC     WITH
    CHCC              -0.152       0.131      0.129      -0.397       0.114
    CASC              -0.094       0.133      0.246      -0.343       0.174
    CACC               0.089       0.133      0.257      -0.175       0.342

 CHCC     WITH
    CASC              -0.294       0.123      0.012      -0.516      -0.038      *
    CACC              -0.679       0.074      0.000      -0.798      -0.510      *

 CASC     WITH
    CACC               0.005       0.134      0.486      -0.257       0.266

 NEGSX    WITH
    CHAGE              0.374       0.112      0.001       0.134       0.574      *

 Means
    NEGSX              0.808       0.145      0.000       0.524       1.096      *
    CHAGE              4.544       0.432      0.000       3.720       5.420      *

 Intercepts
    CHSC               2.734       0.586      0.000       1.488       3.774      *
    CHCC               0.556       0.580      0.176      -0.614       1.641
    CASC               0.066       0.580      0.456      -1.012       1.248
    CACC              -0.616       0.585      0.152      -1.715       0.553

 Variances
    NEGSX              1.000       0.000      0.000       1.000       1.000
    CHAGE              1.000       0.000      0.000       1.000       1.000

 Residual Variances
    CHSC               0.950       0.050      0.000       0.812       0.998      *
    CHCC               0.953       0.049      0.000       0.815       0.998      *
    CASC               0.928       0.060      0.000       0.773       0.995      *
    CACC               0.963       0.044      0.000       0.838       0.999      *


STDY Standardization

                                Posterior  One-Tailed         95% C.I.
                    Estimate       S.D.      P-Value   Lower 2.5%  Upper 2.5%  Significance
 CHSC       ON
    NEGSX              0.050       0.134      0.358      -0.216       0.310
    CHAGE             -0.194       0.132      0.079      -0.439       0.075

 CHCC       ON
    NEGSX             -0.113       0.134      0.200      -0.367       0.154
    CHAGE             -0.094       0.134      0.241      -0.351       0.170

 CASC       ON
    NEGSX             -0.033       0.133      0.402      -0.294       0.227
    CHAGE              0.246       0.129      0.035      -0.022       0.488

 CACC       ON
    NEGSX              0.092       0.134      0.247      -0.173       0.350
    CHAGE              0.069       0.134      0.308      -0.197       0.327

 CHSC     WITH
    CHCC              -0.152       0.131      0.129      -0.397       0.114
    CASC              -0.094       0.133      0.246      -0.343       0.174
    CACC               0.089       0.133      0.257      -0.175       0.342

 CHCC     WITH
    CASC              -0.294       0.123      0.012      -0.516      -0.038      *
    CACC              -0.679       0.074      0.000      -0.798      -0.510      *

 CASC     WITH
    CACC               0.005       0.134      0.486      -0.257       0.266

 NEGSX    WITH
    CHAGE              0.374       0.112      0.001       0.134       0.574      *

 Means
    NEGSX              0.808       0.145      0.000       0.524       1.096      *
    CHAGE              4.544       0.432      0.000       3.720       5.420      *

 Intercepts
    CHSC               2.734       0.586      0.000       1.488       3.774      *
    CHCC               0.556       0.580      0.176      -0.614       1.641
    CASC               0.066       0.580      0.456      -1.012       1.248
    CACC              -0.616       0.585      0.152      -1.715       0.553

 Variances
    NEGSX              1.000       0.000      0.000       1.000       1.000
    CHAGE              1.000       0.000      0.000       1.000       1.000

 Residual Variances
    CHSC               0.950       0.050      0.000       0.812       0.998      *
    CHCC               0.953       0.049      0.000       0.815       0.998      *
    CASC               0.928       0.060      0.000       0.773       0.995      *
    CACC               0.963       0.044      0.000       0.838       0.999      *


STD Standardization

                                Posterior  One-Tailed         95% C.I.
                    Estimate       S.D.      P-Value   Lower 2.5%  Upper 2.5%  Significance
 CHSC       ON
    NEGSX              0.017       0.046      0.358      -0.075       0.108
    CHAGE             -0.069       0.049      0.079      -0.165       0.027

 CHCC       ON
    NEGSX             -0.184       0.225      0.200      -0.626       0.258
    CHAGE             -0.163       0.237      0.241      -0.630       0.300

 CASC       ON
    NEGSX             -0.016       0.066      0.402      -0.146       0.112
    CHAGE              0.125       0.069      0.035      -0.011       0.260

 CACC       ON
    NEGSX              0.062       0.093      0.247      -0.119       0.247
    CHAGE              0.048       0.098      0.308      -0.143       0.240

 CHSC     WITH
    CHCC              -1.478       1.440      0.129      -4.565       1.156
    CASC              -0.266       0.414      0.246      -1.115       0.530
    CACC               0.362       0.590      0.257      -0.757       1.585

 CHCC     WITH
    CASC              -4.063       2.086      0.012      -8.744      -0.514      *
    CACC             -13.465       3.459      0.000     -21.770      -8.237      *

 CASC     WITH
    CACC               0.028       0.828      0.486      -1.624       1.686

 NEGSX    WITH
    CHAGE              6.636       2.631      0.001       2.256      12.606      *

 Means
    NEGSX              3.517       0.554      0.000       2.430       4.608      *
    CHAGE             18.792       0.513      0.000      17.780      19.796      *

 Intercepts
    CHSC               4.021       0.886      0.000       2.284       5.767      *
    CHCC               3.955       4.305      0.176      -4.509      12.397
    CASC               0.139       1.251      0.456      -2.330       2.592
    CACC              -1.798       1.782      0.152      -5.308       1.676

 Variances
    NEGSX             18.992       3.731      0.000      13.431      27.902      *
    CHAGE             17.100       3.276      0.000      12.174      24.979      *

 Residual Variances
    CHSC               2.054       0.417      0.000       1.442       3.062      *
    CHCC              48.327       9.808      0.000      33.878      71.961      *
    CASC               4.086       0.832      0.000       2.876       6.104      *
    CACC               8.277       1.689      0.000       5.805      12.349      *


R-SQUARE

                                Posterior  One-Tailed         95% C.I.
    Variable        Estimate       S.D.      P-Value   Lower 2.5%  Upper 2.5%

    CHSC               0.050       0.050      0.000       0.002       0.188
    CHCC               0.047       0.049      0.000       0.002       0.185
    CASC               0.072       0.060      0.000       0.005       0.227
    CACC               0.037       0.044      0.000       0.001       0.162


     Beginning Time:  13:16:10
        Ending Time:  13:16:13
       Elapsed Time:  00:00:03



MUTHEN & MUTHEN
3463 Stoner Ave.
Los Angeles, CA  90066

Tel: (310) 391-9971
Fax: (310) 391-8971
Web: www.StatModel.com
Support: Support@StatModel.com

Copyright (c) 1998-2018 Muthen & Muthen
