Mplus VERSION 8.2 (Mac)
MUTHEN & MUTHEN
01/24/2024   1:21 PM

INPUT INSTRUCTIONS

  TITLE:
  Testing
  DATA:
  FILE = "neg_sx_model_pos.dat";

  VARIABLE:
  NAMES = chsc chcc casc cacc negsx;
   MISSING=.;

  ANALYSIS:
  ESTIMATOR=BAYES; PROCESSORS = 2;BITERATIONS = (49000)
  MODEL:
  chsc ON negsx@0;
  chcc ON negsx;
  casc ON negsx@0;
  cacc ON negsx;
  chsc WITH chcc@0;
  chsc WITH casc@0;
  chsc WITH cacc@0;
  chcc WITH casc@0;
  chcc WITH cacc;
  casc WITH cacc@0;
  chsc WITH chsc;
  chcc WITH chcc;
  casc WITH casc;
  cacc WITH cacc;
  negsx WITH negsx;
  [chsc];
  [chcc];
  [casc];
  [cacc];
  [negsx];

  OUTPUT:
  STANDARDIZED;



INPUT READING TERMINATED NORMALLY




Testing

SUMMARY OF ANALYSIS

Number of groups                                                 1
Number of observations                                          68

Number of dependent variables                                    4
Number of independent variables                                  1
Number of continuous latent variables                            0

Observed dependent variables

  Continuous
   CHSC        CHCC        CASC        CACC

Observed independent variables
   NEGSX


Estimator                                                    BAYES
Specifications for Bayesian Estimation
  Point estimate                                            MEDIAN
  Number of Markov chain Monte Carlo (MCMC) chains               2
  Random seed for the first chain                                0
  Starting value information                           UNPERTURBED
  Algorithm used for Markov chain Monte Carlo           GIBBS(PX1)
  Convergence criterion                                  0.500D-01
  Maximum number of iterations                               50000
  K-th iteration used for thinning                               1

Input data file(s)
  neg_sx_model_pos.dat
Input data format  FREE


SUMMARY OF DATA



COVARIANCE COVERAGE OF DATA

Minimum covariance coverage value   0.100

     Number of missing data patterns             2


     PROPORTION OF DATA PRESENT


           Covariance Coverage
              CHSC          CHCC          CASC          CACC          NEGSX
              ________      ________      ________      ________      ________
 CHSC           1.000
 CHCC           1.000         1.000
 CASC           1.000         1.000         1.000
 CACC           1.000         1.000         1.000         1.000
 NEGSX          0.941         0.941         0.941         0.941         0.941



UNIVARIATE SAMPLE STATISTICS


     UNIVARIATE HIGHER-ORDER MOMENT DESCRIPTIVE STATISTICS

         Variable/         Mean/     Skewness/   Minimum/ % with                Percentiles
        Sample Size      Variance    Kurtosis    Maximum  Min/Max      20%/60%    40%/80%    Median

     CHSC                  2.894       0.448       0.369    1.47%       1.783      2.328      2.761
              68.000       1.755      -0.631       5.634    1.47%       2.996      4.196
     CHCC                  1.257      -0.042     -29.421    1.47%      -2.841     -0.768      0.420
              68.000      61.282       4.132      28.205    1.47%       1.592      4.969
     CASC                  2.413       3.149       0.173    1.47%       1.349      1.820      1.905
              68.000       3.393      12.255      11.915    1.47%       2.145      3.150
     CACC                 -0.360      -0.284     -12.711    1.47%      -2.128     -1.135     -0.147
              68.000      11.603       3.090      11.197    1.47%       0.295      1.861
     NEGSX                 3.547       1.382       0.000   31.25%       0.000      1.000      2.000
              64.000      17.248       1.527      18.000    1.56%       3.000      7.000


THE MODEL ESTIMATION TERMINATED NORMALLY

     USE THE FBITERATIONS OPTION TO INCREASE THE NUMBER OF ITERATIONS BY A FACTOR
     OF AT LEAST TWO TO CHECK CONVERGENCE AND THAT THE PSR VALUE DOES NOT INCREASE.



MODEL FIT INFORMATION

Number of Free Parameters                              13

Bayesian Posterior Predictive Checking using Chi-Square

          95% Confidence Interval for the Difference Between
          the Observed and the Replicated Chi-Square Values

                                -17.826            15.555

          Posterior Predictive P-Value              0.526

Information Criteria

          Deviance (DIC)                         1693.722
          Estimated Number of Parameters (pD)      12.335
          Bayesian (BIC)                         1723.334



MODEL RESULTS

                                Posterior  One-Tailed         95% C.I.
                    Estimate       S.D.      P-Value   Lower 2.5%  Upper 2.5%  Significance

 CHSC       ON
    NEGSX              0.000       0.000      1.000       0.000       0.000

 CHCC       ON
    NEGSX             -0.739       0.228      0.001      -1.187      -0.290      *

 CASC       ON
    NEGSX              0.000       0.000      1.000       0.000       0.000

 CACC       ON
    NEGSX              0.228       0.104      0.015       0.024       0.433      *

 CHSC     WITH
    CHCC               0.000       0.000      1.000       0.000       0.000
    CASC               0.000       0.000      1.000       0.000       0.000
    CACC               0.000       0.000      1.000       0.000       0.000

 CHCC     WITH
    CASC               0.000       0.000      1.000       0.000       0.000
    CACC             -13.075       3.935      0.000     -22.254      -6.883      *

 CASC     WITH
    CACC               0.000       0.000      1.000       0.000       0.000

 Means
    NEGSX              3.526       0.536      0.000       2.475       4.580      *

 Intercepts
    CHSC               2.894       0.167      0.000       2.569       3.220      *
    CHCC               3.850       1.230      0.001       1.420       6.265      *
    CASC               2.411       0.232      0.000       1.959       2.866      *
    CACC              -1.161       0.558      0.020      -2.252      -0.060      *

 Variances
    NEGSX             18.154       3.451      0.000      12.975      26.396      *

 Residual Variances
    CHSC               1.857       0.345      0.000       1.341       2.683      *
    CHCC              57.634      11.036      0.000      41.164      84.409      *
    CASC               3.588       0.662      0.000       2.592       5.182      *
    CACC              11.883       2.261      0.000       8.500      17.313      *


STANDARDIZED MODEL RESULTS


STDYX Standardization

                                Posterior  One-Tailed         95% C.I.
                    Estimate       S.D.      P-Value   Lower 2.5%  Upper 2.5%  Significance
 CHSC       ON
    NEGSX              0.000       0.000      1.000       0.000       0.000

 CHCC       ON
    NEGSX             -0.382       0.107      0.001      -0.572      -0.152      *

 CASC       ON
    NEGSX              0.000       0.000      1.000       0.000       0.000

 CACC       ON
    NEGSX              0.271       0.117      0.015       0.028       0.484      *

 CHSC     WITH
    CHCC               0.000       0.000      1.000       0.000       0.000
    CASC               0.000       0.000      1.000       0.000       0.000
    CACC               0.000       0.000      1.000       0.000       0.000

 CHCC     WITH
    CASC               0.000       0.000      1.000       0.000       0.000
    CACC              -0.506       0.096      0.000      -0.669      -0.296      *

 CASC     WITH
    CACC               0.000       0.000      1.000       0.000       0.000

 Means
    NEGSX              0.829       0.145      0.000       0.545       1.115      *

 Intercepts
    CHSC               2.125       0.224      0.000       1.696       2.570      *
    CHCC               0.467       0.140      0.001       0.175       0.725      *
    CASC               1.274       0.165      0.000       0.957       1.601      *
    CACC              -0.323       0.149      0.020      -0.601      -0.017      *

 Variances
    NEGSX              1.000       0.000      0.000       1.000       1.000

 Residual Variances
    CHSC               1.000       0.000      0.000       1.000       1.000
    CHCC               0.854       0.079      0.000       0.673       0.977      *
    CASC               1.000       0.000      0.000       1.000       1.000
    CACC               0.927       0.063      0.000       0.766       0.998      *


STDY Standardization

                                Posterior  One-Tailed         95% C.I.
                    Estimate       S.D.      P-Value   Lower 2.5%  Upper 2.5%  Significance
 CHSC       ON
    NEGSX              0.000       0.000      1.000       0.000       0.000

 CHCC       ON
    NEGSX             -0.382       0.107      0.001      -0.572      -0.152      *

 CASC       ON
    NEGSX              0.000       0.000      1.000       0.000       0.000

 CACC       ON
    NEGSX              0.271       0.117      0.015       0.028       0.484      *

 CHSC     WITH
    CHCC               0.000       0.000      1.000       0.000       0.000
    CASC               0.000       0.000      1.000       0.000       0.000
    CACC               0.000       0.000      1.000       0.000       0.000

 CHCC     WITH
    CASC               0.000       0.000      1.000       0.000       0.000
    CACC              -0.506       0.096      0.000      -0.669      -0.296      *

 CASC     WITH
    CACC               0.000       0.000      1.000       0.000       0.000

 Means
    NEGSX              0.829       0.145      0.000       0.545       1.115      *

 Intercepts
    CHSC               2.125       0.224      0.000       1.696       2.570      *
    CHCC               0.467       0.140      0.001       0.175       0.725      *
    CASC               1.274       0.165      0.000       0.957       1.601      *
    CACC              -0.323       0.149      0.020      -0.601      -0.017      *

 Variances
    NEGSX              1.000       0.000      0.000       1.000       1.000

 Residual Variances
    CHSC               1.000       0.000      0.000       1.000       1.000
    CHCC               0.854       0.079      0.000       0.673       0.977      *
    CASC               1.000       0.000      0.000       1.000       1.000
    CACC               0.927       0.063      0.000       0.766       0.998      *


STD Standardization

                                Posterior  One-Tailed         95% C.I.
                    Estimate       S.D.      P-Value   Lower 2.5%  Upper 2.5%  Significance
 CHSC       ON
    NEGSX              0.000       0.000      1.000       0.000       0.000

 CHCC       ON
    NEGSX             -0.739       0.228      0.001      -1.187      -0.290      *

 CASC       ON
    NEGSX              0.000       0.000      1.000       0.000       0.000

 CACC       ON
    NEGSX              0.228       0.104      0.015       0.024       0.433      *

 CHSC     WITH
    CHCC               0.000       0.000      1.000       0.000       0.000
    CASC               0.000       0.000      1.000       0.000       0.000
    CACC               0.000       0.000      1.000       0.000       0.000

 CHCC     WITH
    CASC               0.000       0.000      1.000       0.000       0.000
    CACC             -13.075       3.935      0.000     -22.254      -6.883      *

 CASC     WITH
    CACC               0.000       0.000      1.000       0.000       0.000

 Means
    NEGSX              3.526       0.536      0.000       2.475       4.580      *

 Intercepts
    CHSC               2.894       0.167      0.000       2.569       3.220      *
    CHCC               3.850       1.230      0.001       1.420       6.265      *
    CASC               2.411       0.232      0.000       1.959       2.866      *
    CACC              -1.161       0.558      0.020      -2.252      -0.060      *

 Variances
    NEGSX             18.154       3.451      0.000      12.975      26.396      *

 Residual Variances
    CHSC               1.857       0.345      0.000       1.341       2.683      *
    CHCC              57.634      11.036      0.000      41.164      84.409      *
    CASC               3.588       0.662      0.000       2.592       5.182      *
    CACC              11.883       2.261      0.000       8.500      17.313      *


R-SQUARE

                                Posterior  One-Tailed         95% C.I.
    Variable        Estimate       S.D.      P-Value   Lower 2.5%  Upper 2.5%

    CHSC               0.000       0.000      1.000       0.000       0.000
    CHCC               0.146       0.079      0.000       0.023       0.327
    CASC               0.000       0.000      1.000       0.000       0.000
    CACC               0.073       0.063      0.000       0.002       0.234


     Beginning Time:  13:21:06
        Ending Time:  13:21:08
       Elapsed Time:  00:00:02



MUTHEN & MUTHEN
3463 Stoner Ave.
Los Angeles, CA  90066

Tel: (310) 391-9971
Fax: (310) 391-8971
Web: www.StatModel.com
Support: Support@StatModel.com

Copyright (c) 1998-2018 Muthen & Muthen
