Mplus VERSION 8.2 (Mac)
MUTHEN & MUTHEN
01/24/2024  10:36 AM

INPUT INSTRUCTIONS

  TITLE:
  Testing
  DATA:
  FILE = "neg_sx_model_neg.dat";

  VARIABLE:
  NAMES = chsc chcc casc cacc negsx;
   MISSING=.;

  ANALYSIS:
  ESTIMATOR=BAYES; PROCESSORS = 2;BITERATIONS = (49000)
  MODEL:
  chsc ON negsx@0;
  chcc ON negsx;
  casc ON negsx@0;
  cacc ON negsx@0;
  chsc WITH chcc;
  chsc WITH casc;
  chsc WITH cacc;
  chcc WITH casc;
  chcc WITH cacc;
  casc WITH cacc;
  chsc WITH chsc;
  chcc WITH chcc;
  casc WITH casc;
  cacc WITH cacc;
  negsx WITH negsx;
  [chsc];
  [chcc];
  [casc];
  [cacc];
  [negsx];

  OUTPUT:
  STANDARDIZED;



INPUT READING TERMINATED NORMALLY




Testing

SUMMARY OF ANALYSIS

Number of groups                                                 1
Number of observations                                          66

Number of dependent variables                                    4
Number of independent variables                                  1
Number of continuous latent variables                            0

Observed dependent variables

  Continuous
   CHSC        CHCC        CASC        CACC

Observed independent variables
   NEGSX


Estimator                                                    BAYES
Specifications for Bayesian Estimation
  Point estimate                                            MEDIAN
  Number of Markov chain Monte Carlo (MCMC) chains               2
  Random seed for the first chain                                0
  Starting value information                           UNPERTURBED
  Algorithm used for Markov chain Monte Carlo           GIBBS(PX1)
  Convergence criterion                                  0.500D-01
  Maximum number of iterations                               50000
  K-th iteration used for thinning                               1

Input data file(s)
  neg_sx_model_neg.dat
Input data format  FREE


SUMMARY OF DATA



COVARIANCE COVERAGE OF DATA

Minimum covariance coverage value   0.100

     Number of missing data patterns             2


     PROPORTION OF DATA PRESENT


           Covariance Coverage
              CHSC          CHCC          CASC          CACC          NEGSX
              ________      ________      ________      ________      ________
 CHSC           1.000
 CHCC           1.000         1.000
 CASC           1.000         1.000         1.000
 CACC           1.000         1.000         1.000         1.000
 NEGSX          0.955         0.955         0.955         0.955         0.955



UNIVARIATE SAMPLE STATISTICS


     UNIVARIATE HIGHER-ORDER MOMENT DESCRIPTIVE STATISTICS

         Variable/         Mean/     Skewness/   Minimum/ % with                Percentiles
        Sample Size      Variance    Kurtosis    Maximum  Min/Max      20%/60%    40%/80%    Median

     CHSC                  2.789       0.912       0.884    1.52%       1.550      2.236      2.478
              66.000       1.759       0.087       6.266    1.52%       2.723      3.726
     CHCC                  0.236      -1.642     -29.952    1.52%      -2.994     -0.412      0.428
              66.000      41.162       6.549      14.882    1.52%       0.926      4.943
     CASC                  2.423       2.400      -0.698    1.52%       1.176      1.758      2.059
              66.000       3.578       7.017      10.998    1.52%       2.213      2.720
     CACC                 -0.675      -0.840     -10.489    1.52%      -3.207     -1.126     -0.251
              66.000       6.952       1.631       4.504    1.52%       0.315      1.045
     NEGSX                 3.460       1.435       0.000   33.33%       0.000      1.000      2.000
              63.000      17.296       1.676      18.000    1.59%       3.000      7.000


THE MODEL ESTIMATION TERMINATED NORMALLY

     USE THE FBITERATIONS OPTION TO INCREASE THE NUMBER OF ITERATIONS BY A FACTOR
     OF AT LEAST TWO TO CHECK CONVERGENCE AND THAT THE PSR VALUE DOES NOT INCREASE.



MODEL FIT INFORMATION

Number of Free Parameters                              17

Bayesian Posterior Predictive Checking using Chi-Square

          95% Confidence Interval for the Difference Between
          the Observed and the Replicated Chi-Square Values

                                -18.683            18.710

          Posterior Predictive P-Value              0.491

Information Criteria

          Deviance (DIC)                         1579.951
          Estimated Number of Parameters (pD)      15.134
          Bayesian (BIC)                         1620.006



MODEL RESULTS

                                Posterior  One-Tailed         95% C.I.
                    Estimate       S.D.      P-Value   Lower 2.5%  Upper 2.5%  Significance

 CHSC       ON
    NEGSX              0.000       0.000      1.000       0.000       0.000

 CHCC       ON
    NEGSX             -0.093       0.136      0.242      -0.360       0.175

 CASC       ON
    NEGSX              0.000       0.000      1.000       0.000       0.000

 CACC       ON
    NEGSX              0.000       0.000      1.000       0.000       0.000

 CHSC     WITH
    CHCC              -1.223       1.392      0.170      -4.150       1.359
    CASC              -0.395       0.415      0.150      -1.280       0.372
    CACC               0.288       0.573      0.296      -0.812       1.467

 CHCC     WITH
    CASC              -4.279       2.062      0.008      -8.945      -0.788      *
    CACC             -13.329       3.358      0.000     -21.455      -8.259      *

 CASC     WITH
    CACC               0.164       0.813      0.414      -1.440       1.798

 Means
    NEGSX              3.458       0.547      0.000       2.391       4.538      *

 Intercepts
    CHSC               2.788       0.178      0.000       2.439       3.140      *
    CHCC               0.560       0.977      0.281      -1.367       2.470
    CASC               2.425       0.254      0.000       1.921       2.924      *
    CACC              -0.673       0.355      0.029      -1.375       0.024

 Variances
    NEGSX             18.359       3.551      0.000      13.093      26.957      *

 Residual Variances
    CHSC               2.057       0.412      0.000       1.453       3.063      *
    CHCC              47.842       9.578      0.000      33.583      71.018      *
    CASC               4.184       0.833      0.000       2.959       6.194      *
    CACC               8.152       1.620      0.000       5.755      12.020      *


STANDARDIZED MODEL RESULTS


STDYX Standardization

                                Posterior  One-Tailed         95% C.I.
                    Estimate       S.D.      P-Value   Lower 2.5%  Upper 2.5%  Significance
 CHSC       ON
    NEGSX              0.000       0.000      1.000       0.000       0.000

 CHCC       ON
    NEGSX             -0.058       0.084      0.242      -0.226       0.107

 CASC       ON
    NEGSX              0.000       0.000      1.000       0.000       0.000

 CACC       ON
    NEGSX              0.000       0.000      1.000       0.000       0.000

 CHSC     WITH
    CHCC              -0.126       0.129      0.170      -0.369       0.132
    CASC              -0.137       0.129      0.150      -0.384       0.123
    CACC               0.072       0.131      0.296      -0.188       0.323

 CHCC     WITH
    CASC              -0.308       0.119      0.008      -0.524      -0.058      *
    CACC              -0.682       0.073      0.000      -0.800      -0.514      *

 CASC     WITH
    CACC               0.028       0.131      0.414      -0.229       0.282

 Means
    NEGSX              0.807       0.146      0.000       0.526       1.096      *

 Intercepts
    CHSC               1.944       0.220      0.000       1.521       2.384      *
    CHCC               0.081       0.139      0.281      -0.194       0.353
    CASC               1.187       0.166      0.000       0.865       1.517      *
    CACC              -0.236       0.125      0.029      -0.482       0.008

 Variances
    NEGSX              1.000       0.000      0.000       1.000       1.000

 Residual Variances
    CHSC               1.000       0.000      0.000       1.000       1.000
    CHCC               0.995       0.014      0.000       0.949       1.000      *
    CASC               1.000       0.000      0.000       1.000       1.000
    CACC               1.000       0.000      0.000       1.000       1.000


STDY Standardization

                                Posterior  One-Tailed         95% C.I.
                    Estimate       S.D.      P-Value   Lower 2.5%  Upper 2.5%  Significance
 CHSC       ON
    NEGSX              0.000       0.000      1.000       0.000       0.000

 CHCC       ON
    NEGSX             -0.058       0.084      0.242      -0.226       0.107

 CASC       ON
    NEGSX              0.000       0.000      1.000       0.000       0.000

 CACC       ON
    NEGSX              0.000       0.000      1.000       0.000       0.000

 CHSC     WITH
    CHCC              -0.126       0.129      0.170      -0.369       0.132
    CASC              -0.137       0.129      0.150      -0.384       0.123
    CACC               0.072       0.131      0.296      -0.188       0.323

 CHCC     WITH
    CASC              -0.308       0.119      0.008      -0.524      -0.058      *
    CACC              -0.682       0.073      0.000      -0.800      -0.514      *

 CASC     WITH
    CACC               0.028       0.131      0.414      -0.229       0.282

 Means
    NEGSX              0.807       0.146      0.000       0.526       1.096      *

 Intercepts
    CHSC               1.944       0.220      0.000       1.521       2.384      *
    CHCC               0.081       0.139      0.281      -0.194       0.353
    CASC               1.187       0.166      0.000       0.865       1.517      *
    CACC              -0.236       0.125      0.029      -0.482       0.008

 Variances
    NEGSX              1.000       0.000      0.000       1.000       1.000

 Residual Variances
    CHSC               1.000       0.000      0.000       1.000       1.000
    CHCC               0.995       0.014      0.000       0.949       1.000      *
    CASC               1.000       0.000      0.000       1.000       1.000
    CACC               1.000       0.000      0.000       1.000       1.000


STD Standardization

                                Posterior  One-Tailed         95% C.I.
                    Estimate       S.D.      P-Value   Lower 2.5%  Upper 2.5%  Significance
 CHSC       ON
    NEGSX              0.000       0.000      1.000       0.000       0.000

 CHCC       ON
    NEGSX             -0.093       0.136      0.242      -0.360       0.175

 CASC       ON
    NEGSX              0.000       0.000      1.000       0.000       0.000

 CACC       ON
    NEGSX              0.000       0.000      1.000       0.000       0.000

 CHSC     WITH
    CHCC              -1.223       1.392      0.170      -4.150       1.359
    CASC              -0.395       0.415      0.150      -1.280       0.372
    CACC               0.288       0.573      0.296      -0.812       1.467

 CHCC     WITH
    CASC              -4.279       2.062      0.008      -8.945      -0.788      *
    CACC             -13.329       3.358      0.000     -21.455      -8.259      *

 CASC     WITH
    CACC               0.164       0.813      0.414      -1.440       1.798

 Means
    NEGSX              3.458       0.547      0.000       2.391       4.538      *

 Intercepts
    CHSC               2.788       0.178      0.000       2.439       3.140      *
    CHCC               0.560       0.977      0.281      -1.367       2.470
    CASC               2.425       0.254      0.000       1.921       2.924      *
    CACC              -0.673       0.355      0.029      -1.375       0.024

 Variances
    NEGSX             18.359       3.551      0.000      13.093      26.957      *

 Residual Variances
    CHSC               2.057       0.412      0.000       1.453       3.063      *
    CHCC              47.842       9.578      0.000      33.583      71.018      *
    CASC               4.184       0.833      0.000       2.959       6.194      *
    CACC               8.152       1.620      0.000       5.755      12.020      *


R-SQUARE

                                Posterior  One-Tailed         95% C.I.
    Variable        Estimate       S.D.      P-Value   Lower 2.5%  Upper 2.5%

    CHSC               0.000       0.000      1.000       0.000       0.000
    CHCC               0.005       0.014      0.000       0.000       0.051
    CASC               0.000       0.000      1.000       0.000       0.000
    CACC               0.000       0.000      1.000       0.000       0.000


     Beginning Time:  10:36:42
        Ending Time:  10:36:44
       Elapsed Time:  00:00:02



MUTHEN & MUTHEN
3463 Stoner Ave.
Los Angeles, CA  90066

Tel: (310) 391-9971
Fax: (310) 391-8971
Web: www.StatModel.com
Support: Support@StatModel.com

Copyright (c) 1998-2018 Muthen & Muthen
