Mplus VERSION 8.2 (Mac)
MUTHEN & MUTHEN
08/28/2024   2:11 PM

INPUT INSTRUCTIONS

  TITLE:
  Testing
  DATA:
  FILE = "neg_sx_model_w_age_neu.dat";

  VARIABLE:
  NAMES = chsc chcc casc cacc negsx chage;
   MISSING=.;

  ANALYSIS:
  ESTIMATOR=BAYES; PROCESSORS = 2;BITERATIONS = (49000)
  MODEL:
  chsc ON negsx* (a);
  chsc ON chage* (b);
  chcc ON negsx;
  chcc ON chage* (b);
  casc ON negsx@0;
  casc ON chage* (c);
  cacc ON negsx* (a);
  cacc ON chage* (c);
  chsc WITH chcc;
  chsc WITH casc;
  chsc WITH cacc;
  chcc WITH casc;
  chcc WITH cacc;
  casc WITH cacc;
  chsc WITH chsc;
  chcc WITH chcc;
  casc WITH casc;
  cacc WITH cacc;
  negsx WITH negsx;

  chage WITH chage;
  [chsc];
  [chcc];
  [casc];
  [cacc];
  [negsx];
  [chage];

  OUTPUT:
  STANDARDIZED;



INPUT READING TERMINATED NORMALLY




Testing

SUMMARY OF ANALYSIS

Number of groups                                                 1
Number of observations                                          66

Number of dependent variables                                    4
Number of independent variables                                  2
Number of continuous latent variables                            0

Observed dependent variables

  Continuous
   CHSC        CHCC        CASC        CACC

Observed independent variables
   NEGSX       CHAGE


Estimator                                                    BAYES
Specifications for Bayesian Estimation
  Point estimate                                            MEDIAN
  Number of Markov chain Monte Carlo (MCMC) chains               2
  Random seed for the first chain                                0
  Starting value information                           UNPERTURBED
  Algorithm used for Markov chain Monte Carlo           GIBBS(PX1)
  Convergence criterion                                  0.500D-01
  Maximum number of iterations                               50000
  K-th iteration used for thinning                               1

Input data file(s)
  neg_sx_model_w_age_neu.dat
Input data format  FREE


SUMMARY OF DATA



COVARIANCE COVERAGE OF DATA

Minimum covariance coverage value   0.100

     Number of missing data patterns             2


     PROPORTION OF DATA PRESENT


           Covariance Coverage
              CHSC          CHCC          CASC          CACC          NEGSX
              ________      ________      ________      ________      ________
 CHSC           1.000
 CHCC           1.000         1.000
 CASC           1.000         1.000         1.000
 CACC           1.000         1.000         1.000         1.000
 NEGSX          0.955         0.955         0.955         0.955         0.955
 CHAGE          1.000         1.000         1.000         1.000         0.955


           Covariance Coverage
              CHAGE
              ________
 CHAGE          1.000



UNIVARIATE SAMPLE STATISTICS


     UNIVARIATE HIGHER-ORDER MOMENT DESCRIPTIVE STATISTICS

         Variable/         Mean/     Skewness/   Minimum/ % with                Percentiles
        Sample Size      Variance    Kurtosis    Maximum  Min/Max      20%/60%    40%/80%    Median

     CHSC                  2.895       0.274       0.447    1.52%       1.734      2.413      2.774
              66.000       1.467      -0.805       5.513    1.52%       3.088      4.142
     CHCC                 -0.328      -0.633     -22.430    1.52%      -5.060     -1.160      0.313
              66.000      40.832       1.276      13.391    1.52%       0.944      4.127
     CASC                  2.413       1.908       0.404    1.52%       1.260      1.913      2.146
              66.000       1.925       5.751       8.754    1.52%       2.491      3.181
     CACC                 -0.418       0.573      -9.135    1.52%      -2.708     -0.544     -0.211
              66.000      14.653       4.300      15.933    1.52%       0.437      1.111
     NEGSX                 3.397       1.464       0.000   31.75%       0.000      1.000      2.000
              63.000      16.081       2.011      18.000    1.59%       3.000      7.000
     CHAGE                18.818       0.042      12.000    4.55%      14.000     17.000     19.000
              66.000      16.058      -0.846      28.000    1.52%      20.000     22.000


THE MODEL ESTIMATION TERMINATED NORMALLY

     USE THE FBITERATIONS OPTION TO INCREASE THE NUMBER OF ITERATIONS BY A FACTOR
     OF AT LEAST TWO TO CHECK CONVERGENCE AND THAT THE PSR VALUE DOES NOT INCREASE.



MODEL FIT INFORMATION

Number of Free Parameters                              23

Bayesian Posterior Predictive Checking using Chi-Square

          95% Confidence Interval for the Difference Between
          the Observed and the Replicated Chi-Square Values

                                -18.001            24.349

          Posterior Predictive P-Value              0.392

Information Criteria

          Deviance (DIC)                         1927.242
          Estimated Number of Parameters (pD)      20.767
          Bayesian (BIC)                         1980.817



MODEL RESULTS

                                Posterior  One-Tailed         95% C.I.
                    Estimate       S.D.      P-Value   Lower 2.5%  Upper 2.5%  Significance

 CHSC       ON
    NEGSX              0.063       0.041      0.063      -0.018       0.144
    CHAGE             -0.083       0.037      0.013      -0.155      -0.011      *

 CHCC       ON
    NEGSX             -0.386       0.170      0.012      -0.722      -0.052      *
    CHAGE             -0.083       0.037      0.013      -0.155      -0.011      *

 CASC       ON
    NEGSX              0.000       0.000      1.000       0.000       0.000
    CHAGE              0.064       0.040      0.053      -0.014       0.142

 CACC       ON
    NEGSX              0.063       0.041      0.063      -0.018       0.144
    CHAGE              0.064       0.040      0.053      -0.014       0.142

 CHSC     WITH
    CHCC              -3.321       1.322      0.002      -6.385      -1.157      *
    CASC               0.448       0.284      0.039      -0.054       1.072
    CACC               2.696       0.850      0.000       1.346       4.685      *

 CHCC     WITH
    CASC               0.234       1.381      0.429      -2.474       3.026
    CACC             -15.853       4.390      0.000     -26.291      -9.190      *

 CASC     WITH
    CACC              -0.562       0.853      0.239      -2.330       1.066

 CHAGE    WITH
    NEGSX              6.451       2.561      0.002       2.155      12.242      *

 Means
    NEGSX              3.408       0.532      0.000       2.369       4.473      *
    CHAGE             18.816       0.522      0.000      17.793      19.852      *

 Intercepts
    CHSC               4.239       0.680      0.000       2.902       5.579      *
    CHCC               2.550       1.203      0.017       0.184       4.915      *
    CASC               1.216       0.770      0.057      -0.298       2.717
    CACC              -1.830       0.910      0.022      -3.612      -0.053      *

 Variances
    NEGSX             17.680       3.473      0.000      12.515      26.012      *
    CHAGE             17.560       3.357      0.000      12.582      25.687      *

 Residual Variances
    CHSC               1.734       0.354      0.000       1.218       2.594      *
    CHCC              42.289       8.628      0.000      29.699      63.201      *
    CASC               2.224       0.445      0.000       1.567       3.297      *
    CACC              16.331       3.279      0.000      11.496      24.285      *


STANDARDIZED MODEL RESULTS


STDYX Standardization

                                Posterior  One-Tailed         95% C.I.
                    Estimate       S.D.      P-Value   Lower 2.5%  Upper 2.5%  Significance
 CHSC       ON
    NEGSX              0.192       0.123      0.063      -0.053       0.429
    CHAGE             -0.252       0.106      0.013      -0.452      -0.034      *

 CHCC       ON
    NEGSX             -0.241       0.104      0.012      -0.440      -0.031      *
    CHAGE             -0.051       0.024      0.013      -0.101      -0.007      *

 CASC       ON
    NEGSX              0.000       0.000      1.000       0.000       0.000
    CHAGE              0.176       0.107      0.053      -0.039       0.377

 CACC       ON
    NEGSX              0.064       0.044      0.063      -0.018       0.156
    CHAGE              0.065       0.042      0.053      -0.014       0.153

 CHSC     WITH
    CHCC              -0.394       0.115      0.002      -0.596      -0.147      *
    CASC               0.233       0.126      0.039      -0.028       0.463
    CACC               0.513       0.100      0.000       0.290       0.682      *

 CHCC     WITH
    CASC               0.025       0.134      0.429      -0.239       0.284
    CACC              -0.610       0.086      0.000      -0.751      -0.416      *

 CASC     WITH
    CACC              -0.096       0.132      0.239      -0.345       0.168

 CHAGE    WITH
    NEGSX              0.372       0.113      0.002       0.131       0.570      *

 Means
    NEGSX              0.813       0.146      0.000       0.530       1.100      *
    CHAGE              4.490       0.424      0.000       3.677       5.338      *

 Intercepts
    CHSC               3.080       0.478      0.000       2.082       3.949      *
    CHCC               0.376       0.176      0.017       0.026       0.715      *
    CASC               0.802       0.519      0.057      -0.181       1.837
    CACC              -0.448       0.228      0.022      -0.905      -0.012      *

 Variances
    NEGSX              1.000       0.000      0.000       1.000       1.000
    CHAGE              1.000       0.000      0.000       1.000       1.000

 Residual Variances
    CHSC               0.922       0.054      0.000       0.784       0.991      *
    CHCC               0.930       0.056      0.000       0.785       0.995      *
    CASC               0.969       0.040      0.000       0.858       1.000      *
    CACC               0.987       0.013      0.000       0.953       0.999      *


STDY Standardization

                                Posterior  One-Tailed         95% C.I.
                    Estimate       S.D.      P-Value   Lower 2.5%  Upper 2.5%  Significance
 CHSC       ON
    NEGSX              0.192       0.123      0.063      -0.053       0.429
    CHAGE             -0.252       0.106      0.013      -0.452      -0.034      *

 CHCC       ON
    NEGSX             -0.241       0.104      0.012      -0.440      -0.031      *
    CHAGE             -0.051       0.024      0.013      -0.101      -0.007      *

 CASC       ON
    NEGSX              0.000       0.000      1.000       0.000       0.000
    CHAGE              0.176       0.107      0.053      -0.039       0.377

 CACC       ON
    NEGSX              0.064       0.044      0.063      -0.018       0.156
    CHAGE              0.065       0.042      0.053      -0.014       0.153

 CHSC     WITH
    CHCC              -0.394       0.115      0.002      -0.596      -0.147      *
    CASC               0.233       0.126      0.039      -0.028       0.463
    CACC               0.513       0.100      0.000       0.290       0.682      *

 CHCC     WITH
    CASC               0.025       0.134      0.429      -0.239       0.284
    CACC              -0.610       0.086      0.000      -0.751      -0.416      *

 CASC     WITH
    CACC              -0.096       0.132      0.239      -0.345       0.168

 CHAGE    WITH
    NEGSX              0.372       0.113      0.002       0.131       0.570      *

 Means
    NEGSX              0.813       0.146      0.000       0.530       1.100      *
    CHAGE              4.490       0.424      0.000       3.677       5.338      *

 Intercepts
    CHSC               3.080       0.478      0.000       2.082       3.949      *
    CHCC               0.376       0.176      0.017       0.026       0.715      *
    CASC               0.802       0.519      0.057      -0.181       1.837
    CACC              -0.448       0.228      0.022      -0.905      -0.012      *

 Variances
    NEGSX              1.000       0.000      0.000       1.000       1.000
    CHAGE              1.000       0.000      0.000       1.000       1.000

 Residual Variances
    CHSC               0.922       0.054      0.000       0.784       0.991      *
    CHCC               0.930       0.056      0.000       0.785       0.995      *
    CASC               0.969       0.040      0.000       0.858       1.000      *
    CACC               0.987       0.013      0.000       0.953       0.999      *


STD Standardization

                                Posterior  One-Tailed         95% C.I.
                    Estimate       S.D.      P-Value   Lower 2.5%  Upper 2.5%  Significance
 CHSC       ON
    NEGSX              0.063       0.041      0.063      -0.018       0.144
    CHAGE             -0.083       0.037      0.013      -0.155      -0.011      *

 CHCC       ON
    NEGSX             -0.386       0.170      0.012      -0.722      -0.052      *
    CHAGE             -0.083       0.037      0.013      -0.155      -0.011      *

 CASC       ON
    NEGSX              0.000       0.000      1.000       0.000       0.000
    CHAGE              0.064       0.040      0.053      -0.014       0.142

 CACC       ON
    NEGSX              0.063       0.041      0.063      -0.018       0.144
    CHAGE              0.064       0.040      0.053      -0.014       0.142

 CHSC     WITH
    CHCC              -3.321       1.322      0.002      -6.385      -1.157      *
    CASC               0.448       0.284      0.039      -0.054       1.072
    CACC               2.696       0.850      0.000       1.346       4.685      *

 CHCC     WITH
    CASC               0.234       1.381      0.429      -2.474       3.026
    CACC             -15.853       4.390      0.000     -26.291      -9.190      *

 CASC     WITH
    CACC              -0.562       0.853      0.239      -2.330       1.066

 CHAGE    WITH
    NEGSX              6.451       2.561      0.002       2.155      12.242      *

 Means
    NEGSX              3.408       0.532      0.000       2.369       4.473      *
    CHAGE             18.816       0.522      0.000      17.793      19.852      *

 Intercepts
    CHSC               4.239       0.680      0.000       2.902       5.579      *
    CHCC               2.550       1.203      0.017       0.184       4.915      *
    CASC               1.216       0.770      0.057      -0.298       2.717
    CACC              -1.830       0.910      0.022      -3.612      -0.053      *

 Variances
    NEGSX             17.680       3.473      0.000      12.515      26.012      *
    CHAGE             17.560       3.357      0.000      12.582      25.687      *

 Residual Variances
    CHSC               1.734       0.354      0.000       1.218       2.594      *
    CHCC              42.289       8.628      0.000      29.699      63.201      *
    CASC               2.224       0.445      0.000       1.567       3.297      *
    CACC              16.331       3.279      0.000      11.496      24.285      *


R-SQUARE

                                Posterior  One-Tailed         95% C.I.
    Variable        Estimate       S.D.      P-Value   Lower 2.5%  Upper 2.5%

    CHSC               0.078       0.054      0.000       0.009       0.216
    CHCC               0.070       0.056      0.000       0.005       0.215
    CASC               0.031       0.040      0.000       0.000       0.142
    CACC               0.013       0.013      0.000       0.001       0.047


     Beginning Time:  14:11:37
        Ending Time:  14:11:39
       Elapsed Time:  00:00:02



MUTHEN & MUTHEN
3463 Stoner Ave.
Los Angeles, CA  90066

Tel: (310) 391-9971
Fax: (310) 391-8971
Web: www.StatModel.com
Support: Support@StatModel.com

Copyright (c) 1998-2018 Muthen & Muthen
