Mplus VERSION 8.2 (Mac)
MUTHEN & MUTHEN
08/28/2024   1:42 PM

INPUT INSTRUCTIONS

  TITLE:
  Testing
  DATA:
  FILE = "neg_sx_model_w_age_pos.dat";

  VARIABLE:
  NAMES = chsc chcc casc cacc negsx chage;
   MISSING=.;

  ANALYSIS:
  ESTIMATOR=BAYES; PROCESSORS = 2;BITERATIONS = (49000)
  MODEL:
  chsc ON negsx@0;
  chsc ON chage* (a);
  chcc ON negsx;
  chcc ON chage* (a);
  casc ON negsx@0;
  casc ON chage* (b);
  cacc ON negsx;
  cacc ON chage* (b);
  chsc WITH chcc@0;
  chsc WITH casc@0;
  chsc WITH cacc@0;
  chcc WITH casc@0;
  chcc WITH cacc;
  casc WITH cacc@0;
  chsc WITH chsc;
  chcc WITH chcc;
  casc WITH casc;
  cacc WITH cacc;
  negsx WITH negsx;
  chage WITH chage;
  [chsc];
  [chcc];
  [casc];
  [cacc];
  [negsx];
  [chage];

  OUTPUT:
  STANDARDIZED;



INPUT READING TERMINATED NORMALLY




Testing

SUMMARY OF ANALYSIS

Number of groups                                                 1
Number of observations                                          68

Number of dependent variables                                    4
Number of independent variables                                  2
Number of continuous latent variables                            0

Observed dependent variables

  Continuous
   CHSC        CHCC        CASC        CACC

Observed independent variables
   NEGSX       CHAGE


Estimator                                                    BAYES
Specifications for Bayesian Estimation
  Point estimate                                            MEDIAN
  Number of Markov chain Monte Carlo (MCMC) chains               2
  Random seed for the first chain                                0
  Starting value information                           UNPERTURBED
  Algorithm used for Markov chain Monte Carlo           GIBBS(PX1)
  Convergence criterion                                  0.500D-01
  Maximum number of iterations                               50000
  K-th iteration used for thinning                               1

Input data file(s)
  neg_sx_model_w_age_pos.dat
Input data format  FREE


SUMMARY OF DATA



COVARIANCE COVERAGE OF DATA

Minimum covariance coverage value   0.100

     Number of missing data patterns             2


     PROPORTION OF DATA PRESENT


           Covariance Coverage
              CHSC          CHCC          CASC          CACC          NEGSX
              ________      ________      ________      ________      ________
 CHSC           1.000
 CHCC           1.000         1.000
 CASC           1.000         1.000         1.000
 CACC           1.000         1.000         1.000         1.000
 NEGSX          0.941         0.941         0.941         0.941         0.941
 CHAGE          1.000         1.000         1.000         1.000         0.941


           Covariance Coverage
              CHAGE
              ________
 CHAGE          1.000



UNIVARIATE SAMPLE STATISTICS


     UNIVARIATE HIGHER-ORDER MOMENT DESCRIPTIVE STATISTICS

         Variable/         Mean/     Skewness/   Minimum/ % with                Percentiles
        Sample Size      Variance    Kurtosis    Maximum  Min/Max      20%/60%    40%/80%    Median

     CHSC                  2.894       0.448       0.369    1.47%       1.783      2.328      2.761
              68.000       1.755      -0.631       5.634    1.47%       2.996      4.196
     CHCC                  1.257      -0.042     -29.421    1.47%      -2.841     -0.768      0.420
              68.000      61.282       4.132      28.205    1.47%       1.592      4.969
     CASC                  2.413       3.149       0.173    1.47%       1.349      1.820      1.905
              68.000       3.393      12.255      11.915    1.47%       2.145      3.150
     CACC                 -0.360      -0.284     -12.711    1.47%      -2.128     -1.135     -0.147
              68.000      11.603       3.090      11.197    1.47%       0.295      1.861
     NEGSX                 3.547       1.382       0.000   31.25%       0.000      1.000      2.000
              64.000      17.248       1.527      18.000    1.56%       3.000      7.000
     CHAGE                18.926       0.020      12.000    2.94%      15.000     18.000     19.000
              68.000      15.186      -0.766      28.000    1.47%      20.000     22.000


THE MODEL ESTIMATION TERMINATED NORMALLY

     USE THE FBITERATIONS OPTION TO INCREASE THE NUMBER OF ITERATIONS BY A FACTOR
     OF AT LEAST TWO TO CHECK CONVERGENCE AND THAT THE PSR VALUE DOES NOT INCREASE.



MODEL FIT INFORMATION

Number of Free Parameters                              18

Bayesian Posterior Predictive Checking using Chi-Square

          95% Confidence Interval for the Difference Between
          the Observed and the Replicated Chi-Square Values

                                -23.657            16.557

          Posterior Predictive P-Value              0.623

Information Criteria

          Deviance (DIC)                         2063.957
          Estimated Number of Parameters (pD)      17.058
          Bayesian (BIC)                         2104.993



MODEL RESULTS

                                Posterior  One-Tailed         95% C.I.
                    Estimate       S.D.      P-Value   Lower 2.5%  Upper 2.5%  Significance

 CHSC       ON
    NEGSX              0.000       0.000      1.000       0.000       0.000
    CHAGE             -0.057       0.041      0.082      -0.138       0.025

 CHCC       ON
    NEGSX             -0.716       0.228      0.001      -1.164      -0.268      *
    CHAGE             -0.057       0.041      0.082      -0.138       0.025

 CASC       ON
    NEGSX              0.000       0.000      1.000       0.000       0.000
    CHAGE              0.138       0.049      0.003       0.040       0.234      *

 CACC       ON
    NEGSX              0.171       0.106      0.053      -0.037       0.379
    CHAGE              0.138       0.049      0.003       0.040       0.234      *

 CHSC     WITH
    CHCC               0.000       0.000      1.000       0.000       0.000
    CASC               0.000       0.000      1.000       0.000       0.000
    CACC               0.000       0.000      1.000       0.000       0.000

 CHCC     WITH
    CASC               0.000       0.000      1.000       0.000       0.000
    CACC             -13.166       3.941      0.000     -22.401      -6.950      *

 CASC     WITH
    CACC               0.000       0.000      1.000       0.000       0.000

 CHAGE    WITH
    NEGSX              6.098       2.534      0.002       1.798      11.827      *

 Means
    NEGSX              3.564       0.546      0.000       2.488       4.631      *
    CHAGE             18.929       0.498      0.000      17.948      19.911      *

 Intercepts
    CHSC               3.974       0.801      0.000       2.391       5.542      *
    CHCC               4.878       1.433      0.000       2.093       7.702      *
    CASC              -0.191       0.958      0.421      -2.067       1.704
    CACC              -3.567       1.037      0.000      -5.582      -1.517      *

 Variances
    NEGSX             18.792       3.656      0.000      13.320      27.547      *
    CHAGE             16.567       3.142      0.000      11.895      24.123      *

 Residual Variances
    CHSC               1.830       0.343      0.000       1.314       2.659      *
    CHCC              57.701      10.961      0.000      41.248      83.945      *
    CASC               3.312       0.616      0.000       2.396       4.806      *
    CACC              11.752       2.234      0.000       8.478      17.182      *


STANDARDIZED MODEL RESULTS


STDYX Standardization

                                Posterior  One-Tailed         95% C.I.
                    Estimate       S.D.      P-Value   Lower 2.5%  Upper 2.5%  Significance
 CHSC       ON
    NEGSX              0.000       0.000      1.000       0.000       0.000
    CHAGE             -0.169       0.119      0.082      -0.392       0.072

 CHCC       ON
    NEGSX             -0.376       0.109      0.001      -0.569      -0.143      *
    CHAGE             -0.028       0.021      0.082      -0.071       0.012

 CASC       ON
    NEGSX              0.000       0.000      1.000       0.000       0.000
    CHAGE              0.293       0.101      0.003       0.086       0.480      *

 CACC       ON
    NEGSX              0.205       0.121      0.053      -0.046       0.428
    CHAGE              0.154       0.058      0.003       0.045       0.271      *

 CHSC     WITH
    CHCC               0.000       0.000      1.000       0.000       0.000
    CASC               0.000       0.000      1.000       0.000       0.000
    CACC               0.000       0.000      1.000       0.000       0.000

 CHCC     WITH
    CASC               0.000       0.000      1.000       0.000       0.000
    CACC              -0.512       0.095      0.000      -0.674      -0.302      *

 CASC     WITH
    CACC               0.000       0.000      1.000       0.000       0.000

 CHAGE    WITH
    NEGSX              0.351       0.114      0.002       0.109       0.553      *

 Means
    NEGSX              0.822       0.146      0.000       0.540       1.108      *
    CHAGE              4.651       0.433      0.000       3.821       5.522      *

 Intercepts
    CHSC               2.892       0.569      0.000       1.672       3.906      *
    CHCC               0.588       0.165      0.000       0.255       0.901      *
    CASC              -0.100       0.491      0.421      -1.001       0.921
    CACC              -0.982       0.281      0.000      -1.524      -0.420      *

 Variances
    NEGSX              1.000       0.000      0.000       1.000       1.000
    CHAGE              1.000       0.000      0.000       1.000       1.000

 Residual Variances
    CHSC               0.971       0.043      0.000       0.846       1.000      *
    CHCC               0.849       0.081      0.000       0.665       0.975      *
    CASC               0.914       0.059      0.000       0.769       0.992      *
    CACC               0.908       0.063      0.000       0.748       0.984      *


STDY Standardization

                                Posterior  One-Tailed         95% C.I.
                    Estimate       S.D.      P-Value   Lower 2.5%  Upper 2.5%  Significance
 CHSC       ON
    NEGSX              0.000       0.000      1.000       0.000       0.000
    CHAGE             -0.169       0.119      0.082      -0.392       0.072

 CHCC       ON
    NEGSX             -0.376       0.109      0.001      -0.569      -0.143      *
    CHAGE             -0.028       0.021      0.082      -0.071       0.012

 CASC       ON
    NEGSX              0.000       0.000      1.000       0.000       0.000
    CHAGE              0.293       0.101      0.003       0.086       0.480      *

 CACC       ON
    NEGSX              0.205       0.121      0.053      -0.046       0.428
    CHAGE              0.154       0.058      0.003       0.045       0.271      *

 CHSC     WITH
    CHCC               0.000       0.000      1.000       0.000       0.000
    CASC               0.000       0.000      1.000       0.000       0.000
    CACC               0.000       0.000      1.000       0.000       0.000

 CHCC     WITH
    CASC               0.000       0.000      1.000       0.000       0.000
    CACC              -0.512       0.095      0.000      -0.674      -0.302      *

 CASC     WITH
    CACC               0.000       0.000      1.000       0.000       0.000

 CHAGE    WITH
    NEGSX              0.351       0.114      0.002       0.109       0.553      *

 Means
    NEGSX              0.822       0.146      0.000       0.540       1.108      *
    CHAGE              4.651       0.433      0.000       3.821       5.522      *

 Intercepts
    CHSC               2.892       0.569      0.000       1.672       3.906      *
    CHCC               0.588       0.165      0.000       0.255       0.901      *
    CASC              -0.100       0.491      0.421      -1.001       0.921
    CACC              -0.982       0.281      0.000      -1.524      -0.420      *

 Variances
    NEGSX              1.000       0.000      0.000       1.000       1.000
    CHAGE              1.000       0.000      0.000       1.000       1.000

 Residual Variances
    CHSC               0.971       0.043      0.000       0.846       1.000      *
    CHCC               0.849       0.081      0.000       0.665       0.975      *
    CASC               0.914       0.059      0.000       0.769       0.992      *
    CACC               0.908       0.063      0.000       0.748       0.984      *


STD Standardization

                                Posterior  One-Tailed         95% C.I.
                    Estimate       S.D.      P-Value   Lower 2.5%  Upper 2.5%  Significance
 CHSC       ON
    NEGSX              0.000       0.000      1.000       0.000       0.000
    CHAGE             -0.057       0.041      0.082      -0.138       0.025

 CHCC       ON
    NEGSX             -0.716       0.228      0.001      -1.164      -0.268      *
    CHAGE             -0.057       0.041      0.082      -0.138       0.025

 CASC       ON
    NEGSX              0.000       0.000      1.000       0.000       0.000
    CHAGE              0.138       0.049      0.003       0.040       0.234      *

 CACC       ON
    NEGSX              0.171       0.106      0.053      -0.037       0.379
    CHAGE              0.138       0.049      0.003       0.040       0.234      *

 CHSC     WITH
    CHCC               0.000       0.000      1.000       0.000       0.000
    CASC               0.000       0.000      1.000       0.000       0.000
    CACC               0.000       0.000      1.000       0.000       0.000

 CHCC     WITH
    CASC               0.000       0.000      1.000       0.000       0.000
    CACC             -13.166       3.941      0.000     -22.401      -6.950      *

 CASC     WITH
    CACC               0.000       0.000      1.000       0.000       0.000

 CHAGE    WITH
    NEGSX              6.098       2.534      0.002       1.798      11.827      *

 Means
    NEGSX              3.564       0.546      0.000       2.488       4.631      *
    CHAGE             18.929       0.498      0.000      17.948      19.911      *

 Intercepts
    CHSC               3.974       0.801      0.000       2.391       5.542      *
    CHCC               4.878       1.433      0.000       2.093       7.702      *
    CASC              -0.191       0.958      0.421      -2.067       1.704
    CACC              -3.567       1.037      0.000      -5.582      -1.517      *

 Variances
    NEGSX             18.792       3.656      0.000      13.320      27.547      *
    CHAGE             16.567       3.142      0.000      11.895      24.123      *

 Residual Variances
    CHSC               1.830       0.343      0.000       1.314       2.659      *
    CHCC              57.701      10.961      0.000      41.248      83.945      *
    CASC               3.312       0.616      0.000       2.396       4.806      *
    CACC              11.752       2.234      0.000       8.478      17.182      *


R-SQUARE

                                Posterior  One-Tailed         95% C.I.
    Variable        Estimate       S.D.      P-Value   Lower 2.5%  Upper 2.5%

    CHSC               0.029       0.043      0.000       0.000       0.154
    CHCC               0.151       0.081      0.000       0.025       0.335
    CASC               0.086       0.059      0.000       0.007       0.231
    CACC               0.092       0.063      0.000       0.016       0.252


     Beginning Time:  13:42:47
        Ending Time:  13:42:50
       Elapsed Time:  00:00:03



MUTHEN & MUTHEN
3463 Stoner Ave.
Los Angeles, CA  90066

Tel: (310) 391-9971
Fax: (310) 391-8971
Web: www.StatModel.com
Support: Support@StatModel.com

Copyright (c) 1998-2018 Muthen & Muthen
