Mplus VERSION 8.2 (Mac)
MUTHEN & MUTHEN
08/28/2024   1:39 PM

INPUT INSTRUCTIONS

  TITLE:
  Testing
  DATA:
  FILE = "pos_sx_model_w_age_pos.dat";

  VARIABLE:
  NAMES = chsc chcc casc cacc possx chage;
   MISSING=.;

  ANALYSIS:
  ESTIMATOR=BAYES; PROCESSORS = 2;BITERATIONS = (49000)
  MODEL:
  chsc ON possx@0;
  chsc ON chage* (b);
  chcc ON possx;
  chcc ON chage* (b);
  casc ON possx* (a);
  casc ON chage* (c);
  cacc ON possx* (a);
  cacc ON chage* (c);
  chsc WITH chcc@0;
  chsc WITH casc@0;
  chsc WITH cacc@0;
  chcc WITH casc@0;
  chcc WITH cacc;
  casc WITH cacc@0;
  chsc WITH chsc;
  chcc WITH chcc;
  casc WITH casc;
  cacc WITH cacc;
  possx WITH possx;
  chage WITH chage;
  [chsc];
  [chcc];
  [casc];
  [cacc];
  [possx];
  [chage];

  OUTPUT:
  STANDARDIZED;



INPUT READING TERMINATED NORMALLY




Testing

SUMMARY OF ANALYSIS

Number of groups                                                 1
Number of observations                                          68

Number of dependent variables                                    4
Number of independent variables                                  2
Number of continuous latent variables                            0

Observed dependent variables

  Continuous
   CHSC        CHCC        CASC        CACC

Observed independent variables
   POSSX       CHAGE


Estimator                                                    BAYES
Specifications for Bayesian Estimation
  Point estimate                                            MEDIAN
  Number of Markov chain Monte Carlo (MCMC) chains               2
  Random seed for the first chain                                0
  Starting value information                           UNPERTURBED
  Algorithm used for Markov chain Monte Carlo           GIBBS(PX1)
  Convergence criterion                                  0.500D-01
  Maximum number of iterations                               50000
  K-th iteration used for thinning                               1

Input data file(s)
  pos_sx_model_w_age_pos.dat
Input data format  FREE


SUMMARY OF DATA



COVARIANCE COVERAGE OF DATA

Minimum covariance coverage value   0.100

     Number of missing data patterns             2


     PROPORTION OF DATA PRESENT


           Covariance Coverage
              CHSC          CHCC          CASC          CACC          POSSX
              ________      ________      ________      ________      ________
 CHSC           1.000
 CHCC           1.000         1.000
 CASC           1.000         1.000         1.000
 CACC           1.000         1.000         1.000         1.000
 POSSX          0.971         0.971         0.971         0.971         0.971
 CHAGE          1.000         1.000         1.000         1.000         0.971


           Covariance Coverage
              CHAGE
              ________
 CHAGE          1.000



UNIVARIATE SAMPLE STATISTICS


     UNIVARIATE HIGHER-ORDER MOMENT DESCRIPTIVE STATISTICS

         Variable/         Mean/     Skewness/   Minimum/ % with                Percentiles
        Sample Size      Variance    Kurtosis    Maximum  Min/Max      20%/60%    40%/80%    Median

     CHSC                  2.894       0.448       0.369    1.47%       1.783      2.328      2.761
              68.000       1.755      -0.631       5.634    1.47%       2.996      4.196
     CHCC                  1.257      -0.042     -29.421    1.47%      -2.841     -0.768      0.420
              68.000      61.282       4.132      28.205    1.47%       1.592      4.969
     CASC                  2.413       3.149       0.173    1.47%       1.349      1.820      1.905
              68.000       3.393      12.255      11.915    1.47%       2.145      3.150
     CACC                 -0.360      -0.284     -12.711    1.47%      -2.128     -1.135     -0.147
              68.000      11.603       3.090      11.197    1.47%       0.295      1.861
     POSSX                 5.470       0.565       0.000   15.15%       1.000      2.000      3.000
              66.000      24.825      -1.096      16.000    3.03%       7.000     11.000
     CHAGE                18.926       0.020      12.000    2.94%      15.000     18.000     19.000
              68.000      15.186      -0.766      28.000    1.47%      20.000     22.000


THE MODEL ESTIMATION TERMINATED NORMALLY

     USE THE FBITERATIONS OPTION TO INCREASE THE NUMBER OF ITERATIONS BY A FACTOR
     OF AT LEAST TWO TO CHECK CONVERGENCE AND THAT THE PSR VALUE DOES NOT INCREASE.



MODEL FIT INFORMATION

Number of Free Parameters                              18

Bayesian Posterior Predictive Checking using Chi-Square

          95% Confidence Interval for the Difference Between
          the Observed and the Replicated Chi-Square Values

                                -20.689            19.214

          Posterior Predictive P-Value              0.511

Information Criteria

          Deviance (DIC)                         2097.774
          Estimated Number of Parameters (pD)      17.403
          Bayesian (BIC)                         2138.134



MODEL RESULTS

                                Posterior  One-Tailed         95% C.I.
                    Estimate       S.D.      P-Value   Lower 2.5%  Upper 2.5%  Significance

 CHSC       ON
    POSSX              0.000       0.000      1.000       0.000       0.000
    CHAGE             -0.056       0.042      0.090      -0.137       0.027

 CHCC       ON
    POSSX             -0.409       0.172      0.010      -0.747      -0.067      *
    CHAGE             -0.056       0.042      0.090      -0.137       0.027

 CASC       ON
    POSSX              0.065       0.044      0.069      -0.021       0.153
    CHAGE              0.116       0.054      0.015       0.010       0.221      *

 CACC       ON
    POSSX              0.065       0.044      0.069      -0.021       0.153
    CHAGE              0.116       0.054      0.015       0.010       0.221      *

 CHSC     WITH
    CHCC               0.000       0.000      1.000       0.000       0.000
    CASC               0.000       0.000      1.000       0.000       0.000
    CACC               0.000       0.000      1.000       0.000       0.000

 CHCC     WITH
    CASC               0.000       0.000      1.000       0.000       0.000
    CACC             -13.516       4.004      0.000     -22.836      -7.119      *

 CASC     WITH
    CACC               0.000       0.000      1.000       0.000       0.000

 CHAGE    WITH
    POSSX              9.207       3.078      0.000       4.224      16.292      *

 Means
    POSSX              5.510       0.643      0.000       4.252       6.780      *
    CHAGE             18.928       0.502      0.000      17.938      19.907      *

 Intercepts
    CHSC               3.953       0.807      0.000       2.351       5.531      *
    CHCC               4.572       1.523      0.002       1.579       7.547      *
    CASC              -0.128       0.968      0.446      -2.054       1.764
    CACC              -2.900       1.031      0.002      -4.930      -0.872      *

 Variances
    POSSX             26.988       5.131      0.000      19.326      39.254      *
    CHAGE             16.573       3.138      0.000      11.885      24.111      *

 Residual Variances
    CHSC               1.828       0.342      0.000       1.315       2.647      *
    CHCC              60.336      11.507      0.000      43.153      87.920      *
    CASC               3.334       0.625      0.000       2.392       4.826      *
    CACC              11.815       2.224      0.000       8.497      17.176      *


STANDARDIZED MODEL RESULTS


STDYX Standardization

                                Posterior  One-Tailed         95% C.I.
                    Estimate       S.D.      P-Value   Lower 2.5%  Upper 2.5%  Significance
 CHSC       ON
    POSSX              0.000       0.000      1.000       0.000       0.000
    CHAGE             -0.167       0.120      0.090      -0.391       0.078

 CHCC       ON
    POSSX             -0.262       0.108      0.010      -0.464      -0.042      *
    CHAGE             -0.028       0.021      0.090      -0.071       0.013

 CASC       ON
    POSSX              0.172       0.113      0.069      -0.057       0.388
    CHAGE              0.239       0.109      0.015       0.021       0.446      *

 CACC       ON
    POSSX              0.095       0.067      0.069      -0.031       0.233
    CHAGE              0.133       0.064      0.015       0.012       0.263      *

 CHSC     WITH
    CHCC               0.000       0.000      1.000       0.000       0.000
    CASC               0.000       0.000      1.000       0.000       0.000
    CACC               0.000       0.000      1.000       0.000       0.000

 CHCC     WITH
    CASC               0.000       0.000      1.000       0.000       0.000
    CACC              -0.513       0.095      0.000      -0.672      -0.304      *

 CASC     WITH
    CACC               0.000       0.000      1.000       0.000       0.000

 CHAGE    WITH
    POSSX              0.442       0.102      0.000       0.219       0.620      *

 Means
    POSSX              1.062       0.155      0.000       0.760       1.366      *
    CHAGE              4.653       0.434      0.000       3.818       5.513      *

 Intercepts
    CHSC               2.881       0.576      0.000       1.652       3.899      *
    CHCC               0.561       0.184      0.002       0.192       0.910      *
    CASC              -0.065       0.483      0.446      -0.965       0.922
    CACC              -0.822       0.294      0.002      -1.402      -0.248      *

 Variances
    POSSX              1.000       0.000      0.000       1.000       1.000
    CHAGE              1.000       0.000      0.000       1.000       1.000

 Residual Variances
    CHSC               0.972       0.042      0.000       0.847       1.000      *
    CHCC               0.924       0.059      0.000       0.773       0.996      *
    CASC               0.867       0.067      0.000       0.711       0.970      *
    CACC               0.959       0.026      0.000       0.890       0.992      *


STDY Standardization

                                Posterior  One-Tailed         95% C.I.
                    Estimate       S.D.      P-Value   Lower 2.5%  Upper 2.5%  Significance
 CHSC       ON
    POSSX              0.000       0.000      1.000       0.000       0.000
    CHAGE             -0.167       0.120      0.090      -0.391       0.078

 CHCC       ON
    POSSX             -0.262       0.108      0.010      -0.464      -0.042      *
    CHAGE             -0.028       0.021      0.090      -0.071       0.013

 CASC       ON
    POSSX              0.172       0.113      0.069      -0.057       0.388
    CHAGE              0.239       0.109      0.015       0.021       0.446      *

 CACC       ON
    POSSX              0.095       0.067      0.069      -0.031       0.233
    CHAGE              0.133       0.064      0.015       0.012       0.263      *

 CHSC     WITH
    CHCC               0.000       0.000      1.000       0.000       0.000
    CASC               0.000       0.000      1.000       0.000       0.000
    CACC               0.000       0.000      1.000       0.000       0.000

 CHCC     WITH
    CASC               0.000       0.000      1.000       0.000       0.000
    CACC              -0.513       0.095      0.000      -0.672      -0.304      *

 CASC     WITH
    CACC               0.000       0.000      1.000       0.000       0.000

 CHAGE    WITH
    POSSX              0.442       0.102      0.000       0.219       0.620      *

 Means
    POSSX              1.062       0.155      0.000       0.760       1.366      *
    CHAGE              4.653       0.434      0.000       3.818       5.513      *

 Intercepts
    CHSC               2.881       0.576      0.000       1.652       3.899      *
    CHCC               0.561       0.184      0.002       0.192       0.910      *
    CASC              -0.065       0.483      0.446      -0.965       0.922
    CACC              -0.822       0.294      0.002      -1.402      -0.248      *

 Variances
    POSSX              1.000       0.000      0.000       1.000       1.000
    CHAGE              1.000       0.000      0.000       1.000       1.000

 Residual Variances
    CHSC               0.972       0.042      0.000       0.847       1.000      *
    CHCC               0.924       0.059      0.000       0.773       0.996      *
    CASC               0.867       0.067      0.000       0.711       0.970      *
    CACC               0.959       0.026      0.000       0.890       0.992      *


STD Standardization

                                Posterior  One-Tailed         95% C.I.
                    Estimate       S.D.      P-Value   Lower 2.5%  Upper 2.5%  Significance
 CHSC       ON
    POSSX              0.000       0.000      1.000       0.000       0.000
    CHAGE             -0.056       0.042      0.090      -0.137       0.027

 CHCC       ON
    POSSX             -0.409       0.172      0.010      -0.747      -0.067      *
    CHAGE             -0.056       0.042      0.090      -0.137       0.027

 CASC       ON
    POSSX              0.065       0.044      0.069      -0.021       0.153
    CHAGE              0.116       0.054      0.015       0.010       0.221      *

 CACC       ON
    POSSX              0.065       0.044      0.069      -0.021       0.153
    CHAGE              0.116       0.054      0.015       0.010       0.221      *

 CHSC     WITH
    CHCC               0.000       0.000      1.000       0.000       0.000
    CASC               0.000       0.000      1.000       0.000       0.000
    CACC               0.000       0.000      1.000       0.000       0.000

 CHCC     WITH
    CASC               0.000       0.000      1.000       0.000       0.000
    CACC             -13.516       4.004      0.000     -22.836      -7.119      *

 CASC     WITH
    CACC               0.000       0.000      1.000       0.000       0.000

 CHAGE    WITH
    POSSX              9.207       3.078      0.000       4.224      16.292      *

 Means
    POSSX              5.510       0.643      0.000       4.252       6.780      *
    CHAGE             18.928       0.502      0.000      17.938      19.907      *

 Intercepts
    CHSC               3.953       0.807      0.000       2.351       5.531      *
    CHCC               4.572       1.523      0.002       1.579       7.547      *
    CASC              -0.128       0.968      0.446      -2.054       1.764
    CACC              -2.900       1.031      0.002      -4.930      -0.872      *

 Variances
    POSSX             26.988       5.131      0.000      19.326      39.254      *
    CHAGE             16.573       3.138      0.000      11.885      24.111      *

 Residual Variances
    CHSC               1.828       0.342      0.000       1.315       2.647      *
    CHCC              60.336      11.507      0.000      43.153      87.920      *
    CASC               3.334       0.625      0.000       2.392       4.826      *
    CACC              11.815       2.224      0.000       8.497      17.176      *


R-SQUARE

                                Posterior  One-Tailed         95% C.I.
    Variable        Estimate       S.D.      P-Value   Lower 2.5%  Upper 2.5%

    CHSC               0.028       0.042      0.000       0.000       0.153
    CHCC               0.076       0.059      0.000       0.004       0.227
    CASC               0.133       0.067      0.000       0.030       0.289
    CACC               0.041       0.026      0.000       0.008       0.110


     Beginning Time:  13:39:21
        Ending Time:  13:39:24
       Elapsed Time:  00:00:03



MUTHEN & MUTHEN
3463 Stoner Ave.
Los Angeles, CA  90066

Tel: (310) 391-9971
Fax: (310) 391-8971
Web: www.StatModel.com
Support: Support@StatModel.com

Copyright (c) 1998-2018 Muthen & Muthen
