Mplus VERSION 8.2 (Mac)
MUTHEN & MUTHEN
08/28/2024   2:08 PM

INPUT INSTRUCTIONS

  TITLE:
  Testing
  DATA:
  FILE = "pos_sx_model_w_age_neu.dat";

  VARIABLE:
  NAMES = chsc chcc casc cacc possx chage;
   MISSING=.;

  ANALYSIS:
  ESTIMATOR=BAYES; PROCESSORS = 2;BITERATIONS = (49000)
  MODEL:
  chsc ON possx* (a);
  chsc ON chage* (b);
  chcc ON possx;
  chcc ON chage* (b);
  casc ON possx* (a);
  casc ON chage* (c);
  cacc ON possx* (a);
  cacc ON chage* (c);
  chsc WITH chcc;
  chsc WITH casc;
  chsc WITH cacc;
  chcc WITH casc;
  chcc WITH cacc;
  casc WITH cacc;
  chsc WITH chsc;
  chcc WITH chcc;
  casc WITH casc;
  cacc WITH cacc;
  possx WITH possx;

  chage WITH chage;
  [chsc];
  [chcc];
  [casc];
  [cacc];
  [possx];
  [chage];

  OUTPUT:
  STANDARDIZED;



INPUT READING TERMINATED NORMALLY




Testing

SUMMARY OF ANALYSIS

Number of groups                                                 1
Number of observations                                          66

Number of dependent variables                                    4
Number of independent variables                                  2
Number of continuous latent variables                            0

Observed dependent variables

  Continuous
   CHSC        CHCC        CASC        CACC

Observed independent variables
   POSSX       CHAGE


Estimator                                                    BAYES
Specifications for Bayesian Estimation
  Point estimate                                            MEDIAN
  Number of Markov chain Monte Carlo (MCMC) chains               2
  Random seed for the first chain                                0
  Starting value information                           UNPERTURBED
  Algorithm used for Markov chain Monte Carlo           GIBBS(PX1)
  Convergence criterion                                  0.500D-01
  Maximum number of iterations                               50000
  K-th iteration used for thinning                               1

Input data file(s)
  pos_sx_model_w_age_neu.dat
Input data format  FREE


SUMMARY OF DATA



COVARIANCE COVERAGE OF DATA

Minimum covariance coverage value   0.100

     Number of missing data patterns             2


     PROPORTION OF DATA PRESENT


           Covariance Coverage
              CHSC          CHCC          CASC          CACC          POSSX
              ________      ________      ________      ________      ________
 CHSC           1.000
 CHCC           1.000         1.000
 CASC           1.000         1.000         1.000
 CACC           1.000         1.000         1.000         1.000
 POSSX          0.970         0.970         0.970         0.970         0.970
 CHAGE          1.000         1.000         1.000         1.000         0.970


           Covariance Coverage
              CHAGE
              ________
 CHAGE          1.000



UNIVARIATE SAMPLE STATISTICS


     UNIVARIATE HIGHER-ORDER MOMENT DESCRIPTIVE STATISTICS

         Variable/         Mean/     Skewness/   Minimum/ % with                Percentiles
        Sample Size      Variance    Kurtosis    Maximum  Min/Max      20%/60%    40%/80%    Median

     CHSC                  2.895       0.274       0.447    1.52%       1.734      2.413      2.774
              66.000       1.467      -0.805       5.513    1.52%       3.088      4.142
     CHCC                 -0.328      -0.633     -22.430    1.52%      -5.060     -1.160      0.313
              66.000      40.832       1.276      13.391    1.52%       0.944      4.127
     CASC                  2.413       1.908       0.404    1.52%       1.260      1.913      2.146
              66.000       1.925       5.751       8.754    1.52%       2.491      3.181
     CACC                 -0.418       0.573      -9.135    1.52%      -2.708     -0.544     -0.211
              66.000      14.653       4.300      15.933    1.52%       0.437      1.111
     POSSX                 5.312       0.638       0.000   15.62%       1.000      2.000      3.000
              64.000      25.152      -1.034      16.000    3.12%       5.000     11.000
     CHAGE                18.818       0.042      12.000    4.55%      14.000     17.000     19.000
              66.000      16.058      -0.846      28.000    1.52%      20.000     22.000


THE MODEL ESTIMATION TERMINATED NORMALLY

     USE THE FBITERATIONS OPTION TO INCREASE THE NUMBER OF ITERATIONS BY A FACTOR
     OF AT LEAST TWO TO CHECK CONVERGENCE AND THAT THE PSR VALUE DOES NOT INCREASE.



MODEL FIT INFORMATION

Number of Free Parameters                              23

Bayesian Posterior Predictive Checking using Chi-Square

          95% Confidence Interval for the Difference Between
          the Observed and the Replicated Chi-Square Values

                                -18.278            23.910

          Posterior Predictive P-Value              0.411

Information Criteria

          Deviance (DIC)                         1955.549
          Estimated Number of Parameters (pD)      20.719
          Bayesian (BIC)                         2009.296



MODEL RESULTS

                                Posterior  One-Tailed         95% C.I.
                    Estimate       S.D.      P-Value   Lower 2.5%  Upper 2.5%  Significance

 CHSC       ON
    POSSX              0.039       0.030      0.090      -0.019       0.098
    CHAGE             -0.080       0.037      0.017      -0.153      -0.006      *

 CHCC       ON
    POSSX             -0.308       0.133      0.010      -0.571      -0.048      *
    CHAGE             -0.080       0.037      0.017      -0.153      -0.006      *

 CASC       ON
    POSSX              0.039       0.030      0.090      -0.019       0.098
    CHAGE              0.051       0.043      0.116      -0.034       0.134

 CACC       ON
    POSSX              0.039       0.030      0.090      -0.019       0.098
    CHAGE              0.051       0.043      0.116      -0.034       0.134

 CHSC     WITH
    CHCC              -3.293       1.298      0.001      -6.296      -1.137      *
    CASC               0.414       0.284      0.053      -0.091       1.039
    CACC               2.726       0.854      0.000       1.395       4.734      *

 CHCC     WITH
    CASC               0.523       1.381      0.340      -2.147       3.363
    CACC             -15.948       4.364      0.000     -26.475      -9.274      *

 CASC     WITH
    CACC              -0.674       0.861      0.202      -2.476       0.944

 CHAGE    WITH
    POSSX              9.829       3.271      0.000       4.563      17.385      *

 Means
    POSSX              5.360       0.658      0.000       4.065       6.666      *
    CHAGE             18.817       0.525      0.000      17.786      19.854      *

 Intercepts
    CHSC               4.180       0.683      0.000       2.850       5.524      *
    CHCC               2.835       1.251      0.012       0.373       5.258      *
    CASC               1.250       0.786      0.055      -0.296       2.806
    CACC              -1.575       0.920      0.043      -3.373       0.230

 Variances
    POSSX             27.444       5.342      0.000      19.497      40.202      *
    CHAGE             17.594       3.386      0.000      12.546      25.756      *

 Residual Variances
    CHSC               1.728       0.350      0.000       1.212       2.577      *
    CHCC              42.030       8.491      0.000      29.548      62.411      *
    CASC               2.250       0.451      0.000       1.583       3.338      *
    CACC              16.516       3.308      0.000      11.638      24.553      *


STANDARDIZED MODEL RESULTS


STDYX Standardization

                                Posterior  One-Tailed         95% C.I.
                    Estimate       S.D.      P-Value   Lower 2.5%  Upper 2.5%  Significance
 CHSC       ON
    POSSX              0.150       0.113      0.090      -0.073       0.375
    CHAGE             -0.246       0.111      0.017      -0.453      -0.019      *

 CHCC       ON
    POSSX             -0.239       0.102      0.010      -0.436      -0.037      *
    CHAGE             -0.049       0.024      0.017      -0.099      -0.004      *

 CASC       ON
    POSSX              0.131       0.098      0.090      -0.066       0.324
    CHAGE              0.137       0.113      0.116      -0.091       0.351

 CACC       ON
    POSSX              0.050       0.039      0.090      -0.024       0.131
    CHAGE              0.052       0.045      0.116      -0.034       0.143

 CHSC     WITH
    CHCC              -0.393       0.114      0.001      -0.593      -0.145      *
    CASC               0.214       0.127      0.053      -0.046       0.449
    CACC               0.518       0.099      0.000       0.298       0.685      *

 CHCC     WITH
    CASC               0.055       0.133      0.340      -0.208       0.311
    CACC              -0.612       0.085      0.000      -0.752      -0.421      *

 CASC     WITH
    CACC              -0.113       0.131      0.202      -0.360       0.150

 CHAGE    WITH
    POSSX              0.454       0.103      0.000       0.230       0.631      *

 Means
    POSSX              1.024       0.155      0.000       0.722       1.328      *
    CHAGE              4.487       0.427      0.000       3.672       5.346      *

 Intercepts
    CHSC               3.076       0.487      0.000       2.050       3.968      *
    CHCC               0.419       0.183      0.012       0.055       0.767      *
    CASC               0.807       0.521      0.055      -0.176       1.868
    CACC              -0.384       0.229      0.043      -0.839       0.055

 Variances
    POSSX              1.000       0.000      0.000       1.000       1.000
    CHAGE              1.000       0.000      0.000       1.000       1.000

 Residual Variances
    CHSC               0.939       0.047      0.000       0.818       0.994      *
    CHCC               0.929       0.055      0.000       0.787       0.994      *
    CASC               0.939       0.049      0.000       0.812       0.995      *
    CACC               0.991       0.009      0.000       0.967       0.999      *


STDY Standardization

                                Posterior  One-Tailed         95% C.I.
                    Estimate       S.D.      P-Value   Lower 2.5%  Upper 2.5%  Significance
 CHSC       ON
    POSSX              0.150       0.113      0.090      -0.073       0.375
    CHAGE             -0.246       0.111      0.017      -0.453      -0.019      *

 CHCC       ON
    POSSX             -0.239       0.102      0.010      -0.436      -0.037      *
    CHAGE             -0.049       0.024      0.017      -0.099      -0.004      *

 CASC       ON
    POSSX              0.131       0.098      0.090      -0.066       0.324
    CHAGE              0.137       0.113      0.116      -0.091       0.351

 CACC       ON
    POSSX              0.050       0.039      0.090      -0.024       0.131
    CHAGE              0.052       0.045      0.116      -0.034       0.143

 CHSC     WITH
    CHCC              -0.393       0.114      0.001      -0.593      -0.145      *
    CASC               0.214       0.127      0.053      -0.046       0.449
    CACC               0.518       0.099      0.000       0.298       0.685      *

 CHCC     WITH
    CASC               0.055       0.133      0.340      -0.208       0.311
    CACC              -0.612       0.085      0.000      -0.752      -0.421      *

 CASC     WITH
    CACC              -0.113       0.131      0.202      -0.360       0.150

 CHAGE    WITH
    POSSX              0.454       0.103      0.000       0.230       0.631      *

 Means
    POSSX              1.024       0.155      0.000       0.722       1.328      *
    CHAGE              4.487       0.427      0.000       3.672       5.346      *

 Intercepts
    CHSC               3.076       0.487      0.000       2.050       3.968      *
    CHCC               0.419       0.183      0.012       0.055       0.767      *
    CASC               0.807       0.521      0.055      -0.176       1.868
    CACC              -0.384       0.229      0.043      -0.839       0.055

 Variances
    POSSX              1.000       0.000      0.000       1.000       1.000
    CHAGE              1.000       0.000      0.000       1.000       1.000

 Residual Variances
    CHSC               0.939       0.047      0.000       0.818       0.994      *
    CHCC               0.929       0.055      0.000       0.787       0.994      *
    CASC               0.939       0.049      0.000       0.812       0.995      *
    CACC               0.991       0.009      0.000       0.967       0.999      *


STD Standardization

                                Posterior  One-Tailed         95% C.I.
                    Estimate       S.D.      P-Value   Lower 2.5%  Upper 2.5%  Significance
 CHSC       ON
    POSSX              0.039       0.030      0.090      -0.019       0.098
    CHAGE             -0.080       0.037      0.017      -0.153      -0.006      *

 CHCC       ON
    POSSX             -0.308       0.133      0.010      -0.571      -0.048      *
    CHAGE             -0.080       0.037      0.017      -0.153      -0.006      *

 CASC       ON
    POSSX              0.039       0.030      0.090      -0.019       0.098
    CHAGE              0.051       0.043      0.116      -0.034       0.134

 CACC       ON
    POSSX              0.039       0.030      0.090      -0.019       0.098
    CHAGE              0.051       0.043      0.116      -0.034       0.134

 CHSC     WITH
    CHCC              -3.293       1.298      0.001      -6.296      -1.137      *
    CASC               0.414       0.284      0.053      -0.091       1.039
    CACC               2.726       0.854      0.000       1.395       4.734      *

 CHCC     WITH
    CASC               0.523       1.381      0.340      -2.147       3.363
    CACC             -15.948       4.364      0.000     -26.475      -9.274      *

 CASC     WITH
    CACC              -0.674       0.861      0.202      -2.476       0.944

 CHAGE    WITH
    POSSX              9.829       3.271      0.000       4.563      17.385      *

 Means
    POSSX              5.360       0.658      0.000       4.065       6.666      *
    CHAGE             18.817       0.525      0.000      17.786      19.854      *

 Intercepts
    CHSC               4.180       0.683      0.000       2.850       5.524      *
    CHCC               2.835       1.251      0.012       0.373       5.258      *
    CASC               1.250       0.786      0.055      -0.296       2.806
    CACC              -1.575       0.920      0.043      -3.373       0.230

 Variances
    POSSX             27.444       5.342      0.000      19.497      40.202      *
    CHAGE             17.594       3.386      0.000      12.546      25.756      *

 Residual Variances
    CHSC               1.728       0.350      0.000       1.212       2.577      *
    CHCC              42.030       8.491      0.000      29.548      62.411      *
    CASC               2.250       0.451      0.000       1.583       3.338      *
    CACC              16.516       3.308      0.000      11.638      24.553      *


R-SQUARE

                                Posterior  One-Tailed         95% C.I.
    Variable        Estimate       S.D.      P-Value   Lower 2.5%  Upper 2.5%

    CHSC               0.061       0.047      0.000       0.006       0.182
    CHCC               0.071       0.055      0.000       0.006       0.213
    CASC               0.061       0.049      0.000       0.005       0.188
    CACC               0.009       0.009      0.000       0.001       0.033


     Beginning Time:  14:08:36
        Ending Time:  14:08:39
       Elapsed Time:  00:00:03



MUTHEN & MUTHEN
3463 Stoner Ave.
Los Angeles, CA  90066

Tel: (310) 391-9971
Fax: (310) 391-8971
Web: www.StatModel.com
Support: Support@StatModel.com

Copyright (c) 1998-2018 Muthen & Muthen
