Mplus VERSION 8.2 (Mac)
MUTHEN & MUTHEN
01/24/2024   1:15 PM

INPUT INSTRUCTIONS

  TITLE:
  Testing
  DATA:
  FILE = "pos_sx_model_pos.dat";

  VARIABLE:
  NAMES = chsc chcc casc cacc possx;
   MISSING=.;

  ANALYSIS:
  ESTIMATOR=BAYES; PROCESSORS = 2;BITERATIONS = (49000)
  MODEL:
  chsc ON possx@0;
  chcc ON possx;
  casc ON possx* (a);
  cacc ON possx* (a);
  chsc WITH chcc@0;
  chsc WITH casc@0;
  chsc WITH cacc@0;
  chcc WITH casc@0;
  chcc WITH cacc;
  casc WITH cacc@0;
  chsc WITH chsc;
  chcc WITH chcc;
  casc WITH casc;
  cacc WITH cacc;
  possx WITH possx;
  [chsc];
  [chcc];
  [casc];
  [cacc];
  [possx];

  OUTPUT:
  STANDARDIZED;



INPUT READING TERMINATED NORMALLY




Testing

SUMMARY OF ANALYSIS

Number of groups                                                 1
Number of observations                                          68

Number of dependent variables                                    4
Number of independent variables                                  1
Number of continuous latent variables                            0

Observed dependent variables

  Continuous
   CHSC        CHCC        CASC        CACC

Observed independent variables
   POSSX


Estimator                                                    BAYES
Specifications for Bayesian Estimation
  Point estimate                                            MEDIAN
  Number of Markov chain Monte Carlo (MCMC) chains               2
  Random seed for the first chain                                0
  Starting value information                           UNPERTURBED
  Algorithm used for Markov chain Monte Carlo           GIBBS(PX1)
  Convergence criterion                                  0.500D-01
  Maximum number of iterations                               50000
  K-th iteration used for thinning                               1

Input data file(s)
  pos_sx_model_pos.dat
Input data format  FREE


SUMMARY OF DATA



COVARIANCE COVERAGE OF DATA

Minimum covariance coverage value   0.100

     Number of missing data patterns             2


     PROPORTION OF DATA PRESENT


           Covariance Coverage
              CHSC          CHCC          CASC          CACC          POSSX
              ________      ________      ________      ________      ________
 CHSC           1.000
 CHCC           1.000         1.000
 CASC           1.000         1.000         1.000
 CACC           1.000         1.000         1.000         1.000
 POSSX          0.971         0.971         0.971         0.971         0.971



UNIVARIATE SAMPLE STATISTICS


     UNIVARIATE HIGHER-ORDER MOMENT DESCRIPTIVE STATISTICS

         Variable/         Mean/     Skewness/   Minimum/ % with                Percentiles
        Sample Size      Variance    Kurtosis    Maximum  Min/Max      20%/60%    40%/80%    Median

     CHSC                  2.894       0.448       0.369    1.47%       1.783      2.328      2.761
              68.000       1.755      -0.631       5.634    1.47%       2.996      4.196
     CHCC                  1.257      -0.042     -29.421    1.47%      -2.841     -0.768      0.420
              68.000      61.282       4.132      28.205    1.47%       1.592      4.969
     CASC                  2.413       3.149       0.173    1.47%       1.349      1.820      1.905
              68.000       3.393      12.255      11.915    1.47%       2.145      3.150
     CACC                 -0.360      -0.284     -12.711    1.47%      -2.128     -1.135     -0.147
              68.000      11.603       3.090      11.197    1.47%       0.295      1.861
     POSSX                 5.470       0.565       0.000   15.15%       1.000      2.000      3.000
              66.000      24.825      -1.096      16.000    3.03%       7.000     11.000


THE MODEL ESTIMATION TERMINATED NORMALLY

     USE THE FBITERATIONS OPTION TO INCREASE THE NUMBER OF ITERATIONS BY A FACTOR
     OF AT LEAST TWO TO CHECK CONVERGENCE AND THAT THE PSR VALUE DOES NOT INCREASE.



MODEL FIT INFORMATION

Number of Free Parameters                              13

Bayesian Posterior Predictive Checking using Chi-Square

          95% Confidence Interval for the Difference Between
          the Observed and the Replicated Chi-Square Values

                                -15.603            18.475

          Posterior Predictive P-Value              0.403

Information Criteria

          Deviance (DIC)                         1730.012
          Estimated Number of Parameters (pD)      12.429
          Bayesian (BIC)                         1759.469



MODEL RESULTS

                                Posterior  One-Tailed         95% C.I.
                    Estimate       S.D.      P-Value   Lower 2.5%  Upper 2.5%  Significance

 CHSC       ON
    POSSX              0.000       0.000      1.000       0.000       0.000

 CHCC       ON
    POSSX             -0.423       0.172      0.008      -0.763      -0.086      *

 CASC       ON
    POSSX              0.105       0.041      0.005       0.026       0.185      *

 CACC       ON
    POSSX              0.105       0.041      0.005       0.026       0.185      *

 CHSC     WITH
    CHCC               0.000       0.000      1.000       0.000       0.000
    CASC               0.000       0.000      1.000       0.000       0.000
    CACC               0.000       0.000      1.000       0.000       0.000

 CHCC     WITH
    CASC               0.000       0.000      1.000       0.000       0.000
    CACC             -13.457       4.034      0.000     -22.900      -7.126      *

 CASC     WITH
    CACC               0.000       0.000      1.000       0.000       0.000

 Means
    POSSX              5.477       0.634      0.000       4.221       6.714      *

 Intercepts
    CHSC               2.895       0.166      0.000       2.568       3.221      *
    CHCC               3.590       1.345      0.005       0.896       6.201      *
    CASC               1.839       0.319      0.000       1.214       2.461      *
    CACC              -0.933       0.479      0.027      -1.867       0.020

 Variances
    POSSX             26.158       4.883      0.000      18.802      37.856      *

 Residual Variances
    CHSC               1.859       0.342      0.000       1.340       2.678      *
    CHCC              60.326      11.489      0.000      43.157      87.891      *
    CASC               3.490       0.646      0.000       2.511       5.025      *
    CACC              11.888       2.256      0.000       8.479      17.312      *


STANDARDIZED MODEL RESULTS


STDYX Standardization

                                Posterior  One-Tailed         95% C.I.
                    Estimate       S.D.      P-Value   Lower 2.5%  Upper 2.5%  Significance
 CHSC       ON
    POSSX              0.000       0.000      1.000       0.000       0.000

 CHCC       ON
    POSSX             -0.268       0.106      0.008      -0.470      -0.054      *

 CASC       ON
    POSSX              0.275       0.101      0.005       0.070       0.464      *

 CACC       ON
    POSSX              0.153       0.063      0.005       0.037       0.282      *

 CHSC     WITH
    CHCC               0.000       0.000      1.000       0.000       0.000
    CASC               0.000       0.000      1.000       0.000       0.000
    CACC               0.000       0.000      1.000       0.000       0.000

 CHCC     WITH
    CASC               0.000       0.000      1.000       0.000       0.000
    CACC              -0.510       0.095      0.000      -0.672      -0.301      *

 CASC     WITH
    CACC               0.000       0.000      1.000       0.000       0.000

 Means
    POSSX              1.071       0.155      0.000       0.771       1.377      *

 Intercepts
    CHSC               2.125       0.223      0.000       1.700       2.573      *
    CHCC               0.443       0.162      0.005       0.109       0.742      *
    CASC               0.943       0.202      0.000       0.563       1.353      *
    CACC              -0.267       0.138      0.027      -0.535       0.005

 Variances
    POSSX              1.000       0.000      0.000       1.000       1.000

 Residual Variances
    CHSC               1.000       0.000      0.000       1.000       1.000
    CHCC               0.928       0.058      0.000       0.779       0.997      *
    CASC               0.924       0.056      0.000       0.785       0.995      *
    CACC               0.977       0.021      0.000       0.921       0.999      *


STDY Standardization

                                Posterior  One-Tailed         95% C.I.
                    Estimate       S.D.      P-Value   Lower 2.5%  Upper 2.5%  Significance
 CHSC       ON
    POSSX              0.000       0.000      1.000       0.000       0.000

 CHCC       ON
    POSSX             -0.268       0.106      0.008      -0.470      -0.054      *

 CASC       ON
    POSSX              0.275       0.101      0.005       0.070       0.464      *

 CACC       ON
    POSSX              0.153       0.063      0.005       0.037       0.282      *

 CHSC     WITH
    CHCC               0.000       0.000      1.000       0.000       0.000
    CASC               0.000       0.000      1.000       0.000       0.000
    CACC               0.000       0.000      1.000       0.000       0.000

 CHCC     WITH
    CASC               0.000       0.000      1.000       0.000       0.000
    CACC              -0.510       0.095      0.000      -0.672      -0.301      *

 CASC     WITH
    CACC               0.000       0.000      1.000       0.000       0.000

 Means
    POSSX              1.071       0.155      0.000       0.771       1.377      *

 Intercepts
    CHSC               2.125       0.223      0.000       1.700       2.573      *
    CHCC               0.443       0.162      0.005       0.109       0.742      *
    CASC               0.943       0.202      0.000       0.563       1.353      *
    CACC              -0.267       0.138      0.027      -0.535       0.005

 Variances
    POSSX              1.000       0.000      0.000       1.000       1.000

 Residual Variances
    CHSC               1.000       0.000      0.000       1.000       1.000
    CHCC               0.928       0.058      0.000       0.779       0.997      *
    CASC               0.924       0.056      0.000       0.785       0.995      *
    CACC               0.977       0.021      0.000       0.921       0.999      *


STD Standardization

                                Posterior  One-Tailed         95% C.I.
                    Estimate       S.D.      P-Value   Lower 2.5%  Upper 2.5%  Significance
 CHSC       ON
    POSSX              0.000       0.000      1.000       0.000       0.000

 CHCC       ON
    POSSX             -0.423       0.172      0.008      -0.763      -0.086      *

 CASC       ON
    POSSX              0.105       0.041      0.005       0.026       0.185      *

 CACC       ON
    POSSX              0.105       0.041      0.005       0.026       0.185      *

 CHSC     WITH
    CHCC               0.000       0.000      1.000       0.000       0.000
    CASC               0.000       0.000      1.000       0.000       0.000
    CACC               0.000       0.000      1.000       0.000       0.000

 CHCC     WITH
    CASC               0.000       0.000      1.000       0.000       0.000
    CACC             -13.457       4.034      0.000     -22.900      -7.126      *

 CASC     WITH
    CACC               0.000       0.000      1.000       0.000       0.000

 Means
    POSSX              5.477       0.634      0.000       4.221       6.714      *

 Intercepts
    CHSC               2.895       0.166      0.000       2.568       3.221      *
    CHCC               3.590       1.345      0.005       0.896       6.201      *
    CASC               1.839       0.319      0.000       1.214       2.461      *
    CACC              -0.933       0.479      0.027      -1.867       0.020

 Variances
    POSSX             26.158       4.883      0.000      18.802      37.856      *

 Residual Variances
    CHSC               1.859       0.342      0.000       1.340       2.678      *
    CHCC              60.326      11.489      0.000      43.157      87.891      *
    CASC               3.490       0.646      0.000       2.511       5.025      *
    CACC              11.888       2.256      0.000       8.479      17.312      *


R-SQUARE

                                Posterior  One-Tailed         95% C.I.
    Variable        Estimate       S.D.      P-Value   Lower 2.5%  Upper 2.5%

    CHSC               0.000       0.000      1.000       0.000       0.000
    CHCC               0.072       0.058      0.000       0.003       0.221
    CASC               0.076       0.056      0.000       0.005       0.215
    CACC               0.023       0.021      0.000       0.001       0.079


     Beginning Time:  13:15:27
        Ending Time:  13:15:29
       Elapsed Time:  00:00:02



MUTHEN & MUTHEN
3463 Stoner Ave.
Los Angeles, CA  90066

Tel: (310) 391-9971
Fax: (310) 391-8971
Web: www.StatModel.com
Support: Support@StatModel.com

Copyright (c) 1998-2018 Muthen & Muthen
