Mplus VERSION 8.2 (Mac)
MUTHEN & MUTHEN
01/24/2024  10:21 AM

INPUT INSTRUCTIONS

  TITLE:
  Testing
  DATA:
  FILE = "pos_sx_model_neg.dat";

  VARIABLE:
  NAMES = chsc chcc casc cacc possx;
   MISSING=.;

  ANALYSIS:
  ESTIMATOR=BAYES; PROCESSORS = 2;BITERATIONS = (49000)
  MODEL:
  chsc ON possx@0;
  chcc ON possx;
  casc ON possx* (a);
  cacc ON possx* (a);
  chsc WITH chcc@0;
  chsc WITH casc@0;
  chsc WITH cacc@0;
  chcc WITH casc@0;
  chcc WITH cacc;
  casc WITH cacc@0;
  chsc WITH chsc;
  chcc WITH chcc;
  casc WITH casc;
  cacc WITH cacc;
  possx WITH possx;
  [chsc];
  [chcc];
  [casc];
  [cacc];
  [possx];

  OUTPUT:
  STANDARDIZED;



INPUT READING TERMINATED NORMALLY




Testing

SUMMARY OF ANALYSIS

Number of groups                                                 1
Number of observations                                          66

Number of dependent variables                                    4
Number of independent variables                                  1
Number of continuous latent variables                            0

Observed dependent variables

  Continuous
   CHSC        CHCC        CASC        CACC

Observed independent variables
   POSSX


Estimator                                                    BAYES
Specifications for Bayesian Estimation
  Point estimate                                            MEDIAN
  Number of Markov chain Monte Carlo (MCMC) chains               2
  Random seed for the first chain                                0
  Starting value information                           UNPERTURBED
  Algorithm used for Markov chain Monte Carlo           GIBBS(PX1)
  Convergence criterion                                  0.500D-01
  Maximum number of iterations                               50000
  K-th iteration used for thinning                               1

Input data file(s)
  pos_sx_model_neg.dat
Input data format  FREE


SUMMARY OF DATA



COVARIANCE COVERAGE OF DATA

Minimum covariance coverage value   0.100

     Number of missing data patterns             2


     PROPORTION OF DATA PRESENT


           Covariance Coverage
              CHSC          CHCC          CASC          CACC          POSSX
              ________      ________      ________      ________      ________
 CHSC           1.000
 CHCC           1.000         1.000
 CASC           1.000         1.000         1.000
 CACC           1.000         1.000         1.000         1.000
 POSSX          0.970         0.970         0.970         0.970         0.970



UNIVARIATE SAMPLE STATISTICS


     UNIVARIATE HIGHER-ORDER MOMENT DESCRIPTIVE STATISTICS

         Variable/         Mean/     Skewness/   Minimum/ % with                Percentiles
        Sample Size      Variance    Kurtosis    Maximum  Min/Max      20%/60%    40%/80%    Median

     CHSC                  2.789       0.912       0.884    1.52%       1.550      2.236      2.478
              66.000       1.759       0.087       6.266    1.52%       2.723      3.726
     CHCC                  0.236      -1.642     -29.952    1.52%      -2.994     -0.412      0.428
              66.000      41.162       6.549      14.882    1.52%       0.926      4.943
     CASC                  2.423       2.400      -0.698    1.52%       1.176      1.758      2.059
              66.000       3.578       7.017      10.998    1.52%       2.213      2.720
     CACC                 -0.675      -0.840     -10.489    1.52%      -3.207     -1.126     -0.251
              66.000       6.952       1.631       4.504    1.52%       0.315      1.045
     POSSX                 5.297       0.626       0.000   17.19%       1.000      2.000      3.000
              64.000      25.084      -1.025      16.000    3.12%       5.000     11.000


THE MODEL ESTIMATION TERMINATED NORMALLY

     USE THE FBITERATIONS OPTION TO INCREASE THE NUMBER OF ITERATIONS BY A FACTOR
     OF AT LEAST TWO TO CHECK CONVERGENCE AND THAT THE PSR VALUE DOES NOT INCREASE.



MODEL FIT INFORMATION

Number of Free Parameters                              13

Bayesian Posterior Predictive Checking using Chi-Square

          95% Confidence Interval for the Difference Between
          the Observed and the Replicated Chi-Square Values

                                -11.292            22.825

          Posterior Predictive P-Value              0.218

Information Criteria

          Deviance (DIC)                         1605.875
          Estimated Number of Parameters (pD)      12.355
          Bayesian (BIC)                         1635.083



MODEL RESULTS

                                Posterior  One-Tailed         95% C.I.
                    Estimate       S.D.      P-Value   Lower 2.5%  Upper 2.5%  Significance

 CHSC       ON
    POSSX              0.000       0.000      1.000       0.000       0.000

 CHCC       ON
    POSSX             -0.377       0.134      0.003      -0.641      -0.116      *

 CASC       ON
    POSSX              0.098       0.039      0.006       0.022       0.174      *

 CACC       ON
    POSSX              0.098       0.039      0.006       0.022       0.174      *

 CHSC     WITH
    CHCC               0.000       0.000      1.000       0.000       0.000
    CASC               0.000       0.000      1.000       0.000       0.000
    CACC               0.000       0.000      1.000       0.000       0.000

 CHCC     WITH
    CASC               0.000       0.000      1.000       0.000       0.000
    CACC             -11.489       2.837      0.000     -18.243      -7.202      *

 CASC     WITH
    CACC               0.000       0.000      1.000       0.000       0.000

 Means
    POSSX              5.301       0.648      0.000       4.016       6.564      *

 Intercepts
    CHSC               2.790       0.169      0.000       2.458       3.122      *
    CHCC               2.239       1.073      0.020       0.108       4.332      *
    CASC               1.903       0.311      0.000       1.294       2.518      *
    CACC              -1.195       0.395      0.002      -1.963      -0.408      *

 Variances
    POSSX             26.459       5.029      0.000      18.936      38.574      *

 Residual Variances
    CHSC               1.866       0.350      0.000       1.339       2.705      *
    CHCC              41.232       7.955      0.000      29.415      60.528      *
    CASC               3.596       0.673      0.000       2.582       5.203      *
    CACC               7.327       1.409      0.000       5.213      10.729      *


STANDARDIZED MODEL RESULTS


STDYX Standardization

                                Posterior  One-Tailed         95% C.I.
                    Estimate       S.D.      P-Value   Lower 2.5%  Upper 2.5%  Significance
 CHSC       ON
    POSSX              0.000       0.000      1.000       0.000       0.000

 CHCC       ON
    POSSX             -0.288       0.099      0.003      -0.477      -0.088      *

 CASC       ON
    POSSX              0.256       0.098      0.006       0.059       0.442      *

 CACC       ON
    POSSX              0.182       0.073      0.006       0.042       0.329      *

 CHSC     WITH
    CHCC               0.000       0.000      1.000       0.000       0.000
    CASC               0.000       0.000      1.000       0.000       0.000
    CACC               0.000       0.000      1.000       0.000       0.000

 CHCC     WITH
    CASC               0.000       0.000      1.000       0.000       0.000
    CACC              -0.668       0.073      0.000      -0.786      -0.502      *

 CASC     WITH
    CACC               0.000       0.000      1.000       0.000       0.000

 Means
    POSSX              1.030       0.155      0.000       0.730       1.338      *

 Intercepts
    CHSC               2.043       0.220      0.000       1.623       2.486      *
    CHCC               0.332       0.154      0.020       0.016       0.618      *
    CASC               0.966       0.193      0.000       0.602       1.356      *
    CACC              -0.432       0.144      0.002      -0.711      -0.145      *

 Variances
    POSSX              1.000       0.000      0.000       1.000       1.000

 Residual Variances
    CHSC               1.000       0.000      0.000       1.000       1.000
    CHCC               0.917       0.058      0.000       0.772       0.992      *
    CASC               0.934       0.051      0.000       0.805       0.996      *
    CACC               0.967       0.028      0.000       0.891       0.998      *


STDY Standardization

                                Posterior  One-Tailed         95% C.I.
                    Estimate       S.D.      P-Value   Lower 2.5%  Upper 2.5%  Significance
 CHSC       ON
    POSSX              0.000       0.000      1.000       0.000       0.000

 CHCC       ON
    POSSX             -0.288       0.099      0.003      -0.477      -0.088      *

 CASC       ON
    POSSX              0.256       0.098      0.006       0.059       0.442      *

 CACC       ON
    POSSX              0.182       0.073      0.006       0.042       0.329      *

 CHSC     WITH
    CHCC               0.000       0.000      1.000       0.000       0.000
    CASC               0.000       0.000      1.000       0.000       0.000
    CACC               0.000       0.000      1.000       0.000       0.000

 CHCC     WITH
    CASC               0.000       0.000      1.000       0.000       0.000
    CACC              -0.668       0.073      0.000      -0.786      -0.502      *

 CASC     WITH
    CACC               0.000       0.000      1.000       0.000       0.000

 Means
    POSSX              1.030       0.155      0.000       0.730       1.338      *

 Intercepts
    CHSC               2.043       0.220      0.000       1.623       2.486      *
    CHCC               0.332       0.154      0.020       0.016       0.618      *
    CASC               0.966       0.193      0.000       0.602       1.356      *
    CACC              -0.432       0.144      0.002      -0.711      -0.145      *

 Variances
    POSSX              1.000       0.000      0.000       1.000       1.000

 Residual Variances
    CHSC               1.000       0.000      0.000       1.000       1.000
    CHCC               0.917       0.058      0.000       0.772       0.992      *
    CASC               0.934       0.051      0.000       0.805       0.996      *
    CACC               0.967       0.028      0.000       0.891       0.998      *


STD Standardization

                                Posterior  One-Tailed         95% C.I.
                    Estimate       S.D.      P-Value   Lower 2.5%  Upper 2.5%  Significance
 CHSC       ON
    POSSX              0.000       0.000      1.000       0.000       0.000

 CHCC       ON
    POSSX             -0.377       0.134      0.003      -0.641      -0.116      *

 CASC       ON
    POSSX              0.098       0.039      0.006       0.022       0.174      *

 CACC       ON
    POSSX              0.098       0.039      0.006       0.022       0.174      *

 CHSC     WITH
    CHCC               0.000       0.000      1.000       0.000       0.000
    CASC               0.000       0.000      1.000       0.000       0.000
    CACC               0.000       0.000      1.000       0.000       0.000

 CHCC     WITH
    CASC               0.000       0.000      1.000       0.000       0.000
    CACC             -11.489       2.837      0.000     -18.243      -7.202      *

 CASC     WITH
    CACC               0.000       0.000      1.000       0.000       0.000

 Means
    POSSX              5.301       0.648      0.000       4.016       6.564      *

 Intercepts
    CHSC               2.790       0.169      0.000       2.458       3.122      *
    CHCC               2.239       1.073      0.020       0.108       4.332      *
    CASC               1.903       0.311      0.000       1.294       2.518      *
    CACC              -1.195       0.395      0.002      -1.963      -0.408      *

 Variances
    POSSX             26.459       5.029      0.000      18.936      38.574      *

 Residual Variances
    CHSC               1.866       0.350      0.000       1.339       2.705      *
    CHCC              41.232       7.955      0.000      29.415      60.528      *
    CASC               3.596       0.673      0.000       2.582       5.203      *
    CACC               7.327       1.409      0.000       5.213      10.729      *


R-SQUARE

                                Posterior  One-Tailed         95% C.I.
    Variable        Estimate       S.D.      P-Value   Lower 2.5%  Upper 2.5%

    CHSC               0.000       0.000      1.000       0.000       0.000
    CHCC               0.083       0.058      0.000       0.008       0.228
    CASC               0.066       0.051      0.000       0.004       0.195
    CACC               0.033       0.028      0.000       0.002       0.108


     Beginning Time:  10:21:14
        Ending Time:  10:21:16
       Elapsed Time:  00:00:02



MUTHEN & MUTHEN
3463 Stoner Ave.
Los Angeles, CA  90066

Tel: (310) 391-9971
Fax: (310) 391-8971
Web: www.StatModel.com
Support: Support@StatModel.com

Copyright (c) 1998-2018 Muthen & Muthen
