Mplus VERSION 8.2 (Mac)
MUTHEN & MUTHEN
08/28/2024   2:02 PM

INPUT INSTRUCTIONS

  TITLE:
  Testing
  DATA:
  FILE = "../CHR_sx_model_neu.dat";

  VARIABLE:
  NAMES = chsc chcc casc cacc CHR;
   MISSING=.;

  ANALYSIS:
  ESTIMATOR=BAYES; PROCESSORS = 2;BITERATIONS = (49000)
  MODEL:
  chsc ON CHR@0;
  chcc ON CHR;
  casc ON CHR@0;
  cacc ON CHR;
  chsc WITH chcc;
  chsc WITH casc;
  chsc WITH cacc;
  chcc WITH casc;
  chcc WITH cacc;
  casc WITH cacc;
  chsc WITH chsc;
  chcc WITH chcc;
  casc WITH casc;
  cacc WITH cacc;
  CHR WITH CHR;
  [chsc];
  [chcc];
  [casc];
  [cacc];
  [CHR];

  OUTPUT:
  STANDARDIZED;



INPUT READING TERMINATED NORMALLY




Testing

SUMMARY OF ANALYSIS

Number of groups                                                 1
Number of observations                                          64

Number of dependent variables                                    4
Number of independent variables                                  1
Number of continuous latent variables                            0

Observed dependent variables

  Continuous
   CHSC        CHCC        CASC        CACC

Observed independent variables
   CHR


Estimator                                                    BAYES
Specifications for Bayesian Estimation
  Point estimate                                            MEDIAN
  Number of Markov chain Monte Carlo (MCMC) chains               2
  Random seed for the first chain                                0
  Starting value information                           UNPERTURBED
  Algorithm used for Markov chain Monte Carlo           GIBBS(PX1)
  Convergence criterion                                  0.500D-01
  Maximum number of iterations                               50000
  K-th iteration used for thinning                               1

Input data file(s)
  ../CHR_sx_model_neu.dat
Input data format  FREE


SUMMARY OF DATA



COVARIANCE COVERAGE OF DATA

Minimum covariance coverage value   0.100

     Number of missing data patterns             1


     PROPORTION OF DATA PRESENT


           Covariance Coverage
              CHSC          CHCC          CASC          CACC          CHR
              ________      ________      ________      ________      ________
 CHSC           1.000
 CHCC           1.000         1.000
 CASC           1.000         1.000         1.000
 CACC           1.000         1.000         1.000         1.000
 CHR            1.000         1.000         1.000         1.000         1.000



UNIVARIATE SAMPLE STATISTICS


     UNIVARIATE HIGHER-ORDER MOMENT DESCRIPTIVE STATISTICS

         Variable/         Mean/     Skewness/   Minimum/ % with                Percentiles
        Sample Size      Variance    Kurtosis    Maximum  Min/Max      20%/60%    40%/80%    Median

     CHSC                  2.908       0.256       0.447    1.56%       1.843      2.417      2.774
              64.000       1.491      -0.831       5.513    1.56%       2.957      4.142
     CHCC                  0.032      -0.193     -14.904    1.56%      -4.881     -0.956      0.483
              64.000      34.333       0.099      13.391    1.56%       0.944      4.127
     CASC                  2.449       1.888       0.404    1.56%       1.279      2.039      2.161
              64.000       1.940       5.665       8.754    1.56%       2.491      3.181
     CACC                 -0.471       0.607      -9.135    1.56%      -2.708     -0.544     -0.246
              64.000      15.011       4.204      15.933    1.56%       0.347      1.100
     CHR                   0.422       0.316       0.000   57.81%       0.000      0.000      0.000
              64.000       0.244      -1.900       1.000   42.19%       1.000      1.000


THE MODEL ESTIMATION TERMINATED NORMALLY

     USE THE FBITERATIONS OPTION TO INCREASE THE NUMBER OF ITERATIONS BY A FACTOR
     OF AT LEAST TWO TO CHECK CONVERGENCE AND THAT THE PSR VALUE DOES NOT INCREASE.



MODEL FIT INFORMATION

Number of Free Parameters                              18

Bayesian Posterior Predictive Checking using Chi-Square

          95% Confidence Interval for the Difference Between
          the Observed and the Replicated Chi-Square Values

                                -14.725            22.841

          Posterior Predictive P-Value              0.334

Information Criteria

          Deviance (DIC)                         1249.610
          Estimated Number of Parameters (pD)      16.157
          Bayesian (BIC)                         1291.158



MODEL RESULTS

                                Posterior  One-Tailed         95% C.I.
                    Estimate       S.D.      P-Value   Lower 2.5%  Upper 2.5%  Significance

 CHSC       ON
    CHR                0.000       0.000      1.000       0.000       0.000

 CHCC       ON
    CHR               -3.504       1.459      0.009      -6.366      -0.647      *

 CASC       ON
    CHR                0.000       0.000      1.000       0.000       0.000

 CACC       ON
    CHR                2.289       0.894      0.006       0.544       4.056      *

 CHSC     WITH
    CHCC              -2.974       1.227      0.002      -5.766      -0.934      *
    CASC               0.386       0.291      0.072      -0.140       1.018
    CACC               2.537       0.850      0.000       1.184       4.507      *

 CHCC     WITH
    CASC              -0.024       1.341      0.492      -2.727       2.656
    CACC             -16.085       4.257      0.000     -26.292      -9.676      *

 CASC     WITH
    CACC              -0.679       0.896      0.207      -2.570       0.995

 Means
    CHR                0.421       0.064      0.000       0.295       0.549      *

 Intercepts
    CHSC               2.908       0.168      0.000       2.580       3.240      *
    CHCC               1.498       0.991      0.063      -0.437       3.473
    CASC               2.449       0.191      0.000       2.072       2.824      *
    CACC              -1.435       0.639      0.013      -2.700      -0.180      *

 Variances
    CHR                0.259       0.049      0.000       0.185       0.378      *

 Residual Variances
    CHSC               1.756       0.357      0.000       1.233       2.619      *
    CHCC              37.041       7.560      0.000      25.919      55.277      *
    CASC               2.283       0.466      0.000       1.599       3.413      *
    CACC              16.351       3.359      0.000      11.411      24.572      *


STANDARDIZED MODEL RESULTS


STDYX Standardization

                                Posterior  One-Tailed         95% C.I.
                    Estimate       S.D.      P-Value   Lower 2.5%  Upper 2.5%  Significance
 CHSC       ON
    CHR                0.000       0.000      1.000       0.000       0.000

 CHCC       ON
    CHR               -0.281       0.112      0.009      -0.486      -0.052      *

 CASC       ON
    CHR                0.000       0.000      1.000       0.000       0.000

 CACC       ON
    CHR                0.276       0.104      0.006       0.066       0.471      *

 CHSC     WITH
    CHCC              -0.375       0.116      0.002      -0.579      -0.125      *
    CASC               0.196       0.129      0.072      -0.070       0.436
    CACC               0.481       0.105      0.000       0.249       0.659      *

 CHCC     WITH
    CASC              -0.003       0.137      0.492      -0.273       0.265
    CACC              -0.661       0.079      0.000      -0.788      -0.481      *

 CASC     WITH
    CACC              -0.114       0.135      0.207      -0.370       0.157

 Means
    CHR                0.829       0.146      0.000       0.543       1.114      *

 Intercepts
    CHSC               2.195       0.244      0.000       1.729       2.682      *
    CHCC               0.235       0.150      0.063      -0.069       0.518
    CASC               1.622       0.200      0.000       1.236       2.017      *
    CACC              -0.340       0.147      0.013      -0.617      -0.042      *

 Variances
    CHR                1.000       0.000      0.000       1.000       1.000

 Residual Variances
    CHSC               1.000       0.000      0.000       1.000       1.000
    CHCC               0.921       0.063      0.000       0.764       0.997      *
    CASC               1.000       0.000      0.000       1.000       1.000
    CACC               0.924       0.058      0.000       0.778       0.995      *


STDY Standardization

                                Posterior  One-Tailed         95% C.I.
                    Estimate       S.D.      P-Value   Lower 2.5%  Upper 2.5%  Significance
 CHSC       ON
    CHR                0.000       0.000      1.000       0.000       0.000

 CHCC       ON
    CHR               -0.281       0.112      0.009      -0.486      -0.052      *

 CASC       ON
    CHR                0.000       0.000      1.000       0.000       0.000

 CACC       ON
    CHR                0.276       0.104      0.006       0.066       0.471      *

 CHSC     WITH
    CHCC              -0.375       0.116      0.002      -0.579      -0.125      *
    CASC               0.196       0.129      0.072      -0.070       0.436
    CACC               0.481       0.105      0.000       0.249       0.659      *

 CHCC     WITH
    CASC              -0.003       0.137      0.492      -0.273       0.265
    CACC              -0.661       0.079      0.000      -0.788      -0.481      *

 CASC     WITH
    CACC              -0.114       0.135      0.207      -0.370       0.157

 Means
    CHR                0.829       0.146      0.000       0.543       1.114      *

 Intercepts
    CHSC               2.195       0.244      0.000       1.729       2.682      *
    CHCC               0.235       0.150      0.063      -0.069       0.518
    CASC               1.622       0.200      0.000       1.236       2.017      *
    CACC              -0.340       0.147      0.013      -0.617      -0.042      *

 Variances
    CHR                1.000       0.000      0.000       1.000       1.000

 Residual Variances
    CHSC               1.000       0.000      0.000       1.000       1.000
    CHCC               0.921       0.063      0.000       0.764       0.997      *
    CASC               1.000       0.000      0.000       1.000       1.000
    CACC               0.924       0.058      0.000       0.778       0.995      *


STD Standardization

                                Posterior  One-Tailed         95% C.I.
                    Estimate       S.D.      P-Value   Lower 2.5%  Upper 2.5%  Significance
 CHSC       ON
    CHR                0.000       0.000      1.000       0.000       0.000

 CHCC       ON
    CHR               -3.504       1.459      0.009      -6.366      -0.647      *

 CASC       ON
    CHR                0.000       0.000      1.000       0.000       0.000

 CACC       ON
    CHR                2.289       0.894      0.006       0.544       4.056      *

 CHSC     WITH
    CHCC              -2.974       1.227      0.002      -5.766      -0.934      *
    CASC               0.386       0.291      0.072      -0.140       1.018
    CACC               2.537       0.850      0.000       1.184       4.507      *

 CHCC     WITH
    CASC              -0.024       1.341      0.492      -2.727       2.656
    CACC             -16.085       4.257      0.000     -26.292      -9.676      *

 CASC     WITH
    CACC              -0.679       0.896      0.207      -2.570       0.995

 Means
    CHR                0.421       0.064      0.000       0.295       0.549      *

 Intercepts
    CHSC               2.908       0.168      0.000       2.580       3.240      *
    CHCC               1.498       0.991      0.063      -0.437       3.473
    CASC               2.449       0.191      0.000       2.072       2.824      *
    CACC              -1.435       0.639      0.013      -2.700      -0.180      *

 Variances
    CHR                0.259       0.049      0.000       0.185       0.378      *

 Residual Variances
    CHSC               1.756       0.357      0.000       1.233       2.619      *
    CHCC              37.041       7.560      0.000      25.919      55.277      *
    CASC               2.283       0.466      0.000       1.599       3.413      *
    CACC              16.351       3.359      0.000      11.411      24.572      *


R-SQUARE

                                Posterior  One-Tailed         95% C.I.
    Variable        Estimate       S.D.      P-Value   Lower 2.5%  Upper 2.5%

    CHSC               0.000       0.000      1.000       0.000       0.000
    CHCC               0.079       0.063      0.000       0.003       0.236
    CASC               0.000       0.000      1.000       0.000       0.000
    CACC               0.076       0.058      0.000       0.005       0.222


     Beginning Time:  14:02:32
        Ending Time:  14:02:34
       Elapsed Time:  00:00:02



MUTHEN & MUTHEN
3463 Stoner Ave.
Los Angeles, CA  90066

Tel: (310) 391-9971
Fax: (310) 391-8971
Web: www.StatModel.com
Support: Support@StatModel.com

Copyright (c) 1998-2018 Muthen & Muthen
