Mplus VERSION 8.2 (Mac)
MUTHEN & MUTHEN
08/28/2024   1:18 PM

INPUT INSTRUCTIONS

  TITLE:
  Testing
  DATA:
  FILE = "../dis_sx_model_neg.dat";

  VARIABLE:
  NAMES = chsc chcc casc cacc dissx;
   MISSING=.;

  ANALYSIS:
  ESTIMATOR=BAYES; PROCESSORS = 2;BITERATIONS = (49000)
  MODEL:
  chsc ON dissx@0;
  chcc ON dissx;
  casc ON dissx@0;
  cacc ON dissx@0;
  chsc WITH chcc;
  chsc WITH casc;
  chsc WITH cacc;
  chcc WITH casc;
  chcc WITH cacc;
  casc WITH cacc;
  chsc WITH chsc;
  chcc WITH chcc;
  casc WITH casc;
  cacc WITH cacc;
  dissx WITH dissx;
  [chsc];
  [chcc];
  [casc];
  [cacc];
  [dissx];

  OUTPUT:
  STANDARDIZED;



INPUT READING TERMINATED NORMALLY




Testing

SUMMARY OF ANALYSIS

Number of groups                                                 1
Number of observations                                          64

Number of dependent variables                                    4
Number of independent variables                                  1
Number of continuous latent variables                            0

Observed dependent variables

  Continuous
   CHSC        CHCC        CASC        CACC

Observed independent variables
   DISSX


Estimator                                                    BAYES
Specifications for Bayesian Estimation
  Point estimate                                            MEDIAN
  Number of Markov chain Monte Carlo (MCMC) chains               2
  Random seed for the first chain                                0
  Starting value information                           UNPERTURBED
  Algorithm used for Markov chain Monte Carlo           GIBBS(PX1)
  Convergence criterion                                  0.500D-01
  Maximum number of iterations                               50000
  K-th iteration used for thinning                               1

Input data file(s)
  ../dis_sx_model_neg.dat
Input data format  FREE


SUMMARY OF DATA



COVARIANCE COVERAGE OF DATA

Minimum covariance coverage value   0.100

     Number of missing data patterns             2


     PROPORTION OF DATA PRESENT


           Covariance Coverage
              CHSC          CHCC          CASC          CACC          DISSX
              ________      ________      ________      ________      ________
 CHSC           1.000
 CHCC           1.000         1.000
 CASC           1.000         1.000         1.000
 CACC           1.000         1.000         1.000         1.000
 DISSX          0.969         0.969         0.969         0.969         0.969



UNIVARIATE SAMPLE STATISTICS


     UNIVARIATE HIGHER-ORDER MOMENT DESCRIPTIVE STATISTICS

         Variable/         Mean/     Skewness/   Minimum/ % with                Percentiles
        Sample Size      Variance    Kurtosis    Maximum  Min/Max      20%/60%    40%/80%    Median

     CHSC                  2.798       0.880       0.884    1.56%       1.550      2.236      2.478
              64.000       1.811      -0.022       6.266    1.56%       2.723      3.726
     CHCC                  0.412      -1.736     -29.952    1.56%      -2.697     -0.170      0.624
              64.000      40.578       7.189      14.882    1.56%       0.926      4.943
     CASC                  2.455       2.373      -0.698    1.56%       1.273      1.777      2.059
              64.000       3.641       6.805      10.998    1.56%       2.213      2.720
     CACC                 -0.711      -0.797     -10.489    1.56%      -3.207     -1.126     -0.278
              64.000       7.126       1.500       4.504    1.56%       0.042      1.045
     DISSX                 1.694       1.521       0.000   41.94%       0.000      0.000      1.000
              62.000       4.471       2.022       9.000    1.61%       2.000      3.000


THE MODEL ESTIMATION TERMINATED NORMALLY

     USE THE FBITERATIONS OPTION TO INCREASE THE NUMBER OF ITERATIONS BY A FACTOR
     OF AT LEAST TWO TO CHECK CONVERGENCE AND THAT THE PSR VALUE DOES NOT INCREASE.



MODEL FIT INFORMATION

Number of Free Parameters                              17

Bayesian Posterior Predictive Checking using Chi-Square

          95% Confidence Interval for the Difference Between
          the Observed and the Replicated Chi-Square Values

                                -16.959            20.169

          Posterior Predictive P-Value              0.452

Information Criteria

          Deviance (DIC)                         1455.343
          Estimated Number of Parameters (pD)      15.041
          Bayesian (BIC)                         1494.993



MODEL RESULTS

                                Posterior  One-Tailed         95% C.I.
                    Estimate       S.D.      P-Value   Lower 2.5%  Upper 2.5%  Significance

 CHSC       ON
    DISSX              0.000       0.000      1.000       0.000       0.000

 CHCC       ON
    DISSX             -0.168       0.267      0.263      -0.691       0.355

 CASC       ON
    DISSX              0.000       0.000      1.000       0.000       0.000

 CACC       ON
    DISSX              0.000       0.000      1.000       0.000       0.000

 CHSC     WITH
    CHCC              -1.335       1.445      0.157      -4.364       1.346
    CASC              -0.421       0.435      0.147      -1.344       0.389
    CACC               0.314       0.604      0.288      -0.842       1.559

 CHCC     WITH
    CASC              -4.488       2.133      0.007      -9.318      -0.907      *
    CACC             -13.615       3.502      0.000     -22.015      -8.374      *

 CASC     WITH
    CACC               0.217       0.856      0.392      -1.460       1.947

 Means
    DISSX              1.693       0.280      0.000       1.140       2.248      *

 Intercepts
    CHSC               2.798       0.184      0.000       2.439       3.159      *
    CHCC               0.704       0.982      0.237      -1.232       2.630
    CASC               2.456       0.262      0.000       1.941       2.975      *
    CACC              -0.712       0.368      0.028      -1.437       0.015

 Variances
    DISSX              4.745       0.927      0.000       3.373       6.975      *

 Residual Variances
    CHSC               2.133       0.436      0.000       1.494       3.200      *
    CHCC              47.312       9.724      0.000      33.103      70.968      *
    CASC               4.289       0.867      0.000       3.009       6.384      *
    CACC               8.401       1.714      0.000       5.880      12.552      *


STANDARDIZED MODEL RESULTS


STDYX Standardization

                                Posterior  One-Tailed         95% C.I.
                    Estimate       S.D.      P-Value   Lower 2.5%  Upper 2.5%  Significance
 CHSC       ON
    DISSX              0.000       0.000      1.000       0.000       0.000

 CHCC       ON
    DISSX             -0.053       0.085      0.263      -0.224       0.111

 CASC       ON
    DISSX              0.000       0.000      1.000       0.000       0.000

 CACC       ON
    DISSX              0.000       0.000      1.000       0.000       0.000

 CHSC     WITH
    CHCC              -0.136       0.131      0.157      -0.383       0.130
    CASC              -0.142       0.131      0.147      -0.389       0.124
    CACC               0.076       0.133      0.288      -0.188       0.330

 CHCC     WITH
    CASC              -0.321       0.121      0.007      -0.538      -0.066      *
    CACC              -0.689       0.073      0.000      -0.805      -0.522      *

 CASC     WITH
    CACC               0.037       0.134      0.392      -0.228       0.295

 Means
    DISSX              0.779       0.146      0.000       0.493       1.065      *

 Intercepts
    CHSC               1.917       0.222      0.000       1.489       2.362      *
    CHCC               0.102       0.141      0.237      -0.174       0.380
    CASC               1.187       0.168      0.000       0.860       1.521      *
    CACC              -0.246       0.128      0.028      -0.497       0.005

 Variances
    DISSX              1.000       0.000      0.000       1.000       1.000

 Residual Variances
    CHSC               1.000       0.000      0.000       1.000       1.000
    CHCC               0.995       0.014      0.000       0.949       1.000      *
    CASC               1.000       0.000      0.000       1.000       1.000
    CACC               1.000       0.000      0.000       1.000       1.000


STDY Standardization

                                Posterior  One-Tailed         95% C.I.
                    Estimate       S.D.      P-Value   Lower 2.5%  Upper 2.5%  Significance
 CHSC       ON
    DISSX              0.000       0.000      1.000       0.000       0.000

 CHCC       ON
    DISSX             -0.053       0.085      0.263      -0.224       0.111

 CASC       ON
    DISSX              0.000       0.000      1.000       0.000       0.000

 CACC       ON
    DISSX              0.000       0.000      1.000       0.000       0.000

 CHSC     WITH
    CHCC              -0.136       0.131      0.157      -0.383       0.130
    CASC              -0.142       0.131      0.147      -0.389       0.124
    CACC               0.076       0.133      0.288      -0.188       0.330

 CHCC     WITH
    CASC              -0.321       0.121      0.007      -0.538      -0.066      *
    CACC              -0.689       0.073      0.000      -0.805      -0.522      *

 CASC     WITH
    CACC               0.037       0.134      0.392      -0.228       0.295

 Means
    DISSX              0.779       0.146      0.000       0.493       1.065      *

 Intercepts
    CHSC               1.917       0.222      0.000       1.489       2.362      *
    CHCC               0.102       0.141      0.237      -0.174       0.380
    CASC               1.187       0.168      0.000       0.860       1.521      *
    CACC              -0.246       0.128      0.028      -0.497       0.005

 Variances
    DISSX              1.000       0.000      0.000       1.000       1.000

 Residual Variances
    CHSC               1.000       0.000      0.000       1.000       1.000
    CHCC               0.995       0.014      0.000       0.949       1.000      *
    CASC               1.000       0.000      0.000       1.000       1.000
    CACC               1.000       0.000      0.000       1.000       1.000


STD Standardization

                                Posterior  One-Tailed         95% C.I.
                    Estimate       S.D.      P-Value   Lower 2.5%  Upper 2.5%  Significance
 CHSC       ON
    DISSX              0.000       0.000      1.000       0.000       0.000

 CHCC       ON
    DISSX             -0.168       0.267      0.263      -0.691       0.355

 CASC       ON
    DISSX              0.000       0.000      1.000       0.000       0.000

 CACC       ON
    DISSX              0.000       0.000      1.000       0.000       0.000

 CHSC     WITH
    CHCC              -1.335       1.445      0.157      -4.364       1.346
    CASC              -0.421       0.435      0.147      -1.344       0.389
    CACC               0.314       0.604      0.288      -0.842       1.559

 CHCC     WITH
    CASC              -4.488       2.133      0.007      -9.318      -0.907      *
    CACC             -13.615       3.502      0.000     -22.015      -8.374      *

 CASC     WITH
    CACC               0.217       0.856      0.392      -1.460       1.947

 Means
    DISSX              1.693       0.280      0.000       1.140       2.248      *

 Intercepts
    CHSC               2.798       0.184      0.000       2.439       3.159      *
    CHCC               0.704       0.982      0.237      -1.232       2.630
    CASC               2.456       0.262      0.000       1.941       2.975      *
    CACC              -0.712       0.368      0.028      -1.437       0.015

 Variances
    DISSX              4.745       0.927      0.000       3.373       6.975      *

 Residual Variances
    CHSC               2.133       0.436      0.000       1.494       3.200      *
    CHCC              47.312       9.724      0.000      33.103      70.968      *
    CASC               4.289       0.867      0.000       3.009       6.384      *
    CACC               8.401       1.714      0.000       5.880      12.552      *


R-SQUARE

                                Posterior  One-Tailed         95% C.I.
    Variable        Estimate       S.D.      P-Value   Lower 2.5%  Upper 2.5%

    CHSC               0.000       0.000      1.000       0.000       0.000
    CHCC               0.005       0.014      0.000       0.000       0.051
    CASC               0.000       0.000      1.000       0.000       0.000
    CACC               0.000       0.000      1.000       0.000       0.000


     Beginning Time:  13:18:57
        Ending Time:  13:19:00
       Elapsed Time:  00:00:03



MUTHEN & MUTHEN
3463 Stoner Ave.
Los Angeles, CA  90066

Tel: (310) 391-9971
Fax: (310) 391-8971
Web: www.StatModel.com
Support: Support@StatModel.com

Copyright (c) 1998-2018 Muthen & Muthen
