Mplus VERSION 8.2 (Mac)
MUTHEN & MUTHEN
08/28/2024   2:15 PM

INPUT INSTRUCTIONS

  TITLE:
  Testing
  DATA:
  FILE = "../dis_sx_model_neu.dat";

  VARIABLE:
  NAMES = chsc chcc casc cacc dissx;
   MISSING=.;

  ANALYSIS:
  ESTIMATOR=BAYES; PROCESSORS = 2;BITERATIONS = (49000)
  MODEL:
  chsc ON dissx@0;
  chcc ON dissx;
  casc ON dissx* (a);
  cacc ON dissx* (a);
  chsc WITH chcc;
  chsc WITH casc;
  chsc WITH cacc;
  chcc WITH casc;
  chcc WITH cacc;
  casc WITH cacc;
  chsc WITH chsc;
  chcc WITH chcc;
  casc WITH casc;
  cacc WITH cacc;
  dissx WITH dissx;
  [chsc];
  [chcc];
  [casc];
  [cacc];
  [dissx];

  OUTPUT:
  STANDARDIZED;



INPUT READING TERMINATED NORMALLY




Testing

SUMMARY OF ANALYSIS

Number of groups                                                 1
Number of observations                                          64

Number of dependent variables                                    4
Number of independent variables                                  1
Number of continuous latent variables                            0

Observed dependent variables

  Continuous
   CHSC        CHCC        CASC        CACC

Observed independent variables
   DISSX


Estimator                                                    BAYES
Specifications for Bayesian Estimation
  Point estimate                                            MEDIAN
  Number of Markov chain Monte Carlo (MCMC) chains               2
  Random seed for the first chain                                0
  Starting value information                           UNPERTURBED
  Algorithm used for Markov chain Monte Carlo           GIBBS(PX1)
  Convergence criterion                                  0.500D-01
  Maximum number of iterations                               50000
  K-th iteration used for thinning                               1

Input data file(s)
  ../dis_sx_model_neu.dat
Input data format  FREE


SUMMARY OF DATA



COVARIANCE COVERAGE OF DATA

Minimum covariance coverage value   0.100

     Number of missing data patterns             2


     PROPORTION OF DATA PRESENT


           Covariance Coverage
              CHSC          CHCC          CASC          CACC          DISSX
              ________      ________      ________      ________      ________
 CHSC           1.000
 CHCC           1.000         1.000
 CASC           1.000         1.000         1.000
 CACC           1.000         1.000         1.000         1.000
 DISSX          0.969         0.969         0.969         0.969         0.969



UNIVARIATE SAMPLE STATISTICS


     UNIVARIATE HIGHER-ORDER MOMENT DESCRIPTIVE STATISTICS

         Variable/         Mean/     Skewness/   Minimum/ % with                Percentiles
        Sample Size      Variance    Kurtosis    Maximum  Min/Max      20%/60%    40%/80%    Median

     CHSC                  2.908       0.256       0.447    1.56%       1.843      2.417      2.774
              64.000       1.491      -0.831       5.513    1.56%       2.957      4.142
     CHCC                  0.032      -0.193     -14.904    1.56%      -4.881     -0.956      0.483
              64.000      34.333       0.099      13.391    1.56%       0.944      4.127
     CASC                  2.449       1.888       0.404    1.56%       1.279      2.039      2.161
              64.000       1.940       5.665       8.754    1.56%       2.491      3.181
     CACC                 -0.471       0.607      -9.135    1.56%      -2.708     -0.544     -0.246
              64.000      15.011       4.204      15.933    1.56%       0.347      1.100
     DISSX                 1.694       1.509       0.000   41.94%       0.000      0.000      1.000
              62.000       4.600       1.831       9.000    1.61%       1.000      3.000


THE MODEL ESTIMATION TERMINATED NORMALLY

     USE THE FBITERATIONS OPTION TO INCREASE THE NUMBER OF ITERATIONS BY A FACTOR
     OF AT LEAST TWO TO CHECK CONVERGENCE AND THAT THE PSR VALUE DOES NOT INCREASE.



MODEL FIT INFORMATION

Number of Free Parameters                              18

Bayesian Posterior Predictive Checking using Chi-Square

          95% Confidence Interval for the Difference Between
          the Observed and the Replicated Chi-Square Values

                                -16.975            20.814

          Posterior Predictive P-Value              0.423

Information Criteria

          Deviance (DIC)                         1432.305
          Estimated Number of Parameters (pD)      16.113
          Bayesian (BIC)                         1473.947



MODEL RESULTS

                                Posterior  One-Tailed         95% C.I.
                    Estimate       S.D.      P-Value   Lower 2.5%  Upper 2.5%  Significance

 CHSC       ON
    DISSX              0.000       0.000      1.000       0.000       0.000

 CHCC       ON
    DISSX             -0.453       0.285      0.056      -1.015       0.112

 CASC       ON
    DISSX              0.135       0.074      0.033      -0.010       0.282

 CACC       ON
    DISSX              0.135       0.074      0.033      -0.010       0.282

 CHSC     WITH
    CHCC              -3.230       1.266      0.001      -6.153      -1.169      *
    CASC               0.386       0.292      0.072      -0.142       1.017
    CACC               2.710       0.877      0.000       1.327       4.776      *

 CHCC     WITH
    CASC              -0.343       1.344      0.389      -3.091       2.291
    CACC             -17.376       4.496      0.000     -28.218     -10.574      *

 CASC     WITH
    CACC              -0.461       0.902      0.288      -2.343       1.261

 Means
    DISSX              1.692       0.284      0.000       1.133       2.252      *

 Intercepts
    CHSC               2.908       0.167      0.000       2.581       3.237      *
    CHCC               0.803       0.921      0.192      -1.027       2.611
    CASC               2.221       0.229      0.000       1.764       2.666      *
    CACC              -0.699       0.539      0.097      -1.768       0.363

 Variances
    DISSX              4.877       0.952      0.000       3.470       7.189      *

 Residual Variances
    CHSC               1.753       0.358      0.000       1.232       2.621      *
    CHCC              38.760       7.955      0.000      26.996      58.250      *
    CASC               2.290       0.469      0.000       1.602       3.430      *
    CACC              17.304       3.510      0.000      12.138      25.702      *


STANDARDIZED MODEL RESULTS


STDYX Standardization

                                Posterior  One-Tailed         95% C.I.
                    Estimate       S.D.      P-Value   Lower 2.5%  Upper 2.5%  Significance
 CHSC       ON
    DISSX              0.000       0.000      1.000       0.000       0.000

 CHCC       ON
    DISSX             -0.158       0.100      0.056      -0.355       0.038

 CASC       ON
    DISSX              0.193       0.102      0.033      -0.013       0.387

 CACC       ON
    DISSX              0.071       0.041      0.033      -0.005       0.157

 CHSC     WITH
    CHCC              -0.399       0.114      0.001      -0.598      -0.155      *
    CASC               0.196       0.129      0.072      -0.071       0.436
    CACC               0.499       0.102      0.000       0.273       0.671      *

 CHCC     WITH
    CASC              -0.038       0.134      0.389      -0.297       0.227
    CACC              -0.678       0.075      0.000      -0.799      -0.503      *

 CASC     WITH
    CACC              -0.075       0.133      0.288      -0.333       0.191

 Means
    DISSX              0.766       0.146      0.000       0.482       1.053      *

 Intercepts
    CHSC               2.196       0.244      0.000       1.728       2.683      *
    CHCC               0.127       0.143      0.192      -0.159       0.404
    CASC               1.434       0.217      0.000       1.017       1.868      *
    CACC              -0.168       0.129      0.097      -0.421       0.084

 Variances
    DISSX              1.000       0.000      0.000       1.000       1.000

 Residual Variances
    CHSC               1.000       0.000      0.000       1.000       1.000
    CHCC               0.975       0.035      0.000       0.874       1.000      *
    CASC               0.963       0.041      0.000       0.850       1.000      *
    CACC               0.995       0.007      0.000       0.975       1.000      *


STDY Standardization

                                Posterior  One-Tailed         95% C.I.
                    Estimate       S.D.      P-Value   Lower 2.5%  Upper 2.5%  Significance
 CHSC       ON
    DISSX              0.000       0.000      1.000       0.000       0.000

 CHCC       ON
    DISSX             -0.158       0.100      0.056      -0.355       0.038

 CASC       ON
    DISSX              0.193       0.102      0.033      -0.013       0.387

 CACC       ON
    DISSX              0.071       0.041      0.033      -0.005       0.157

 CHSC     WITH
    CHCC              -0.399       0.114      0.001      -0.598      -0.155      *
    CASC               0.196       0.129      0.072      -0.071       0.436
    CACC               0.499       0.102      0.000       0.273       0.671      *

 CHCC     WITH
    CASC              -0.038       0.134      0.389      -0.297       0.227
    CACC              -0.678       0.075      0.000      -0.799      -0.503      *

 CASC     WITH
    CACC              -0.075       0.133      0.288      -0.333       0.191

 Means
    DISSX              0.766       0.146      0.000       0.482       1.053      *

 Intercepts
    CHSC               2.196       0.244      0.000       1.728       2.683      *
    CHCC               0.127       0.143      0.192      -0.159       0.404
    CASC               1.434       0.217      0.000       1.017       1.868      *
    CACC              -0.168       0.129      0.097      -0.421       0.084

 Variances
    DISSX              1.000       0.000      0.000       1.000       1.000

 Residual Variances
    CHSC               1.000       0.000      0.000       1.000       1.000
    CHCC               0.975       0.035      0.000       0.874       1.000      *
    CASC               0.963       0.041      0.000       0.850       1.000      *
    CACC               0.995       0.007      0.000       0.975       1.000      *


STD Standardization

                                Posterior  One-Tailed         95% C.I.
                    Estimate       S.D.      P-Value   Lower 2.5%  Upper 2.5%  Significance
 CHSC       ON
    DISSX              0.000       0.000      1.000       0.000       0.000

 CHCC       ON
    DISSX             -0.453       0.285      0.056      -1.015       0.112

 CASC       ON
    DISSX              0.135       0.074      0.033      -0.010       0.282

 CACC       ON
    DISSX              0.135       0.074      0.033      -0.010       0.282

 CHSC     WITH
    CHCC              -3.230       1.266      0.001      -6.153      -1.169      *
    CASC               0.386       0.292      0.072      -0.142       1.017
    CACC               2.710       0.877      0.000       1.327       4.776      *

 CHCC     WITH
    CASC              -0.343       1.344      0.389      -3.091       2.291
    CACC             -17.376       4.496      0.000     -28.218     -10.574      *

 CASC     WITH
    CACC              -0.461       0.902      0.288      -2.343       1.261

 Means
    DISSX              1.692       0.284      0.000       1.133       2.252      *

 Intercepts
    CHSC               2.908       0.167      0.000       2.581       3.237      *
    CHCC               0.803       0.921      0.192      -1.027       2.611
    CASC               2.221       0.229      0.000       1.764       2.666      *
    CACC              -0.699       0.539      0.097      -1.768       0.363

 Variances
    DISSX              4.877       0.952      0.000       3.470       7.189      *

 Residual Variances
    CHSC               1.753       0.358      0.000       1.232       2.621      *
    CHCC              38.760       7.955      0.000      26.996      58.250      *
    CASC               2.290       0.469      0.000       1.602       3.430      *
    CACC              17.304       3.510      0.000      12.138      25.702      *


R-SQUARE

                                Posterior  One-Tailed         95% C.I.
    Variable        Estimate       S.D.      P-Value   Lower 2.5%  Upper 2.5%

    CHSC               0.000       0.000      1.000       0.000       0.000
    CHCC               0.025       0.035      0.000       0.000       0.126
    CASC               0.037       0.041      0.000       0.000       0.150
    CACC               0.005       0.007      0.000       0.000       0.025


     Beginning Time:  14:15:48
        Ending Time:  14:15:50
       Elapsed Time:  00:00:02



MUTHEN & MUTHEN
3463 Stoner Ave.
Los Angeles, CA  90066

Tel: (310) 391-9971
Fax: (310) 391-8971
Web: www.StatModel.com
Support: Support@StatModel.com

Copyright (c) 1998-2018 Muthen & Muthen
