Mplus VERSION 8.2 (Mac)
MUTHEN & MUTHEN
08/28/2024   1:15 PM

INPUT INSTRUCTIONS

  TITLE:
  Testing
  DATA:
  FILE = "../pos_sx_model_neg.dat";

  VARIABLE:
  NAMES = chsc chcc casc cacc possx;
   MISSING=.;

  ANALYSIS:
  ESTIMATOR=BAYES; PROCESSORS = 2;BITERATIONS = (49000)
  MODEL:
  chsc ON possx@0;
  chcc ON possx;
  casc ON possx* (a);
  cacc ON possx* (a);
  chsc WITH chcc@0;
  chsc WITH casc@0;
  chsc WITH cacc@0;
  chcc WITH casc@0;
  chcc WITH cacc;
  casc WITH cacc@0;
  chsc WITH chsc;
  chcc WITH chcc;
  casc WITH casc;
  cacc WITH cacc;
  possx WITH possx;
  [chsc];
  [chcc];
  [casc];
  [cacc];
  [possx];

  OUTPUT:
  STANDARDIZED;



INPUT READING TERMINATED NORMALLY




Testing

SUMMARY OF ANALYSIS

Number of groups                                                 1
Number of observations                                          64

Number of dependent variables                                    4
Number of independent variables                                  1
Number of continuous latent variables                            0

Observed dependent variables

  Continuous
   CHSC        CHCC        CASC        CACC

Observed independent variables
   POSSX


Estimator                                                    BAYES
Specifications for Bayesian Estimation
  Point estimate                                            MEDIAN
  Number of Markov chain Monte Carlo (MCMC) chains               2
  Random seed for the first chain                                0
  Starting value information                           UNPERTURBED
  Algorithm used for Markov chain Monte Carlo           GIBBS(PX1)
  Convergence criterion                                  0.500D-01
  Maximum number of iterations                               50000
  K-th iteration used for thinning                               1

Input data file(s)
  ../pos_sx_model_neg.dat
Input data format  FREE


SUMMARY OF DATA



COVARIANCE COVERAGE OF DATA

Minimum covariance coverage value   0.100

     Number of missing data patterns             2


     PROPORTION OF DATA PRESENT


           Covariance Coverage
              CHSC          CHCC          CASC          CACC          POSSX
              ________      ________      ________      ________      ________
 CHSC           1.000
 CHCC           1.000         1.000
 CASC           1.000         1.000         1.000
 CACC           1.000         1.000         1.000         1.000
 POSSX          0.969         0.969         0.969         0.969         0.969



UNIVARIATE SAMPLE STATISTICS


     UNIVARIATE HIGHER-ORDER MOMENT DESCRIPTIVE STATISTICS

         Variable/         Mean/     Skewness/   Minimum/ % with                Percentiles
        Sample Size      Variance    Kurtosis    Maximum  Min/Max      20%/60%    40%/80%    Median

     CHSC                  2.798       0.880       0.884    1.56%       1.550      2.236      2.478
              64.000       1.811      -0.022       6.266    1.56%       2.723      3.726
     CHCC                  0.412      -1.736     -29.952    1.56%      -2.697     -0.170      0.624
              64.000      40.578       7.189      14.882    1.56%       0.926      4.943
     CASC                  2.455       2.373      -0.698    1.56%       1.273      1.777      2.059
              64.000       3.641       6.805      10.998    1.56%       2.213      2.720
     CACC                 -0.711      -0.797     -10.489    1.56%      -3.207     -1.126     -0.278
              64.000       7.126       1.500       4.504    1.56%       0.042      1.045
     POSSX                 5.242       0.648       0.000   17.74%       1.000      2.000      3.000
              62.000      24.990      -0.973      16.000    3.23%       5.000     11.000


THE MODEL ESTIMATION TERMINATED NORMALLY

     USE THE FBITERATIONS OPTION TO INCREASE THE NUMBER OF ITERATIONS BY A FACTOR
     OF AT LEAST TWO TO CHECK CONVERGENCE AND THAT THE PSR VALUE DOES NOT INCREASE.



MODEL FIT INFORMATION

Number of Free Parameters                              13

Bayesian Posterior Predictive Checking using Chi-Square

          95% Confidence Interval for the Difference Between
          the Observed and the Replicated Chi-Square Values

                                 -9.571            23.892

          Posterior Predictive P-Value              0.182

Information Criteria

          Deviance (DIC)                         1560.938
          Estimated Number of Parameters (pD)      12.381
          Bayesian (BIC)                         1589.679



MODEL RESULTS

                                Posterior  One-Tailed         95% C.I.
                    Estimate       S.D.      P-Value   Lower 2.5%  Upper 2.5%  Significance

 CHSC       ON
    POSSX              0.000       0.000      1.000       0.000       0.000

 CHCC       ON
    POSSX             -0.344       0.136      0.006      -0.612      -0.079      *

 CASC       ON
    POSSX              0.100       0.040      0.006       0.022       0.177      *

 CACC       ON
    POSSX              0.100       0.040      0.006       0.022       0.177      *

 CHSC     WITH
    CHCC               0.000       0.000      1.000       0.000       0.000
    CASC               0.000       0.000      1.000       0.000       0.000
    CACC               0.000       0.000      1.000       0.000       0.000

 CHCC     WITH
    CASC               0.000       0.000      1.000       0.000       0.000
    CACC             -11.790       2.947      0.000     -18.850      -7.371      *

 CASC     WITH
    CACC               0.000       0.000      1.000       0.000       0.000

 Means
    POSSX              5.246       0.657      0.000       3.944       6.527      *

 Intercepts
    CHSC               2.799       0.175      0.000       2.457       3.142      *
    CHCC               2.223       1.085      0.022       0.072       4.344      *
    CASC               1.932       0.319      0.000       1.309       2.563      *
    CACC              -1.233       0.406      0.002      -2.022      -0.426      *

 Variances
    POSSX             26.399       5.113      0.000      18.801      38.766      *

 Residual Variances
    CHSC               1.925       0.368      0.000       1.374       2.808      *
    CHCC              41.397       8.145      0.000      29.368      61.177      *
    CASC               3.665       0.699      0.000       2.618       5.340      *
    CACC               7.529       1.476      0.000       5.329      11.107      *


STANDARDIZED MODEL RESULTS


STDYX Standardization

                                Posterior  One-Tailed         95% C.I.
                    Estimate       S.D.      P-Value   Lower 2.5%  Upper 2.5%  Significance
 CHSC       ON
    POSSX              0.000       0.000      1.000       0.000       0.000

 CHCC       ON
    POSSX             -0.265       0.101      0.006      -0.458      -0.061      *

 CASC       ON
    POSSX              0.257       0.099      0.006       0.057       0.446      *

 CACC       ON
    POSSX              0.182       0.074      0.006       0.040       0.332      *

 CHSC     WITH
    CHCC               0.000       0.000      1.000       0.000       0.000
    CASC               0.000       0.000      1.000       0.000       0.000
    CACC               0.000       0.000      1.000       0.000       0.000

 CHCC     WITH
    CASC               0.000       0.000      1.000       0.000       0.000
    CACC              -0.675       0.073      0.000      -0.793      -0.509      *

 CASC     WITH
    CACC               0.000       0.000      1.000       0.000       0.000

 Means
    POSSX              1.021       0.157      0.000       0.716       1.332      *

 Intercepts
    CHSC               2.018       0.222      0.000       1.595       2.464      *
    CHCC               0.332       0.157      0.022       0.011       0.624      *
    CASC               0.971       0.196      0.000       0.602       1.368      *
    CACC              -0.440       0.146      0.002      -0.723      -0.149      *

 Variances
    POSSX              1.000       0.000      0.000       1.000       1.000

 Residual Variances
    CHSC               1.000       0.000      0.000       1.000       1.000
    CHCC               0.930       0.054      0.000       0.790       0.996      *
    CASC               0.934       0.052      0.000       0.801       0.996      *
    CACC               0.967       0.029      0.000       0.890       0.998      *


STDY Standardization

                                Posterior  One-Tailed         95% C.I.
                    Estimate       S.D.      P-Value   Lower 2.5%  Upper 2.5%  Significance
 CHSC       ON
    POSSX              0.000       0.000      1.000       0.000       0.000

 CHCC       ON
    POSSX             -0.265       0.101      0.006      -0.458      -0.061      *

 CASC       ON
    POSSX              0.257       0.099      0.006       0.057       0.446      *

 CACC       ON
    POSSX              0.182       0.074      0.006       0.040       0.332      *

 CHSC     WITH
    CHCC               0.000       0.000      1.000       0.000       0.000
    CASC               0.000       0.000      1.000       0.000       0.000
    CACC               0.000       0.000      1.000       0.000       0.000

 CHCC     WITH
    CASC               0.000       0.000      1.000       0.000       0.000
    CACC              -0.675       0.073      0.000      -0.793      -0.509      *

 CASC     WITH
    CACC               0.000       0.000      1.000       0.000       0.000

 Means
    POSSX              1.021       0.157      0.000       0.716       1.332      *

 Intercepts
    CHSC               2.018       0.222      0.000       1.595       2.464      *
    CHCC               0.332       0.157      0.022       0.011       0.624      *
    CASC               0.971       0.196      0.000       0.602       1.368      *
    CACC              -0.440       0.146      0.002      -0.723      -0.149      *

 Variances
    POSSX              1.000       0.000      0.000       1.000       1.000

 Residual Variances
    CHSC               1.000       0.000      0.000       1.000       1.000
    CHCC               0.930       0.054      0.000       0.790       0.996      *
    CASC               0.934       0.052      0.000       0.801       0.996      *
    CACC               0.967       0.029      0.000       0.890       0.998      *


STD Standardization

                                Posterior  One-Tailed         95% C.I.
                    Estimate       S.D.      P-Value   Lower 2.5%  Upper 2.5%  Significance
 CHSC       ON
    POSSX              0.000       0.000      1.000       0.000       0.000

 CHCC       ON
    POSSX             -0.344       0.136      0.006      -0.612      -0.079      *

 CASC       ON
    POSSX              0.100       0.040      0.006       0.022       0.177      *

 CACC       ON
    POSSX              0.100       0.040      0.006       0.022       0.177      *

 CHSC     WITH
    CHCC               0.000       0.000      1.000       0.000       0.000
    CASC               0.000       0.000      1.000       0.000       0.000
    CACC               0.000       0.000      1.000       0.000       0.000

 CHCC     WITH
    CASC               0.000       0.000      1.000       0.000       0.000
    CACC             -11.790       2.947      0.000     -18.850      -7.371      *

 CASC     WITH
    CACC               0.000       0.000      1.000       0.000       0.000

 Means
    POSSX              5.246       0.657      0.000       3.944       6.527      *

 Intercepts
    CHSC               2.799       0.175      0.000       2.457       3.142      *
    CHCC               2.223       1.085      0.022       0.072       4.344      *
    CASC               1.932       0.319      0.000       1.309       2.563      *
    CACC              -1.233       0.406      0.002      -2.022      -0.426      *

 Variances
    POSSX             26.399       5.113      0.000      18.801      38.766      *

 Residual Variances
    CHSC               1.925       0.368      0.000       1.374       2.808      *
    CHCC              41.397       8.145      0.000      29.368      61.177      *
    CASC               3.665       0.699      0.000       2.618       5.340      *
    CACC               7.529       1.476      0.000       5.329      11.107      *


R-SQUARE

                                Posterior  One-Tailed         95% C.I.
    Variable        Estimate       S.D.      P-Value   Lower 2.5%  Upper 2.5%

    CHSC               0.000       0.000      1.000       0.000       0.000
    CHCC               0.070       0.054      0.000       0.004       0.210
    CASC               0.066       0.052      0.000       0.004       0.199
    CACC               0.033       0.029      0.000       0.002       0.110


     Beginning Time:  13:15:17
        Ending Time:  13:15:20
       Elapsed Time:  00:00:03



MUTHEN & MUTHEN
3463 Stoner Ave.
Los Angeles, CA  90066

Tel: (310) 391-9971
Fax: (310) 391-8971
Web: www.StatModel.com
Support: Support@StatModel.com

Copyright (c) 1998-2018 Muthen & Muthen
