Mplus VERSION 8.2 (Mac)
MUTHEN & MUTHEN
08/28/2024   2:10 PM

INPUT INSTRUCTIONS

  TITLE:
  Testing
  DATA:
  FILE = "../pos_sx_model_neu.dat";

  VARIABLE:
  NAMES = chsc chcc casc cacc possx;
   MISSING=.;

  ANALYSIS:
  ESTIMATOR=BAYES; PROCESSORS = 2;BITERATIONS = (49000)
  MODEL:
  chsc ON possx* (a);
  chcc ON possx;
  casc ON possx* (a);
  cacc ON possx* (a);
  chsc WITH chcc;
  chsc WITH casc;
  chsc WITH cacc;
  chcc WITH casc;
  chcc WITH cacc;
  casc WITH cacc;
  chsc WITH chsc;
  chcc WITH chcc;
  casc WITH casc;
  cacc WITH cacc;
  possx WITH possx;
  [chsc];
  [chcc];
  [casc];
  [cacc];
  [possx];

  OUTPUT:
  STANDARDIZED;



INPUT READING TERMINATED NORMALLY




Testing

SUMMARY OF ANALYSIS

Number of groups                                                 1
Number of observations                                          64

Number of dependent variables                                    4
Number of independent variables                                  1
Number of continuous latent variables                            0

Observed dependent variables

  Continuous
   CHSC        CHCC        CASC        CACC

Observed independent variables
   POSSX


Estimator                                                    BAYES
Specifications for Bayesian Estimation
  Point estimate                                            MEDIAN
  Number of Markov chain Monte Carlo (MCMC) chains               2
  Random seed for the first chain                                0
  Starting value information                           UNPERTURBED
  Algorithm used for Markov chain Monte Carlo           GIBBS(PX1)
  Convergence criterion                                  0.500D-01
  Maximum number of iterations                               50000
  K-th iteration used for thinning                               1

Input data file(s)
  ../pos_sx_model_neu.dat
Input data format  FREE


SUMMARY OF DATA



COVARIANCE COVERAGE OF DATA

Minimum covariance coverage value   0.100

     Number of missing data patterns             2


     PROPORTION OF DATA PRESENT


           Covariance Coverage
              CHSC          CHCC          CASC          CACC          POSSX
              ________      ________      ________      ________      ________
 CHSC           1.000
 CHCC           1.000         1.000
 CASC           1.000         1.000         1.000
 CACC           1.000         1.000         1.000         1.000
 POSSX          0.969         0.969         0.969         0.969         0.969



UNIVARIATE SAMPLE STATISTICS


     UNIVARIATE HIGHER-ORDER MOMENT DESCRIPTIVE STATISTICS

         Variable/         Mean/     Skewness/   Minimum/ % with                Percentiles
        Sample Size      Variance    Kurtosis    Maximum  Min/Max      20%/60%    40%/80%    Median

     CHSC                  2.908       0.256       0.447    1.56%       1.843      2.417      2.774
              64.000       1.491      -0.831       5.513    1.56%       2.957      4.142
     CHCC                  0.032      -0.193     -14.904    1.56%      -4.881     -0.956      0.483
              64.000      34.333       0.099      13.391    1.56%       0.944      4.127
     CASC                  2.449       1.888       0.404    1.56%       1.279      2.039      2.161
              64.000       1.940       5.665       8.754    1.56%       2.491      3.181
     CACC                 -0.471       0.607      -9.135    1.56%      -2.708     -0.544     -0.246
              64.000      15.011       4.204      15.933    1.56%       0.347      1.100
     POSSX                 5.258       0.661       0.000   16.13%       1.000      2.000      3.000
              62.000      25.062      -0.982      16.000    3.23%       5.000     11.000


THE MODEL ESTIMATION TERMINATED NORMALLY

     USE THE FBITERATIONS OPTION TO INCREASE THE NUMBER OF ITERATIONS BY A FACTOR
     OF AT LEAST TWO TO CHECK CONVERGENCE AND THAT THE PSR VALUE DOES NOT INCREASE.



MODEL FIT INFORMATION

Number of Free Parameters                              18

Bayesian Posterior Predictive Checking using Chi-Square

          95% Confidence Interval for the Difference Between
          the Observed and the Replicated Chi-Square Values

                                -14.742            22.794

          Posterior Predictive P-Value              0.344

Information Criteria

          Deviance (DIC)                         1538.187
          Estimated Number of Parameters (pD)      16.068
          Bayesian (BIC)                         1579.893



MODEL RESULTS

                                Posterior  One-Tailed         95% C.I.
                    Estimate       S.D.      P-Value   Lower 2.5%  Upper 2.5%  Significance

 CHSC       ON
    POSSX              0.027       0.028      0.161      -0.028       0.083

 CHCC       ON
    POSSX             -0.229       0.122      0.030      -0.467       0.010

 CASC       ON
    POSSX              0.027       0.028      0.161      -0.028       0.083

 CACC       ON
    POSSX              0.027       0.028      0.161      -0.028       0.083

 CHSC     WITH
    CHCC              -2.972       1.242      0.002      -5.824      -0.936      *
    CASC               0.376       0.292      0.077      -0.153       1.013
    CACC               2.591       0.880      0.000       1.193       4.653      *

 CHCC     WITH
    CASC              -0.316       1.314      0.396      -2.992       2.236
    CACC             -17.128       4.453      0.000     -27.838     -10.375      *

 CASC     WITH
    CACC              -0.398       0.905      0.316      -2.266       1.363

 Means
    POSSX              5.265       0.663      0.000       3.965       6.573      *

 Intercepts
    CHSC               2.763       0.222      0.000       2.327       3.203      *
    CHCC               1.243       1.002      0.110      -0.743       3.201
    CASC               2.306       0.240      0.000       1.833       2.776      *
    CACC              -0.615       0.547      0.131      -1.695       0.464

 Variances
    POSSX             26.572       5.190      0.000      18.911      39.164      *

 Residual Variances
    CHSC               1.758       0.360      0.000       1.236       2.633      *
    CHCC              37.397       7.711      0.000      26.019      56.334      *
    CASC               2.266       0.462      0.000       1.587       3.382      *
    CACC              17.469       3.546      0.000      12.246      25.922      *


STANDARDIZED MODEL RESULTS


STDYX Standardization

                                Posterior  One-Tailed         95% C.I.
                    Estimate       S.D.      P-Value   Lower 2.5%  Upper 2.5%  Significance
 CHSC       ON
    POSSX              0.106       0.106      0.161      -0.106       0.312

 CHCC       ON
    POSSX             -0.189       0.101      0.030      -0.388       0.009

 CASC       ON
    POSSX              0.093       0.095      0.161      -0.094       0.281

 CACC       ON
    POSSX              0.033       0.035      0.161      -0.034       0.107

 CHSC     WITH
    CHCC              -0.373       0.117      0.002      -0.581      -0.123      *
    CASC               0.192       0.130      0.077      -0.076       0.434
    CACC               0.475       0.106      0.000       0.241       0.654      *

 CHCC     WITH
    CASC              -0.035       0.134      0.396      -0.296       0.228
    CACC              -0.677       0.076      0.000      -0.798      -0.501      *

 CASC     WITH
    CACC              -0.065       0.134      0.316      -0.325       0.203

 Means
    POSSX              1.020       0.159      0.000       0.713       1.336      *

 Intercepts
    CHSC               2.061       0.266      0.000       1.550       2.591      *
    CHCC               0.199       0.158      0.110      -0.117       0.503
    CASC               1.519       0.217      0.000       1.100       1.950      *
    CACC              -0.147       0.130      0.131      -0.404       0.108

 Variances
    POSSX              1.000       0.000      0.000       1.000       1.000

 Residual Variances
    CHSC               0.988       0.027      0.000       0.903       1.000      *
    CHCC               0.964       0.041      0.000       0.849       1.000      *
    CASC               0.990       0.022      0.000       0.921       1.000      *
    CACC               0.999       0.003      0.000       0.989       1.000      *


STDY Standardization

                                Posterior  One-Tailed         95% C.I.
                    Estimate       S.D.      P-Value   Lower 2.5%  Upper 2.5%  Significance
 CHSC       ON
    POSSX              0.106       0.106      0.161      -0.106       0.312

 CHCC       ON
    POSSX             -0.189       0.101      0.030      -0.388       0.009

 CASC       ON
    POSSX              0.093       0.095      0.161      -0.094       0.281

 CACC       ON
    POSSX              0.033       0.035      0.161      -0.034       0.107

 CHSC     WITH
    CHCC              -0.373       0.117      0.002      -0.581      -0.123      *
    CASC               0.192       0.130      0.077      -0.076       0.434
    CACC               0.475       0.106      0.000       0.241       0.654      *

 CHCC     WITH
    CASC              -0.035       0.134      0.396      -0.296       0.228
    CACC              -0.677       0.076      0.000      -0.798      -0.501      *

 CASC     WITH
    CACC              -0.065       0.134      0.316      -0.325       0.203

 Means
    POSSX              1.020       0.159      0.000       0.713       1.336      *

 Intercepts
    CHSC               2.061       0.266      0.000       1.550       2.591      *
    CHCC               0.199       0.158      0.110      -0.117       0.503
    CASC               1.519       0.217      0.000       1.100       1.950      *
    CACC              -0.147       0.130      0.131      -0.404       0.108

 Variances
    POSSX              1.000       0.000      0.000       1.000       1.000

 Residual Variances
    CHSC               0.988       0.027      0.000       0.903       1.000      *
    CHCC               0.964       0.041      0.000       0.849       1.000      *
    CASC               0.990       0.022      0.000       0.921       1.000      *
    CACC               0.999       0.003      0.000       0.989       1.000      *


STD Standardization

                                Posterior  One-Tailed         95% C.I.
                    Estimate       S.D.      P-Value   Lower 2.5%  Upper 2.5%  Significance
 CHSC       ON
    POSSX              0.027       0.028      0.161      -0.028       0.083

 CHCC       ON
    POSSX             -0.229       0.122      0.030      -0.467       0.010

 CASC       ON
    POSSX              0.027       0.028      0.161      -0.028       0.083

 CACC       ON
    POSSX              0.027       0.028      0.161      -0.028       0.083

 CHSC     WITH
    CHCC              -2.972       1.242      0.002      -5.824      -0.936      *
    CASC               0.376       0.292      0.077      -0.153       1.013
    CACC               2.591       0.880      0.000       1.193       4.653      *

 CHCC     WITH
    CASC              -0.316       1.314      0.396      -2.992       2.236
    CACC             -17.128       4.453      0.000     -27.838     -10.375      *

 CASC     WITH
    CACC              -0.398       0.905      0.316      -2.266       1.363

 Means
    POSSX              5.265       0.663      0.000       3.965       6.573      *

 Intercepts
    CHSC               2.763       0.222      0.000       2.327       3.203      *
    CHCC               1.243       1.002      0.110      -0.743       3.201
    CASC               2.306       0.240      0.000       1.833       2.776      *
    CACC              -0.615       0.547      0.131      -1.695       0.464

 Variances
    POSSX             26.572       5.190      0.000      18.911      39.164      *

 Residual Variances
    CHSC               1.758       0.360      0.000       1.236       2.633      *
    CHCC              37.397       7.711      0.000      26.019      56.334      *
    CASC               2.266       0.462      0.000       1.587       3.382      *
    CACC              17.469       3.546      0.000      12.246      25.922      *


R-SQUARE

                                Posterior  One-Tailed         95% C.I.
    Variable        Estimate       S.D.      P-Value   Lower 2.5%  Upper 2.5%

    CHSC               0.012       0.027      0.000       0.000       0.097
    CHCC               0.036       0.041      0.000       0.000       0.151
    CASC               0.010       0.022      0.000       0.000       0.079
    CACC               0.001       0.003      0.000       0.000       0.011


     Beginning Time:  14:10:14
        Ending Time:  14:10:17
       Elapsed Time:  00:00:03



MUTHEN & MUTHEN
3463 Stoner Ave.
Los Angeles, CA  90066

Tel: (310) 391-9971
Fax: (310) 391-8971
Web: www.StatModel.com
Support: Support@StatModel.com

Copyright (c) 1998-2018 Muthen & Muthen
