Mplus VERSION 8.2 (Mac)
MUTHEN & MUTHEN
08/28/2024   1:37 PM

INPUT INSTRUCTIONS

  TITLE:
  Testing
  DATA:
  FILE = "../risk_model_pos.dat";

  VARIABLE:
  NAMES = chsc chcc casc cacc risk;
   MISSING=.;

  ANALYSIS:
  ESTIMATOR=BAYES; PROCESSORS = 2;BITERATIONS = (49000)
  MODEL:
  chsc ON risk;
  chcc ON risk;
  casc ON risk;
  cacc ON risk;
  chsc WITH chcc;
  chsc WITH casc;
  chsc WITH cacc;
  chcc WITH casc;
  chcc WITH cacc;
  casc WITH cacc;
  chsc WITH chsc;
  chcc WITH chcc;
  casc WITH casc;
  cacc WITH cacc;
  risk WITH risk;
  [chsc];
  [chcc];
  [casc];
  [cacc];
  [risk];

  OUTPUT:
  STANDARDIZED;



INPUT READING TERMINATED NORMALLY




Testing

SUMMARY OF ANALYSIS

Number of groups                                                 1
Number of observations                                          66

Number of dependent variables                                    4
Number of independent variables                                  1
Number of continuous latent variables                            0

Observed dependent variables

  Continuous
   CHSC        CHCC        CASC        CACC

Observed independent variables
   RISK


Estimator                                                    BAYES
Specifications for Bayesian Estimation
  Point estimate                                            MEDIAN
  Number of Markov chain Monte Carlo (MCMC) chains               2
  Random seed for the first chain                                0
  Starting value information                           UNPERTURBED
  Algorithm used for Markov chain Monte Carlo           GIBBS(PX1)
  Convergence criterion                                  0.500D-01
  Maximum number of iterations                               50000
  K-th iteration used for thinning                               1

Input data file(s)
  ../risk_model_pos.dat
Input data format  FREE


SUMMARY OF DATA



COVARIANCE COVERAGE OF DATA

Minimum covariance coverage value   0.100

     Number of missing data patterns             2


     PROPORTION OF DATA PRESENT


           Covariance Coverage
              CHSC          CHCC          CASC          CACC          RISK
              ________      ________      ________      ________      ________
 CHSC           1.000
 CHCC           1.000         1.000
 CASC           1.000         1.000         1.000
 CACC           1.000         1.000         1.000         1.000
 RISK           0.894         0.894         0.894         0.894         0.894



UNIVARIATE SAMPLE STATISTICS


     UNIVARIATE HIGHER-ORDER MOMENT DESCRIPTIVE STATISTICS

         Variable/         Mean/     Skewness/   Minimum/ % with                Percentiles
        Sample Size      Variance    Kurtosis    Maximum  Min/Max      20%/60%    40%/80%    Median

     CHSC                  2.901       0.428       0.369    1.52%       1.663      2.244      2.761
              66.000       1.806      -0.703       5.634    1.52%       3.053      4.208
     CHCC                  1.785       1.015     -15.617    1.52%      -2.672     -0.389      0.535
              66.000      48.332       2.722      28.205    1.52%       1.676      4.993
     CASC                  2.430       3.093       0.173    1.52%       1.296      1.820      1.905
              66.000       3.484      11.800      11.915    1.52%       2.197      3.197
     CACC                 -0.429      -0.234     -12.711    1.52%      -2.357     -1.155     -0.325
              66.000      11.795       3.046      11.197    1.52%       0.264      1.729
     RISK                  2.553       0.461       0.400    3.39%       0.800      0.800      0.800
              59.000       4.452      -1.646       5.800    3.39%       3.000      5.300


THE MODEL ESTIMATION TERMINATED NORMALLY

     USE THE FBITERATIONS OPTION TO INCREASE THE NUMBER OF ITERATIONS BY A FACTOR
     OF AT LEAST TWO TO CHECK CONVERGENCE AND THAT THE PSR VALUE DOES NOT INCREASE.



MODEL FIT INFORMATION

Number of Free Parameters                              20

Bayesian Posterior Predictive Checking using Chi-Square

          95% Confidence Interval for the Difference Between
          the Observed and the Replicated Chi-Square Values

                                -17.424            22.868

          Posterior Predictive P-Value              0.393

Information Criteria

          Deviance (DIC)                         1536.713
          Estimated Number of Parameters (pD)      18.116
          Bayesian (BIC)                         1583.150



MODEL RESULTS

                                Posterior  One-Tailed         95% C.I.
                    Estimate       S.D.      P-Value   Lower 2.5%  Upper 2.5%  Significance

 CHSC       ON
    RISK               0.005       0.090      0.479      -0.172       0.182

 CHCC       ON
    RISK              -0.871       0.444      0.025      -1.744       0.002

 CASC       ON
    RISK               0.321       0.117      0.004       0.089       0.548      *

 CACC       ON
    RISK               0.498       0.216      0.011       0.073       0.925      *

 CHSC     WITH
    CHCC               1.196       1.527      0.199      -1.691       4.414
    CASC              -0.520       0.402      0.078      -1.382       0.208
    CACC              -0.558       0.741      0.208      -2.107       0.838

 CHCC     WITH
    CASC               1.504       1.980      0.208      -2.224       5.636
    CACC             -14.275       4.237      0.000     -24.288      -7.649      *

 CASC     WITH
    CACC               0.486       0.964      0.292      -1.363       2.484

 Means
    RISK               2.545       0.279      0.000       1.996       3.094      *

 Intercepts
    CHSC               2.889       0.292      0.000       2.316       3.464      *
    CHCC               4.014       1.453      0.003       1.153       6.852      *
    CASC               1.615       0.381      0.000       0.875       2.372      *
    CACC              -1.698       0.708      0.009      -3.076      -0.308      *

 Variances
    RISK               4.621       0.905      0.000       3.281       6.807      *

 Residual Variances
    CHSC               2.151       0.431      0.000       1.515       3.185      *
    CHCC              53.674      10.807      0.000      37.753      79.823      *
    CASC               3.621       0.730      0.000       2.544       5.405      *
    CACC              12.773       2.571      0.000       8.984      19.042      *


STANDARDIZED MODEL RESULTS


STDYX Standardization

                                Posterior  One-Tailed         95% C.I.
                    Estimate       S.D.      P-Value   Lower 2.5%  Upper 2.5%  Significance
 CHSC       ON
    RISK               0.007       0.129      0.479      -0.244       0.257

 CHCC       ON
    RISK              -0.248       0.120      0.025      -0.466       0.001

 CASC       ON
    RISK               0.342       0.115      0.004       0.096       0.544      *

 CACC       ON
    RISK               0.287       0.117      0.011       0.044       0.499      *

 CHSC     WITH
    CHCC               0.113       0.131      0.199      -0.151       0.362
    CASC              -0.190       0.129      0.078      -0.429       0.073
    CACC              -0.109       0.131      0.208      -0.358       0.153

 CHCC     WITH
    CASC               0.110       0.131      0.208      -0.155       0.358
    CACC              -0.552       0.095      0.000      -0.708      -0.342      *

 CASC     WITH
    CACC               0.073       0.132      0.292      -0.190       0.327

 Means
    RISK               1.185       0.170      0.000       0.856       1.519      *

 Intercepts
    CHSC               1.958       0.269      0.000       1.422       2.475      *
    CHCC               0.529       0.182      0.003       0.151       0.862      *
    CASC               0.795       0.218      0.000       0.384       1.236      *
    CACC              -0.453       0.179      0.009      -0.781      -0.082      *

 Variances
    RISK               1.000       0.000      0.000       1.000       1.000

 Residual Variances
    CHSC               0.992       0.023      0.000       0.919       1.000      *
    CHCC               0.938       0.059      0.000       0.783       0.999      *
    CASC               0.883       0.076      0.000       0.705       0.991      *
    CACC               0.918       0.066      0.000       0.751       0.997      *


STDY Standardization

                                Posterior  One-Tailed         95% C.I.
                    Estimate       S.D.      P-Value   Lower 2.5%  Upper 2.5%  Significance
 CHSC       ON
    RISK               0.007       0.129      0.479      -0.244       0.257

 CHCC       ON
    RISK              -0.248       0.120      0.025      -0.466       0.001

 CASC       ON
    RISK               0.342       0.115      0.004       0.096       0.544      *

 CACC       ON
    RISK               0.287       0.117      0.011       0.044       0.499      *

 CHSC     WITH
    CHCC               0.113       0.131      0.199      -0.151       0.362
    CASC              -0.190       0.129      0.078      -0.429       0.073
    CACC              -0.109       0.131      0.208      -0.358       0.153

 CHCC     WITH
    CASC               0.110       0.131      0.208      -0.155       0.358
    CACC              -0.552       0.095      0.000      -0.708      -0.342      *

 CASC     WITH
    CACC               0.073       0.132      0.292      -0.190       0.327

 Means
    RISK               1.185       0.170      0.000       0.856       1.519      *

 Intercepts
    CHSC               1.958       0.269      0.000       1.422       2.475      *
    CHCC               0.529       0.182      0.003       0.151       0.862      *
    CASC               0.795       0.218      0.000       0.384       1.236      *
    CACC              -0.453       0.179      0.009      -0.781      -0.082      *

 Variances
    RISK               1.000       0.000      0.000       1.000       1.000

 Residual Variances
    CHSC               0.992       0.023      0.000       0.919       1.000      *
    CHCC               0.938       0.059      0.000       0.783       0.999      *
    CASC               0.883       0.076      0.000       0.705       0.991      *
    CACC               0.918       0.066      0.000       0.751       0.997      *


STD Standardization

                                Posterior  One-Tailed         95% C.I.
                    Estimate       S.D.      P-Value   Lower 2.5%  Upper 2.5%  Significance
 CHSC       ON
    RISK               0.005       0.090      0.479      -0.172       0.182

 CHCC       ON
    RISK              -0.871       0.444      0.025      -1.744       0.002

 CASC       ON
    RISK               0.321       0.117      0.004       0.089       0.548      *

 CACC       ON
    RISK               0.498       0.216      0.011       0.073       0.925      *

 CHSC     WITH
    CHCC               1.196       1.527      0.199      -1.691       4.414
    CASC              -0.520       0.402      0.078      -1.382       0.208
    CACC              -0.558       0.741      0.208      -2.107       0.838

 CHCC     WITH
    CASC               1.504       1.980      0.208      -2.224       5.636
    CACC             -14.275       4.237      0.000     -24.288      -7.649      *

 CASC     WITH
    CACC               0.486       0.964      0.292      -1.363       2.484

 Means
    RISK               2.545       0.279      0.000       1.996       3.094      *

 Intercepts
    CHSC               2.889       0.292      0.000       2.316       3.464      *
    CHCC               4.014       1.453      0.003       1.153       6.852      *
    CASC               1.615       0.381      0.000       0.875       2.372      *
    CACC              -1.698       0.708      0.009      -3.076      -0.308      *

 Variances
    RISK               4.621       0.905      0.000       3.281       6.807      *

 Residual Variances
    CHSC               2.151       0.431      0.000       1.515       3.185      *
    CHCC              53.674      10.807      0.000      37.753      79.823      *
    CASC               3.621       0.730      0.000       2.544       5.405      *
    CACC              12.773       2.571      0.000       8.984      19.042      *


R-SQUARE

                                Posterior  One-Tailed         95% C.I.
    Variable        Estimate       S.D.      P-Value   Lower 2.5%  Upper 2.5%

    CHSC               0.008       0.023      0.000       0.000       0.081
    CHCC               0.062       0.059      0.000       0.001       0.217
    CASC               0.117       0.076      0.000       0.009       0.295
    CACC               0.082       0.066      0.000       0.003       0.249


     Beginning Time:  13:37:46
        Ending Time:  13:37:49
       Elapsed Time:  00:00:03



MUTHEN & MUTHEN
3463 Stoner Ave.
Los Angeles, CA  90066

Tel: (310) 391-9971
Fax: (310) 391-8971
Web: www.StatModel.com
Support: Support@StatModel.com

Copyright (c) 1998-2018 Muthen & Muthen
