Mplus VERSION 8.2 (Mac)
MUTHEN & MUTHEN
08/28/2024   1:01 PM

INPUT INSTRUCTIONS

  TITLE:
  Testing
  DATA:
  FILE = "CHR_sx_model_w_chwh_neg.dat";

  VARIABLE:
  NAMES = chsc chcc casc cacc CHR chwh;
   MISSING=.;

  ANALYSIS:
  ESTIMATOR=BAYES; PROCESSORS = 2;BITERATIONS = (49000)
  MODEL:
  chsc ON CHR@0;
  chsc ON chwh;
  chcc ON CHR;
  chcc ON chwh;
  casc ON CHR;
  casc ON chwh;
  cacc ON CHR;
  cacc ON chwh;
  chsc WITH chcc@0;
  chsc WITH casc@0;
  chsc WITH cacc@0;
  chcc WITH casc@0;
  chcc WITH cacc;
  casc WITH cacc@0;
  chsc WITH chsc;
  chcc WITH chcc;
  casc WITH casc;
  cacc WITH cacc;
  CHR WITH CHR;
  CHR WITH chwh;
  chwh WITH chwh;
  [chsc];
  [chcc];
  [casc];
  [cacc];
  [CHR];
  [chwh];

  OUTPUT:
  STANDARDIZED;



INPUT READING TERMINATED NORMALLY




Testing

SUMMARY OF ANALYSIS

Number of groups                                                 1
Number of observations                                          66

Number of dependent variables                                    4
Number of independent variables                                  2
Number of continuous latent variables                            0

Observed dependent variables

  Continuous
   CHSC        CHCC        CASC        CACC

Observed independent variables
   CHR         CHWH


Estimator                                                    BAYES
Specifications for Bayesian Estimation
  Point estimate                                            MEDIAN
  Number of Markov chain Monte Carlo (MCMC) chains               2
  Random seed for the first chain                                0
  Starting value information                           UNPERTURBED
  Algorithm used for Markov chain Monte Carlo           GIBBS(PX1)
  Convergence criterion                                  0.500D-01
  Maximum number of iterations                               50000
  K-th iteration used for thinning                               1

Input data file(s)
  CHR_sx_model_w_chwh_neg.dat
Input data format  FREE


SUMMARY OF DATA



COVARIANCE COVERAGE OF DATA

Minimum covariance coverage value   0.100

     Number of missing data patterns             1


     PROPORTION OF DATA PRESENT


           Covariance Coverage
              CHSC          CHCC          CASC          CACC          CHR
              ________      ________      ________      ________      ________
 CHSC           1.000
 CHCC           1.000         1.000
 CASC           1.000         1.000         1.000
 CACC           1.000         1.000         1.000         1.000
 CHR            1.000         1.000         1.000         1.000         1.000
 CHWH           1.000         1.000         1.000         1.000         1.000


           Covariance Coverage
              CHWH
              ________
 CHWH           1.000



UNIVARIATE SAMPLE STATISTICS


     UNIVARIATE HIGHER-ORDER MOMENT DESCRIPTIVE STATISTICS

         Variable/         Mean/     Skewness/   Minimum/ % with                Percentiles
        Sample Size      Variance    Kurtosis    Maximum  Min/Max      20%/60%    40%/80%    Median

     CHSC                  2.789       0.912       0.884    1.52%       1.550      2.236      2.478
              66.000       1.759       0.087       6.266    1.52%       2.723      3.726
     CHCC                  0.236      -1.642     -29.952    1.52%      -2.994     -0.412      0.428
              66.000      41.162       6.549      14.882    1.52%       0.926      4.943
     CASC                  2.423       2.400      -0.698    1.52%       1.176      1.758      2.059
              66.000       3.578       7.017      10.998    1.52%       2.213      2.720
     CACC                 -0.675      -0.840     -10.489    1.52%      -3.207     -1.126     -0.251
              66.000       6.952       1.631       4.504    1.52%       0.315      1.045
     CHR                   0.455       0.183       0.000   54.55%       0.000      0.000      0.000
              66.000       0.248      -1.967       1.000   45.45%       1.000      1.000
     CHWH                  0.470       0.121       0.000   53.03%       0.000      0.000      0.000
              66.000       0.249      -1.985       1.000   46.97%       1.000      1.000


THE MODEL ESTIMATION TERMINATED NORMALLY

     USE THE FBITERATIONS OPTION TO INCREASE THE NUMBER OF ITERATIONS BY A FACTOR
     OF AT LEAST TWO TO CHECK CONVERGENCE AND THAT THE PSR VALUE DOES NOT INCREASE.



MODEL FIT INFORMATION

Number of Free Parameters                              21

Bayesian Posterior Predictive Checking using Chi-Square

          95% Confidence Interval for the Difference Between
          the Observed and the Replicated Chi-Square Values

                                -12.846            27.673

          Posterior Predictive P-Value              0.220

Information Criteria

          Deviance (DIC)                         1414.515
          Estimated Number of Parameters (pD)      20.043
          Bayesian (BIC)                         1461.540



MODEL RESULTS

                                Posterior  One-Tailed         95% C.I.
                    Estimate       S.D.      P-Value   Lower 2.5%  Upper 2.5%  Significance

 CHSC       ON
    CHR                0.000       0.000      1.000       0.000       0.000
    CHWH              -0.534       0.337      0.055      -1.203       0.123

 CHCC       ON
    CHR               -4.413       1.587      0.003      -7.543      -1.283      *
    CHWH               1.774       1.590      0.132      -1.342       4.889

 CASC       ON
    CHR                1.141       0.474      0.008       0.213       2.076      *
    CHWH              -0.155       0.474      0.368      -1.090       0.782

 CACC       ON
    CHR                1.413       0.680      0.019       0.079       2.746      *
    CHWH              -0.152       0.681      0.410      -1.485       1.194

 CHSC     WITH
    CHCC               0.000       0.000      1.000       0.000       0.000
    CASC               0.000       0.000      1.000       0.000       0.000
    CACC               0.000       0.000      1.000       0.000       0.000

 CHCC     WITH
    CASC               0.000       0.000      1.000       0.000       0.000
    CACC             -11.063       2.774      0.000     -17.623      -6.817      *

 CASC     WITH
    CACC               0.000       0.000      1.000       0.000       0.000

 CHR      WITH
    CHWH              -0.035       0.037      0.157      -0.112       0.034

 Means
    CHR                0.455       0.065      0.000       0.327       0.582      *
    CHWH               0.471       0.065      0.000       0.342       0.598      *

 Intercepts
    CHSC               3.040       0.230      0.000       2.587       3.490      *
    CHCC               1.406       1.355      0.147      -1.239       4.075
    CASC               1.977       0.405      0.000       1.179       2.768      *
    CACC              -1.242       0.581      0.017      -2.390      -0.104      *

 Variances
    CHR                0.271       0.052      0.000       0.193       0.396      *
    CHWH               0.272       0.053      0.000       0.194       0.398      *

 Residual Variances
    CHSC               1.817       0.349      0.000       1.298       2.672      *
    CHCC              39.616       7.703      0.000      28.114      58.111      *
    CASC               3.542       0.677      0.000       2.535       5.181      *
    CACC               7.274       1.412      0.000       5.172      10.652      *


STANDARDIZED MODEL RESULTS


STDYX Standardization

                                Posterior  One-Tailed         95% C.I.
                    Estimate       S.D.      P-Value   Lower 2.5%  Upper 2.5%  Significance
 CHSC       ON
    CHR                0.000       0.000      1.000       0.000       0.000
    CHWH              -0.203       0.122      0.055      -0.429       0.047

 CHCC       ON
    CHR               -0.335       0.112      0.003      -0.538      -0.098      *
    CHWH               0.135       0.118      0.132      -0.101       0.360

 CASC       ON
    CHR                0.298       0.116      0.008       0.056       0.510      *
    CHWH              -0.041       0.122      0.368      -0.277       0.200

 CACC       ON
    CHR                0.261       0.119      0.019       0.015       0.479      *
    CHWH              -0.028       0.123      0.410      -0.267       0.215

 CHSC     WITH
    CHCC               0.000       0.000      1.000       0.000       0.000
    CASC               0.000       0.000      1.000       0.000       0.000
    CACC               0.000       0.000      1.000       0.000       0.000

 CHCC     WITH
    CASC               0.000       0.000      1.000       0.000       0.000
    CACC              -0.658       0.075      0.000      -0.780      -0.488      *

 CASC     WITH
    CACC               0.000       0.000      1.000       0.000       0.000

 CHR      WITH
    CHWH              -0.129       0.125      0.157      -0.364       0.122

 Means
    CHR                0.874       0.147      0.000       0.589       1.164      *
    CHWH               0.902       0.148      0.000       0.613       1.192      *

 Intercepts
    CHSC               2.193       0.234      0.000       1.727       2.644      *
    CHCC               0.205       0.191      0.147      -0.178       0.567
    CASC               0.988       0.232      0.000       0.533       1.444      *
    CACC              -0.439       0.198      0.017      -0.810      -0.036      *

 Variances
    CHR                1.000       0.000      0.000       1.000       1.000
    CHWH               1.000       0.000      0.000       1.000       1.000

 Residual Variances
    CHSC               0.959       0.051      0.000       0.816       1.000      *
    CHCC               0.843       0.081      0.000       0.661       0.969      *
    CASC               0.891       0.071      0.000       0.719       0.987      *
    CACC               0.913       0.064      0.000       0.751       0.993      *


STDY Standardization

                                Posterior  One-Tailed         95% C.I.
                    Estimate       S.D.      P-Value   Lower 2.5%  Upper 2.5%  Significance
 CHSC       ON
    CHR                0.000       0.000      1.000       0.000       0.000
    CHWH              -0.203       0.122      0.055      -0.429       0.047

 CHCC       ON
    CHR               -0.335       0.112      0.003      -0.538      -0.098      *
    CHWH               0.135       0.118      0.132      -0.101       0.360

 CASC       ON
    CHR                0.298       0.116      0.008       0.056       0.510      *
    CHWH              -0.041       0.122      0.368      -0.277       0.200

 CACC       ON
    CHR                0.261       0.119      0.019       0.015       0.479      *
    CHWH              -0.028       0.123      0.410      -0.267       0.215

 CHSC     WITH
    CHCC               0.000       0.000      1.000       0.000       0.000
    CASC               0.000       0.000      1.000       0.000       0.000
    CACC               0.000       0.000      1.000       0.000       0.000

 CHCC     WITH
    CASC               0.000       0.000      1.000       0.000       0.000
    CACC              -0.658       0.075      0.000      -0.780      -0.488      *

 CASC     WITH
    CACC               0.000       0.000      1.000       0.000       0.000

 CHR      WITH
    CHWH              -0.129       0.125      0.157      -0.364       0.122

 Means
    CHR                0.874       0.147      0.000       0.589       1.164      *
    CHWH               0.902       0.148      0.000       0.613       1.192      *

 Intercepts
    CHSC               2.193       0.234      0.000       1.727       2.644      *
    CHCC               0.205       0.191      0.147      -0.178       0.567
    CASC               0.988       0.232      0.000       0.533       1.444      *
    CACC              -0.439       0.198      0.017      -0.810      -0.036      *

 Variances
    CHR                1.000       0.000      0.000       1.000       1.000
    CHWH               1.000       0.000      0.000       1.000       1.000

 Residual Variances
    CHSC               0.959       0.051      0.000       0.816       1.000      *
    CHCC               0.843       0.081      0.000       0.661       0.969      *
    CASC               0.891       0.071      0.000       0.719       0.987      *
    CACC               0.913       0.064      0.000       0.751       0.993      *


STD Standardization

                                Posterior  One-Tailed         95% C.I.
                    Estimate       S.D.      P-Value   Lower 2.5%  Upper 2.5%  Significance
 CHSC       ON
    CHR                0.000       0.000      1.000       0.000       0.000
    CHWH              -0.534       0.337      0.055      -1.203       0.123

 CHCC       ON
    CHR               -4.413       1.587      0.003      -7.543      -1.283      *
    CHWH               1.774       1.590      0.132      -1.342       4.889

 CASC       ON
    CHR                1.141       0.474      0.008       0.213       2.076      *
    CHWH              -0.155       0.474      0.368      -1.090       0.782

 CACC       ON
    CHR                1.413       0.680      0.019       0.079       2.746      *
    CHWH              -0.152       0.681      0.410      -1.485       1.194

 CHSC     WITH
    CHCC               0.000       0.000      1.000       0.000       0.000
    CASC               0.000       0.000      1.000       0.000       0.000
    CACC               0.000       0.000      1.000       0.000       0.000

 CHCC     WITH
    CASC               0.000       0.000      1.000       0.000       0.000
    CACC             -11.063       2.774      0.000     -17.623      -6.817      *

 CASC     WITH
    CACC               0.000       0.000      1.000       0.000       0.000

 CHR      WITH
    CHWH              -0.035       0.037      0.157      -0.112       0.034

 Means
    CHR                0.455       0.065      0.000       0.327       0.582      *
    CHWH               0.471       0.065      0.000       0.342       0.598      *

 Intercepts
    CHSC               3.040       0.230      0.000       2.587       3.490      *
    CHCC               1.406       1.355      0.147      -1.239       4.075
    CASC               1.977       0.405      0.000       1.179       2.768      *
    CACC              -1.242       0.581      0.017      -2.390      -0.104      *

 Variances
    CHR                0.271       0.052      0.000       0.193       0.396      *
    CHWH               0.272       0.053      0.000       0.194       0.398      *

 Residual Variances
    CHSC               1.817       0.349      0.000       1.298       2.672      *
    CHCC              39.616       7.703      0.000      28.114      58.111      *
    CASC               3.542       0.677      0.000       2.535       5.181      *
    CACC               7.274       1.412      0.000       5.172      10.652      *


R-SQUARE

                                Posterior  One-Tailed         95% C.I.
    Variable        Estimate       S.D.      P-Value   Lower 2.5%  Upper 2.5%

    CHSC               0.041       0.051      0.000       0.000       0.184
    CHCC               0.157       0.081      0.000       0.031       0.339
    CASC               0.109       0.071      0.000       0.013       0.281
    CACC               0.087       0.064      0.000       0.007       0.249


     Beginning Time:  13:01:15
        Ending Time:  13:01:17
       Elapsed Time:  00:00:02



MUTHEN & MUTHEN
3463 Stoner Ave.
Los Angeles, CA  90066

Tel: (310) 391-9971
Fax: (310) 391-8971
Web: www.StatModel.com
Support: Support@StatModel.com

Copyright (c) 1998-2018 Muthen & Muthen
