Mplus VERSION 8.2 (Mac)
MUTHEN & MUTHEN
08/28/2024   1:00 PM

INPUT INSTRUCTIONS

  TITLE:
  Testing
  DATA:
  FILE = "CHR_sx_model_w_fem_neg.dat";

  VARIABLE:
  NAMES = chsc chcc casc cacc CHR chfm;
   MISSING=.;

  ANALYSIS:
  ESTIMATOR=BAYES; PROCESSORS = 2;BITERATIONS = (49000)
  MODEL:
  chsc ON CHR@0;
  chsc ON chfm;
  chcc ON CHR;
  chcc ON chfm;
  casc ON CHR;
  casc ON chfm;
  cacc ON CHR;
  cacc ON chfm;
  chsc WITH chcc@0;
  chsc WITH casc@0;
  chsc WITH cacc@0;
  chcc WITH casc@0;
  chcc WITH cacc;
  casc WITH cacc@0;
  chsc WITH chsc;
  chcc WITH chcc;
  casc WITH casc;
  cacc WITH cacc;
  CHR WITH CHR;
  CHR WITH chfm;
  chfm WITH chfm;
  [chsc];
  [chcc];
  [casc];
  [cacc];
  [CHR];
  [chfm];

  OUTPUT:
  STANDARDIZED;



INPUT READING TERMINATED NORMALLY




Testing

SUMMARY OF ANALYSIS

Number of groups                                                 1
Number of observations                                          66

Number of dependent variables                                    4
Number of independent variables                                  2
Number of continuous latent variables                            0

Observed dependent variables

  Continuous
   CHSC        CHCC        CASC        CACC

Observed independent variables
   CHR         CHFM


Estimator                                                    BAYES
Specifications for Bayesian Estimation
  Point estimate                                            MEDIAN
  Number of Markov chain Monte Carlo (MCMC) chains               2
  Random seed for the first chain                                0
  Starting value information                           UNPERTURBED
  Algorithm used for Markov chain Monte Carlo           GIBBS(PX1)
  Convergence criterion                                  0.500D-01
  Maximum number of iterations                               50000
  K-th iteration used for thinning                               1

Input data file(s)
  CHR_sx_model_w_fem_neg.dat
Input data format  FREE


SUMMARY OF DATA



COVARIANCE COVERAGE OF DATA

Minimum covariance coverage value   0.100

     Number of missing data patterns             1


     PROPORTION OF DATA PRESENT


           Covariance Coverage
              CHSC          CHCC          CASC          CACC          CHR
              ________      ________      ________      ________      ________
 CHSC           1.000
 CHCC           1.000         1.000
 CASC           1.000         1.000         1.000
 CACC           1.000         1.000         1.000         1.000
 CHR            1.000         1.000         1.000         1.000         1.000
 CHFM           1.000         1.000         1.000         1.000         1.000


           Covariance Coverage
              CHFM
              ________
 CHFM           1.000



UNIVARIATE SAMPLE STATISTICS


     UNIVARIATE HIGHER-ORDER MOMENT DESCRIPTIVE STATISTICS

         Variable/         Mean/     Skewness/   Minimum/ % with                Percentiles
        Sample Size      Variance    Kurtosis    Maximum  Min/Max      20%/60%    40%/80%    Median

     CHSC                  2.789       0.912       0.884    1.52%       1.550      2.236      2.478
              66.000       1.759       0.087       6.266    1.52%       2.723      3.726
     CHCC                  0.236      -1.642     -29.952    1.52%      -2.994     -0.412      0.428
              66.000      41.162       6.549      14.882    1.52%       0.926      4.943
     CASC                  2.423       2.400      -0.698    1.52%       1.176      1.758      2.059
              66.000       3.578       7.017      10.998    1.52%       2.213      2.720
     CACC                 -0.675      -0.840     -10.489    1.52%      -3.207     -1.126     -0.251
              66.000       6.952       1.631       4.504    1.52%       0.315      1.045
     CHR                   0.455       0.183       0.000   54.55%       0.000      0.000      0.000
              66.000       0.248      -1.967       1.000   45.45%       1.000      1.000
     CHFM                  0.455       0.183       0.000   54.55%       0.000      0.000      0.000
              66.000       0.248      -1.967       1.000   45.45%       1.000      1.000


THE MODEL ESTIMATION TERMINATED NORMALLY

     USE THE FBITERATIONS OPTION TO INCREASE THE NUMBER OF ITERATIONS BY A FACTOR
     OF AT LEAST TWO TO CHECK CONVERGENCE AND THAT THE PSR VALUE DOES NOT INCREASE.



MODEL FIT INFORMATION

Number of Free Parameters                              21

Bayesian Posterior Predictive Checking using Chi-Square

          95% Confidence Interval for the Difference Between
          the Observed and the Replicated Chi-Square Values

                                -13.217            27.298

          Posterior Predictive P-Value              0.233

Information Criteria

          Deviance (DIC)                         1413.257
          Estimated Number of Parameters (pD)      20.043
          Bayesian (BIC)                         1460.284



MODEL RESULTS

                                Posterior  One-Tailed         95% C.I.
                    Estimate       S.D.      P-Value   Lower 2.5%  Upper 2.5%  Significance

 CHSC       ON
    CHR                0.000       0.000      1.000       0.000       0.000
    CHFM               0.654       0.334      0.027      -0.010       1.305

 CHCC       ON
    CHR               -4.815       1.606      0.002      -7.979      -1.645      *
    CHFM              -1.085       1.613      0.248      -4.243       2.069

 CASC       ON
    CHR                1.141       0.477      0.008       0.210       2.081      *
    CHFM              -0.118       0.478      0.400      -1.060       0.826

 CACC       ON
    CHR                1.432       0.684      0.018       0.093       2.771      *
    CHFM              -0.004       0.686      0.497      -1.348       1.347

 CHSC     WITH
    CHCC               0.000       0.000      1.000       0.000       0.000
    CASC               0.000       0.000      1.000       0.000       0.000
    CACC               0.000       0.000      1.000       0.000       0.000

 CHCC     WITH
    CASC               0.000       0.000      1.000       0.000       0.000
    CACC             -11.137       2.794      0.000     -17.743      -6.862      *

 CASC     WITH
    CACC               0.000       0.000      1.000       0.000       0.000

 CHR      WITH
    CHFM              -0.043       0.037      0.102      -0.122       0.024

 Means
    CHR                0.455       0.065      0.000       0.327       0.582      *
    CHFM               0.455       0.065      0.000       0.327       0.582      *

 Intercepts
    CHSC               2.492       0.225      0.000       2.050       2.931      *
    CHCC               2.915       1.368      0.016       0.245       5.610      *
    CASC               1.958       0.407      0.000       1.157       2.751      *
    CACC              -1.320       0.583      0.012      -2.471      -0.179      *

 Variances
    CHR                0.271       0.052      0.000       0.193       0.396      *
    CHFM               0.271       0.052      0.000       0.193       0.396      *

 Residual Variances
    CHSC               1.780       0.342      0.000       1.272       2.617      *
    CHCC              40.160       7.809      0.000      28.503      58.906      *
    CASC               3.545       0.678      0.000       2.537       5.185      *
    CACC               7.281       1.413      0.000       5.177      10.661      *


STANDARDIZED MODEL RESULTS


STDYX Standardization

                                Posterior  One-Tailed         95% C.I.
                    Estimate       S.D.      P-Value   Lower 2.5%  Upper 2.5%  Significance
 CHSC       ON
    CHR                0.000       0.000      1.000       0.000       0.000
    CHFM               0.248       0.120      0.027      -0.004       0.466

 CHCC       ON
    CHR               -0.366       0.112      0.002      -0.567      -0.127      *
    CHFM              -0.082       0.120      0.248      -0.313       0.156

 CASC       ON
    CHR                0.298       0.117      0.008       0.056       0.511      *
    CHFM              -0.031       0.122      0.400      -0.269       0.211

 CACC       ON
    CHR                0.264       0.119      0.018       0.017       0.484      *
    CHFM              -0.001       0.124      0.497      -0.243       0.242

 CHSC     WITH
    CHCC               0.000       0.000      1.000       0.000       0.000
    CASC               0.000       0.000      1.000       0.000       0.000
    CACC               0.000       0.000      1.000       0.000       0.000

 CHCC     WITH
    CASC               0.000       0.000      1.000       0.000       0.000
    CACC              -0.658       0.075      0.000      -0.780      -0.487      *

 CASC     WITH
    CACC               0.000       0.000      1.000       0.000       0.000

 CHR      WITH
    CHFM              -0.163       0.124      0.102      -0.394       0.088

 Means
    CHR                0.874       0.147      0.000       0.590       1.164      *
    CHFM               0.875       0.146      0.000       0.589       1.162      *

 Intercepts
    CHSC               1.801       0.252      0.000       1.310       2.300      *
    CHCC               0.424       0.187      0.016       0.035       0.767      *
    CASC               0.979       0.233      0.000       0.523       1.436      *
    CACC              -0.467       0.198      0.012      -0.835      -0.062      *

 Variances
    CHR                1.000       0.000      0.000       1.000       1.000
    CHFM               1.000       0.000      0.000       1.000       1.000

 Residual Variances
    CHSC               0.939       0.059      0.000       0.783       0.999      *
    CHCC               0.854       0.079      0.000       0.673       0.974      *
    CASC               0.891       0.071      0.000       0.720       0.987      *
    CACC               0.914       0.064      0.000       0.751       0.993      *


STDY Standardization

                                Posterior  One-Tailed         95% C.I.
                    Estimate       S.D.      P-Value   Lower 2.5%  Upper 2.5%  Significance
 CHSC       ON
    CHR                0.000       0.000      1.000       0.000       0.000
    CHFM               0.248       0.120      0.027      -0.004       0.466

 CHCC       ON
    CHR               -0.366       0.112      0.002      -0.567      -0.127      *
    CHFM              -0.082       0.120      0.248      -0.313       0.156

 CASC       ON
    CHR                0.298       0.117      0.008       0.056       0.511      *
    CHFM              -0.031       0.122      0.400      -0.269       0.211

 CACC       ON
    CHR                0.264       0.119      0.018       0.017       0.484      *
    CHFM              -0.001       0.124      0.497      -0.243       0.242

 CHSC     WITH
    CHCC               0.000       0.000      1.000       0.000       0.000
    CASC               0.000       0.000      1.000       0.000       0.000
    CACC               0.000       0.000      1.000       0.000       0.000

 CHCC     WITH
    CASC               0.000       0.000      1.000       0.000       0.000
    CACC              -0.658       0.075      0.000      -0.780      -0.487      *

 CASC     WITH
    CACC               0.000       0.000      1.000       0.000       0.000

 CHR      WITH
    CHFM              -0.163       0.124      0.102      -0.394       0.088

 Means
    CHR                0.874       0.147      0.000       0.590       1.164      *
    CHFM               0.875       0.146      0.000       0.589       1.162      *

 Intercepts
    CHSC               1.801       0.252      0.000       1.310       2.300      *
    CHCC               0.424       0.187      0.016       0.035       0.767      *
    CASC               0.979       0.233      0.000       0.523       1.436      *
    CACC              -0.467       0.198      0.012      -0.835      -0.062      *

 Variances
    CHR                1.000       0.000      0.000       1.000       1.000
    CHFM               1.000       0.000      0.000       1.000       1.000

 Residual Variances
    CHSC               0.939       0.059      0.000       0.783       0.999      *
    CHCC               0.854       0.079      0.000       0.673       0.974      *
    CASC               0.891       0.071      0.000       0.720       0.987      *
    CACC               0.914       0.064      0.000       0.751       0.993      *


STD Standardization

                                Posterior  One-Tailed         95% C.I.
                    Estimate       S.D.      P-Value   Lower 2.5%  Upper 2.5%  Significance
 CHSC       ON
    CHR                0.000       0.000      1.000       0.000       0.000
    CHFM               0.654       0.334      0.027      -0.010       1.305

 CHCC       ON
    CHR               -4.815       1.606      0.002      -7.979      -1.645      *
    CHFM              -1.085       1.613      0.248      -4.243       2.069

 CASC       ON
    CHR                1.141       0.477      0.008       0.210       2.081      *
    CHFM              -0.118       0.478      0.400      -1.060       0.826

 CACC       ON
    CHR                1.432       0.684      0.018       0.093       2.771      *
    CHFM              -0.004       0.686      0.497      -1.348       1.347

 CHSC     WITH
    CHCC               0.000       0.000      1.000       0.000       0.000
    CASC               0.000       0.000      1.000       0.000       0.000
    CACC               0.000       0.000      1.000       0.000       0.000

 CHCC     WITH
    CASC               0.000       0.000      1.000       0.000       0.000
    CACC             -11.137       2.794      0.000     -17.743      -6.862      *

 CASC     WITH
    CACC               0.000       0.000      1.000       0.000       0.000

 CHR      WITH
    CHFM              -0.043       0.037      0.102      -0.122       0.024

 Means
    CHR                0.455       0.065      0.000       0.327       0.582      *
    CHFM               0.455       0.065      0.000       0.327       0.582      *

 Intercepts
    CHSC               2.492       0.225      0.000       2.050       2.931      *
    CHCC               2.915       1.368      0.016       0.245       5.610      *
    CASC               1.958       0.407      0.000       1.157       2.751      *
    CACC              -1.320       0.583      0.012      -2.471      -0.179      *

 Variances
    CHR                0.271       0.052      0.000       0.193       0.396      *
    CHFM               0.271       0.052      0.000       0.193       0.396      *

 Residual Variances
    CHSC               1.780       0.342      0.000       1.272       2.617      *
    CHCC              40.160       7.809      0.000      28.503      58.906      *
    CASC               3.545       0.678      0.000       2.537       5.185      *
    CACC               7.281       1.413      0.000       5.177      10.661      *


R-SQUARE

                                Posterior  One-Tailed         95% C.I.
    Variable        Estimate       S.D.      P-Value   Lower 2.5%  Upper 2.5%

    CHSC               0.061       0.059      0.000       0.001       0.217
    CHCC               0.146       0.079      0.000       0.026       0.327
    CASC               0.109       0.071      0.000       0.013       0.280
    CACC               0.086       0.064      0.000       0.007       0.249


     Beginning Time:  13:00:46
        Ending Time:  13:00:49
       Elapsed Time:  00:00:03



MUTHEN & MUTHEN
3463 Stoner Ave.
Los Angeles, CA  90066

Tel: (310) 391-9971
Fax: (310) 391-8971
Web: www.StatModel.com
Support: Support@StatModel.com

Copyright (c) 1998-2018 Muthen & Muthen
