Mplus VERSION 8.2 (Mac)
MUTHEN & MUTHEN
08/28/2024   1:18 PM

INPUT INSTRUCTIONS

  TITLE:
  Testing
  DATA:
  FILE = "dis_sx_model_w_chwh_neg.dat";

  VARIABLE:
  NAMES = chsc chcc casc cacc dissx chwh;
   MISSING=.;

  ANALYSIS:
  ESTIMATOR=BAYES; PROCESSORS = 2;BITERATIONS = (49000)
  MODEL:
  chsc ON dissx;
  chsc ON chwh;
  chcc ON dissx;
  chcc ON chwh;
  casc ON dissx;
  casc ON chwh;
  cacc ON dissx;
  cacc ON chwh;
  chsc WITH chcc;
  chsc WITH casc;
  chsc WITH cacc;
  chcc WITH casc;
  chcc WITH cacc;
  casc WITH cacc;
  chsc WITH chsc;
  chcc WITH chcc;
  casc WITH casc;
  cacc WITH cacc;
  dissx WITH dissx;
  dissx WITH chwh;
  chwh WITH chwh;
  [chsc];
  [chcc];
  [casc];
  [cacc];
  [dissx];
  [chwh];

  OUTPUT:
  STANDARDIZED;



INPUT READING TERMINATED NORMALLY




Testing

SUMMARY OF ANALYSIS

Number of groups                                                 1
Number of observations                                          66

Number of dependent variables                                    4
Number of independent variables                                  2
Number of continuous latent variables                            0

Observed dependent variables

  Continuous
   CHSC        CHCC        CASC        CACC

Observed independent variables
   DISSX       CHWH


Estimator                                                    BAYES
Specifications for Bayesian Estimation
  Point estimate                                            MEDIAN
  Number of Markov chain Monte Carlo (MCMC) chains               2
  Random seed for the first chain                                0
  Starting value information                           UNPERTURBED
  Algorithm used for Markov chain Monte Carlo           GIBBS(PX1)
  Convergence criterion                                  0.500D-01
  Maximum number of iterations                               50000
  K-th iteration used for thinning                               1

Input data file(s)
  dis_sx_model_w_chwh_neg.dat
Input data format  FREE


SUMMARY OF DATA



COVARIANCE COVERAGE OF DATA

Minimum covariance coverage value   0.100

     Number of missing data patterns             2


     PROPORTION OF DATA PRESENT


           Covariance Coverage
              CHSC          CHCC          CASC          CACC          DISSX
              ________      ________      ________      ________      ________
 CHSC           1.000
 CHCC           1.000         1.000
 CASC           1.000         1.000         1.000
 CACC           1.000         1.000         1.000         1.000
 DISSX          0.955         0.955         0.955         0.955         0.955
 CHWH           1.000         1.000         1.000         1.000         0.955


           Covariance Coverage
              CHWH
              ________
 CHWH           1.000



UNIVARIATE SAMPLE STATISTICS


     UNIVARIATE HIGHER-ORDER MOMENT DESCRIPTIVE STATISTICS

         Variable/         Mean/     Skewness/   Minimum/ % with                Percentiles
        Sample Size      Variance    Kurtosis    Maximum  Min/Max      20%/60%    40%/80%    Median

     CHSC                  2.789       0.912       0.884    1.52%       1.550      2.236      2.478
              66.000       1.759       0.087       6.266    1.52%       2.723      3.726
     CHCC                  0.236      -1.642     -29.952    1.52%      -2.994     -0.412      0.428
              66.000      41.162       6.549      14.882    1.52%       0.926      4.943
     CASC                  2.423       2.400      -0.698    1.52%       1.176      1.758      2.059
              66.000       3.578       7.017      10.998    1.52%       2.213      2.720
     CACC                 -0.675      -0.840     -10.489    1.52%      -3.207     -1.126     -0.251
              66.000       6.952       1.631       4.504    1.52%       0.315      1.045
     DISSX                 1.667       1.540       0.000   42.86%       0.000      0.000      1.000
              63.000       4.444       2.085       9.000    1.59%       2.000      3.000
     CHWH                  0.470       0.121       0.000   53.03%       0.000      0.000      0.000
              66.000       0.249      -1.985       1.000   46.97%       1.000      1.000


THE MODEL ESTIMATION TERMINATED NORMALLY

     USE THE FBITERATIONS OPTION TO INCREASE THE NUMBER OF ITERATIONS BY A FACTOR
     OF AT LEAST TWO TO CHECK CONVERGENCE AND THAT THE PSR VALUE DOES NOT INCREASE.



MODEL FIT INFORMATION

Number of Free Parameters                              27

Bayesian Posterior Predictive Checking using Chi-Square

          95% Confidence Interval for the Difference Between
          the Observed and the Replicated Chi-Square Values

                                -18.431            26.286

          Posterior Predictive P-Value              0.377

Information Criteria

          Deviance (DIC)                         1603.809
          Estimated Number of Parameters (pD)      24.733
          Bayesian (BIC)                         1666.068



MODEL RESULTS

                                Posterior  One-Tailed         95% C.I.
                    Estimate       S.D.      P-Value   Lower 2.5%  Upper 2.5%  Significance

 CHSC       ON
    DISSX             -0.003       0.085      0.488      -0.169       0.164
    CHWH              -0.531       0.357      0.068      -1.227       0.173

 CHCC       ON
    DISSX             -0.596       0.413      0.075      -1.404       0.218
    CHWH               2.409       1.714      0.079      -0.972       5.789

 CASC       ON
    DISSX              0.106       0.123      0.188      -0.136       0.346
    CHWH              -0.314       0.516      0.271      -1.319       0.709

 CACC       ON
    DISSX              0.187       0.171      0.136      -0.148       0.528
    CHWH              -0.351       0.718      0.308      -1.775       1.059

 CHSC     WITH
    CHCC              -0.896       1.398      0.243      -3.830       1.741
    CASC              -0.457       0.426      0.124      -1.351       0.337
    CACC               0.246       0.586      0.329      -0.885       1.443

 CHCC     WITH
    CASC              -3.982       2.086      0.014      -8.635      -0.413      *
    CACC             -13.163       3.381      0.000     -21.284      -8.054      *

 CASC     WITH
    CACC               0.032       0.844      0.483      -1.646       1.727

 DISSX    WITH
    CHWH               0.032       0.158      0.412      -0.279       0.351

 Means
    DISSX              1.677       0.282      0.000       1.125       2.232      *
    CHWH               0.471       0.065      0.000       0.343       0.598      *

 Intercepts
    CHSC               3.041       0.281      0.000       2.493       3.595      *
    CHCC               0.113       1.346      0.466      -2.535       2.752
    CASC               2.392       0.406      0.000       1.589       3.188      *
    CACC              -0.825       0.564      0.070      -1.939       0.277

 Variances
    DISSX              4.880       0.957      0.000       3.449       7.183      *
    CHWH               0.273       0.052      0.000       0.194       0.398      *

 Residual Variances
    CHSC               2.047       0.416      0.000       1.436       3.052      *
    CHCC              46.385       9.429      0.000      32.517      69.086      *
    CASC               4.267       0.869      0.000       3.003       6.377      *
    CACC               8.224       1.679      0.000       5.770      12.281      *


STANDARDIZED MODEL RESULTS


STDYX Standardization

                                Posterior  One-Tailed         95% C.I.
                    Estimate       S.D.      P-Value   Lower 2.5%  Upper 2.5%  Significance
 CHSC       ON
    DISSX             -0.004       0.124      0.488      -0.245       0.240
    CHWH              -0.189       0.122      0.068      -0.414       0.060

 CHCC       ON
    DISSX             -0.185       0.124      0.075      -0.416       0.067
    CHWH               0.177       0.121      0.079      -0.070       0.403

 CASC       ON
    DISSX              0.112       0.125      0.188      -0.139       0.350
    CHWH              -0.078       0.125      0.271      -0.316       0.171

 CACC       ON
    DISSX              0.141       0.125      0.136      -0.110       0.378
    CHWH              -0.063       0.125      0.308      -0.304       0.184

 CHSC     WITH
    CHCC              -0.094       0.133      0.243      -0.347       0.171
    CASC              -0.158       0.131      0.124      -0.398       0.111
    CACC               0.061       0.133      0.329      -0.203       0.317

 CHCC     WITH
    CASC              -0.288       0.123      0.014      -0.511      -0.030      *
    CACC              -0.680       0.074      0.000      -0.798      -0.511      *

 CASC     WITH
    CACC               0.006       0.134      0.483      -0.256       0.268

 DISSX    WITH
    CHWH               0.028       0.130      0.412      -0.227       0.279

 Means
    DISSX              0.760       0.144      0.000       0.477       1.042      *
    CHWH               0.902       0.148      0.000       0.615       1.195      *

 Intercepts
    CHSC               2.058       0.253      0.000       1.548       2.541      *
    CHCC               0.016       0.185      0.466      -0.343       0.376
    CASC               1.133       0.218      0.000       0.698       1.551      *
    CACC              -0.282       0.188      0.070      -0.642       0.091

 Variances
    DISSX              1.000       0.000      0.000       1.000       1.000
    CHWH               1.000       0.000      0.000       1.000       1.000

 Residual Variances
    CHSC               0.947       0.052      0.000       0.809       0.998      *
    CHCC               0.920       0.063      0.000       0.759       0.994      *
    CASC               0.963       0.043      0.000       0.840       0.999      *
    CACC               0.959       0.046      0.000       0.828       0.998      *


STDY Standardization

                                Posterior  One-Tailed         95% C.I.
                    Estimate       S.D.      P-Value   Lower 2.5%  Upper 2.5%  Significance
 CHSC       ON
    DISSX             -0.004       0.124      0.488      -0.245       0.240
    CHWH              -0.189       0.122      0.068      -0.414       0.060

 CHCC       ON
    DISSX             -0.185       0.124      0.075      -0.416       0.067
    CHWH               0.177       0.121      0.079      -0.070       0.403

 CASC       ON
    DISSX              0.112       0.125      0.188      -0.139       0.350
    CHWH              -0.078       0.125      0.271      -0.316       0.171

 CACC       ON
    DISSX              0.141       0.125      0.136      -0.110       0.378
    CHWH              -0.063       0.125      0.308      -0.304       0.184

 CHSC     WITH
    CHCC              -0.094       0.133      0.243      -0.347       0.171
    CASC              -0.158       0.131      0.124      -0.398       0.111
    CACC               0.061       0.133      0.329      -0.203       0.317

 CHCC     WITH
    CASC              -0.288       0.123      0.014      -0.511      -0.030      *
    CACC              -0.680       0.074      0.000      -0.798      -0.511      *

 CASC     WITH
    CACC               0.006       0.134      0.483      -0.256       0.268

 DISSX    WITH
    CHWH               0.028       0.130      0.412      -0.227       0.279

 Means
    DISSX              0.760       0.144      0.000       0.477       1.042      *
    CHWH               0.902       0.148      0.000       0.615       1.195      *

 Intercepts
    CHSC               2.058       0.253      0.000       1.548       2.541      *
    CHCC               0.016       0.185      0.466      -0.343       0.376
    CASC               1.133       0.218      0.000       0.698       1.551      *
    CACC              -0.282       0.188      0.070      -0.642       0.091

 Variances
    DISSX              1.000       0.000      0.000       1.000       1.000
    CHWH               1.000       0.000      0.000       1.000       1.000

 Residual Variances
    CHSC               0.947       0.052      0.000       0.809       0.998      *
    CHCC               0.920       0.063      0.000       0.759       0.994      *
    CASC               0.963       0.043      0.000       0.840       0.999      *
    CACC               0.959       0.046      0.000       0.828       0.998      *


STD Standardization

                                Posterior  One-Tailed         95% C.I.
                    Estimate       S.D.      P-Value   Lower 2.5%  Upper 2.5%  Significance
 CHSC       ON
    DISSX             -0.003       0.085      0.488      -0.169       0.164
    CHWH              -0.531       0.357      0.068      -1.227       0.173

 CHCC       ON
    DISSX             -0.596       0.413      0.075      -1.404       0.218
    CHWH               2.409       1.714      0.079      -0.972       5.789

 CASC       ON
    DISSX              0.106       0.123      0.188      -0.136       0.346
    CHWH              -0.314       0.516      0.271      -1.319       0.709

 CACC       ON
    DISSX              0.187       0.171      0.136      -0.148       0.528
    CHWH              -0.351       0.718      0.308      -1.775       1.059

 CHSC     WITH
    CHCC              -0.896       1.398      0.243      -3.830       1.741
    CASC              -0.457       0.426      0.124      -1.351       0.337
    CACC               0.246       0.586      0.329      -0.885       1.443

 CHCC     WITH
    CASC              -3.982       2.086      0.014      -8.635      -0.413      *
    CACC             -13.163       3.381      0.000     -21.284      -8.054      *

 CASC     WITH
    CACC               0.032       0.844      0.483      -1.646       1.727

 DISSX    WITH
    CHWH               0.032       0.158      0.412      -0.279       0.351

 Means
    DISSX              1.677       0.282      0.000       1.125       2.232      *
    CHWH               0.471       0.065      0.000       0.343       0.598      *

 Intercepts
    CHSC               3.041       0.281      0.000       2.493       3.595      *
    CHCC               0.113       1.346      0.466      -2.535       2.752
    CASC               2.392       0.406      0.000       1.589       3.188      *
    CACC              -0.825       0.564      0.070      -1.939       0.277

 Variances
    DISSX              4.880       0.957      0.000       3.449       7.183      *
    CHWH               0.273       0.052      0.000       0.194       0.398      *

 Residual Variances
    CHSC               2.047       0.416      0.000       1.436       3.052      *
    CHCC              46.385       9.429      0.000      32.517      69.086      *
    CASC               4.267       0.869      0.000       3.003       6.377      *
    CACC               8.224       1.679      0.000       5.770      12.281      *


R-SQUARE

                                Posterior  One-Tailed         95% C.I.
    Variable        Estimate       S.D.      P-Value   Lower 2.5%  Upper 2.5%

    CHSC               0.053       0.052      0.000       0.002       0.191
    CHCC               0.080       0.063      0.000       0.006       0.241
    CASC               0.037       0.043      0.000       0.001       0.160
    CACC               0.041       0.046      0.000       0.002       0.172


     Beginning Time:  13:18:31
        Ending Time:  13:18:34
       Elapsed Time:  00:00:03



MUTHEN & MUTHEN
3463 Stoner Ave.
Los Angeles, CA  90066

Tel: (310) 391-9971
Fax: (310) 391-8971
Web: www.StatModel.com
Support: Support@StatModel.com

Copyright (c) 1998-2018 Muthen & Muthen
