Mplus VERSION 8.2 (Mac)
MUTHEN & MUTHEN
08/28/2024   1:47 PM

INPUT INSTRUCTIONS

  TITLE:
  Testing
  DATA:
  FILE = "dis_sx_model_w_chfm_pos.dat";

  VARIABLE:
  NAMES = chsc chcc casc cacc dissx chfm;
   MISSING=.;

  ANALYSIS:
  ESTIMATOR=BAYES; PROCESSORS = 2;BITERATIONS = (49000)
  MODEL:
  chsc ON dissx@0;
  chsc ON chfm;
  chcc ON dissx;
  chcc ON chfm;
  casc ON dissx@0;
  casc ON chfm;
  cacc ON dissx;
  cacc ON chfm;
  chsc WITH chcc@0;
  chsc WITH casc@0;
  chsc WITH cacc@0;
  chcc WITH casc@0;
  chcc WITH cacc;
  casc WITH cacc@0;
  chsc WITH chsc;
  chcc WITH chcc;
  casc WITH casc;
  cacc WITH cacc;
  dissx WITH dissx;
  dissx WITH chfm;
  chfm WITH chfm;
  [chsc];
  [chcc];
  [casc];
  [cacc];
  [dissx];
  [chfm];

  OUTPUT:
  STANDARDIZED;



INPUT READING TERMINATED NORMALLY




Testing

SUMMARY OF ANALYSIS

Number of groups                                                 1
Number of observations                                          68

Number of dependent variables                                    4
Number of independent variables                                  2
Number of continuous latent variables                            0

Observed dependent variables

  Continuous
   CHSC        CHCC        CASC        CACC

Observed independent variables
   DISSX       CHFM


Estimator                                                    BAYES
Specifications for Bayesian Estimation
  Point estimate                                            MEDIAN
  Number of Markov chain Monte Carlo (MCMC) chains               2
  Random seed for the first chain                                0
  Starting value information                           UNPERTURBED
  Algorithm used for Markov chain Monte Carlo           GIBBS(PX1)
  Convergence criterion                                  0.500D-01
  Maximum number of iterations                               50000
  K-th iteration used for thinning                               1

Input data file(s)
  dis_sx_model_w_chfm_pos.dat
Input data format  FREE


SUMMARY OF DATA



COVARIANCE COVERAGE OF DATA

Minimum covariance coverage value   0.100

     Number of missing data patterns             2


     PROPORTION OF DATA PRESENT


           Covariance Coverage
              CHSC          CHCC          CASC          CACC          DISSX
              ________      ________      ________      ________      ________
 CHSC           1.000
 CHCC           1.000         1.000
 CASC           1.000         1.000         1.000
 CACC           1.000         1.000         1.000         1.000
 DISSX          0.941         0.941         0.941         0.941         0.941
 CHFM           1.000         1.000         1.000         1.000         0.941


           Covariance Coverage
              CHFM
              ________
 CHFM           1.000



UNIVARIATE SAMPLE STATISTICS


     UNIVARIATE HIGHER-ORDER MOMENT DESCRIPTIVE STATISTICS

         Variable/         Mean/     Skewness/   Minimum/ % with                Percentiles
        Sample Size      Variance    Kurtosis    Maximum  Min/Max      20%/60%    40%/80%    Median

     CHSC                  2.894       0.448       0.369    1.47%       1.783      2.328      2.761
              68.000       1.755      -0.631       5.634    1.47%       2.996      4.196
     CHCC                  1.257      -0.042     -29.421    1.47%      -2.841     -0.768      0.420
              68.000      61.282       4.132      28.205    1.47%       1.592      4.969
     CASC                  2.413       3.149       0.173    1.47%       1.349      1.820      1.905
              68.000       3.393      12.255      11.915    1.47%       2.145      3.150
     CACC                 -0.360      -0.284     -12.711    1.47%      -2.128     -1.135     -0.147
              68.000      11.603       3.090      11.197    1.47%       0.295      1.861
     DISSX                 1.719       1.452       0.000   42.19%       0.000      0.000      1.000
              64.000       4.546       1.732       9.000    1.56%       2.000      3.000
     CHFM                  0.441       0.237       0.000   55.88%       0.000      0.000      0.000
              68.000       0.247      -1.944       1.000   44.12%       1.000      1.000


THE MODEL ESTIMATION TERMINATED NORMALLY

     USE THE FBITERATIONS OPTION TO INCREASE THE NUMBER OF ITERATIONS BY A FACTOR
     OF AT LEAST TWO TO CHECK CONVERGENCE AND THAT THE PSR VALUE DOES NOT INCREASE.



MODEL FIT INFORMATION

Number of Free Parameters                              20

Bayesian Posterior Predictive Checking using Chi-Square

          95% Confidence Interval for the Difference Between
          the Observed and the Replicated Chi-Square Values

                                -19.268            21.302

          Posterior Predictive P-Value              0.447

Information Criteria

          Deviance (DIC)                         1723.186
          Estimated Number of Parameters (pD)      19.040
          Bayesian (BIC)                         1768.650



MODEL RESULTS

                                Posterior  One-Tailed         95% C.I.
                    Estimate       S.D.      P-Value   Lower 2.5%  Upper 2.5%  Significance

 CHSC       ON
    DISSX              0.000       0.000      1.000       0.000       0.000
    CHFM               0.111       0.339      0.372      -0.559       0.774

 CHCC       ON
    DISSX             -1.102       0.501      0.018      -2.039      -0.074      *
    CHFM              -2.504       1.930      0.097      -6.276       1.291

 CASC       ON
    DISSX              0.000       0.000      1.000       0.000       0.000
    CHFM               0.084       0.470      0.428      -0.835       1.013

 CACC       ON
    DISSX              0.392       0.199      0.025      -0.002       0.776
    CHFM               0.803       0.859      0.173      -0.890       2.508

 CHSC     WITH
    CHCC               0.000       0.000      1.000       0.000       0.000
    CASC               0.000       0.000      1.000       0.000       0.000
    CACC               0.000       0.000      1.000       0.000       0.000

 CHCC     WITH
    CASC               0.000       0.000      1.000       0.000       0.000
    CACC             -13.623       4.125      0.000     -23.266      -7.062      *

 CASC     WITH
    CACC               0.000       0.000      1.000       0.000       0.000

 DISSX    WITH
    CHFM               0.056       0.159      0.354      -0.254       0.377

 Means
    DISSX              1.748       0.285      0.000       1.190       2.315      *
    CHFM               0.441       0.064      0.000       0.317       0.566      *

 Intercepts
    CHSC               2.846       0.225      0.000       2.407       3.290      *
    CHCC               4.272       1.547      0.004       1.225       7.304      *
    CASC               2.377       0.313      0.000       1.757       2.984      *
    CACC              -1.395       0.661      0.017      -2.713      -0.117      *

 Variances
    DISSX              5.053       0.987      0.000       3.580       7.453      *
    CHFM               0.269       0.051      0.000       0.193       0.390      *

 Residual Variances
    CHSC               1.882       0.348      0.000       1.357       2.709      *
    CHCC              60.506      11.960      0.000      42.710      89.380      *
    CASC               3.643       0.677      0.000       2.631       5.270      *
    CACC              12.060       2.301      0.000       8.604      17.546      *


STANDARDIZED MODEL RESULTS


STDYX Standardization

                                Posterior  One-Tailed         95% C.I.
                    Estimate       S.D.      P-Value   Lower 2.5%  Upper 2.5%  Significance
 CHSC       ON
    DISSX              0.000       0.000      1.000       0.000       0.000
    CHFM               0.042       0.125      0.372      -0.207       0.283

 CHCC       ON
    DISSX             -0.296       0.130      0.018      -0.526      -0.020      *
    CHFM              -0.156       0.116      0.097      -0.375       0.080

 CASC       ON
    DISSX              0.000       0.000      1.000       0.000       0.000
    CHFM               0.023       0.125      0.428      -0.222       0.266

 CACC       ON
    DISSX              0.241       0.117      0.025      -0.001       0.455
    CHFM               0.114       0.119      0.173      -0.125       0.343

 CHSC     WITH
    CHCC               0.000       0.000      1.000       0.000       0.000
    CASC               0.000       0.000      1.000       0.000       0.000
    CACC               0.000       0.000      1.000       0.000       0.000

 CHCC     WITH
    CASC               0.000       0.000      1.000       0.000       0.000
    CACC              -0.511       0.096      0.000      -0.674      -0.298      *

 CASC     WITH
    CACC               0.000       0.000      1.000       0.000       0.000

 DISSX    WITH
    CHFM               0.049       0.128      0.354      -0.204       0.297

 Means
    DISSX              0.778       0.143      0.000       0.498       1.060      *
    CHFM               0.851       0.143      0.000       0.571       1.131      *

 Intercepts
    CHSC               2.062       0.247      0.000       1.574       2.542      *
    CHCC               0.510       0.174      0.004       0.146       0.825      *
    CASC               1.240       0.196      0.000       0.846       1.616      *
    CACC              -0.383       0.172      0.017      -0.705      -0.032      *

 Variances
    DISSX              1.000       0.000      0.000       1.000       1.000
    CHFM               1.000       0.000      0.000       1.000       1.000

 Residual Variances
    CHSC               0.992       0.024      0.000       0.915       1.000      *
    CHCC               0.869       0.082      0.000       0.674       0.984      *
    CASC               0.993       0.022      0.000       0.921       1.000      *
    CACC               0.911       0.064      0.000       0.750       0.992      *


STDY Standardization

                                Posterior  One-Tailed         95% C.I.
                    Estimate       S.D.      P-Value   Lower 2.5%  Upper 2.5%  Significance
 CHSC       ON
    DISSX              0.000       0.000      1.000       0.000       0.000
    CHFM               0.042       0.125      0.372      -0.207       0.283

 CHCC       ON
    DISSX             -0.296       0.130      0.018      -0.526      -0.020      *
    CHFM              -0.156       0.116      0.097      -0.375       0.080

 CASC       ON
    DISSX              0.000       0.000      1.000       0.000       0.000
    CHFM               0.023       0.125      0.428      -0.222       0.266

 CACC       ON
    DISSX              0.241       0.117      0.025      -0.001       0.455
    CHFM               0.114       0.119      0.173      -0.125       0.343

 CHSC     WITH
    CHCC               0.000       0.000      1.000       0.000       0.000
    CASC               0.000       0.000      1.000       0.000       0.000
    CACC               0.000       0.000      1.000       0.000       0.000

 CHCC     WITH
    CASC               0.000       0.000      1.000       0.000       0.000
    CACC              -0.511       0.096      0.000      -0.674      -0.298      *

 CASC     WITH
    CACC               0.000       0.000      1.000       0.000       0.000

 DISSX    WITH
    CHFM               0.049       0.128      0.354      -0.204       0.297

 Means
    DISSX              0.778       0.143      0.000       0.498       1.060      *
    CHFM               0.851       0.143      0.000       0.571       1.131      *

 Intercepts
    CHSC               2.062       0.247      0.000       1.574       2.542      *
    CHCC               0.510       0.174      0.004       0.146       0.825      *
    CASC               1.240       0.196      0.000       0.846       1.616      *
    CACC              -0.383       0.172      0.017      -0.705      -0.032      *

 Variances
    DISSX              1.000       0.000      0.000       1.000       1.000
    CHFM               1.000       0.000      0.000       1.000       1.000

 Residual Variances
    CHSC               0.992       0.024      0.000       0.915       1.000      *
    CHCC               0.869       0.082      0.000       0.674       0.984      *
    CASC               0.993       0.022      0.000       0.921       1.000      *
    CACC               0.911       0.064      0.000       0.750       0.992      *


STD Standardization

                                Posterior  One-Tailed         95% C.I.
                    Estimate       S.D.      P-Value   Lower 2.5%  Upper 2.5%  Significance
 CHSC       ON
    DISSX              0.000       0.000      1.000       0.000       0.000
    CHFM               0.111       0.339      0.372      -0.559       0.774

 CHCC       ON
    DISSX             -1.102       0.501      0.018      -2.039      -0.074      *
    CHFM              -2.504       1.930      0.097      -6.276       1.291

 CASC       ON
    DISSX              0.000       0.000      1.000       0.000       0.000
    CHFM               0.084       0.470      0.428      -0.835       1.013

 CACC       ON
    DISSX              0.392       0.199      0.025      -0.002       0.776
    CHFM               0.803       0.859      0.173      -0.890       2.508

 CHSC     WITH
    CHCC               0.000       0.000      1.000       0.000       0.000
    CASC               0.000       0.000      1.000       0.000       0.000
    CACC               0.000       0.000      1.000       0.000       0.000

 CHCC     WITH
    CASC               0.000       0.000      1.000       0.000       0.000
    CACC             -13.623       4.125      0.000     -23.266      -7.062      *

 CASC     WITH
    CACC               0.000       0.000      1.000       0.000       0.000

 DISSX    WITH
    CHFM               0.056       0.159      0.354      -0.254       0.377

 Means
    DISSX              1.748       0.285      0.000       1.190       2.315      *
    CHFM               0.441       0.064      0.000       0.317       0.566      *

 Intercepts
    CHSC               2.846       0.225      0.000       2.407       3.290      *
    CHCC               4.272       1.547      0.004       1.225       7.304      *
    CASC               2.377       0.313      0.000       1.757       2.984      *
    CACC              -1.395       0.661      0.017      -2.713      -0.117      *

 Variances
    DISSX              5.053       0.987      0.000       3.580       7.453      *
    CHFM               0.269       0.051      0.000       0.193       0.390      *

 Residual Variances
    CHSC               1.882       0.348      0.000       1.357       2.709      *
    CHCC              60.506      11.960      0.000      42.710      89.380      *
    CASC               3.643       0.677      0.000       2.631       5.270      *
    CACC              12.060       2.301      0.000       8.604      17.546      *


R-SQUARE

                                Posterior  One-Tailed         95% C.I.
    Variable        Estimate       S.D.      P-Value   Lower 2.5%  Upper 2.5%

    CHSC               0.008       0.024      0.000       0.000       0.085
    CHCC               0.131       0.082      0.000       0.016       0.326
    CASC               0.007       0.022      0.000       0.000       0.079
    CACC               0.089       0.064      0.000       0.008       0.250


     Beginning Time:  13:47:12
        Ending Time:  13:47:15
       Elapsed Time:  00:00:03



MUTHEN & MUTHEN
3463 Stoner Ave.
Los Angeles, CA  90066

Tel: (310) 391-9971
Fax: (310) 391-8971
Web: www.StatModel.com
Support: Support@StatModel.com

Copyright (c) 1998-2018 Muthen & Muthen
