Mplus VERSION 8.2 (Mac)
MUTHEN & MUTHEN
08/28/2024   1:40 PM

INPUT INSTRUCTIONS

  TITLE:
  Testing
  DATA:
  FILE = "pos_sx_model_w_chfm_pos.dat";

  VARIABLE:
  NAMES = chsc chcc casc cacc possx chfm;
   MISSING=.;

  ANALYSIS:
  ESTIMATOR=BAYES; PROCESSORS = 2;BITERATIONS = (49000)
  MODEL:
  chsc ON possx@0;
  chsc ON chfm;
  chcc ON possx;
  chcc ON chfm;
  casc ON possx* (a);
  casc ON chfm;
  cacc ON possx* (a);
  cacc ON chfm;
  chsc WITH chcc@0;
  chsc WITH casc@0;
  chsc WITH cacc@0;
  chcc WITH casc@0;
  chcc WITH cacc;
  casc WITH cacc@0;
  chsc WITH chsc;
  chcc WITH chcc;
  casc WITH casc;
  cacc WITH cacc;
  possx WITH possx;
  possx WITH chfm;
  chfm WITH chfm;
  [chsc];
  [chcc];
  [casc];
  [cacc];
  [possx];
  [chfm];

  OUTPUT:
  STANDARDIZED;



INPUT READING TERMINATED NORMALLY




Testing

SUMMARY OF ANALYSIS

Number of groups                                                 1
Number of observations                                          68

Number of dependent variables                                    4
Number of independent variables                                  2
Number of continuous latent variables                            0

Observed dependent variables

  Continuous
   CHSC        CHCC        CASC        CACC

Observed independent variables
   POSSX       CHFM


Estimator                                                    BAYES
Specifications for Bayesian Estimation
  Point estimate                                            MEDIAN
  Number of Markov chain Monte Carlo (MCMC) chains               2
  Random seed for the first chain                                0
  Starting value information                           UNPERTURBED
  Algorithm used for Markov chain Monte Carlo           GIBBS(PX1)
  Convergence criterion                                  0.500D-01
  Maximum number of iterations                               50000
  K-th iteration used for thinning                               1

Input data file(s)
  pos_sx_model_w_chfm_pos.dat
Input data format  FREE


SUMMARY OF DATA



COVARIANCE COVERAGE OF DATA

Minimum covariance coverage value   0.100

     Number of missing data patterns             2


     PROPORTION OF DATA PRESENT


           Covariance Coverage
              CHSC          CHCC          CASC          CACC          POSSX
              ________      ________      ________      ________      ________
 CHSC           1.000
 CHCC           1.000         1.000
 CASC           1.000         1.000         1.000
 CACC           1.000         1.000         1.000         1.000
 POSSX          0.971         0.971         0.971         0.971         0.971
 CHFM           1.000         1.000         1.000         1.000         0.971


           Covariance Coverage
              CHFM
              ________
 CHFM           1.000



UNIVARIATE SAMPLE STATISTICS


     UNIVARIATE HIGHER-ORDER MOMENT DESCRIPTIVE STATISTICS

         Variable/         Mean/     Skewness/   Minimum/ % with                Percentiles
        Sample Size      Variance    Kurtosis    Maximum  Min/Max      20%/60%    40%/80%    Median

     CHSC                  2.894       0.448       0.369    1.47%       1.783      2.328      2.761
              68.000       1.755      -0.631       5.634    1.47%       2.996      4.196
     CHCC                  1.257      -0.042     -29.421    1.47%      -2.841     -0.768      0.420
              68.000      61.282       4.132      28.205    1.47%       1.592      4.969
     CASC                  2.413       3.149       0.173    1.47%       1.349      1.820      1.905
              68.000       3.393      12.255      11.915    1.47%       2.145      3.150
     CACC                 -0.360      -0.284     -12.711    1.47%      -2.128     -1.135     -0.147
              68.000      11.603       3.090      11.197    1.47%       0.295      1.861
     POSSX                 5.470       0.565       0.000   15.15%       1.000      2.000      3.000
              66.000      24.825      -1.096      16.000    3.03%       7.000     11.000
     CHFM                  0.441       0.237       0.000   55.88%       0.000      0.000      0.000
              68.000       0.247      -1.944       1.000   44.12%       1.000      1.000


THE MODEL ESTIMATION TERMINATED NORMALLY

     USE THE FBITERATIONS OPTION TO INCREASE THE NUMBER OF ITERATIONS BY A FACTOR
     OF AT LEAST TWO TO CHECK CONVERGENCE AND THAT THE PSR VALUE DOES NOT INCREASE.



MODEL FIT INFORMATION

Number of Free Parameters                              20

Bayesian Posterior Predictive Checking using Chi-Square

          95% Confidence Interval for the Difference Between
          the Observed and the Replicated Chi-Square Values

                                -16.952            24.353

          Posterior Predictive P-Value              0.358

Information Criteria

          Deviance (DIC)                         1835.068
          Estimated Number of Parameters (pD)      19.107
          Bayesian (BIC)                         1880.372



MODEL RESULTS

                                Posterior  One-Tailed         95% C.I.
                    Estimate       S.D.      P-Value   Lower 2.5%  Upper 2.5%  Significance

 CHSC       ON
    POSSX              0.000       0.000      1.000       0.000       0.000
    CHFM               0.108       0.339      0.374      -0.558       0.775

 CHCC       ON
    POSSX             -0.489       0.174      0.003      -0.831      -0.147      *
    CHFM              -3.658       1.889      0.027      -7.405       0.069

 CASC       ON
    POSSX              0.114       0.042      0.003       0.033       0.198      *
    CHFM               0.299       0.473      0.262      -0.626       1.225

 CACC       ON
    POSSX              0.114       0.042      0.003       0.033       0.198      *
    CHFM               1.106       0.845      0.094      -0.551       2.757

 CHSC     WITH
    CHCC               0.000       0.000      1.000       0.000       0.000
    CASC               0.000       0.000      1.000       0.000       0.000
    CACC               0.000       0.000      1.000       0.000       0.000

 CHCC     WITH
    CASC               0.000       0.000      1.000       0.000       0.000
    CACC             -12.364       3.899      0.000     -21.439      -6.111      *

 CASC     WITH
    CACC               0.000       0.000      1.000       0.000       0.000

 POSSX    WITH
    CHFM              -0.498       0.368      0.069      -1.291       0.167

 Means
    POSSX              5.475       0.644      0.000       4.198       6.738      *
    CHFM               0.441       0.064      0.000       0.316       0.567      *

 Intercepts
    CHSC               2.846       0.223      0.000       2.406       3.283      *
    CHCC               5.539       1.656      0.001       2.278       8.794      *
    CASC               1.660       0.406      0.000       0.849       2.449      *
    CACC              -1.473       0.619      0.010      -2.698      -0.253      *

 Variances
    POSSX             26.990       5.168      0.000      19.256      39.356      *
    CHFM               0.269       0.051      0.000       0.193       0.391      *

 Residual Variances
    CHSC               1.881       0.352      0.000       1.352       2.736      *
    CHCC              57.280      10.988      0.000      40.858      83.591      *
    CASC               3.550       0.672      0.000       2.550       5.165      *
    CACC              11.645       2.226      0.000       8.376      17.035      *


STANDARDIZED MODEL RESULTS


STDYX Standardization

                                Posterior  One-Tailed         95% C.I.
                    Estimate       S.D.      P-Value   Lower 2.5%  Upper 2.5%  Significance
 CHSC       ON
    POSSX              0.000       0.000      1.000       0.000       0.000
    CHFM               0.041       0.125      0.374      -0.206       0.282

 CHCC       ON
    POSSX             -0.311       0.108      0.003      -0.513      -0.092      *
    CHFM              -0.232       0.116      0.027      -0.452       0.004

 CASC       ON
    POSSX              0.298       0.102      0.003       0.088       0.487      *
    CHFM               0.078       0.121      0.262      -0.161       0.311

 CACC       ON
    POSSX              0.168       0.065      0.003       0.047       0.303      *
    CHFM               0.164       0.122      0.094      -0.080       0.394

 CHSC     WITH
    CHCC               0.000       0.000      1.000       0.000       0.000
    CASC               0.000       0.000      1.000       0.000       0.000
    CACC               0.000       0.000      1.000       0.000       0.000

 CHCC     WITH
    CASC               0.000       0.000      1.000       0.000       0.000
    CACC              -0.484       0.100      0.000      -0.655      -0.266      *

 CASC     WITH
    CACC               0.000       0.000      1.000       0.000       0.000

 POSSX    WITH
    CHFM              -0.188       0.123      0.069      -0.417       0.062

 Means
    POSSX              1.055       0.156      0.000       0.752       1.364      *
    CHFM               0.851       0.144      0.000       0.573       1.133      *

 Intercepts
    CHSC               2.061       0.247      0.000       1.575       2.543      *
    CHCC               0.678       0.191      0.001       0.279       1.026      *
    CASC               0.833       0.234      0.000       0.387       1.305      *
    CACC              -0.419       0.173      0.010      -0.747      -0.070      *

 Variances
    POSSX              1.000       0.000      0.000       1.000       1.000
    CHFM               1.000       0.000      0.000       1.000       1.000

 Residual Variances
    CHSC               0.992       0.024      0.000       0.915       1.000      *
    CHCC               0.863       0.075      0.000       0.688       0.973      *
    CASC               0.899       0.061      0.000       0.753       0.985      *
    CACC               0.946       0.043      0.000       0.830       0.992      *


STDY Standardization

                                Posterior  One-Tailed         95% C.I.
                    Estimate       S.D.      P-Value   Lower 2.5%  Upper 2.5%  Significance
 CHSC       ON
    POSSX              0.000       0.000      1.000       0.000       0.000
    CHFM               0.041       0.125      0.374      -0.206       0.282

 CHCC       ON
    POSSX             -0.311       0.108      0.003      -0.513      -0.092      *
    CHFM              -0.232       0.116      0.027      -0.452       0.004

 CASC       ON
    POSSX              0.298       0.102      0.003       0.088       0.487      *
    CHFM               0.078       0.121      0.262      -0.161       0.311

 CACC       ON
    POSSX              0.168       0.065      0.003       0.047       0.303      *
    CHFM               0.164       0.122      0.094      -0.080       0.394

 CHSC     WITH
    CHCC               0.000       0.000      1.000       0.000       0.000
    CASC               0.000       0.000      1.000       0.000       0.000
    CACC               0.000       0.000      1.000       0.000       0.000

 CHCC     WITH
    CASC               0.000       0.000      1.000       0.000       0.000
    CACC              -0.484       0.100      0.000      -0.655      -0.266      *

 CASC     WITH
    CACC               0.000       0.000      1.000       0.000       0.000

 POSSX    WITH
    CHFM              -0.188       0.123      0.069      -0.417       0.062

 Means
    POSSX              1.055       0.156      0.000       0.752       1.364      *
    CHFM               0.851       0.144      0.000       0.573       1.133      *

 Intercepts
    CHSC               2.061       0.247      0.000       1.575       2.543      *
    CHCC               0.678       0.191      0.001       0.279       1.026      *
    CASC               0.833       0.234      0.000       0.387       1.305      *
    CACC              -0.419       0.173      0.010      -0.747      -0.070      *

 Variances
    POSSX              1.000       0.000      0.000       1.000       1.000
    CHFM               1.000       0.000      0.000       1.000       1.000

 Residual Variances
    CHSC               0.992       0.024      0.000       0.915       1.000      *
    CHCC               0.863       0.075      0.000       0.688       0.973      *
    CASC               0.899       0.061      0.000       0.753       0.985      *
    CACC               0.946       0.043      0.000       0.830       0.992      *


STD Standardization

                                Posterior  One-Tailed         95% C.I.
                    Estimate       S.D.      P-Value   Lower 2.5%  Upper 2.5%  Significance
 CHSC       ON
    POSSX              0.000       0.000      1.000       0.000       0.000
    CHFM               0.108       0.339      0.374      -0.558       0.775

 CHCC       ON
    POSSX             -0.489       0.174      0.003      -0.831      -0.147      *
    CHFM              -3.658       1.889      0.027      -7.405       0.069

 CASC       ON
    POSSX              0.114       0.042      0.003       0.033       0.198      *
    CHFM               0.299       0.473      0.262      -0.626       1.225

 CACC       ON
    POSSX              0.114       0.042      0.003       0.033       0.198      *
    CHFM               1.106       0.845      0.094      -0.551       2.757

 CHSC     WITH
    CHCC               0.000       0.000      1.000       0.000       0.000
    CASC               0.000       0.000      1.000       0.000       0.000
    CACC               0.000       0.000      1.000       0.000       0.000

 CHCC     WITH
    CASC               0.000       0.000      1.000       0.000       0.000
    CACC             -12.364       3.899      0.000     -21.439      -6.111      *

 CASC     WITH
    CACC               0.000       0.000      1.000       0.000       0.000

 POSSX    WITH
    CHFM              -0.498       0.368      0.069      -1.291       0.167

 Means
    POSSX              5.475       0.644      0.000       4.198       6.738      *
    CHFM               0.441       0.064      0.000       0.316       0.567      *

 Intercepts
    CHSC               2.846       0.223      0.000       2.406       3.283      *
    CHCC               5.539       1.656      0.001       2.278       8.794      *
    CASC               1.660       0.406      0.000       0.849       2.449      *
    CACC              -1.473       0.619      0.010      -2.698      -0.253      *

 Variances
    POSSX             26.990       5.168      0.000      19.256      39.356      *
    CHFM               0.269       0.051      0.000       0.193       0.391      *

 Residual Variances
    CHSC               1.881       0.352      0.000       1.352       2.736      *
    CHCC              57.280      10.988      0.000      40.858      83.591      *
    CASC               3.550       0.672      0.000       2.550       5.165      *
    CACC              11.645       2.226      0.000       8.376      17.035      *


R-SQUARE

                                Posterior  One-Tailed         95% C.I.
    Variable        Estimate       S.D.      P-Value   Lower 2.5%  Upper 2.5%

    CHSC               0.008       0.024      0.000       0.000       0.085
    CHCC               0.137       0.075      0.000       0.027       0.312
    CASC               0.101       0.061      0.000       0.015       0.247
    CACC               0.054       0.043      0.000       0.008       0.170


     Beginning Time:  13:40:02
        Ending Time:  13:40:05
       Elapsed Time:  00:00:03



MUTHEN & MUTHEN
3463 Stoner Ave.
Los Angeles, CA  90066

Tel: (310) 391-9971
Fax: (310) 391-8971
Web: www.StatModel.com
Support: Support@StatModel.com

Copyright (c) 1998-2018 Muthen & Muthen
