Mplus VERSION 8.2 (Mac)
MUTHEN & MUTHEN
08/28/2024   1:14 PM

INPUT INSTRUCTIONS

  TITLE:
  Testing
  DATA:
  FILE = "pos_sx_model_w_chwh_neg.dat";

  VARIABLE:
  NAMES = chsc chcc casc cacc possx chwh;
   MISSING=.;

  ANALYSIS:
  ESTIMATOR=BAYES; PROCESSORS = 2;BITERATIONS = (49000)
  MODEL:
  chsc ON possx@0;
  chsc ON chwh;
  chcc ON possx;
  chcc ON chwh;
  casc ON possx* (a);
  casc ON chwh;
  cacc ON possx* (a);
  cacc ON chwh;
  chsc WITH chcc@0;
  chsc WITH casc@0;
  chsc WITH cacc@0;
  chcc WITH casc@0;
  chcc WITH cacc;
  casc WITH cacc@0;
  chsc WITH chsc;
  chcc WITH chcc;
  casc WITH casc;
  cacc WITH cacc;
  possx WITH possx;
  possx WITH chwh;
  chwh WITH chwh;
  [chsc];
  [chcc];
  [casc];
  [cacc];
  [possx];
  [chwh];

  OUTPUT:
  STANDARDIZED;



INPUT READING TERMINATED NORMALLY




Testing

SUMMARY OF ANALYSIS

Number of groups                                                 1
Number of observations                                          66

Number of dependent variables                                    4
Number of independent variables                                  2
Number of continuous latent variables                            0

Observed dependent variables

  Continuous
   CHSC        CHCC        CASC        CACC

Observed independent variables
   POSSX       CHWH


Estimator                                                    BAYES
Specifications for Bayesian Estimation
  Point estimate                                            MEDIAN
  Number of Markov chain Monte Carlo (MCMC) chains               2
  Random seed for the first chain                                0
  Starting value information                           UNPERTURBED
  Algorithm used for Markov chain Monte Carlo           GIBBS(PX1)
  Convergence criterion                                  0.500D-01
  Maximum number of iterations                               50000
  K-th iteration used for thinning                               1

Input data file(s)
  pos_sx_model_w_chwh_neg.dat
Input data format  FREE


SUMMARY OF DATA



COVARIANCE COVERAGE OF DATA

Minimum covariance coverage value   0.100

     Number of missing data patterns             2


     PROPORTION OF DATA PRESENT


           Covariance Coverage
              CHSC          CHCC          CASC          CACC          POSSX
              ________      ________      ________      ________      ________
 CHSC           1.000
 CHCC           1.000         1.000
 CASC           1.000         1.000         1.000
 CACC           1.000         1.000         1.000         1.000
 POSSX          0.970         0.970         0.970         0.970         0.970
 CHWH           1.000         1.000         1.000         1.000         0.970


           Covariance Coverage
              CHWH
              ________
 CHWH           1.000



UNIVARIATE SAMPLE STATISTICS


     UNIVARIATE HIGHER-ORDER MOMENT DESCRIPTIVE STATISTICS

         Variable/         Mean/     Skewness/   Minimum/ % with                Percentiles
        Sample Size      Variance    Kurtosis    Maximum  Min/Max      20%/60%    40%/80%    Median

     CHSC                  2.789       0.912       0.884    1.52%       1.550      2.236      2.478
              66.000       1.759       0.087       6.266    1.52%       2.723      3.726
     CHCC                  0.236      -1.642     -29.952    1.52%      -2.994     -0.412      0.428
              66.000      41.162       6.549      14.882    1.52%       0.926      4.943
     CASC                  2.423       2.400      -0.698    1.52%       1.176      1.758      2.059
              66.000       3.578       7.017      10.998    1.52%       2.213      2.720
     CACC                 -0.675      -0.840     -10.489    1.52%      -3.207     -1.126     -0.251
              66.000       6.952       1.631       4.504    1.52%       0.315      1.045
     POSSX                 5.297       0.626       0.000   17.19%       1.000      2.000      3.000
              64.000      25.084      -1.025      16.000    3.12%       5.000     11.000
     CHWH                  0.470       0.121       0.000   53.03%       0.000      0.000      0.000
              66.000       0.249      -1.985       1.000   46.97%       1.000      1.000


THE MODEL ESTIMATION TERMINATED NORMALLY

     USE THE FBITERATIONS OPTION TO INCREASE THE NUMBER OF ITERATIONS BY A FACTOR
     OF AT LEAST TWO TO CHECK CONVERGENCE AND THAT THE PSR VALUE DOES NOT INCREASE.



MODEL FIT INFORMATION

Number of Free Parameters                              20

Bayesian Posterior Predictive Checking using Chi-Square

          95% Confidence Interval for the Difference Between
          the Observed and the Replicated Chi-Square Values

                                -13.858            26.215

          Posterior Predictive P-Value              0.259

Information Criteria

          Deviance (DIC)                         1709.477
          Estimated Number of Parameters (pD)      19.014
          Bayesian (BIC)                         1754.385



MODEL RESULTS

                                Posterior  One-Tailed         95% C.I.
                    Estimate       S.D.      P-Value   Lower 2.5%  Upper 2.5%  Significance

 CHSC       ON
    POSSX              0.000       0.000      1.000       0.000       0.000
    CHWH              -0.538       0.336      0.055      -1.199       0.122

 CHCC       ON
    POSSX             -0.349       0.135      0.005      -0.615      -0.085      *
    CHWH               1.770       1.611      0.133      -1.419       4.916

 CASC       ON
    POSSX              0.096       0.039      0.008       0.018       0.173      *
    CHWH              -0.145       0.482      0.381      -1.086       0.798

 CACC       ON
    POSSX              0.096       0.039      0.008       0.018       0.173      *
    CHWH              -0.175       0.682      0.399      -1.510       1.156

 CHSC     WITH
    CHCC               0.000       0.000      1.000       0.000       0.000
    CASC               0.000       0.000      1.000       0.000       0.000
    CACC               0.000       0.000      1.000       0.000       0.000

 CHCC     WITH
    CASC               0.000       0.000      1.000       0.000       0.000
    CACC             -11.616       2.871      0.000     -18.474      -7.253      *

 CASC     WITH
    CACC               0.000       0.000      1.000       0.000       0.000

 POSSX    WITH
    CHWH              -0.436       0.378      0.104      -1.240       0.256

 Means
    POSSX              5.319       0.660      0.000       4.012       6.608      *
    CHWH               0.470       0.065      0.000       0.342       0.598      *

 Intercepts
    CHSC               3.042       0.229      0.000       2.592       3.488      *
    CHCC               1.250       1.370      0.177      -1.425       3.963
    CASC               1.984       0.405      0.000       1.186       2.775      *
    CACC              -1.099       0.525      0.018      -2.144      -0.071      *

 Variances
    POSSX             27.388       5.336      0.000      19.440      40.222      *
    CHWH               0.272       0.053      0.000       0.195       0.399      *

 Residual Variances
    CHSC               1.817       0.345      0.000       1.300       2.654      *
    CHCC              41.156       7.970      0.000      29.245      60.384      *
    CASC               3.653       0.697      0.000       2.617       5.329      *
    CACC               7.433       1.435      0.000       5.320      10.887      *


STANDARDIZED MODEL RESULTS


STDYX Standardization

                                Posterior  One-Tailed         95% C.I.
                    Estimate       S.D.      P-Value   Lower 2.5%  Upper 2.5%  Significance
 CHSC       ON
    POSSX              0.000       0.000      1.000       0.000       0.000
    CHWH              -0.204       0.122      0.055      -0.432       0.047

 CHCC       ON
    POSSX             -0.268       0.101      0.005      -0.459      -0.065      *
    CHWH               0.135       0.120      0.133      -0.107       0.361

 CASC       ON
    POSSX              0.250       0.100      0.008       0.049       0.440      *
    CHWH              -0.038       0.123      0.381      -0.276       0.205

 CACC       ON
    POSSX              0.178       0.075      0.008       0.034       0.327      *
    CHWH              -0.033       0.125      0.399      -0.274       0.214

 CHSC     WITH
    CHCC               0.000       0.000      1.000       0.000       0.000
    CASC               0.000       0.000      1.000       0.000       0.000
    CACC               0.000       0.000      1.000       0.000       0.000

 CHCC     WITH
    CASC               0.000       0.000      1.000       0.000       0.000
    CACC              -0.670       0.073      0.000      -0.789      -0.504      *

 CASC     WITH
    CACC               0.000       0.000      1.000       0.000       0.000

 POSSX    WITH
    CHWH              -0.163       0.126      0.104      -0.399       0.091

 Means
    POSSX              1.017       0.156      0.000       0.714       1.327      *
    CHWH               0.901       0.148      0.000       0.612       1.191      *

 Intercepts
    CHSC               2.193       0.232      0.000       1.732       2.644      *
    CHCC               0.183       0.197      0.177      -0.204       0.567
    CASC               0.991       0.227      0.000       0.552       1.440      *
    CACC              -0.393       0.187      0.018      -0.758      -0.024      *

 Variances
    POSSX              1.000       0.000      0.000       1.000       1.000
    CHWH               1.000       0.000      0.000       1.000       1.000

 Residual Variances
    CHSC               0.958       0.051      0.000       0.814       1.000      *
    CHCC               0.885       0.067      0.000       0.724       0.980      *
    CASC               0.918       0.055      0.000       0.779       0.990      *
    CACC               0.952       0.037      0.000       0.853       0.994      *


STDY Standardization

                                Posterior  One-Tailed         95% C.I.
                    Estimate       S.D.      P-Value   Lower 2.5%  Upper 2.5%  Significance
 CHSC       ON
    POSSX              0.000       0.000      1.000       0.000       0.000
    CHWH              -0.204       0.122      0.055      -0.432       0.047

 CHCC       ON
    POSSX             -0.268       0.101      0.005      -0.459      -0.065      *
    CHWH               0.135       0.120      0.133      -0.107       0.361

 CASC       ON
    POSSX              0.250       0.100      0.008       0.049       0.440      *
    CHWH              -0.038       0.123      0.381      -0.276       0.205

 CACC       ON
    POSSX              0.178       0.075      0.008       0.034       0.327      *
    CHWH              -0.033       0.125      0.399      -0.274       0.214

 CHSC     WITH
    CHCC               0.000       0.000      1.000       0.000       0.000
    CASC               0.000       0.000      1.000       0.000       0.000
    CACC               0.000       0.000      1.000       0.000       0.000

 CHCC     WITH
    CASC               0.000       0.000      1.000       0.000       0.000
    CACC              -0.670       0.073      0.000      -0.789      -0.504      *

 CASC     WITH
    CACC               0.000       0.000      1.000       0.000       0.000

 POSSX    WITH
    CHWH              -0.163       0.126      0.104      -0.399       0.091

 Means
    POSSX              1.017       0.156      0.000       0.714       1.327      *
    CHWH               0.901       0.148      0.000       0.612       1.191      *

 Intercepts
    CHSC               2.193       0.232      0.000       1.732       2.644      *
    CHCC               0.183       0.197      0.177      -0.204       0.567
    CASC               0.991       0.227      0.000       0.552       1.440      *
    CACC              -0.393       0.187      0.018      -0.758      -0.024      *

 Variances
    POSSX              1.000       0.000      0.000       1.000       1.000
    CHWH               1.000       0.000      0.000       1.000       1.000

 Residual Variances
    CHSC               0.958       0.051      0.000       0.814       1.000      *
    CHCC               0.885       0.067      0.000       0.724       0.980      *
    CASC               0.918       0.055      0.000       0.779       0.990      *
    CACC               0.952       0.037      0.000       0.853       0.994      *


STD Standardization

                                Posterior  One-Tailed         95% C.I.
                    Estimate       S.D.      P-Value   Lower 2.5%  Upper 2.5%  Significance
 CHSC       ON
    POSSX              0.000       0.000      1.000       0.000       0.000
    CHWH              -0.538       0.336      0.055      -1.199       0.122

 CHCC       ON
    POSSX             -0.349       0.135      0.005      -0.615      -0.085      *
    CHWH               1.770       1.611      0.133      -1.419       4.916

 CASC       ON
    POSSX              0.096       0.039      0.008       0.018       0.173      *
    CHWH              -0.145       0.482      0.381      -1.086       0.798

 CACC       ON
    POSSX              0.096       0.039      0.008       0.018       0.173      *
    CHWH              -0.175       0.682      0.399      -1.510       1.156

 CHSC     WITH
    CHCC               0.000       0.000      1.000       0.000       0.000
    CASC               0.000       0.000      1.000       0.000       0.000
    CACC               0.000       0.000      1.000       0.000       0.000

 CHCC     WITH
    CASC               0.000       0.000      1.000       0.000       0.000
    CACC             -11.616       2.871      0.000     -18.474      -7.253      *

 CASC     WITH
    CACC               0.000       0.000      1.000       0.000       0.000

 POSSX    WITH
    CHWH              -0.436       0.378      0.104      -1.240       0.256

 Means
    POSSX              5.319       0.660      0.000       4.012       6.608      *
    CHWH               0.470       0.065      0.000       0.342       0.598      *

 Intercepts
    CHSC               3.042       0.229      0.000       2.592       3.488      *
    CHCC               1.250       1.370      0.177      -1.425       3.963
    CASC               1.984       0.405      0.000       1.186       2.775      *
    CACC              -1.099       0.525      0.018      -2.144      -0.071      *

 Variances
    POSSX             27.388       5.336      0.000      19.440      40.222      *
    CHWH               0.272       0.053      0.000       0.195       0.399      *

 Residual Variances
    CHSC               1.817       0.345      0.000       1.300       2.654      *
    CHCC              41.156       7.970      0.000      29.245      60.384      *
    CASC               3.653       0.697      0.000       2.617       5.329      *
    CACC               7.433       1.435      0.000       5.320      10.887      *


R-SQUARE

                                Posterior  One-Tailed         95% C.I.
    Variable        Estimate       S.D.      P-Value   Lower 2.5%  Upper 2.5%

    CHSC               0.042       0.051      0.000       0.000       0.186
    CHCC               0.115       0.067      0.000       0.020       0.276
    CASC               0.082       0.055      0.000       0.010       0.221
    CACC               0.048       0.037      0.000       0.006       0.147


     Beginning Time:  13:14:37
        Ending Time:  13:14:40
       Elapsed Time:  00:00:03



MUTHEN & MUTHEN
3463 Stoner Ave.
Los Angeles, CA  90066

Tel: (310) 391-9971
Fax: (310) 391-8971
Web: www.StatModel.com
Support: Support@StatModel.com

Copyright (c) 1998-2018 Muthen & Muthen
