Mplus VERSION 8.2 (Mac)
MUTHEN & MUTHEN
08/28/2024   2:05 PM

INPUT INSTRUCTIONS

  TITLE:
  Testing
  DATA:
  FILE = "risk_model_w_chwh_neu.dat";

  VARIABLE:
  NAMES = chsc chcc casc cacc risk chwh;
   MISSING=.;

  ANALYSIS:
  ESTIMATOR=BAYES; PROCESSORS = 2;BITERATIONS = (49000)
  MODEL:
  chsc ON risk;
  chsc ON chwh;
  chcc ON risk;
  chcc ON chwh;
  casc ON risk;
  casc ON chwh;
  cacc ON risk;
  cacc ON chwh;
  chsc WITH chcc;
  chsc WITH casc;
  chsc WITH cacc;
  chcc WITH casc;
  chcc WITH cacc;
  casc WITH cacc;
  chsc WITH chsc;
  chcc WITH chcc;
  casc WITH casc;
  cacc WITH cacc;
  risk WITH risk;
  risk WITH chwh;
  chwh WITH chwh;
  [chsc];
  [chcc];
  [casc];
  [cacc];
  [risk];
  [chwh];

  OUTPUT:
  STANDARDIZED;



INPUT READING TERMINATED NORMALLY




Testing

SUMMARY OF ANALYSIS

Number of groups                                                 1
Number of observations                                          66

Number of dependent variables                                    4
Number of independent variables                                  2
Number of continuous latent variables                            0

Observed dependent variables

  Continuous
   CHSC        CHCC        CASC        CACC

Observed independent variables
   RISK        CHWH


Estimator                                                    BAYES
Specifications for Bayesian Estimation
  Point estimate                                            MEDIAN
  Number of Markov chain Monte Carlo (MCMC) chains               2
  Random seed for the first chain                                0
  Starting value information                           UNPERTURBED
  Algorithm used for Markov chain Monte Carlo           GIBBS(PX1)
  Convergence criterion                                  0.500D-01
  Maximum number of iterations                               50000
  K-th iteration used for thinning                               1

Input data file(s)
  risk_model_w_chwh_neu.dat
Input data format  FREE


SUMMARY OF DATA



COVARIANCE COVERAGE OF DATA

Minimum covariance coverage value   0.100

     Number of missing data patterns             2


     PROPORTION OF DATA PRESENT


           Covariance Coverage
              CHSC          CHCC          CASC          CACC          RISK
              ________      ________      ________      ________      ________
 CHSC           1.000
 CHCC           1.000         1.000
 CASC           1.000         1.000         1.000
 CACC           1.000         1.000         1.000         1.000
 RISK           0.894         0.894         0.894         0.894         0.894
 CHWH           1.000         1.000         1.000         1.000         0.894


           Covariance Coverage
              CHWH
              ________
 CHWH           1.000



UNIVARIATE SAMPLE STATISTICS


     UNIVARIATE HIGHER-ORDER MOMENT DESCRIPTIVE STATISTICS

         Variable/         Mean/     Skewness/   Minimum/ % with                Percentiles
        Sample Size      Variance    Kurtosis    Maximum  Min/Max      20%/60%    40%/80%    Median

     CHSC                  2.895       0.274       0.447    1.52%       1.734      2.413      2.774
              66.000       1.467      -0.805       5.513    1.52%       3.088      4.142
     CHCC                 -0.328      -0.633     -22.430    1.52%      -5.060     -1.160      0.313
              66.000      40.832       1.276      13.391    1.52%       0.944      4.127
     CASC                  2.413       1.908       0.404    1.52%       1.260      1.913      2.146
              66.000       1.925       5.751       8.754    1.52%       2.491      3.181
     CACC                 -0.418       0.573      -9.135    1.52%      -2.708     -0.544     -0.211
              66.000      14.653       4.300      15.933    1.52%       0.437      1.111
     RISK                  2.392       0.606       0.400    3.39%       0.800      0.800      0.800
              59.000       4.223      -1.484       5.800    1.69%       0.800      5.300
     CHWH                  0.470       0.121       0.000   53.03%       0.000      0.000      0.000
              66.000       0.249      -1.985       1.000   46.97%       1.000      1.000


THE MODEL ESTIMATION TERMINATED NORMALLY

     USE THE FBITERATIONS OPTION TO INCREASE THE NUMBER OF ITERATIONS BY A FACTOR
     OF AT LEAST TWO TO CHECK CONVERGENCE AND THAT THE PSR VALUE DOES NOT INCREASE.



MODEL FIT INFORMATION

Number of Free Parameters                              27

Bayesian Posterior Predictive Checking using Chi-Square

          95% Confidence Interval for the Difference Between
          the Observed and the Replicated Chi-Square Values

                                -18.581            26.030

          Posterior Predictive P-Value              0.386

Information Criteria

          Deviance (DIC)                         1567.014
          Estimated Number of Parameters (pD)      24.690
          Bayesian (BIC)                         1629.390



MODEL RESULTS

                                Posterior  One-Tailed         95% C.I.
                    Estimate       S.D.      P-Value   Lower 2.5%  Upper 2.5%  Significance

 CHSC       ON
    RISK               0.021       0.079      0.395      -0.135       0.175
    CHWH              -0.865       0.316      0.004      -1.492      -0.245      *

 CHCC       ON
    RISK              -0.418       0.482      0.193      -1.354       0.535
    CHWH               0.749       1.761      0.335      -2.678       4.216

 CASC       ON
    RISK               0.166       0.092      0.036      -0.015       0.345
    CHWH              -0.510       0.368      0.082      -1.231       0.211

 CACC       ON
    RISK               0.279       0.262      0.141      -0.236       0.795
    CHWH              -0.655       1.046      0.263      -2.729       1.403

 CHSC     WITH
    CHCC              -3.001       1.299      0.003      -5.937      -0.841      *
    CASC               0.230       0.258      0.164      -0.246       0.778
    CACC               2.412       0.818      0.000       1.118       4.321      *

 CHCC     WITH
    CASC               0.260       1.432      0.421      -2.551       3.163
    CACC             -18.046       4.860      0.000     -29.521     -10.613      *

 CASC     WITH
    CACC              -0.733       0.859      0.178      -2.535       0.870

 RISK     WITH
    CHWH              -0.165       0.160      0.132      -0.500       0.137

 Means
    RISK               2.363       0.280      0.000       1.813       2.914      *
    CHWH               0.470       0.065      0.000       0.341       0.598      *

 Intercepts
    CHSC               3.251       0.300      0.000       2.659       3.844      *
    CHCC               0.298       1.746      0.430      -3.163       3.732
    CASC               2.262       0.347      0.000       1.577       2.950      *
    CACC              -0.776       0.992      0.215      -2.722       1.175

 Variances
    RISK               4.638       0.937      0.000       3.249       6.895      *
    CHWH               0.272       0.052      0.000       0.195       0.399      *

 Residual Variances
    CHSC               1.544       0.317      0.000       1.078       2.313      *
    CHCC              48.165       9.737      0.000      33.729      71.647      *
    CASC               2.083       0.424      0.000       1.460       3.109      *
    CACC              17.180       3.502      0.000      12.061      25.611      *


STANDARDIZED MODEL RESULTS


STDYX Standardization

                                Posterior  One-Tailed         95% C.I.
                    Estimate       S.D.      P-Value   Lower 2.5%  Upper 2.5%  Significance
 CHSC       ON
    RISK               0.033       0.125      0.395      -0.213       0.277
    CHWH              -0.338       0.114      0.004      -0.544      -0.097      *

 CHCC       ON
    RISK              -0.127       0.143      0.193      -0.395       0.161
    CHWH               0.055       0.126      0.335      -0.193       0.300

 CASC       ON
    RISK               0.234       0.123      0.036      -0.021       0.460
    CHWH              -0.174       0.121      0.082      -0.400       0.070

 CACC       ON
    RISK               0.142       0.129      0.141      -0.118       0.384
    CHWH              -0.080       0.125      0.263      -0.323       0.169

 CHSC     WITH
    CHCC              -0.354       0.118      0.003      -0.561      -0.104      *
    CASC               0.131       0.132      0.164      -0.133       0.379
    CACC               0.475       0.105      0.000       0.244       0.655      *

 CHCC     WITH
    CASC               0.027       0.134      0.421      -0.237       0.289
    CACC              -0.634       0.082      0.000      -0.767      -0.446      *

 CASC     WITH
    CACC              -0.125       0.132      0.178      -0.373       0.140

 RISK     WITH
    CHWH              -0.150       0.130      0.132      -0.392       0.118

 Means
    RISK               1.098       0.166      0.000       0.775       1.428      *
    CHWH               0.901       0.149      0.000       0.611       1.191      *

 Intercepts
    CHSC               2.423       0.290      0.000       1.831       2.974      *
    CHCC               0.042       0.239      0.430      -0.431       0.504
    CASC               1.473       0.268      0.000       0.934       1.985      *
    CACC              -0.182       0.226      0.215      -0.612       0.267

 Variances
    RISK               1.000       0.000      0.000       1.000       1.000
    CHWH               1.000       0.000      0.000       1.000       1.000

 Residual Variances
    CHSC               0.865       0.077      0.000       0.684       0.979      *
    CHCC               0.958       0.050      0.000       0.816       0.998      *
    CASC               0.887       0.073      0.000       0.713       0.988      *
    CACC               0.952       0.050      0.000       0.812       0.998      *


STDY Standardization

                                Posterior  One-Tailed         95% C.I.
                    Estimate       S.D.      P-Value   Lower 2.5%  Upper 2.5%  Significance
 CHSC       ON
    RISK               0.033       0.125      0.395      -0.213       0.277
    CHWH              -0.338       0.114      0.004      -0.544      -0.097      *

 CHCC       ON
    RISK              -0.127       0.143      0.193      -0.395       0.161
    CHWH               0.055       0.126      0.335      -0.193       0.300

 CASC       ON
    RISK               0.234       0.123      0.036      -0.021       0.460
    CHWH              -0.174       0.121      0.082      -0.400       0.070

 CACC       ON
    RISK               0.142       0.129      0.141      -0.118       0.384
    CHWH              -0.080       0.125      0.263      -0.323       0.169

 CHSC     WITH
    CHCC              -0.354       0.118      0.003      -0.561      -0.104      *
    CASC               0.131       0.132      0.164      -0.133       0.379
    CACC               0.475       0.105      0.000       0.244       0.655      *

 CHCC     WITH
    CASC               0.027       0.134      0.421      -0.237       0.289
    CACC              -0.634       0.082      0.000      -0.767      -0.446      *

 CASC     WITH
    CACC              -0.125       0.132      0.178      -0.373       0.140

 RISK     WITH
    CHWH              -0.150       0.130      0.132      -0.392       0.118

 Means
    RISK               1.098       0.166      0.000       0.775       1.428      *
    CHWH               0.901       0.149      0.000       0.611       1.191      *

 Intercepts
    CHSC               2.423       0.290      0.000       1.831       2.974      *
    CHCC               0.042       0.239      0.430      -0.431       0.504
    CASC               1.473       0.268      0.000       0.934       1.985      *
    CACC              -0.182       0.226      0.215      -0.612       0.267

 Variances
    RISK               1.000       0.000      0.000       1.000       1.000
    CHWH               1.000       0.000      0.000       1.000       1.000

 Residual Variances
    CHSC               0.865       0.077      0.000       0.684       0.979      *
    CHCC               0.958       0.050      0.000       0.816       0.998      *
    CASC               0.887       0.073      0.000       0.713       0.988      *
    CACC               0.952       0.050      0.000       0.812       0.998      *


STD Standardization

                                Posterior  One-Tailed         95% C.I.
                    Estimate       S.D.      P-Value   Lower 2.5%  Upper 2.5%  Significance
 CHSC       ON
    RISK               0.021       0.079      0.395      -0.135       0.175
    CHWH              -0.865       0.316      0.004      -1.492      -0.245      *

 CHCC       ON
    RISK              -0.418       0.482      0.193      -1.354       0.535
    CHWH               0.749       1.761      0.335      -2.678       4.216

 CASC       ON
    RISK               0.166       0.092      0.036      -0.015       0.345
    CHWH              -0.510       0.368      0.082      -1.231       0.211

 CACC       ON
    RISK               0.279       0.262      0.141      -0.236       0.795
    CHWH              -0.655       1.046      0.263      -2.729       1.403

 CHSC     WITH
    CHCC              -3.001       1.299      0.003      -5.937      -0.841      *
    CASC               0.230       0.258      0.164      -0.246       0.778
    CACC               2.412       0.818      0.000       1.118       4.321      *

 CHCC     WITH
    CASC               0.260       1.432      0.421      -2.551       3.163
    CACC             -18.046       4.860      0.000     -29.521     -10.613      *

 CASC     WITH
    CACC              -0.733       0.859      0.178      -2.535       0.870

 RISK     WITH
    CHWH              -0.165       0.160      0.132      -0.500       0.137

 Means
    RISK               2.363       0.280      0.000       1.813       2.914      *
    CHWH               0.470       0.065      0.000       0.341       0.598      *

 Intercepts
    CHSC               3.251       0.300      0.000       2.659       3.844      *
    CHCC               0.298       1.746      0.430      -3.163       3.732
    CASC               2.262       0.347      0.000       1.577       2.950      *
    CACC              -0.776       0.992      0.215      -2.722       1.175

 Variances
    RISK               4.638       0.937      0.000       3.249       6.895      *
    CHWH               0.272       0.052      0.000       0.195       0.399      *

 Residual Variances
    CHSC               1.544       0.317      0.000       1.078       2.313      *
    CHCC              48.165       9.737      0.000      33.729      71.647      *
    CASC               2.083       0.424      0.000       1.460       3.109      *
    CACC              17.180       3.502      0.000      12.061      25.611      *


R-SQUARE

                                Posterior  One-Tailed         95% C.I.
    Variable        Estimate       S.D.      P-Value   Lower 2.5%  Upper 2.5%

    CHSC               0.135       0.077      0.000       0.021       0.316
    CHCC               0.042       0.050      0.000       0.002       0.184
    CASC               0.113       0.073      0.000       0.012       0.287
    CACC               0.048       0.050      0.000       0.002       0.188


     Beginning Time:  14:05:03
        Ending Time:  14:05:06
       Elapsed Time:  00:00:03



MUTHEN & MUTHEN
3463 Stoner Ave.
Los Angeles, CA  90066

Tel: (310) 391-9971
Fax: (310) 391-8971
Web: www.StatModel.com
Support: Support@StatModel.com

Copyright (c) 1998-2018 Muthen & Muthen
