Mplus VERSION 8.2 (Mac)
MUTHEN & MUTHEN
08/28/2024   1:33 PM

INPUT INSTRUCTIONS

  TITLE:
  Testing
  DATA:
  FILE = "risk_model_w_fem_pos.dat";

  VARIABLE:
  NAMES = chsc chcc casc cacc risk chfm;
   MISSING=.;

  ANALYSIS:
  ESTIMATOR=BAYES; PROCESSORS = 2;BITERATIONS = (49000)
  MODEL:
  chsc ON risk;
  chsc ON chfm;
  chcc ON risk;
  chcc ON chfm;
  casc ON risk;
  casc ON chfm;
  cacc ON risk;
  cacc ON chfm;
  chsc WITH chcc;
  chsc WITH casc;
  chsc WITH cacc;
  chcc WITH casc;
  chcc WITH cacc;
  casc WITH cacc;
  chsc WITH chsc;
  chcc WITH chcc;
  casc WITH casc;
  cacc WITH cacc;
  risk WITH risk;
  risk WITH chfm;
  chfm WITH chfm;
  [chsc];
  [chcc];
  [casc];
  [cacc];
  [risk];
  [chfm];

  OUTPUT:
  STANDARDIZED;



INPUT READING TERMINATED NORMALLY




Testing

SUMMARY OF ANALYSIS

Number of groups                                                 1
Number of observations                                          68

Number of dependent variables                                    4
Number of independent variables                                  2
Number of continuous latent variables                            0

Observed dependent variables

  Continuous
   CHSC        CHCC        CASC        CACC

Observed independent variables
   RISK        CHFM


Estimator                                                    BAYES
Specifications for Bayesian Estimation
  Point estimate                                            MEDIAN
  Number of Markov chain Monte Carlo (MCMC) chains               2
  Random seed for the first chain                                0
  Starting value information                           UNPERTURBED
  Algorithm used for Markov chain Monte Carlo           GIBBS(PX1)
  Convergence criterion                                  0.500D-01
  Maximum number of iterations                               50000
  K-th iteration used for thinning                               1

Input data file(s)
  risk_model_w_fem_pos.dat
Input data format  FREE


SUMMARY OF DATA



COVARIANCE COVERAGE OF DATA

Minimum covariance coverage value   0.100

     Number of missing data patterns             2


     PROPORTION OF DATA PRESENT


           Covariance Coverage
              CHSC          CHCC          CASC          CACC          RISK
              ________      ________      ________      ________      ________
 CHSC           1.000
 CHCC           1.000         1.000
 CASC           1.000         1.000         1.000
 CACC           1.000         1.000         1.000         1.000
 RISK           0.882         0.882         0.882         0.882         0.882
 CHFM           1.000         1.000         1.000         1.000         0.882


           Covariance Coverage
              CHFM
              ________
 CHFM           1.000



UNIVARIATE SAMPLE STATISTICS


     UNIVARIATE HIGHER-ORDER MOMENT DESCRIPTIVE STATISTICS

         Variable/         Mean/     Skewness/   Minimum/ % with                Percentiles
        Sample Size      Variance    Kurtosis    Maximum  Min/Max      20%/60%    40%/80%    Median

     CHSC                  2.894       0.448       0.369    1.47%       1.783      2.328      2.761
              68.000       1.755      -0.631       5.634    1.47%       2.996      4.196
     CHCC                  1.257      -0.042     -29.421    1.47%      -2.841     -0.768      0.420
              68.000      61.282       4.132      28.205    1.47%       1.592      4.969
     CASC                  2.413       3.149       0.173    1.47%       1.349      1.820      1.905
              68.000       3.393      12.255      11.915    1.47%       2.145      3.150
     CACC                 -0.360      -0.284     -12.711    1.47%      -2.128     -1.135     -0.147
              68.000      11.603       3.090      11.197    1.47%       0.295      1.861
     RISK                  2.523       0.489       0.400    3.33%       0.800      0.800      0.800
              60.000       4.428      -1.620       5.800    3.33%       3.000      5.300
     CHFM                  0.441       0.237       0.000   55.88%       0.000      0.000      0.000
              68.000       0.247      -1.944       1.000   44.12%       1.000      1.000


THE MODEL ESTIMATION TERMINATED NORMALLY

     USE THE FBITERATIONS OPTION TO INCREASE THE NUMBER OF ITERATIONS BY A FACTOR
     OF AT LEAST TWO TO CHECK CONVERGENCE AND THAT THE PSR VALUE DOES NOT INCREASE.



MODEL FIT INFORMATION

Number of Free Parameters                              27

Bayesian Posterior Predictive Checking using Chi-Square

          95% Confidence Interval for the Difference Between
          the Observed and the Replicated Chi-Square Values

                                -19.028            26.502

          Posterior Predictive P-Value              0.384

Information Criteria

          Deviance (DIC)                         1701.349
          Estimated Number of Parameters (pD)      24.720
          Bayesian (BIC)                         1764.441



MODEL RESULTS

                                Posterior  One-Tailed         95% C.I.
                    Estimate       S.D.      P-Value   Lower 2.5%  Upper 2.5%  Significance

 CHSC       ON
    RISK               0.000       0.088      0.500      -0.172       0.173
    CHFM               0.110       0.360      0.378      -0.597       0.819

 CHCC       ON
    RISK              -1.111       0.530      0.021      -2.118      -0.041      *
    CHFM              -3.206       2.020      0.056      -7.183       0.745

 CASC       ON
    RISK               0.311       0.114      0.004       0.089       0.538      *
    CHFM               0.209       0.473      0.327      -0.724       1.134

 CACC       ON
    RISK               0.517       0.212      0.008       0.100       0.933      *
    CHFM               1.095       0.879      0.105      -0.629       2.831

 CHSC     WITH
    CHCC               1.464       1.656      0.169      -1.650       4.926
    CASC              -0.502       0.391      0.080      -1.340       0.212
    CACC              -0.585       0.718      0.189      -2.104       0.757

 CHCC     WITH
    CASC               2.137       2.178      0.145      -1.981       6.743
    CACC             -13.897       4.528      0.000     -24.538      -6.819      *

 CASC     WITH
    CACC               0.385       0.931      0.327      -1.400       2.316

 RISK     WITH
    CHFM              -0.108       0.158      0.233      -0.434       0.193

 Means
    RISK               2.548       0.283      0.000       1.993       3.106      *
    CHFM               0.442       0.064      0.000       0.316       0.567      *

 Intercepts
    CHSC               2.845       0.337      0.000       2.186       3.511      *
    CHCC               5.497       1.982      0.004       1.555       9.323      *
    CASC               1.528       0.438      0.001       0.665       2.391      *
    CACC              -2.158       0.819      0.004      -3.779      -0.559      *

 Variances
    RISK               4.829       0.968      0.000       3.391       7.175      *
    CHFM               0.269       0.051      0.000       0.194       0.392      *

 Residual Variances
    CHSC               2.115       0.421      0.000       1.490       3.127      *
    CHCC              65.003      13.272      0.000      45.581      97.199      *
    CASC               3.580       0.717      0.000       2.520       5.309      *
    CACC              12.334       2.481      0.000       8.710      18.331      *


STANDARDIZED MODEL RESULTS


STDYX Standardization

                                Posterior  One-Tailed         95% C.I.
                    Estimate       S.D.      P-Value   Lower 2.5%  Upper 2.5%  Significance
 CHSC       ON
    RISK               0.000       0.128      0.500      -0.250       0.251
    CHFM               0.039       0.124      0.378      -0.207       0.280

 CHCC       ON
    RISK              -0.283       0.131      0.021      -0.519      -0.010      *
    CHFM              -0.193       0.117      0.056      -0.412       0.044

 CASC       ON
    RISK               0.338       0.114      0.004       0.099       0.541      *
    CHFM               0.053       0.118      0.327      -0.182       0.281

 CACC       ON
    RISK               0.303       0.117      0.008       0.059       0.515      *
    CHFM               0.152       0.118      0.105      -0.085       0.376

 CHSC     WITH
    CHCC               0.127       0.130      0.169      -0.135       0.371
    CASC              -0.186       0.128      0.080      -0.424       0.076
    CACC              -0.117       0.130      0.189      -0.365       0.143

 CHCC     WITH
    CASC               0.144       0.131      0.145      -0.124       0.389
    CACC              -0.498       0.101      0.000      -0.671      -0.275      *

 CASC     WITH
    CACC               0.059       0.131      0.327      -0.199       0.313

 RISK     WITH
    CHFM              -0.096       0.130      0.233      -0.343       0.163

 Means
    RISK               1.162       0.166      0.000       0.839       1.494      *
    CHFM               0.853       0.144      0.000       0.572       1.134      *

 Intercepts
    CHSC               1.931       0.291      0.000       1.347       2.486      *
    CHCC               0.636       0.214      0.004       0.180       1.017      *
    CASC               0.753       0.241      0.001       0.294       1.236      *
    CACC              -0.576       0.203      0.004      -0.940      -0.149      *

 Variances
    RISK               1.000       0.000      0.000       1.000       1.000
    CHFM               1.000       0.000      0.000       1.000       1.000

 Residual Variances
    CHSC               0.976       0.032      0.000       0.883       0.999      *
    CHCC               0.878       0.080      0.000       0.686       0.987      *
    CASC               0.872       0.076      0.000       0.695       0.982      *
    CACC               0.879       0.074      0.000       0.704       0.984      *


STDY Standardization

                                Posterior  One-Tailed         95% C.I.
                    Estimate       S.D.      P-Value   Lower 2.5%  Upper 2.5%  Significance
 CHSC       ON
    RISK               0.000       0.128      0.500      -0.250       0.251
    CHFM               0.039       0.124      0.378      -0.207       0.280

 CHCC       ON
    RISK              -0.283       0.131      0.021      -0.519      -0.010      *
    CHFM              -0.193       0.117      0.056      -0.412       0.044

 CASC       ON
    RISK               0.338       0.114      0.004       0.099       0.541      *
    CHFM               0.053       0.118      0.327      -0.182       0.281

 CACC       ON
    RISK               0.303       0.117      0.008       0.059       0.515      *
    CHFM               0.152       0.118      0.105      -0.085       0.376

 CHSC     WITH
    CHCC               0.127       0.130      0.169      -0.135       0.371
    CASC              -0.186       0.128      0.080      -0.424       0.076
    CACC              -0.117       0.130      0.189      -0.365       0.143

 CHCC     WITH
    CASC               0.144       0.131      0.145      -0.124       0.389
    CACC              -0.498       0.101      0.000      -0.671      -0.275      *

 CASC     WITH
    CACC               0.059       0.131      0.327      -0.199       0.313

 RISK     WITH
    CHFM              -0.096       0.130      0.233      -0.343       0.163

 Means
    RISK               1.162       0.166      0.000       0.839       1.494      *
    CHFM               0.853       0.144      0.000       0.572       1.134      *

 Intercepts
    CHSC               1.931       0.291      0.000       1.347       2.486      *
    CHCC               0.636       0.214      0.004       0.180       1.017      *
    CASC               0.753       0.241      0.001       0.294       1.236      *
    CACC              -0.576       0.203      0.004      -0.940      -0.149      *

 Variances
    RISK               1.000       0.000      0.000       1.000       1.000
    CHFM               1.000       0.000      0.000       1.000       1.000

 Residual Variances
    CHSC               0.976       0.032      0.000       0.883       0.999      *
    CHCC               0.878       0.080      0.000       0.686       0.987      *
    CASC               0.872       0.076      0.000       0.695       0.982      *
    CACC               0.879       0.074      0.000       0.704       0.984      *


STD Standardization

                                Posterior  One-Tailed         95% C.I.
                    Estimate       S.D.      P-Value   Lower 2.5%  Upper 2.5%  Significance
 CHSC       ON
    RISK               0.000       0.088      0.500      -0.172       0.173
    CHFM               0.110       0.360      0.378      -0.597       0.819

 CHCC       ON
    RISK              -1.111       0.530      0.021      -2.118      -0.041      *
    CHFM              -3.206       2.020      0.056      -7.183       0.745

 CASC       ON
    RISK               0.311       0.114      0.004       0.089       0.538      *
    CHFM               0.209       0.473      0.327      -0.724       1.134

 CACC       ON
    RISK               0.517       0.212      0.008       0.100       0.933      *
    CHFM               1.095       0.879      0.105      -0.629       2.831

 CHSC     WITH
    CHCC               1.464       1.656      0.169      -1.650       4.926
    CASC              -0.502       0.391      0.080      -1.340       0.212
    CACC              -0.585       0.718      0.189      -2.104       0.757

 CHCC     WITH
    CASC               2.137       2.178      0.145      -1.981       6.743
    CACC             -13.897       4.528      0.000     -24.538      -6.819      *

 CASC     WITH
    CACC               0.385       0.931      0.327      -1.400       2.316

 RISK     WITH
    CHFM              -0.108       0.158      0.233      -0.434       0.193

 Means
    RISK               2.548       0.283      0.000       1.993       3.106      *
    CHFM               0.442       0.064      0.000       0.316       0.567      *

 Intercepts
    CHSC               2.845       0.337      0.000       2.186       3.511      *
    CHCC               5.497       1.982      0.004       1.555       9.323      *
    CASC               1.528       0.438      0.001       0.665       2.391      *
    CACC              -2.158       0.819      0.004      -3.779      -0.559      *

 Variances
    RISK               4.829       0.968      0.000       3.391       7.175      *
    CHFM               0.269       0.051      0.000       0.194       0.392      *

 Residual Variances
    CHSC               2.115       0.421      0.000       1.490       3.127      *
    CHCC              65.003      13.272      0.000      45.581      97.199      *
    CASC               3.580       0.717      0.000       2.520       5.309      *
    CACC              12.334       2.481      0.000       8.710      18.331      *


R-SQUARE

                                Posterior  One-Tailed         95% C.I.
    Variable        Estimate       S.D.      P-Value   Lower 2.5%  Upper 2.5%

    CHSC               0.024       0.032      0.000       0.001       0.117
    CHCC               0.122       0.080      0.000       0.013       0.314
    CASC               0.128       0.076      0.000       0.018       0.305
    CACC               0.121       0.074      0.000       0.016       0.296


     Beginning Time:  13:33:57
        Ending Time:  13:34:00
       Elapsed Time:  00:00:03



MUTHEN & MUTHEN
3463 Stoner Ave.
Los Angeles, CA  90066

Tel: (310) 391-9971
Fax: (310) 391-8971
Web: www.StatModel.com
Support: Support@StatModel.com

Copyright (c) 1998-2018 Muthen & Muthen
