Mplus VERSION 8.2 (Mac)
MUTHEN & MUTHEN
08/28/2024   1:34 PM

INPUT INSTRUCTIONS

  TITLE:
  Testing
  DATA:
  FILE = "risk_model_w_chwh_pos.dat";

  VARIABLE:
  NAMES = chsc chcc casc cacc risk chwh;
   MISSING=.;

  ANALYSIS:
  ESTIMATOR=BAYES; PROCESSORS = 2;BITERATIONS = (49000)
  MODEL:
  chsc ON risk;
  chsc ON chwh;
  chcc ON risk;
  chcc ON chwh;
  casc ON risk;
  casc ON chwh;
  cacc ON risk;
  cacc ON chwh;
  chsc WITH chcc;
  chsc WITH casc;
  chsc WITH cacc;
  chcc WITH casc;
  chcc WITH cacc;
  casc WITH cacc;
  chsc WITH chsc;
  chcc WITH chcc;
  casc WITH casc;
  cacc WITH cacc;
  risk WITH risk;
  risk WITH chwh;
  chwh WITH chwh;
  [chsc];
  [chcc];
  [casc];
  [cacc];
  [risk];
  [chwh];

  OUTPUT:
  STANDARDIZED;



INPUT READING TERMINATED NORMALLY




Testing

SUMMARY OF ANALYSIS

Number of groups                                                 1
Number of observations                                          68

Number of dependent variables                                    4
Number of independent variables                                  2
Number of continuous latent variables                            0

Observed dependent variables

  Continuous
   CHSC        CHCC        CASC        CACC

Observed independent variables
   RISK        CHWH


Estimator                                                    BAYES
Specifications for Bayesian Estimation
  Point estimate                                            MEDIAN
  Number of Markov chain Monte Carlo (MCMC) chains               2
  Random seed for the first chain                                0
  Starting value information                           UNPERTURBED
  Algorithm used for Markov chain Monte Carlo           GIBBS(PX1)
  Convergence criterion                                  0.500D-01
  Maximum number of iterations                               50000
  K-th iteration used for thinning                               1

Input data file(s)
  risk_model_w_chwh_pos.dat
Input data format  FREE


SUMMARY OF DATA



COVARIANCE COVERAGE OF DATA

Minimum covariance coverage value   0.100

     Number of missing data patterns             2


     PROPORTION OF DATA PRESENT


           Covariance Coverage
              CHSC          CHCC          CASC          CACC          RISK
              ________      ________      ________      ________      ________
 CHSC           1.000
 CHCC           1.000         1.000
 CASC           1.000         1.000         1.000
 CACC           1.000         1.000         1.000         1.000
 RISK           0.882         0.882         0.882         0.882         0.882
 CHWH           1.000         1.000         1.000         1.000         0.882


           Covariance Coverage
              CHWH
              ________
 CHWH           1.000



UNIVARIATE SAMPLE STATISTICS


     UNIVARIATE HIGHER-ORDER MOMENT DESCRIPTIVE STATISTICS

         Variable/         Mean/     Skewness/   Minimum/ % with                Percentiles
        Sample Size      Variance    Kurtosis    Maximum  Min/Max      20%/60%    40%/80%    Median

     CHSC                  2.894       0.448       0.369    1.47%       1.783      2.328      2.761
              68.000       1.755      -0.631       5.634    1.47%       2.996      4.196
     CHCC                  1.257      -0.042     -29.421    1.47%      -2.841     -0.768      0.420
              68.000      61.282       4.132      28.205    1.47%       1.592      4.969
     CASC                  2.413       3.149       0.173    1.47%       1.349      1.820      1.905
              68.000       3.393      12.255      11.915    1.47%       2.145      3.150
     CACC                 -0.360      -0.284     -12.711    1.47%      -2.128     -1.135     -0.147
              68.000      11.603       3.090      11.197    1.47%       0.295      1.861
     RISK                  2.523       0.489       0.400    3.33%       0.800      0.800      0.800
              60.000       4.428      -1.620       5.800    3.33%       3.000      5.300
     CHWH                  0.456       0.177       0.000   54.41%       0.000      0.000      0.000
              68.000       0.248      -1.969       1.000   45.59%       1.000      1.000


THE MODEL ESTIMATION TERMINATED NORMALLY

     USE THE FBITERATIONS OPTION TO INCREASE THE NUMBER OF ITERATIONS BY A FACTOR
     OF AT LEAST TWO TO CHECK CONVERGENCE AND THAT THE PSR VALUE DOES NOT INCREASE.



MODEL FIT INFORMATION

Number of Free Parameters                              27

Bayesian Posterior Predictive Checking using Chi-Square

          95% Confidence Interval for the Difference Between
          the Observed and the Replicated Chi-Square Values

                                -19.069            26.674

          Posterior Predictive P-Value              0.383

Information Criteria

          Deviance (DIC)                         1698.484
          Estimated Number of Parameters (pD)      24.712
          Bayesian (BIC)                         1761.596



MODEL RESULTS

                                Posterior  One-Tailed         95% C.I.
                    Estimate       S.D.      P-Value   Lower 2.5%  Upper 2.5%  Significance

 CHSC       ON
    RISK              -0.015       0.084      0.426      -0.180       0.151
    CHWH              -0.755       0.346      0.015      -1.436      -0.073      *

 CHCC       ON
    RISK              -0.911       0.551      0.053      -1.964       0.192
    CHWH               0.114       2.077      0.477      -3.966       4.183

 CASC       ON
    RISK               0.323       0.114      0.003       0.100       0.550      *
    CHWH               0.179       0.473      0.352      -0.750       1.105

 CACC       ON
    RISK               0.496       0.215      0.011       0.076       0.918      *
    CHWH               0.772       0.887      0.189      -0.959       2.531

 CHSC     WITH
    CHCC               1.438       1.639      0.171      -1.659       4.858
    CASC              -0.475       0.373      0.083      -1.276       0.207
    CACC              -0.405       0.694      0.265      -1.853       0.918

 CHCC     WITH
    CASC               1.791       2.234      0.193      -2.489       6.468
    CACC             -15.393       4.764      0.000     -26.642      -8.014      *

 CASC     WITH
    CACC               0.419       0.938      0.313      -1.371       2.363

 RISK     WITH
    CHWH              -0.146       0.159      0.163      -0.478       0.156

 Means
    RISK               2.536       0.282      0.000       1.982       3.092      *
    CHWH               0.457       0.064      0.000       0.330       0.582      *

 Intercepts
    CHSC               3.277       0.329      0.000       2.631       3.926      *
    CHCC               3.512       2.063      0.047      -0.613       7.493
    CASC               1.512       0.449      0.001       0.622       2.394      *
    CACC              -1.970       0.838      0.010      -3.632      -0.322      *

 Variances
    RISK               4.796       0.954      0.000       3.374       7.094      *
    CHWH               0.270       0.051      0.000       0.195       0.394      *

 Residual Variances
    CHSC               1.951       0.388      0.000       1.374       2.888      *
    CHCC              69.277      14.027      0.000      48.697     103.240      *
    CASC               3.550       0.711      0.000       2.500       5.270      *
    CACC              12.625       2.532      0.000       8.920      18.745      *


STANDARDIZED MODEL RESULTS


STDYX Standardization

                                Posterior  One-Tailed         95% C.I.
                    Estimate       S.D.      P-Value   Lower 2.5%  Upper 2.5%  Significance
 CHSC       ON
    RISK              -0.023       0.123      0.426      -0.263       0.220
    CHWH              -0.269       0.117      0.015      -0.483      -0.026      *

 CHCC       ON
    RISK              -0.230       0.135      0.053      -0.475       0.048
    CHWH               0.007       0.122      0.477      -0.232       0.245

 CASC       ON
    RISK               0.350       0.114      0.003       0.111       0.554      *
    CHWH               0.046       0.119      0.352      -0.189       0.276

 CACC       ON
    RISK               0.290       0.118      0.011       0.044       0.504      *
    CHWH               0.107       0.120      0.189      -0.130       0.338

 CHSC     WITH
    CHCC               0.126       0.130      0.171      -0.137       0.369
    CASC              -0.184       0.128      0.083      -0.422       0.078
    CACC              -0.083       0.130      0.265      -0.334       0.176

 CHCC     WITH
    CASC               0.117       0.132      0.193      -0.150       0.365
    CACC              -0.528       0.097      0.000      -0.693      -0.313      *

 CASC     WITH
    CACC               0.064       0.131      0.313      -0.195       0.317

 RISK     WITH
    CHWH              -0.131       0.129      0.163      -0.374       0.132

 Means
    RISK               1.161       0.166      0.000       0.837       1.492      *
    CHWH               0.879       0.145      0.000       0.596       1.162      *

 Intercepts
    CHSC               2.232       0.276      0.000       1.670       2.751      *
    CHCC               0.406       0.229      0.047      -0.069       0.824
    CASC               0.745       0.245      0.001       0.279       1.235      *
    CACC              -0.526       0.209      0.010      -0.904      -0.086      *

 Variances
    RISK               1.000       0.000      0.000       1.000       1.000
    CHWH               1.000       0.000      0.000       1.000       1.000

 Residual Variances
    CHSC               0.912       0.064      0.000       0.753       0.993      *
    CHCC               0.931       0.065      0.000       0.757       0.997      *
    CASC               0.866       0.077      0.000       0.686       0.979      *
    CACC               0.897       0.069      0.000       0.729       0.989      *


STDY Standardization

                                Posterior  One-Tailed         95% C.I.
                    Estimate       S.D.      P-Value   Lower 2.5%  Upper 2.5%  Significance
 CHSC       ON
    RISK              -0.023       0.123      0.426      -0.263       0.220
    CHWH              -0.269       0.117      0.015      -0.483      -0.026      *

 CHCC       ON
    RISK              -0.230       0.135      0.053      -0.475       0.048
    CHWH               0.007       0.122      0.477      -0.232       0.245

 CASC       ON
    RISK               0.350       0.114      0.003       0.111       0.554      *
    CHWH               0.046       0.119      0.352      -0.189       0.276

 CACC       ON
    RISK               0.290       0.118      0.011       0.044       0.504      *
    CHWH               0.107       0.120      0.189      -0.130       0.338

 CHSC     WITH
    CHCC               0.126       0.130      0.171      -0.137       0.369
    CASC              -0.184       0.128      0.083      -0.422       0.078
    CACC              -0.083       0.130      0.265      -0.334       0.176

 CHCC     WITH
    CASC               0.117       0.132      0.193      -0.150       0.365
    CACC              -0.528       0.097      0.000      -0.693      -0.313      *

 CASC     WITH
    CACC               0.064       0.131      0.313      -0.195       0.317

 RISK     WITH
    CHWH              -0.131       0.129      0.163      -0.374       0.132

 Means
    RISK               1.161       0.166      0.000       0.837       1.492      *
    CHWH               0.879       0.145      0.000       0.596       1.162      *

 Intercepts
    CHSC               2.232       0.276      0.000       1.670       2.751      *
    CHCC               0.406       0.229      0.047      -0.069       0.824
    CASC               0.745       0.245      0.001       0.279       1.235      *
    CACC              -0.526       0.209      0.010      -0.904      -0.086      *

 Variances
    RISK               1.000       0.000      0.000       1.000       1.000
    CHWH               1.000       0.000      0.000       1.000       1.000

 Residual Variances
    CHSC               0.912       0.064      0.000       0.753       0.993      *
    CHCC               0.931       0.065      0.000       0.757       0.997      *
    CASC               0.866       0.077      0.000       0.686       0.979      *
    CACC               0.897       0.069      0.000       0.729       0.989      *


STD Standardization

                                Posterior  One-Tailed         95% C.I.
                    Estimate       S.D.      P-Value   Lower 2.5%  Upper 2.5%  Significance
 CHSC       ON
    RISK              -0.015       0.084      0.426      -0.180       0.151
    CHWH              -0.755       0.346      0.015      -1.436      -0.073      *

 CHCC       ON
    RISK              -0.911       0.551      0.053      -1.964       0.192
    CHWH               0.114       2.077      0.477      -3.966       4.183

 CASC       ON
    RISK               0.323       0.114      0.003       0.100       0.550      *
    CHWH               0.179       0.473      0.352      -0.750       1.105

 CACC       ON
    RISK               0.496       0.215      0.011       0.076       0.918      *
    CHWH               0.772       0.887      0.189      -0.959       2.531

 CHSC     WITH
    CHCC               1.438       1.639      0.171      -1.659       4.858
    CASC              -0.475       0.373      0.083      -1.276       0.207
    CACC              -0.405       0.694      0.265      -1.853       0.918

 CHCC     WITH
    CASC               1.791       2.234      0.193      -2.489       6.468
    CACC             -15.393       4.764      0.000     -26.642      -8.014      *

 CASC     WITH
    CACC               0.419       0.938      0.313      -1.371       2.363

 RISK     WITH
    CHWH              -0.146       0.159      0.163      -0.478       0.156

 Means
    RISK               2.536       0.282      0.000       1.982       3.092      *
    CHWH               0.457       0.064      0.000       0.330       0.582      *

 Intercepts
    CHSC               3.277       0.329      0.000       2.631       3.926      *
    CHCC               3.512       2.063      0.047      -0.613       7.493
    CASC               1.512       0.449      0.001       0.622       2.394      *
    CACC              -1.970       0.838      0.010      -3.632      -0.322      *

 Variances
    RISK               4.796       0.954      0.000       3.374       7.094      *
    CHWH               0.270       0.051      0.000       0.195       0.394      *

 Residual Variances
    CHSC               1.951       0.388      0.000       1.374       2.888      *
    CHCC              69.277      14.027      0.000      48.697     103.240      *
    CASC               3.550       0.711      0.000       2.500       5.270      *
    CACC              12.625       2.532      0.000       8.920      18.745      *


R-SQUARE

                                Posterior  One-Tailed         95% C.I.
    Variable        Estimate       S.D.      P-Value   Lower 2.5%  Upper 2.5%

    CHSC               0.088       0.064      0.000       0.007       0.246
    CHCC               0.069       0.065      0.000       0.003       0.243
    CASC               0.134       0.077      0.000       0.021       0.314
    CACC               0.103       0.069      0.000       0.011       0.271


     Beginning Time:  13:34:18
        Ending Time:  13:34:21
       Elapsed Time:  00:00:03



MUTHEN & MUTHEN
3463 Stoner Ave.
Los Angeles, CA  90066

Tel: (310) 391-9971
Fax: (310) 391-8971
Web: www.StatModel.com
Support: Support@StatModel.com

Copyright (c) 1998-2018 Muthen & Muthen
