Mplus VERSION 8.2 (Mac)
MUTHEN & MUTHEN
08/28/2024   1:02 PM

INPUT INSTRUCTIONS

  TITLE:
  Testing
  DATA:
  FILE = "risk_model_w_age_neg.dat";

  VARIABLE:
  NAMES = chsc chcc casc cacc risk chage;
   MISSING=.;

  ANALYSIS:
  ESTIMATOR=BAYES; PROCESSORS = 2;BITERATIONS = (49000)
  MODEL:
  chsc ON risk;
  chsc ON chage;
  chcc ON risk;
  chcc ON chage;
  casc ON risk;
  casc ON chage;
  cacc ON risk;
  cacc ON chage;
  chsc WITH chcc;
  chsc WITH casc;
  chsc WITH cacc;
  chcc WITH casc;
  chcc WITH cacc;
  casc WITH cacc;
  chsc WITH chsc;
  chcc WITH chcc;
  casc WITH casc;
  cacc WITH cacc;
  risk WITH risk;
  risk WITH chage;
  chage WITH chage;
  [chsc];
  [chcc];
  [casc];
  [cacc];
  [risk];
  [chage];

  OUTPUT:
  STANDARDIZED;



INPUT READING TERMINATED NORMALLY




Testing

SUMMARY OF ANALYSIS

Number of groups                                                 1
Number of observations                                          66

Number of dependent variables                                    4
Number of independent variables                                  2
Number of continuous latent variables                            0

Observed dependent variables

  Continuous
   CHSC        CHCC        CASC        CACC

Observed independent variables
   RISK        CHAGE


Estimator                                                    BAYES
Specifications for Bayesian Estimation
  Point estimate                                            MEDIAN
  Number of Markov chain Monte Carlo (MCMC) chains               2
  Random seed for the first chain                                0
  Starting value information                           UNPERTURBED
  Algorithm used for Markov chain Monte Carlo           GIBBS(PX1)
  Convergence criterion                                  0.500D-01
  Maximum number of iterations                               50000
  K-th iteration used for thinning                               1

Input data file(s)
  risk_model_w_age_neg.dat
Input data format  FREE


SUMMARY OF DATA



COVARIANCE COVERAGE OF DATA

Minimum covariance coverage value   0.100

     Number of missing data patterns             2


     PROPORTION OF DATA PRESENT


           Covariance Coverage
              CHSC          CHCC          CASC          CACC          RISK
              ________      ________      ________      ________      ________
 CHSC           1.000
 CHCC           1.000         1.000
 CASC           1.000         1.000         1.000
 CACC           1.000         1.000         1.000         1.000
 RISK           0.909         0.909         0.909         0.909         0.909
 CHAGE          1.000         1.000         1.000         1.000         0.909


           Covariance Coverage
              CHAGE
              ________
 CHAGE          1.000



UNIVARIATE SAMPLE STATISTICS


     UNIVARIATE HIGHER-ORDER MOMENT DESCRIPTIVE STATISTICS

         Variable/         Mean/     Skewness/   Minimum/ % with                Percentiles
        Sample Size      Variance    Kurtosis    Maximum  Min/Max      20%/60%    40%/80%    Median

     CHSC                  2.789       0.912       0.884    1.52%       1.550      2.236      2.478
              66.000       1.759       0.087       6.266    1.52%       2.723      3.726
     CHCC                  0.236      -1.642     -29.952    1.52%      -2.994     -0.412      0.428
              66.000      41.162       6.549      14.882    1.52%       0.926      4.943
     CASC                  2.423       2.400      -0.698    1.52%       1.176      1.758      2.059
              66.000       3.578       7.017      10.998    1.52%       2.213      2.720
     CACC                 -0.675      -0.840     -10.489    1.52%      -3.207     -1.126     -0.251
              66.000       6.952       1.631       4.504    1.52%       0.315      1.045
     RISK                  2.523       0.489       0.400    3.33%       0.800      0.800      0.800
              60.000       4.428      -1.620       5.800    3.33%       3.000      5.300
     CHAGE                18.788       0.078      12.000    3.03%      14.000     17.000     19.000
              66.000      15.622      -0.804      28.000    1.52%      20.000     22.000


THE MODEL ESTIMATION TERMINATED NORMALLY

     USE THE FBITERATIONS OPTION TO INCREASE THE NUMBER OF ITERATIONS BY A FACTOR
     OF AT LEAST TWO TO CHECK CONVERGENCE AND THAT THE PSR VALUE DOES NOT INCREASE.



MODEL FIT INFORMATION

Number of Free Parameters                              27

Bayesian Posterior Predictive Checking using Chi-Square

          95% Confidence Interval for the Difference Between
          the Observed and the Replicated Chi-Square Values

                                -19.380            25.770

          Posterior Predictive P-Value              0.383

Information Criteria

          Deviance (DIC)                         1843.003
          Estimated Number of Parameters (pD)      24.590
          Bayesian (BIC)                         1905.614



MODEL RESULTS

                                Posterior  One-Tailed         95% C.I.
                    Estimate       S.D.      P-Value   Lower 2.5%  Upper 2.5%  Significance

 CHSC       ON
    RISK               0.061       0.097      0.262      -0.131       0.252
    CHAGE             -0.076       0.050      0.064      -0.174       0.022

 CHCC       ON
    RISK              -0.979       0.450      0.016      -1.862      -0.092      *
    CHAGE             -0.011       0.235      0.480      -0.474       0.453

 CASC       ON
    RISK               0.275       0.128      0.016       0.023       0.527      *
    CHAGE              0.056       0.068      0.203      -0.079       0.190

 CACC       ON
    RISK               0.249       0.188      0.088      -0.118       0.622
    CHAGE              0.016       0.099      0.435      -0.180       0.210

 CHSC     WITH
    CHCC              -1.295       1.375      0.153      -4.230       1.248
    CASC              -0.340       0.397      0.176      -1.176       0.395
    CACC               0.323       0.579      0.274      -0.789       1.524

 CHCC     WITH
    CASC              -2.830       1.890      0.049      -6.973       0.520
    CACC             -12.627       3.271      0.000     -20.354      -7.638      *

 CASC     WITH
    CACC              -0.281       0.784      0.350      -1.896       1.240

 RISK     WITH
    CHAGE              3.834       1.374      0.000       1.572       6.994      *

 Means
    RISK               2.510       0.283      0.000       1.953       3.069      *
    CHAGE             18.784       0.515      0.000      17.775      19.813      *

 Intercepts
    CHSC               4.069       0.881      0.000       2.342       5.801      *
    CHCC               2.909       4.155      0.237      -5.231      11.060
    CASC               0.695       1.198      0.281      -1.677       3.057
    CACC              -1.597       1.750      0.178      -5.016       1.841

 Variances
    RISK               4.808       0.968      0.000       3.405       7.164      *
    CHAGE             17.141       3.299      0.000      12.167      25.053      *

 Residual Variances
    CHSC               2.044       0.414      0.000       1.436       3.060      *
    CHCC              44.826       9.093      0.000      31.351      66.676      *
    CASC               3.752       0.760      0.000       2.635       5.585      *
    CACC               8.063       1.637      0.000       5.665      12.068      *


STANDARDIZED MODEL RESULTS


STDYX Standardization

                                Posterior  One-Tailed         95% C.I.
                    Estimate       S.D.      P-Value   Lower 2.5%  Upper 2.5%  Significance
 CHSC       ON
    RISK               0.091       0.141      0.262      -0.190       0.359
    CHAGE             -0.215       0.135      0.064      -0.467       0.061

 CHCC       ON
    RISK              -0.303       0.132      0.016      -0.544      -0.029      *
    CHAGE             -0.006       0.134      0.480      -0.269       0.256

 CASC       ON
    RISK               0.289       0.128      0.016       0.025       0.524      *
    CHAGE              0.110       0.131      0.203      -0.152       0.360

 CACC       ON
    RISK               0.187       0.136      0.088      -0.088       0.443
    CHAGE              0.022       0.137      0.435      -0.247       0.288

 CHSC     WITH
    CHCC              -0.138       0.132      0.153      -0.386       0.128
    CASC              -0.126       0.132      0.176      -0.373       0.138
    CACC               0.081       0.133      0.274      -0.184       0.335

 CHCC     WITH
    CASC              -0.222       0.128      0.049      -0.457       0.041
    CACC              -0.671       0.076      0.000      -0.791      -0.493      *

 CASC     WITH
    CACC              -0.052       0.133      0.350      -0.309       0.212

 RISK     WITH
    CHAGE              0.429       0.109      0.000       0.191       0.618      *

 Means
    RISK               1.146       0.168      0.000       0.817       1.474      *
    CHAGE              4.542       0.434      0.000       3.717       5.423      *

 Intercepts
    CHSC               2.767       0.578      0.000       1.533       3.783      *
    CHCC               0.412       0.565      0.237      -0.718       1.484
    CASC               0.334       0.565      0.281      -0.735       1.471
    CACC              -0.548       0.577      0.178      -1.633       0.609

 Variances
    RISK               1.000       0.000      0.000       1.000       1.000
    CHAGE              1.000       0.000      0.000       1.000       1.000

 Residual Variances
    CHSC               0.944       0.053      0.000       0.801       0.997      *
    CHCC               0.891       0.072      0.000       0.715       0.989      *
    CASC               0.863       0.078      0.000       0.681       0.978      *
    CACC               0.944       0.054      0.000       0.798       0.997      *


STDY Standardization

                                Posterior  One-Tailed         95% C.I.
                    Estimate       S.D.      P-Value   Lower 2.5%  Upper 2.5%  Significance
 CHSC       ON
    RISK               0.091       0.141      0.262      -0.190       0.359
    CHAGE             -0.215       0.135      0.064      -0.467       0.061

 CHCC       ON
    RISK              -0.303       0.132      0.016      -0.544      -0.029      *
    CHAGE             -0.006       0.134      0.480      -0.269       0.256

 CASC       ON
    RISK               0.289       0.128      0.016       0.025       0.524      *
    CHAGE              0.110       0.131      0.203      -0.152       0.360

 CACC       ON
    RISK               0.187       0.136      0.088      -0.088       0.443
    CHAGE              0.022       0.137      0.435      -0.247       0.288

 CHSC     WITH
    CHCC              -0.138       0.132      0.153      -0.386       0.128
    CASC              -0.126       0.132      0.176      -0.373       0.138
    CACC               0.081       0.133      0.274      -0.184       0.335

 CHCC     WITH
    CASC              -0.222       0.128      0.049      -0.457       0.041
    CACC              -0.671       0.076      0.000      -0.791      -0.493      *

 CASC     WITH
    CACC              -0.052       0.133      0.350      -0.309       0.212

 RISK     WITH
    CHAGE              0.429       0.109      0.000       0.191       0.618      *

 Means
    RISK               1.146       0.168      0.000       0.817       1.474      *
    CHAGE              4.542       0.434      0.000       3.717       5.423      *

 Intercepts
    CHSC               2.767       0.578      0.000       1.533       3.783      *
    CHCC               0.412       0.565      0.237      -0.718       1.484
    CASC               0.334       0.565      0.281      -0.735       1.471
    CACC              -0.548       0.577      0.178      -1.633       0.609

 Variances
    RISK               1.000       0.000      0.000       1.000       1.000
    CHAGE              1.000       0.000      0.000       1.000       1.000

 Residual Variances
    CHSC               0.944       0.053      0.000       0.801       0.997      *
    CHCC               0.891       0.072      0.000       0.715       0.989      *
    CASC               0.863       0.078      0.000       0.681       0.978      *
    CACC               0.944       0.054      0.000       0.798       0.997      *


STD Standardization

                                Posterior  One-Tailed         95% C.I.
                    Estimate       S.D.      P-Value   Lower 2.5%  Upper 2.5%  Significance
 CHSC       ON
    RISK               0.061       0.097      0.262      -0.131       0.252
    CHAGE             -0.076       0.050      0.064      -0.174       0.022

 CHCC       ON
    RISK              -0.979       0.450      0.016      -1.862      -0.092      *
    CHAGE             -0.011       0.235      0.480      -0.474       0.453

 CASC       ON
    RISK               0.275       0.128      0.016       0.023       0.527      *
    CHAGE              0.056       0.068      0.203      -0.079       0.190

 CACC       ON
    RISK               0.249       0.188      0.088      -0.118       0.622
    CHAGE              0.016       0.099      0.435      -0.180       0.210

 CHSC     WITH
    CHCC              -1.295       1.375      0.153      -4.230       1.248
    CASC              -0.340       0.397      0.176      -1.176       0.395
    CACC               0.323       0.579      0.274      -0.789       1.524

 CHCC     WITH
    CASC              -2.830       1.890      0.049      -6.973       0.520
    CACC             -12.627       3.271      0.000     -20.354      -7.638      *

 CASC     WITH
    CACC              -0.281       0.784      0.350      -1.896       1.240

 RISK     WITH
    CHAGE              3.834       1.374      0.000       1.572       6.994      *

 Means
    RISK               2.510       0.283      0.000       1.953       3.069      *
    CHAGE             18.784       0.515      0.000      17.775      19.813      *

 Intercepts
    CHSC               4.069       0.881      0.000       2.342       5.801      *
    CHCC               2.909       4.155      0.237      -5.231      11.060
    CASC               0.695       1.198      0.281      -1.677       3.057
    CACC              -1.597       1.750      0.178      -5.016       1.841

 Variances
    RISK               4.808       0.968      0.000       3.405       7.164      *
    CHAGE             17.141       3.299      0.000      12.167      25.053      *

 Residual Variances
    CHSC               2.044       0.414      0.000       1.436       3.060      *
    CHCC              44.826       9.093      0.000      31.351      66.676      *
    CASC               3.752       0.760      0.000       2.635       5.585      *
    CACC               8.063       1.637      0.000       5.665      12.068      *


R-SQUARE

                                Posterior  One-Tailed         95% C.I.
    Variable        Estimate       S.D.      P-Value   Lower 2.5%  Upper 2.5%

    CHSC               0.056       0.053      0.000       0.003       0.199
    CHCC               0.109       0.072      0.000       0.011       0.285
    CASC               0.137       0.078      0.000       0.022       0.319
    CACC               0.056       0.054      0.000       0.003       0.201


     Beginning Time:  13:02:31
        Ending Time:  13:02:34
       Elapsed Time:  00:00:03



MUTHEN & MUTHEN
3463 Stoner Ave.
Los Angeles, CA  90066

Tel: (310) 391-9971
Fax: (310) 391-8971
Web: www.StatModel.com
Support: Support@StatModel.com

Copyright (c) 1998-2018 Muthen & Muthen
