Mplus VERSION 8.2 (Mac)
MUTHEN & MUTHEN
08/28/2024   1:29 PM

INPUT INSTRUCTIONS

  TITLE:
  Testing
  DATA:
  FILE = "risk_model_pos.dat";

  VARIABLE:
  NAMES = chsc chcc casc cacc risk;
   MISSING=.;

  ANALYSIS:
  ESTIMATOR=BAYES; PROCESSORS = 2;BITERATIONS = (49000)
  MODEL:
  chsc ON risk;
  chcc ON risk;
  casc ON risk;
  cacc ON risk;
  chsc WITH chcc;
  chsc WITH casc;
  chsc WITH cacc;
  chcc WITH casc;
  chcc WITH cacc;
  casc WITH cacc;
  chsc WITH chsc;
  chcc WITH chcc;
  casc WITH casc;
  cacc WITH cacc;
  risk WITH risk;
  [chsc];
  [chcc];
  [casc];
  [cacc];
  [risk];

  OUTPUT:
  STANDARDIZED;



INPUT READING TERMINATED NORMALLY




Testing

SUMMARY OF ANALYSIS

Number of groups                                                 1
Number of observations                                          68

Number of dependent variables                                    4
Number of independent variables                                  1
Number of continuous latent variables                            0

Observed dependent variables

  Continuous
   CHSC        CHCC        CASC        CACC

Observed independent variables
   RISK


Estimator                                                    BAYES
Specifications for Bayesian Estimation
  Point estimate                                            MEDIAN
  Number of Markov chain Monte Carlo (MCMC) chains               2
  Random seed for the first chain                                0
  Starting value information                           UNPERTURBED
  Algorithm used for Markov chain Monte Carlo           GIBBS(PX1)
  Convergence criterion                                  0.500D-01
  Maximum number of iterations                               50000
  K-th iteration used for thinning                               1

Input data file(s)
  risk_model_pos.dat
Input data format  FREE


SUMMARY OF DATA



COVARIANCE COVERAGE OF DATA

Minimum covariance coverage value   0.100

     Number of missing data patterns             2


     PROPORTION OF DATA PRESENT


           Covariance Coverage
              CHSC          CHCC          CASC          CACC          RISK
              ________      ________      ________      ________      ________
 CHSC           1.000
 CHCC           1.000         1.000
 CASC           1.000         1.000         1.000
 CACC           1.000         1.000         1.000         1.000
 RISK           0.882         0.882         0.882         0.882         0.882



UNIVARIATE SAMPLE STATISTICS


     UNIVARIATE HIGHER-ORDER MOMENT DESCRIPTIVE STATISTICS

         Variable/         Mean/     Skewness/   Minimum/ % with                Percentiles
        Sample Size      Variance    Kurtosis    Maximum  Min/Max      20%/60%    40%/80%    Median

     CHSC                  2.894       0.448       0.369    1.47%       1.783      2.328      2.761
              68.000       1.755      -0.631       5.634    1.47%       2.996      4.196
     CHCC                  1.257      -0.042     -29.421    1.47%      -2.841     -0.768      0.420
              68.000      61.282       4.132      28.205    1.47%       1.592      4.969
     CASC                  2.413       3.149       0.173    1.47%       1.349      1.820      1.905
              68.000       3.393      12.255      11.915    1.47%       2.145      3.150
     CACC                 -0.360      -0.284     -12.711    1.47%      -2.128     -1.135     -0.147
              68.000      11.603       3.090      11.197    1.47%       0.295      1.861
     RISK                  2.523       0.489       0.400    3.33%       0.800      0.800      0.800
              60.000       4.428      -1.620       5.800    3.33%       3.000      5.300


THE MODEL ESTIMATION TERMINATED NORMALLY

     USE THE FBITERATIONS OPTION TO INCREASE THE NUMBER OF ITERATIONS BY A FACTOR
     OF AT LEAST TWO TO CHECK CONVERGENCE AND THAT THE PSR VALUE DOES NOT INCREASE.



MODEL FIT INFORMATION

Number of Free Parameters                              20

Bayesian Posterior Predictive Checking using Chi-Square

          95% Confidence Interval for the Difference Between
          the Observed and the Replicated Chi-Square Values

                                -16.274            21.597

          Posterior Predictive P-Value              0.401

Information Criteria

          Deviance (DIC)                         1593.571
          Estimated Number of Parameters (pD)      18.115
          Bayesian (BIC)                         1640.639



MODEL RESULTS

                                Posterior  One-Tailed         95% C.I.
                    Estimate       S.D.      P-Value   Lower 2.5%  Upper 2.5%  Significance

 CHSC       ON
    RISK               0.004       0.087      0.482      -0.167       0.173

 CHCC       ON
    RISK              -0.977       0.532      0.037      -1.991       0.097

 CASC       ON
    RISK               0.315       0.112      0.003       0.094       0.535      *

 CACC       ON
    RISK               0.481       0.212      0.011       0.067       0.902      *

 CHSC     WITH
    CHCC               1.347       1.650      0.189      -1.769       4.824
    CASC              -0.496       0.382      0.078      -1.316       0.201
    CACC              -0.553       0.711      0.202      -2.047       0.784

 CHCC     WITH
    CASC               1.829       2.166      0.181      -2.249       6.369
    CACC             -14.904       4.557      0.000     -25.686      -7.792      *

 CASC     WITH
    CACC               0.450       0.919      0.303      -1.330       2.325

 Means
    RISK               2.536       0.279      0.000       1.990       3.088      *

 Intercepts
    CHSC               2.886       0.282      0.000       2.327       3.435      *
    CHCC               3.734       1.691      0.016       0.357       7.006      *
    CASC               1.615       0.363      0.000       0.898       2.330      *
    CACC              -1.580       0.692      0.011      -2.952      -0.227      *

 Variances
    RISK               4.648       0.913      0.000       3.286       6.850      *

 Residual Variances
    CHSC               2.078       0.406      0.000       1.470       3.063      *
    CHCC              67.430      13.525      0.000      47.527     100.394      *
    CASC               3.509       0.695      0.000       2.486       5.193      *
    CACC              12.550       2.456      0.000       8.929      18.420      *


STANDARDIZED MODEL RESULTS


STDYX Standardization

                                Posterior  One-Tailed         95% C.I.
                    Estimate       S.D.      P-Value   Lower 2.5%  Upper 2.5%  Significance
 CHSC       ON
    RISK               0.006       0.126      0.482      -0.243       0.253

 CHCC       ON
    RISK              -0.247       0.130      0.037      -0.483       0.025

 CASC       ON
    RISK               0.341       0.112      0.003       0.104       0.543      *

 CACC       ON
    RISK               0.281       0.116      0.011       0.039       0.494      *

 CHSC     WITH
    CHCC               0.116       0.129      0.189      -0.144       0.359
    CASC              -0.187       0.127      0.078      -0.423       0.073
    CACC              -0.110       0.129      0.202      -0.356       0.148

 CHCC     WITH
    CASC               0.121       0.130      0.181      -0.140       0.367
    CACC              -0.519       0.097      0.000      -0.683      -0.302      *

 CASC     WITH
    CACC               0.069       0.130      0.303      -0.190       0.315

 Means
    RISK               1.178       0.167      0.000       0.854       1.509      *

 Intercepts
    CHSC               1.990       0.266      0.000       1.461       2.503      *
    CHCC               0.438       0.190      0.016       0.041       0.782      *
    CASC               0.807       0.214      0.000       0.402       1.239      *
    CACC              -0.427       0.176      0.011      -0.751      -0.062      *

 Variances
    RISK               1.000       0.000      0.000       1.000       1.000

 Residual Variances
    CHSC               0.992       0.022      0.000       0.921       1.000      *
    CHCC               0.939       0.064      0.000       0.767       1.000      *
    CASC               0.884       0.075      0.000       0.705       0.989      *
    CACC               0.921       0.065      0.000       0.756       0.998      *


STDY Standardization

                                Posterior  One-Tailed         95% C.I.
                    Estimate       S.D.      P-Value   Lower 2.5%  Upper 2.5%  Significance
 CHSC       ON
    RISK               0.006       0.126      0.482      -0.243       0.253

 CHCC       ON
    RISK              -0.247       0.130      0.037      -0.483       0.025

 CASC       ON
    RISK               0.341       0.112      0.003       0.104       0.543      *

 CACC       ON
    RISK               0.281       0.116      0.011       0.039       0.494      *

 CHSC     WITH
    CHCC               0.116       0.129      0.189      -0.144       0.359
    CASC              -0.187       0.127      0.078      -0.423       0.073
    CACC              -0.110       0.129      0.202      -0.356       0.148

 CHCC     WITH
    CASC               0.121       0.130      0.181      -0.140       0.367
    CACC              -0.519       0.097      0.000      -0.683      -0.302      *

 CASC     WITH
    CACC               0.069       0.130      0.303      -0.190       0.315

 Means
    RISK               1.178       0.167      0.000       0.854       1.509      *

 Intercepts
    CHSC               1.990       0.266      0.000       1.461       2.503      *
    CHCC               0.438       0.190      0.016       0.041       0.782      *
    CASC               0.807       0.214      0.000       0.402       1.239      *
    CACC              -0.427       0.176      0.011      -0.751      -0.062      *

 Variances
    RISK               1.000       0.000      0.000       1.000       1.000

 Residual Variances
    CHSC               0.992       0.022      0.000       0.921       1.000      *
    CHCC               0.939       0.064      0.000       0.767       1.000      *
    CASC               0.884       0.075      0.000       0.705       0.989      *
    CACC               0.921       0.065      0.000       0.756       0.998      *


STD Standardization

                                Posterior  One-Tailed         95% C.I.
                    Estimate       S.D.      P-Value   Lower 2.5%  Upper 2.5%  Significance
 CHSC       ON
    RISK               0.004       0.087      0.482      -0.167       0.173

 CHCC       ON
    RISK              -0.977       0.532      0.037      -1.991       0.097

 CASC       ON
    RISK               0.315       0.112      0.003       0.094       0.535      *

 CACC       ON
    RISK               0.481       0.212      0.011       0.067       0.902      *

 CHSC     WITH
    CHCC               1.347       1.650      0.189      -1.769       4.824
    CASC              -0.496       0.382      0.078      -1.316       0.201
    CACC              -0.553       0.711      0.202      -2.047       0.784

 CHCC     WITH
    CASC               1.829       2.166      0.181      -2.249       6.369
    CACC             -14.904       4.557      0.000     -25.686      -7.792      *

 CASC     WITH
    CACC               0.450       0.919      0.303      -1.330       2.325

 Means
    RISK               2.536       0.279      0.000       1.990       3.088      *

 Intercepts
    CHSC               2.886       0.282      0.000       2.327       3.435      *
    CHCC               3.734       1.691      0.016       0.357       7.006      *
    CASC               1.615       0.363      0.000       0.898       2.330      *
    CACC              -1.580       0.692      0.011      -2.952      -0.227      *

 Variances
    RISK               4.648       0.913      0.000       3.286       6.850      *

 Residual Variances
    CHSC               2.078       0.406      0.000       1.470       3.063      *
    CHCC              67.430      13.525      0.000      47.527     100.394      *
    CASC               3.509       0.695      0.000       2.486       5.193      *
    CACC              12.550       2.456      0.000       8.929      18.420      *


R-SQUARE

                                Posterior  One-Tailed         95% C.I.
    Variable        Estimate       S.D.      P-Value   Lower 2.5%  Upper 2.5%

    CHSC               0.008       0.022      0.000       0.000       0.079
    CHCC               0.061       0.064      0.000       0.000       0.233
    CASC               0.116       0.075      0.000       0.011       0.295
    CACC               0.079       0.065      0.000       0.002       0.244


     Beginning Time:  13:29:23
        Ending Time:  13:29:25
       Elapsed Time:  00:00:02



MUTHEN & MUTHEN
3463 Stoner Ave.
Los Angeles, CA  90066

Tel: (310) 391-9971
Fax: (310) 391-8971
Web: www.StatModel.com
Support: Support@StatModel.com

Copyright (c) 1998-2018 Muthen & Muthen
